[0.062s] Invoking command in '/home/apex/cognipilot/cranium/build/b3rb_description': CMAKE_PREFIX_PATH=${CMAKE_PREFIX_PATH}:/opt/ros/humble /usr/bin/cmake --build /home/apex/cognipilot/cranium/build/b3rb_description -- -j4 -l4
[0.188s] Invoked command in '/home/apex/cognipilot/cranium/build/b3rb_description' returned '0': CMAKE_PREFIX_PATH=${CMAKE_PREFIX_PATH}:/opt/ros/humble /usr/bin/cmake --build /home/apex/cognipilot/cranium/build/b3rb_description -- -j4 -l4
[0.266s] Invoking command in '/home/apex/cognipilot/cranium/build/b3rb_description': CMAKE_PREFIX_PATH=${CMAKE_PREFIX_PATH}:/opt/ros/humble /usr/bin/cmake --install /home/apex/cognipilot/cranium/build/b3rb_description
[0.302s] -- Install configuration: ""
[0.305s] -- Execute custom install script
[0.308s] -- Up-to-date symlink: /home/apex/cognipilot/cranium/install/b3rb_description/share/b3rb_description/launch/robot_description.launch.py
[0.310s] -- Up-to-date symlink: /home/apex/cognipilot/cranium/install/b3rb_description/share/b3rb_description/meshes/STL27L.dae
[0.312s] -- Up-to-date symlink: /home/apex/cognipilot/cranium/install/b3rb_description/share/b3rb_description/meshes/b3rb.dae
[0.313s] -- Up-to-date symlink: /home/apex/cognipilot/cranium/install/b3rb_description/share/b3rb_description/meshes/wheel.dae
[0.315s] -- Up-to-date symlink: /home/apex/cognipilot/cranium/install/b3rb_description/share/b3rb_description/urdf/b3rb.urdf
[0.317s] -- Up-to-date symlink: /home/apex/cognipilot/cranium/install/b3rb_description/share/ament_index/resource_index/package_run_dependencies/b3rb_description
[0.318s] -- Up-to-date symlink: /home/apex/cognipilot/cranium/install/b3rb_description/share/ament_index/resource_index/parent_prefix_path/b3rb_description
[0.322s] -- Up-to-date symlink: /home/apex/cognipilot/cranium/install/b3rb_description/share/b3rb_description/environment/ament_prefix_path.sh
[0.324s] -- Up-to-date symlink: /home/apex/cognipilot/cranium/install/b3rb_description/share/b3rb_description/environment/ament_prefix_path.dsv
[0.325s] -- Up-to-date symlink: /home/apex/cognipilot/cranium/install/b3rb_description/share/b3rb_description/environment/path.sh
[0.328s] -- Up-to-date symlink: /home/apex/cognipilot/cranium/install/b3rb_description/share/b3rb_description/environment/path.dsv
[0.333s] -- Up-to-date symlink: /home/apex/cognipilot/cranium/install/b3rb_description/share/b3rb_description/local_setup.bash
[0.334s] -- Up-to-date symlink: /home/apex/cognipilot/cranium/install/b3rb_description/share/b3rb_description/local_setup.sh
[0.334s] -- Up-to-date symlink: /home/apex/cognipilot/cranium/install/b3rb_description/share/b3rb_description/local_setup.zsh
[0.335s] -- Up-to-date symlink: /home/apex/cognipilot/cranium/install/b3rb_description/share/b3rb_description/local_setup.dsv
[0.335s] -- Symlinking: /home/apex/cognipilot/cranium/install/b3rb_description/share/b3rb_description/package.dsv
[0.362s] -- Up-to-date symlink: /home/apex/cognipilot/cranium/install/b3rb_description/share/ament_index/resource_index/packages/b3rb_description
[0.362s] -- Up-to-date symlink: /home/apex/cognipilot/cranium/install/b3rb_description/share/b3rb_description/cmake/b3rb_descriptionConfig.cmake
[0.362s] -- Up-to-date symlink: /home/apex/cognipilot/cranium/install/b3rb_description/share/b3rb_description/cmake/b3rb_descriptionConfig-version.cmake
[0.363s] -- Up-to-date symlink: /home/apex/cognipilot/cranium/install/b3rb_description/share/b3rb_description/package.xml
[0.405s] Invoked command in '/home/apex/cognipilot/cranium/build/b3rb_description' returned '0': CMAKE_PREFIX_PATH=${CMAKE_PREFIX_PATH}:/opt/ros/humble /usr/bin/cmake --install /home/apex/cognipilot/cranium/build/b3rb_description
