[0.142s] Invoking command in '/home/apex/cognipilot/cranium/build/synapse_protobuf': CMAKE_PREFIX_PATH=${CMAKE_PREFIX_PATH}:/opt/ros/humble /usr/bin/cmake --build /home/apex/cognipilot/cranium/build/synapse_protobuf -- -j4 -l4
[0.806s] -- Found ament_cmake: 1.3.8 (/opt/ros/humble/share/ament_cmake/cmake)
[1.519s] -- Override CMake install command with custom implementation using symlinks instead of copying resources
[1.872s] -- proto_src: /home/apex/cognipilot/cranium/build/synapse_protobuf/proto/actuators.pb.cc;/home/apex/cognipilot/cranium/build/synapse_protobuf/proto/altimeter.pb.cc;/home/apex/cognipilot/cranium/build/synapse_protobuf/proto/battery_state.pb.cc;/home/apex/cognipilot/cranium/build/synapse_protobuf/proto/bezier_curve.pb.cc;/home/apex/cognipilot/cranium/build/synapse_protobuf/proto/bezier_trajectory.pb.cc;/home/apex/cognipilot/cranium/build/synapse_protobuf/proto/can.pb.cc;/home/apex/cognipilot/cranium/build/synapse_protobuf/proto/header.pb.cc;/home/apex/cognipilot/cranium/build/synapse_protobuf/proto/imu.pb.cc;/home/apex/cognipilot/cranium/build/synapse_protobuf/proto/joy.pb.cc;/home/apex/cognipilot/cranium/build/synapse_protobuf/proto/led.pb.cc;/home/apex/cognipilot/cranium/build/synapse_protobuf/proto/led_array.pb.cc;/home/apex/cognipilot/cranium/build/synapse_protobuf/proto/magnetic_field.pb.cc;/home/apex/cognipilot/cranium/build/synapse_protobuf/proto/nav_sat_fix.pb.cc;/home/apex/cognipilot/cranium/build/synapse_protobuf/proto/nav_sat_status.pb.cc;/home/apex/cognipilot/cranium/build/synapse_protobuf/proto/odometry.pb.cc;/home/apex/cognipilot/cranium/build/synapse_protobuf/proto/pixy_vector.pb.cc;/home/apex/cognipilot/cranium/build/synapse_protobuf/proto/point.pb.cc;/home/apex/cognipilot/cranium/build/synapse_protobuf/proto/pose.pb.cc;/home/apex/cognipilot/cranium/build/synapse_protobuf/proto/pose_with_covariance.pb.cc;/home/apex/cognipilot/cranium/build/synapse_protobuf/proto/quaternion.pb.cc;/home/apex/cognipilot/cranium/build/synapse_protobuf/proto/safety.pb.cc;/home/apex/cognipilot/cranium/build/synapse_protobuf/proto/sim_clock.pb.cc;/home/apex/cognipilot/cranium/build/synapse_protobuf/proto/status.pb.cc;/home/apex/cognipilot/cranium/build/synapse_protobuf/proto/time.pb.cc;/home/apex/cognipilot/cranium/build/synapse_protobuf/proto/twist.pb.cc;/home/apex/cognipilot/cranium/build/synapse_protobuf/proto/twist_with_covariance.pb.cc;/home/apex/cognipilot/cranium/build/synapse_protobuf/proto/vector3.pb.cc;/home/apex/cognipilot/cranium/build/synapse_protobuf/proto/wheel_odometry.pb.cc
[1.873s] -- proto_hdrs: /home/apex/cognipilot/cranium/build/synapse_protobuf/proto/actuators.pb.h;/home/apex/cognipilot/cranium/build/synapse_protobuf/proto/altimeter.pb.h;/home/apex/cognipilot/cranium/build/synapse_protobuf/proto/battery_state.pb.h;/home/apex/cognipilot/cranium/build/synapse_protobuf/proto/bezier_curve.pb.h;/home/apex/cognipilot/cranium/build/synapse_protobuf/proto/bezier_trajectory.pb.h;/home/apex/cognipilot/cranium/build/synapse_protobuf/proto/can.pb.h;/home/apex/cognipilot/cranium/build/synapse_protobuf/proto/header.pb.h;/home/apex/cognipilot/cranium/build/synapse_protobuf/proto/imu.pb.h;/home/apex/cognipilot/cranium/build/synapse_protobuf/proto/joy.pb.h;/home/apex/cognipilot/cranium/build/synapse_protobuf/proto/led.pb.h;/home/apex/cognipilot/cranium/build/synapse_protobuf/proto/led_array.pb.h;/home/apex/cognipilot/cranium/build/synapse_protobuf/proto/magnetic_field.pb.h;/home/apex/cognipilot/cranium/build/synapse_protobuf/proto/nav_sat_fix.pb.h;/home/apex/cognipilot/cranium/build/synapse_protobuf/proto/nav_sat_status.pb.h;/home/apex/cognipilot/cranium/build/synapse_protobuf/proto/odometry.pb.h;/home/apex/cognipilot/cranium/build/synapse_protobuf/proto/pixy_vector.pb.h;/home/apex/cognipilot/cranium/build/synapse_protobuf/proto/point.pb.h;/home/apex/cognipilot/cranium/build/synapse_protobuf/proto/pose.pb.h;/home/apex/cognipilot/cranium/build/synapse_protobuf/proto/pose_with_covariance.pb.h;/home/apex/cognipilot/cranium/build/synapse_protobuf/proto/quaternion.pb.h;/home/apex/cognipilot/cranium/build/synapse_protobuf/proto/safety.pb.h;/home/apex/cognipilot/cranium/build/synapse_protobuf/proto/sim_clock.pb.h;/home/apex/cognipilot/cranium/build/synapse_protobuf/proto/status.pb.h;/home/apex/cognipilot/cranium/build/synapse_protobuf/proto/time.pb.h;/home/apex/cognipilot/cranium/build/synapse_protobuf/proto/twist.pb.h;/home/apex/cognipilot/cranium/build/synapse_protobuf/proto/twist_with_covariance.pb.h;/home/apex/cognipilot/cranium/build/synapse_protobuf/proto/vector3.pb.h;/home/apex/cognipilot/cranium/build/synapse_protobuf/proto/wheel_odometry.pb.h
[1.897s] -- Found ament_lint_auto: 0.12.10 (/opt/ros/humble/share/ament_lint_auto/cmake)
[2.635s] -- Added test 'copyright' to check source files copyright and LICENSE
[2.689s] -- Added test 'lint_cmake' to check CMake code style
[2.744s] -- Added test 'xmllint' to check XML markup files
[2.892s] -- Configuring done
[3.103s] -- Generating done
[3.129s] -- Build files have been written to: /home/apex/cognipilot/cranium/build/synapse_protobuf
[3.200s] [  1%] [34m[1mRunning cpp protocol buffer compiler on pixy_vector.proto[0m
[3.891s] [35m[1mConsolidate compiler generated dependencies of target synapse_protobuf[0m
[5.001s] [  3%] [32mBuilding CXX object proto/CMakeFiles/synapse_protobuf.dir/pixy_vector.pb.cc.o[0m
[9.708s] [  5%] [32m[1mLinking CXX static library libsynapse_protobuf.a[0m
[10.206s] [100%] Built target synapse_protobuf
[10.239s] Invoked command in '/home/apex/cognipilot/cranium/build/synapse_protobuf' returned '0': CMAKE_PREFIX_PATH=${CMAKE_PREFIX_PATH}:/opt/ros/humble /usr/bin/cmake --build /home/apex/cognipilot/cranium/build/synapse_protobuf -- -j4 -l4
[10.317s] Invoking command in '/home/apex/cognipilot/cranium/build/synapse_protobuf': CMAKE_PREFIX_PATH=${CMAKE_PREFIX_PATH}:/opt/ros/humble /usr/bin/cmake --install /home/apex/cognipilot/cranium/build/synapse_protobuf
[10.338s] -- Install configuration: ""
[10.339s] -- Execute custom install script
[10.341s] -- Up-to-date symlink: /home/apex/cognipilot/cranium/install/synapse_protobuf/include/synapse_protobuf/actuators.pb.h
[10.342s] -- Up-to-date symlink: /home/apex/cognipilot/cranium/install/synapse_protobuf/include/synapse_protobuf/altimeter.pb.h
[10.342s] -- Up-to-date symlink: /home/apex/cognipilot/cranium/install/synapse_protobuf/include/synapse_protobuf/battery_state.pb.h
[10.343s] -- Up-to-date symlink: /home/apex/cognipilot/cranium/install/synapse_protobuf/include/synapse_protobuf/bezier_curve.pb.h
[10.345s] -- Up-to-date symlink: /home/apex/cognipilot/cranium/install/synapse_protobuf/include/synapse_protobuf/bezier_trajectory.pb.h
[10.346s] -- Up-to-date symlink: /home/apex/cognipilot/cranium/install/synapse_protobuf/include/synapse_protobuf/can.pb.h
[10.352s] -- Up-to-date symlink: /home/apex/cognipilot/cranium/install/synapse_protobuf/include/synapse_protobuf/header.pb.h
[10.357s] -- Up-to-date symlink: /home/apex/cognipilot/cranium/install/synapse_protobuf/include/synapse_protobuf/imu.pb.h
[10.369s] -- Up-to-date symlink: /home/apex/cognipilot/cranium/install/synapse_protobuf/include/synapse_protobuf/joy.pb.h
[10.370s] -- Up-to-date symlink: /home/apex/cognipilot/cranium/install/synapse_protobuf/include/synapse_protobuf/led.pb.h
[10.370s] -- Up-to-date symlink: /home/apex/cognipilot/cranium/install/synapse_protobuf/include/synapse_protobuf/led_array.pb.h
[10.371s] -- Up-to-date symlink: /home/apex/cognipilot/cranium/install/synapse_protobuf/include/synapse_protobuf/magnetic_field.pb.h
[10.372s] -- Up-to-date symlink: /home/apex/cognipilot/cranium/install/synapse_protobuf/include/synapse_protobuf/nav_sat_fix.pb.h
[10.373s] -- Up-to-date symlink: /home/apex/cognipilot/cranium/install/synapse_protobuf/include/synapse_protobuf/nav_sat_status.pb.h
[10.375s] -- Up-to-date symlink: /home/apex/cognipilot/cranium/install/synapse_protobuf/include/synapse_protobuf/odometry.pb.h
[10.377s] -- Symlinking: /home/apex/cognipilot/cranium/install/synapse_protobuf/include/synapse_protobuf/pixy_vector.pb.h
[10.412s] -- Up-to-date symlink: /home/apex/cognipilot/cranium/install/synapse_protobuf/include/synapse_protobuf/point.pb.h
[10.412s] -- Up-to-date symlink: /home/apex/cognipilot/cranium/install/synapse_protobuf/include/synapse_protobuf/pose.pb.h
[10.413s] -- Up-to-date symlink: /home/apex/cognipilot/cranium/install/synapse_protobuf/include/synapse_protobuf/pose_with_covariance.pb.h
[10.414s] -- Up-to-date symlink: /home/apex/cognipilot/cranium/install/synapse_protobuf/include/synapse_protobuf/quaternion.pb.h
[10.416s] -- Up-to-date symlink: /home/apex/cognipilot/cranium/install/synapse_protobuf/include/synapse_protobuf/safety.pb.h
[10.417s] -- Up-to-date symlink: /home/apex/cognipilot/cranium/install/synapse_protobuf/include/synapse_protobuf/sim_clock.pb.h
[10.418s] -- Up-to-date symlink: /home/apex/cognipilot/cranium/install/synapse_protobuf/include/synapse_protobuf/status.pb.h
[10.419s] -- Up-to-date symlink: /home/apex/cognipilot/cranium/install/synapse_protobuf/include/synapse_protobuf/time.pb.h
[10.420s] -- Up-to-date symlink: /home/apex/cognipilot/cranium/install/synapse_protobuf/include/synapse_protobuf/twist.pb.h
[10.420s] -- Up-to-date symlink: /home/apex/cognipilot/cranium/install/synapse_protobuf/include/synapse_protobuf/twist_with_covariance.pb.h
[10.421s] -- Up-to-date symlink: /home/apex/cognipilot/cranium/install/synapse_protobuf/include/synapse_protobuf/vector3.pb.h
[10.424s] -- Up-to-date symlink: /home/apex/cognipilot/cranium/install/synapse_protobuf/include/synapse_protobuf/wheel_odometry.pb.h
[10.427s] -- Up-to-date symlink: /home/apex/cognipilot/cranium/install/synapse_protobuf/share/synapse_protobuf/environment/library_path.sh
[10.429s] -- Up-to-date symlink: /home/apex/cognipilot/cranium/install/synapse_protobuf/share/synapse_protobuf/environment/library_path.dsv
[10.431s] -- Up-to-date symlink: /home/apex/cognipilot/cranium/install/synapse_protobuf/share/ament_index/resource_index/package_run_dependencies/synapse_protobuf
[10.433s] -- Up-to-date symlink: /home/apex/cognipilot/cranium/install/synapse_protobuf/share/ament_index/resource_index/parent_prefix_path/synapse_protobuf
[10.435s] -- Up-to-date symlink: /home/apex/cognipilot/cranium/install/synapse_protobuf/share/synapse_protobuf/environment/ament_prefix_path.sh
[10.436s] -- Up-to-date symlink: /home/apex/cognipilot/cranium/install/synapse_protobuf/share/synapse_protobuf/environment/ament_prefix_path.dsv
[10.438s] -- Up-to-date symlink: /home/apex/cognipilot/cranium/install/synapse_protobuf/share/synapse_protobuf/environment/path.sh
[10.439s] -- Up-to-date symlink: /home/apex/cognipilot/cranium/install/synapse_protobuf/share/synapse_protobuf/environment/path.dsv
[10.440s] -- Up-to-date symlink: /home/apex/cognipilot/cranium/install/synapse_protobuf/share/synapse_protobuf/local_setup.bash
[10.442s] -- Up-to-date symlink: /home/apex/cognipilot/cranium/install/synapse_protobuf/share/synapse_protobuf/local_setup.sh
[10.444s] -- Up-to-date symlink: /home/apex/cognipilot/cranium/install/synapse_protobuf/share/synapse_protobuf/local_setup.zsh
[10.446s] -- Up-to-date symlink: /home/apex/cognipilot/cranium/install/synapse_protobuf/share/synapse_protobuf/local_setup.dsv
[10.447s] -- Symlinking: /home/apex/cognipilot/cranium/install/synapse_protobuf/share/synapse_protobuf/package.dsv
[10.485s] -- Up-to-date symlink: /home/apex/cognipilot/cranium/install/synapse_protobuf/share/ament_index/resource_index/packages/synapse_protobuf
[10.487s] -- Up-to-date symlink: /home/apex/cognipilot/cranium/install/synapse_protobuf/share/synapse_protobuf/cmake/ament_cmake_export_targets-extras.cmake
[10.489s] -- Up-to-date symlink: /home/apex/cognipilot/cranium/install/synapse_protobuf/share/synapse_protobuf/cmake/ament_cmake_export_dependencies-extras.cmake
[10.490s] -- Up-to-date symlink: /home/apex/cognipilot/cranium/install/synapse_protobuf/share/synapse_protobuf/cmake/synapse_protobufConfig.cmake
[10.492s] -- Up-to-date symlink: /home/apex/cognipilot/cranium/install/synapse_protobuf/share/synapse_protobuf/cmake/synapse_protobufConfig-version.cmake
[10.493s] -- Up-to-date symlink: /home/apex/cognipilot/cranium/install/synapse_protobuf/share/synapse_protobuf/package.xml
[10.511s] -- Up-to-date: /home/apex/cognipilot/cranium/install/synapse_protobuf/share/synapse_protobuf/cmake/synapse_protobufExport.cmake
[10.512s] -- Up-to-date: /home/apex/cognipilot/cranium/install/synapse_protobuf/share/synapse_protobuf/cmake/synapse_protobufExport-noconfig.cmake
[10.513s] -- Installing: /home/apex/cognipilot/cranium/install/synapse_protobuf/lib/libsynapse_protobuf.a
[10.530s] Invoked command in '/home/apex/cognipilot/cranium/build/synapse_protobuf' returned '0': CMAKE_PREFIX_PATH=${CMAKE_PREFIX_PATH}:/opt/ros/humble /usr/bin/cmake --install /home/apex/cognipilot/cranium/build/synapse_protobuf
