[0.057s] Invoking command in '/home/apex/cognipilot/cranium/build/b3rb_gz_bringup': CMAKE_PREFIX_PATH=${CMAKE_PREFIX_PATH}:/opt/ros/humble /usr/bin/cmake --build /home/apex/cognipilot/cranium/build/b3rb_gz_bringup -- -j4 -l4
[0.219s] Invoked command in '/home/apex/cognipilot/cranium/build/b3rb_gz_bringup' returned '0': CMAKE_PREFIX_PATH=${CMAKE_PREFIX_PATH}:/opt/ros/humble /usr/bin/cmake --build /home/apex/cognipilot/cranium/build/b3rb_gz_bringup -- -j4 -l4
[0.406s] Invoking command in '/home/apex/cognipilot/cranium/build/b3rb_gz_bringup': CMAKE_PREFIX_PATH=${CMAKE_PREFIX_PATH}:/opt/ros/humble /usr/bin/cmake --install /home/apex/cognipilot/cranium/build/b3rb_gz_bringup
[0.435s] -- Install configuration: ""
[0.436s] -- Execute custom install script
[0.437s] -- Up-to-date symlink: /home/apex/cognipilot/cranium/install/b3rb_gz_bringup/share/b3rb_gz_bringup/launch/hil.launch.py
[0.438s] -- Up-to-date symlink: /home/apex/cognipilot/cranium/install/b3rb_gz_bringup/share/b3rb_gz_bringup/launch/sil.launch.py
[0.439s] -- Up-to-date symlink: /home/apex/cognipilot/cranium/install/b3rb_gz_bringup/share/ament_index/resource_index/package_run_dependencies/b3rb_gz_bringup
[0.439s] -- Up-to-date symlink: /home/apex/cognipilot/cranium/install/b3rb_gz_bringup/share/ament_index/resource_index/parent_prefix_path/b3rb_gz_bringup
[0.439s] -- Up-to-date symlink: /home/apex/cognipilot/cranium/install/b3rb_gz_bringup/share/b3rb_gz_bringup/environment/ament_prefix_path.sh
[0.440s] -- Up-to-date symlink: /home/apex/cognipilot/cranium/install/b3rb_gz_bringup/share/b3rb_gz_bringup/environment/ament_prefix_path.dsv
[0.440s] -- Up-to-date symlink: /home/apex/cognipilot/cranium/install/b3rb_gz_bringup/share/b3rb_gz_bringup/environment/path.sh
[0.445s] -- Up-to-date symlink: /home/apex/cognipilot/cranium/install/b3rb_gz_bringup/share/b3rb_gz_bringup/environment/path.dsv
[0.455s] -- Up-to-date symlink: /home/apex/cognipilot/cranium/install/b3rb_gz_bringup/share/b3rb_gz_bringup/local_setup.bash
[0.457s] -- Up-to-date symlink: /home/apex/cognipilot/cranium/install/b3rb_gz_bringup/share/b3rb_gz_bringup/local_setup.sh
[0.471s] -- Up-to-date symlink: /home/apex/cognipilot/cranium/install/b3rb_gz_bringup/share/b3rb_gz_bringup/local_setup.zsh
[0.471s] -- Up-to-date symlink: /home/apex/cognipilot/cranium/install/b3rb_gz_bringup/share/b3rb_gz_bringup/local_setup.dsv
[0.472s] -- Symlinking: /home/apex/cognipilot/cranium/install/b3rb_gz_bringup/share/b3rb_gz_bringup/package.dsv
[0.518s] -- Up-to-date symlink: /home/apex/cognipilot/cranium/install/b3rb_gz_bringup/share/ament_index/resource_index/packages/b3rb_gz_bringup
[0.519s] -- Up-to-date symlink: /home/apex/cognipilot/cranium/install/b3rb_gz_bringup/share/b3rb_gz_bringup/cmake/b3rb_gz_bringupConfig.cmake
[0.519s] -- Up-to-date symlink: /home/apex/cognipilot/cranium/install/b3rb_gz_bringup/share/b3rb_gz_bringup/cmake/b3rb_gz_bringupConfig-version.cmake
[0.520s] -- Up-to-date symlink: /home/apex/cognipilot/cranium/install/b3rb_gz_bringup/share/b3rb_gz_bringup/package.xml
[0.523s] Invoked command in '/home/apex/cognipilot/cranium/build/b3rb_gz_bringup' returned '0': CMAKE_PREFIX_PATH=${CMAKE_PREFIX_PATH}:/opt/ros/humble /usr/bin/cmake --install /home/apex/cognipilot/cranium/build/b3rb_gz_bringup
