[0.062s] Invoking command in '/home/apex/cognipilot/cranium/build/cerebri_bringup': CMAKE_PREFIX_PATH=/opt/ros/humble /usr/bin/cmake /home/apex/cognipilot/cranium/src/cerebri_bringup -DAMENT_CMAKE_SYMLINK_INSTALL=1 -DCMAKE_INSTALL_PREFIX=/home/apex/cognipilot/cranium/install/cerebri_bringup
[0.518s] -- The C compiler identification is GNU 11.4.0
[0.998s] -- The CXX compiler identification is GNU 11.4.0
[1.037s] -- Detecting C compiler ABI info
[1.741s] -- Detecting C compiler ABI info - done
[1.818s] -- Check for working C compiler: /usr/bin/cc - skipped
[1.820s] -- Detecting C compile features
[1.833s] -- Detecting C compile features - done
[1.860s] -- Detecting CXX compiler ABI info
[2.414s] -- Detecting CXX compiler ABI info - done
[2.470s] -- Check for working CXX compiler: /usr/bin/c++ - skipped
[2.474s] -- Detecting CXX compile features
[2.477s] -- Detecting CXX compile features - done
[2.501s] -- Found ament_cmake: 1.3.8 (/opt/ros/humble/share/ament_cmake/cmake)
[4.125s] -- Found Python3: /usr/bin/python3 (found version "3.10.12") found components: Interpreter 
[4.609s] -- Override CMake install command with custom implementation using symlinks instead of copying resources
[4.844s] -- Found ament_lint_auto: 0.12.10 (/opt/ros/humble/share/ament_lint_auto/cmake)
[5.670s] -- Added test 'copyright' to check source files copyright and LICENSE
[5.720s] -- Added test 'flake8' to check Python code syntax and style conventions
[5.734s] -- Added test 'lint_cmake' to check CMake code style
[5.743s] -- Added test 'pep257' to check Python code against some of the docstring style conventions in PEP 257
[5.776s] -- Added test 'xmllint' to check XML markup files
[5.798s] -- Configuring done
[5.825s] -- Generating done
[5.833s] -- Build files have been written to: /home/apex/cognipilot/cranium/build/cerebri_bringup
[5.872s] Invoked command in '/home/apex/cognipilot/cranium/build/cerebri_bringup' returned '0': CMAKE_PREFIX_PATH=/opt/ros/humble /usr/bin/cmake /home/apex/cognipilot/cranium/src/cerebri_bringup -DAMENT_CMAKE_SYMLINK_INSTALL=1 -DCMAKE_INSTALL_PREFIX=/home/apex/cognipilot/cranium/install/cerebri_bringup
[5.873s] Invoking command in '/home/apex/cognipilot/cranium/build/cerebri_bringup': CMAKE_PREFIX_PATH=/opt/ros/humble /usr/bin/cmake --build /home/apex/cognipilot/cranium/build/cerebri_bringup -- -j4 -l4
[6.217s] Invoked command in '/home/apex/cognipilot/cranium/build/cerebri_bringup' returned '0': CMAKE_PREFIX_PATH=/opt/ros/humble /usr/bin/cmake --build /home/apex/cognipilot/cranium/build/cerebri_bringup -- -j4 -l4
[6.530s] Invoking command in '/home/apex/cognipilot/cranium/build/cerebri_bringup': CMAKE_PREFIX_PATH=/opt/ros/humble /usr/bin/cmake --install /home/apex/cognipilot/cranium/build/cerebri_bringup
[6.600s] -- Install configuration: ""
[6.601s] -- Execute custom install script
[6.603s] -- Symlinking: /home/apex/cognipilot/cranium/install/cerebri_bringup/share/cerebri_bringup/launch/cerebri.launch.py
[6.679s] -- Symlinking: /home/apex/cognipilot/cranium/install/cerebri_bringup/share/ament_index/resource_index/package_run_dependencies/cerebri_bringup
[6.752s] -- Symlinking: /home/apex/cognipilot/cranium/install/cerebri_bringup/share/ament_index/resource_index/parent_prefix_path/cerebri_bringup
[6.840s] -- Symlinking: /home/apex/cognipilot/cranium/install/cerebri_bringup/share/cerebri_bringup/environment/ament_prefix_path.sh
[6.918s] -- Symlinking: /home/apex/cognipilot/cranium/install/cerebri_bringup/share/cerebri_bringup/environment/ament_prefix_path.dsv
[6.982s] -- Symlinking: /home/apex/cognipilot/cranium/install/cerebri_bringup/share/cerebri_bringup/environment/path.sh
[7.052s] -- Symlinking: /home/apex/cognipilot/cranium/install/cerebri_bringup/share/cerebri_bringup/environment/path.dsv
[7.116s] -- Symlinking: /home/apex/cognipilot/cranium/install/cerebri_bringup/share/cerebri_bringup/local_setup.bash
[7.209s] -- Symlinking: /home/apex/cognipilot/cranium/install/cerebri_bringup/share/cerebri_bringup/local_setup.sh
[7.288s] -- Symlinking: /home/apex/cognipilot/cranium/install/cerebri_bringup/share/cerebri_bringup/local_setup.zsh
[7.365s] -- Symlinking: /home/apex/cognipilot/cranium/install/cerebri_bringup/share/cerebri_bringup/local_setup.dsv
[7.468s] -- Symlinking: /home/apex/cognipilot/cranium/install/cerebri_bringup/share/cerebri_bringup/package.dsv
[7.576s] -- Symlinking: /home/apex/cognipilot/cranium/install/cerebri_bringup/share/ament_index/resource_index/packages/cerebri_bringup
[7.663s] -- Symlinking: /home/apex/cognipilot/cranium/install/cerebri_bringup/share/cerebri_bringup/cmake/cerebri_bringupConfig.cmake
[7.758s] -- Symlinking: /home/apex/cognipilot/cranium/install/cerebri_bringup/share/cerebri_bringup/cmake/cerebri_bringupConfig-version.cmake
[7.852s] -- Symlinking: /home/apex/cognipilot/cranium/install/cerebri_bringup/share/cerebri_bringup/package.xml
[7.951s] Invoked command in '/home/apex/cognipilot/cranium/build/cerebri_bringup' returned '0': CMAKE_PREFIX_PATH=/opt/ros/humble /usr/bin/cmake --install /home/apex/cognipilot/cranium/build/cerebri_bringup
