[0.051s] Invoking command in '/home/apex/cognipilot/cranium/build/synapse_protobuf': CMAKE_PREFIX_PATH=/opt/ros/humble /usr/bin/cmake --build /home/apex/cognipilot/cranium/build/synapse_protobuf -- -j4 -l4
[0.199s] [35m[1mConsolidate compiler generated dependencies of target synapse_protobuf[0m
[0.345s] [100%] Built target synapse_protobuf
[0.444s] Invoked command in '/home/apex/cognipilot/cranium/build/synapse_protobuf' returned '0': CMAKE_PREFIX_PATH=/opt/ros/humble /usr/bin/cmake --build /home/apex/cognipilot/cranium/build/synapse_protobuf -- -j4 -l4
[0.578s] Invoking command in '/home/apex/cognipilot/cranium/build/synapse_protobuf': CMAKE_PREFIX_PATH=/opt/ros/humble /usr/bin/cmake --install /home/apex/cognipilot/cranium/build/synapse_protobuf
[0.604s] -- Install configuration: ""
[0.606s] -- Execute custom install script
[0.607s] -- Up-to-date symlink: /home/apex/cognipilot/cranium/install/synapse_protobuf/include/synapse_protobuf/actuators.pb.h
[0.607s] -- Up-to-date symlink: /home/apex/cognipilot/cranium/install/synapse_protobuf/include/synapse_protobuf/altimeter.pb.h
[0.607s] -- Up-to-date symlink: /home/apex/cognipilot/cranium/install/synapse_protobuf/include/synapse_protobuf/battery_state.pb.h
[0.608s] -- Up-to-date symlink: /home/apex/cognipilot/cranium/install/synapse_protobuf/include/synapse_protobuf/bezier_curve.pb.h
[0.608s] -- Up-to-date symlink: /home/apex/cognipilot/cranium/install/synapse_protobuf/include/synapse_protobuf/bezier_trajectory.pb.h
[0.609s] -- Up-to-date symlink: /home/apex/cognipilot/cranium/install/synapse_protobuf/include/synapse_protobuf/can.pb.h
[0.609s] -- Up-to-date symlink: /home/apex/cognipilot/cranium/install/synapse_protobuf/include/synapse_protobuf/header.pb.h
[0.609s] -- Up-to-date symlink: /home/apex/cognipilot/cranium/install/synapse_protobuf/include/synapse_protobuf/imu.pb.h
[0.610s] -- Up-to-date symlink: /home/apex/cognipilot/cranium/install/synapse_protobuf/include/synapse_protobuf/joy.pb.h
[0.610s] -- Up-to-date symlink: /home/apex/cognipilot/cranium/install/synapse_protobuf/include/synapse_protobuf/led.pb.h
[0.611s] -- Up-to-date symlink: /home/apex/cognipilot/cranium/install/synapse_protobuf/include/synapse_protobuf/led_array.pb.h
[0.611s] -- Up-to-date symlink: /home/apex/cognipilot/cranium/install/synapse_protobuf/include/synapse_protobuf/magnetic_field.pb.h
[0.611s] -- Up-to-date symlink: /home/apex/cognipilot/cranium/install/synapse_protobuf/include/synapse_protobuf/nav_sat_fix.pb.h
[0.619s] -- Up-to-date symlink: /home/apex/cognipilot/cranium/install/synapse_protobuf/include/synapse_protobuf/nav_sat_status.pb.h
[0.620s] -- Up-to-date symlink: /home/apex/cognipilot/cranium/install/synapse_protobuf/include/synapse_protobuf/odometry.pb.h
[0.621s] -- Up-to-date symlink: /home/apex/cognipilot/cranium/install/synapse_protobuf/include/synapse_protobuf/point.pb.h
[0.621s] -- Up-to-date symlink: /home/apex/cognipilot/cranium/install/synapse_protobuf/include/synapse_protobuf/pose.pb.h
[0.622s] -- Up-to-date symlink: /home/apex/cognipilot/cranium/install/synapse_protobuf/include/synapse_protobuf/pose_with_covariance.pb.h
[0.622s] -- Up-to-date symlink: /home/apex/cognipilot/cranium/install/synapse_protobuf/include/synapse_protobuf/quaternion.pb.h
[0.623s] -- Up-to-date symlink: /home/apex/cognipilot/cranium/install/synapse_protobuf/include/synapse_protobuf/safety.pb.h
[0.623s] -- Up-to-date symlink: /home/apex/cognipilot/cranium/install/synapse_protobuf/include/synapse_protobuf/sim_clock.pb.h
[0.623s] -- Up-to-date symlink: /home/apex/cognipilot/cranium/install/synapse_protobuf/include/synapse_protobuf/status.pb.h
[0.624s] -- Up-to-date symlink: /home/apex/cognipilot/cranium/install/synapse_protobuf/include/synapse_protobuf/time.pb.h
[0.624s] -- Up-to-date symlink: /home/apex/cognipilot/cranium/install/synapse_protobuf/include/synapse_protobuf/twist.pb.h
[0.624s] -- Up-to-date symlink: /home/apex/cognipilot/cranium/install/synapse_protobuf/include/synapse_protobuf/twist_with_covariance.pb.h
[0.625s] -- Up-to-date symlink: /home/apex/cognipilot/cranium/install/synapse_protobuf/include/synapse_protobuf/vector3.pb.h
[0.625s] -- Up-to-date symlink: /home/apex/cognipilot/cranium/install/synapse_protobuf/include/synapse_protobuf/wheel_odometry.pb.h
[0.626s] -- Up-to-date symlink: /home/apex/cognipilot/cranium/install/synapse_protobuf/share/synapse_protobuf/environment/library_path.sh
[0.627s] -- Up-to-date symlink: /home/apex/cognipilot/cranium/install/synapse_protobuf/share/synapse_protobuf/environment/library_path.dsv
[0.627s] -- Up-to-date symlink: /home/apex/cognipilot/cranium/install/synapse_protobuf/share/ament_index/resource_index/package_run_dependencies/synapse_protobuf
[0.628s] -- Up-to-date symlink: /home/apex/cognipilot/cranium/install/synapse_protobuf/share/ament_index/resource_index/parent_prefix_path/synapse_protobuf
[0.632s] -- Up-to-date symlink: /home/apex/cognipilot/cranium/install/synapse_protobuf/share/synapse_protobuf/environment/ament_prefix_path.sh
[0.635s] -- Up-to-date symlink: /home/apex/cognipilot/cranium/install/synapse_protobuf/share/synapse_protobuf/environment/ament_prefix_path.dsv
[0.636s] -- Up-to-date symlink: /home/apex/cognipilot/cranium/install/synapse_protobuf/share/synapse_protobuf/environment/path.sh
[0.637s] -- Up-to-date symlink: /home/apex/cognipilot/cranium/install/synapse_protobuf/share/synapse_protobuf/environment/path.dsv
[0.637s] -- Up-to-date symlink: /home/apex/cognipilot/cranium/install/synapse_protobuf/share/synapse_protobuf/local_setup.bash
[0.637s] -- Up-to-date symlink: /home/apex/cognipilot/cranium/install/synapse_protobuf/share/synapse_protobuf/local_setup.sh
[0.637s] -- Up-to-date symlink: /home/apex/cognipilot/cranium/install/synapse_protobuf/share/synapse_protobuf/local_setup.zsh
[0.639s] -- Up-to-date symlink: /home/apex/cognipilot/cranium/install/synapse_protobuf/share/synapse_protobuf/local_setup.dsv
[0.639s] -- Symlinking: /home/apex/cognipilot/cranium/install/synapse_protobuf/share/synapse_protobuf/package.dsv
[0.659s] -- Up-to-date symlink: /home/apex/cognipilot/cranium/install/synapse_protobuf/share/ament_index/resource_index/packages/synapse_protobuf
[0.659s] -- Up-to-date symlink: /home/apex/cognipilot/cranium/install/synapse_protobuf/share/synapse_protobuf/cmake/ament_cmake_export_targets-extras.cmake
[0.661s] -- Up-to-date symlink: /home/apex/cognipilot/cranium/install/synapse_protobuf/share/synapse_protobuf/cmake/ament_cmake_export_dependencies-extras.cmake
[0.661s] -- Up-to-date symlink: /home/apex/cognipilot/cranium/install/synapse_protobuf/share/synapse_protobuf/cmake/synapse_protobufConfig.cmake
[0.662s] -- Up-to-date symlink: /home/apex/cognipilot/cranium/install/synapse_protobuf/share/synapse_protobuf/cmake/synapse_protobufConfig-version.cmake
[0.662s] -- Up-to-date symlink: /home/apex/cognipilot/cranium/install/synapse_protobuf/share/synapse_protobuf/package.xml
[0.662s] -- Up-to-date: /home/apex/cognipilot/cranium/install/synapse_protobuf/share/synapse_protobuf/cmake/synapse_protobufExport.cmake
[0.663s] -- Up-to-date: /home/apex/cognipilot/cranium/install/synapse_protobuf/share/synapse_protobuf/cmake/synapse_protobufExport-noconfig.cmake
[0.663s] -- Up-to-date: /home/apex/cognipilot/cranium/install/synapse_protobuf/lib/libsynapse_protobuf.a
[0.675s] Invoked command in '/home/apex/cognipilot/cranium/build/synapse_protobuf' returned '0': CMAKE_PREFIX_PATH=/opt/ros/humble /usr/bin/cmake --install /home/apex/cognipilot/cranium/build/synapse_protobuf
