[0.083s] Invoking command in '/home/apex/cognipilot/cranium/build/cerebri_bringup': CMAKE_PREFIX_PATH=${CMAKE_PREFIX_PATH}:/opt/ros/humble /usr/bin/cmake --build /home/apex/cognipilot/cranium/build/cerebri_bringup -- -j4 -l4
[0.252s] Invoked command in '/home/apex/cognipilot/cranium/build/cerebri_bringup' returned '0': CMAKE_PREFIX_PATH=${CMAKE_PREFIX_PATH}:/opt/ros/humble /usr/bin/cmake --build /home/apex/cognipilot/cranium/build/cerebri_bringup -- -j4 -l4
[0.326s] Invoking command in '/home/apex/cognipilot/cranium/build/cerebri_bringup': CMAKE_PREFIX_PATH=${CMAKE_PREFIX_PATH}:/opt/ros/humble /usr/bin/cmake --install /home/apex/cognipilot/cranium/build/cerebri_bringup
[0.392s] -- Install configuration: ""
[0.393s] -- Execute custom install script
[0.393s] -- Up-to-date symlink: /home/apex/cognipilot/cranium/install/cerebri_bringup/share/cerebri_bringup/launch/cerebri.launch.py
[0.393s] -- Up-to-date symlink: /home/apex/cognipilot/cranium/install/cerebri_bringup/share/ament_index/resource_index/package_run_dependencies/cerebri_bringup
[0.396s] -- Up-to-date symlink: /home/apex/cognipilot/cranium/install/cerebri_bringup/share/ament_index/resource_index/parent_prefix_path/cerebri_bringup
[0.397s] -- Up-to-date symlink: /home/apex/cognipilot/cranium/install/cerebri_bringup/share/cerebri_bringup/environment/ament_prefix_path.sh
[0.397s] -- Up-to-date symlink: /home/apex/cognipilot/cranium/install/cerebri_bringup/share/cerebri_bringup/environment/ament_prefix_path.dsv
[0.397s] -- Up-to-date symlink: /home/apex/cognipilot/cranium/install/cerebri_bringup/share/cerebri_bringup/environment/path.sh
[0.398s] -- Up-to-date symlink: /home/apex/cognipilot/cranium/install/cerebri_bringup/share/cerebri_bringup/environment/path.dsv
[0.398s] -- Up-to-date symlink: /home/apex/cognipilot/cranium/install/cerebri_bringup/share/cerebri_bringup/local_setup.bash
[0.398s] -- Up-to-date symlink: /home/apex/cognipilot/cranium/install/cerebri_bringup/share/cerebri_bringup/local_setup.sh
[0.398s] -- Up-to-date symlink: /home/apex/cognipilot/cranium/install/cerebri_bringup/share/cerebri_bringup/local_setup.zsh
[0.399s] -- Up-to-date symlink: /home/apex/cognipilot/cranium/install/cerebri_bringup/share/cerebri_bringup/local_setup.dsv
[0.399s] -- Symlinking: /home/apex/cognipilot/cranium/install/cerebri_bringup/share/cerebri_bringup/package.dsv
[0.410s] -- Up-to-date symlink: /home/apex/cognipilot/cranium/install/cerebri_bringup/share/ament_index/resource_index/packages/cerebri_bringup
[0.412s] -- Up-to-date symlink: /home/apex/cognipilot/cranium/install/cerebri_bringup/share/cerebri_bringup/cmake/cerebri_bringupConfig.cmake
[0.413s] -- Up-to-date symlink: /home/apex/cognipilot/cranium/install/cerebri_bringup/share/cerebri_bringup/cmake/cerebri_bringupConfig-version.cmake
[0.413s] -- Up-to-date symlink: /home/apex/cognipilot/cranium/install/cerebri_bringup/share/cerebri_bringup/package.xml
[0.466s] Invoked command in '/home/apex/cognipilot/cranium/build/cerebri_bringup' returned '0': CMAKE_PREFIX_PATH=${CMAKE_PREFIX_PATH}:/opt/ros/humble /usr/bin/cmake --install /home/apex/cognipilot/cranium/build/cerebri_bringup
