[0.066s] Invoking command in '/home/apex/cognipilot/cranium/build/b3rb_rviz': CMAKE_PREFIX_PATH=/opt/ros/humble /usr/bin/cmake --build /home/apex/cognipilot/cranium/build/b3rb_rviz -- -j4 -l4
[0.183s] Invoked command in '/home/apex/cognipilot/cranium/build/b3rb_rviz' returned '0': CMAKE_PREFIX_PATH=/opt/ros/humble /usr/bin/cmake --build /home/apex/cognipilot/cranium/build/b3rb_rviz -- -j4 -l4
[0.264s] Invoking command in '/home/apex/cognipilot/cranium/build/b3rb_rviz': CMAKE_PREFIX_PATH=/opt/ros/humble /usr/bin/cmake --install /home/apex/cognipilot/cranium/build/b3rb_rviz
[0.292s] -- Install configuration: ""
[0.293s] -- Execute custom install script
[0.294s] -- Up-to-date symlink: /home/apex/cognipilot/cranium/install/b3rb_rviz/share/b3rb_rviz/rviz/nav2/robot.rviz
[0.295s] -- Up-to-date symlink: /home/apex/cognipilot/cranium/install/b3rb_rviz/share/b3rb_rviz/launch/view_robot.launch.py
[0.296s] -- Up-to-date symlink: /home/apex/cognipilot/cranium/install/b3rb_rviz/share/ament_index/resource_index/package_run_dependencies/b3rb_rviz
[0.297s] -- Up-to-date symlink: /home/apex/cognipilot/cranium/install/b3rb_rviz/share/ament_index/resource_index/parent_prefix_path/b3rb_rviz
[0.297s] -- Up-to-date symlink: /home/apex/cognipilot/cranium/install/b3rb_rviz/share/b3rb_rviz/environment/ament_prefix_path.sh
[0.298s] -- Up-to-date symlink: /home/apex/cognipilot/cranium/install/b3rb_rviz/share/b3rb_rviz/environment/ament_prefix_path.dsv
[0.299s] -- Up-to-date symlink: /home/apex/cognipilot/cranium/install/b3rb_rviz/share/b3rb_rviz/environment/path.sh
[0.300s] -- Up-to-date symlink: /home/apex/cognipilot/cranium/install/b3rb_rviz/share/b3rb_rviz/environment/path.dsv
[0.301s] -- Up-to-date symlink: /home/apex/cognipilot/cranium/install/b3rb_rviz/share/b3rb_rviz/local_setup.bash
[0.301s] -- Up-to-date symlink: /home/apex/cognipilot/cranium/install/b3rb_rviz/share/b3rb_rviz/local_setup.sh
[0.302s] -- Up-to-date symlink: /home/apex/cognipilot/cranium/install/b3rb_rviz/share/b3rb_rviz/local_setup.zsh
[0.303s] -- Up-to-date symlink: /home/apex/cognipilot/cranium/install/b3rb_rviz/share/b3rb_rviz/local_setup.dsv
[0.303s] -- Symlinking: /home/apex/cognipilot/cranium/install/b3rb_rviz/share/b3rb_rviz/package.dsv
[0.357s] -- Up-to-date symlink: /home/apex/cognipilot/cranium/install/b3rb_rviz/share/ament_index/resource_index/packages/b3rb_rviz
[0.357s] -- Up-to-date symlink: /home/apex/cognipilot/cranium/install/b3rb_rviz/share/b3rb_rviz/cmake/b3rb_rvizConfig.cmake
[0.358s] -- Up-to-date symlink: /home/apex/cognipilot/cranium/install/b3rb_rviz/share/b3rb_rviz/cmake/b3rb_rvizConfig-version.cmake
[0.359s] -- Up-to-date symlink: /home/apex/cognipilot/cranium/install/b3rb_rviz/share/b3rb_rviz/package.xml
[0.417s] Invoked command in '/home/apex/cognipilot/cranium/build/b3rb_rviz' returned '0': CMAKE_PREFIX_PATH=/opt/ros/humble /usr/bin/cmake --install /home/apex/cognipilot/cranium/build/b3rb_rviz
