[0.052s] Invoking command in '/home/apex/cognipilot/cranium/build/b3rb_description': CMAKE_PREFIX_PATH=${CMAKE_PREFIX_PATH}:/opt/ros/humble /usr/bin/cmake --build /home/apex/cognipilot/cranium/build/b3rb_description -- -j4 -l4
[0.435s] Invoked command in '/home/apex/cognipilot/cranium/build/b3rb_description' returned '0': CMAKE_PREFIX_PATH=${CMAKE_PREFIX_PATH}:/opt/ros/humble /usr/bin/cmake --build /home/apex/cognipilot/cranium/build/b3rb_description -- -j4 -l4
[0.523s] Invoking command in '/home/apex/cognipilot/cranium/build/b3rb_description': CMAKE_PREFIX_PATH=${CMAKE_PREFIX_PATH}:/opt/ros/humble /usr/bin/cmake --install /home/apex/cognipilot/cranium/build/b3rb_description
[0.553s] -- Install configuration: ""
[0.586s] -- Execute custom install script
[0.615s] -- Up-to-date symlink: /home/apex/cognipilot/cranium/install/b3rb_description/share/b3rb_description/launch/robot_description.launch.py
[0.633s] -- Up-to-date symlink: /home/apex/cognipilot/cranium/install/b3rb_description/share/b3rb_description/meshes/STL27L.dae
[0.633s] -- Up-to-date symlink: /home/apex/cognipilot/cranium/install/b3rb_description/share/b3rb_description/meshes/b3rb.dae
[0.633s] -- Up-to-date symlink: /home/apex/cognipilot/cranium/install/b3rb_description/share/b3rb_description/meshes/wheel.dae
[0.660s] -- Up-to-date symlink: /home/apex/cognipilot/cranium/install/b3rb_description/share/b3rb_description/urdf/b3rb.urdf
[0.680s] -- Up-to-date symlink: /home/apex/cognipilot/cranium/install/b3rb_description/share/ament_index/resource_index/package_run_dependencies/b3rb_description
[0.705s] -- Up-to-date symlink: /home/apex/cognipilot/cranium/install/b3rb_description/share/ament_index/resource_index/parent_prefix_path/b3rb_description
[0.706s] -- Up-to-date symlink: /home/apex/cognipilot/cranium/install/b3rb_description/share/b3rb_description/environment/ament_prefix_path.sh
[0.707s] -- Up-to-date symlink: /home/apex/cognipilot/cranium/install/b3rb_description/share/b3rb_description/environment/ament_prefix_path.dsv
[0.708s] -- Up-to-date symlink: /home/apex/cognipilot/cranium/install/b3rb_description/share/b3rb_description/environment/path.sh
[0.708s] -- Up-to-date symlink: /home/apex/cognipilot/cranium/install/b3rb_description/share/b3rb_description/environment/path.dsv
[0.709s] -- Up-to-date symlink: /home/apex/cognipilot/cranium/install/b3rb_description/share/b3rb_description/local_setup.bash
[0.710s] -- Up-to-date symlink: /home/apex/cognipilot/cranium/install/b3rb_description/share/b3rb_description/local_setup.sh
[0.712s] -- Up-to-date symlink: /home/apex/cognipilot/cranium/install/b3rb_description/share/b3rb_description/local_setup.zsh
[0.712s] -- Up-to-date symlink: /home/apex/cognipilot/cranium/install/b3rb_description/share/b3rb_description/local_setup.dsv
[0.712s] -- Symlinking: /home/apex/cognipilot/cranium/install/b3rb_description/share/b3rb_description/package.dsv
[0.740s] -- Up-to-date symlink: /home/apex/cognipilot/cranium/install/b3rb_description/share/ament_index/resource_index/packages/b3rb_description
[0.751s] -- Up-to-date symlink: /home/apex/cognipilot/cranium/install/b3rb_description/share/b3rb_description/cmake/b3rb_descriptionConfig.cmake
[0.753s] -- Up-to-date symlink: /home/apex/cognipilot/cranium/install/b3rb_description/share/b3rb_description/cmake/b3rb_descriptionConfig-version.cmake
[0.754s] -- Up-to-date symlink: /home/apex/cognipilot/cranium/install/b3rb_description/share/b3rb_description/package.xml
[0.762s] Invoked command in '/home/apex/cognipilot/cranium/build/b3rb_description' returned '0': CMAKE_PREFIX_PATH=${CMAKE_PREFIX_PATH}:/opt/ros/humble /usr/bin/cmake --install /home/apex/cognipilot/cranium/build/b3rb_description
