[0.061s] Invoking command in '/home/apex/cognipilot/cranium/build/synapse_ros': AMENT_PREFIX_PATH=/home/apex/cognipilot/cranium/install/synapse_tinyframe:/home/apex/cognipilot/cranium/install/synapse_protobuf:/home/apex/cognipilot/cranium/install/synapse_msgs:${AMENT_PREFIX_PATH} CMAKE_PREFIX_PATH=/home/apex/cognipilot/cranium/install/synapse_tinyframe:/home/apex/cognipilot/cranium/install/synapse_protobuf:/home/apex/cognipilot/cranium/install/synapse_msgs:/opt/ros/humble LD_LIBRARY_PATH=/home/apex/cognipilot/cranium/install/synapse_tinyframe/lib:/home/apex/cognipilot/cranium/install/synapse_protobuf/lib:/home/apex/cognipilot/cranium/install/synapse_msgs/lib:${LD_LIBRARY_PATH} PYTHONPATH=/home/apex/cognipilot/cranium/install/synapse_msgs/local/lib/python3.10/dist-packages:${PYTHONPATH} /usr/bin/cmake --build /home/apex/cognipilot/cranium/build/synapse_ros -- -j4 -l4
[0.176s] [35m[1mConsolidate compiler generated dependencies of target synapse_ros[0m
[0.273s] [100%] Built target synapse_ros
[0.305s] Invoked command in '/home/apex/cognipilot/cranium/build/synapse_ros' returned '0': AMENT_PREFIX_PATH=/home/apex/cognipilot/cranium/install/synapse_tinyframe:/home/apex/cognipilot/cranium/install/synapse_protobuf:/home/apex/cognipilot/cranium/install/synapse_msgs:${AMENT_PREFIX_PATH} CMAKE_PREFIX_PATH=/home/apex/cognipilot/cranium/install/synapse_tinyframe:/home/apex/cognipilot/cranium/install/synapse_protobuf:/home/apex/cognipilot/cranium/install/synapse_msgs:/opt/ros/humble LD_LIBRARY_PATH=/home/apex/cognipilot/cranium/install/synapse_tinyframe/lib:/home/apex/cognipilot/cranium/install/synapse_protobuf/lib:/home/apex/cognipilot/cranium/install/synapse_msgs/lib:${LD_LIBRARY_PATH} PYTHONPATH=/home/apex/cognipilot/cranium/install/synapse_msgs/local/lib/python3.10/dist-packages:${PYTHONPATH} /usr/bin/cmake --build /home/apex/cognipilot/cranium/build/synapse_ros -- -j4 -l4
[0.371s] Invoking command in '/home/apex/cognipilot/cranium/build/synapse_ros': AMENT_PREFIX_PATH=/home/apex/cognipilot/cranium/install/synapse_tinyframe:/home/apex/cognipilot/cranium/install/synapse_protobuf:/home/apex/cognipilot/cranium/install/synapse_msgs:${AMENT_PREFIX_PATH} CMAKE_PREFIX_PATH=/home/apex/cognipilot/cranium/install/synapse_tinyframe:/home/apex/cognipilot/cranium/install/synapse_protobuf:/home/apex/cognipilot/cranium/install/synapse_msgs:/opt/ros/humble LD_LIBRARY_PATH=/home/apex/cognipilot/cranium/install/synapse_tinyframe/lib:/home/apex/cognipilot/cranium/install/synapse_protobuf/lib:/home/apex/cognipilot/cranium/install/synapse_msgs/lib:${LD_LIBRARY_PATH} PYTHONPATH=/home/apex/cognipilot/cranium/install/synapse_msgs/local/lib/python3.10/dist-packages:${PYTHONPATH} /usr/bin/cmake --install /home/apex/cognipilot/cranium/build/synapse_ros
[0.388s] -- Install configuration: ""
[0.389s] -- Execute custom install script
[0.391s] -- Up-to-date symlink: /home/apex/cognipilot/cranium/install/synapse_ros/lib/synapse_ros/synapse_ros
[0.391s] -- Up-to-date symlink: /home/apex/cognipilot/cranium/install/synapse_ros/share/synapse_ros/launch/synapse_ros.launch.py
[0.392s] -- Up-to-date symlink: /home/apex/cognipilot/cranium/install/synapse_ros/share/ament_index/resource_index/package_run_dependencies/synapse_ros
[0.392s] -- Up-to-date symlink: /home/apex/cognipilot/cranium/install/synapse_ros/share/ament_index/resource_index/parent_prefix_path/synapse_ros
[0.392s] -- Up-to-date symlink: /home/apex/cognipilot/cranium/install/synapse_ros/share/synapse_ros/environment/ament_prefix_path.sh
[0.393s] -- Up-to-date symlink: /home/apex/cognipilot/cranium/install/synapse_ros/share/synapse_ros/environment/ament_prefix_path.dsv
[0.393s] -- Up-to-date symlink: /home/apex/cognipilot/cranium/install/synapse_ros/share/synapse_ros/environment/path.sh
[0.394s] -- Up-to-date symlink: /home/apex/cognipilot/cranium/install/synapse_ros/share/synapse_ros/environment/path.dsv
[0.394s] -- Up-to-date symlink: /home/apex/cognipilot/cranium/install/synapse_ros/share/synapse_ros/local_setup.bash
[0.395s] -- Up-to-date symlink: /home/apex/cognipilot/cranium/install/synapse_ros/share/synapse_ros/local_setup.sh
[0.396s] -- Up-to-date symlink: /home/apex/cognipilot/cranium/install/synapse_ros/share/synapse_ros/local_setup.zsh
[0.396s] -- Up-to-date symlink: /home/apex/cognipilot/cranium/install/synapse_ros/share/synapse_ros/local_setup.dsv
[0.397s] -- Symlinking: /home/apex/cognipilot/cranium/install/synapse_ros/share/synapse_ros/package.dsv
[0.418s] -- Up-to-date symlink: /home/apex/cognipilot/cranium/install/synapse_ros/share/ament_index/resource_index/packages/synapse_ros
[0.419s] -- Up-to-date symlink: /home/apex/cognipilot/cranium/install/synapse_ros/share/synapse_ros/cmake/synapse_rosConfig.cmake
[0.419s] -- Up-to-date symlink: /home/apex/cognipilot/cranium/install/synapse_ros/share/synapse_ros/cmake/synapse_rosConfig-version.cmake
[0.420s] -- Up-to-date symlink: /home/apex/cognipilot/cranium/install/synapse_ros/share/synapse_ros/package.xml
[0.425s] Invoked command in '/home/apex/cognipilot/cranium/build/synapse_ros' returned '0': AMENT_PREFIX_PATH=/home/apex/cognipilot/cranium/install/synapse_tinyframe:/home/apex/cognipilot/cranium/install/synapse_protobuf:/home/apex/cognipilot/cranium/install/synapse_msgs:${AMENT_PREFIX_PATH} CMAKE_PREFIX_PATH=/home/apex/cognipilot/cranium/install/synapse_tinyframe:/home/apex/cognipilot/cranium/install/synapse_protobuf:/home/apex/cognipilot/cranium/install/synapse_msgs:/opt/ros/humble LD_LIBRARY_PATH=/home/apex/cognipilot/cranium/install/synapse_tinyframe/lib:/home/apex/cognipilot/cranium/install/synapse_protobuf/lib:/home/apex/cognipilot/cranium/install/synapse_msgs/lib:${LD_LIBRARY_PATH} PYTHONPATH=/home/apex/cognipilot/cranium/install/synapse_msgs/local/lib/python3.10/dist-packages:${PYTHONPATH} /usr/bin/cmake --install /home/apex/cognipilot/cranium/build/synapse_ros
