[0.172s] Invoking command in '/home/apex/cognipilot/cranium/build/synapse_tinyframe': CMAKE_PREFIX_PATH=${CMAKE_PREFIX_PATH}:/opt/ros/humble /usr/bin/cmake --build /home/apex/cognipilot/cranium/build/synapse_tinyframe -- -j4 -l4
[0.742s] [100%] Built target synapse_tinyframe
[0.767s] Invoked command in '/home/apex/cognipilot/cranium/build/synapse_tinyframe' returned '0': CMAKE_PREFIX_PATH=${CMAKE_PREFIX_PATH}:/opt/ros/humble /usr/bin/cmake --build /home/apex/cognipilot/cranium/build/synapse_tinyframe -- -j4 -l4
[1.054s] Invoking command in '/home/apex/cognipilot/cranium/build/synapse_tinyframe': CMAKE_PREFIX_PATH=${CMAKE_PREFIX_PATH}:/opt/ros/humble /usr/bin/cmake --install /home/apex/cognipilot/cranium/build/synapse_tinyframe
[1.102s] -- Install configuration: ""
[1.144s] -- Execute custom install script
[1.178s] -- Up-to-date symlink: /home/apex/cognipilot/cranium/install/synapse_tinyframe/share/synapse_tinyframe/environment/library_path.sh
[1.179s] -- Up-to-date symlink: /home/apex/cognipilot/cranium/install/synapse_tinyframe/share/synapse_tinyframe/environment/library_path.dsv
[1.191s] -- Up-to-date symlink: /home/apex/cognipilot/cranium/install/synapse_tinyframe/include/synapse_tinyframe/SynapseTopics.h
[1.221s] -- Up-to-date symlink: /home/apex/cognipilot/cranium/install/synapse_tinyframe/include/synapse_tinyframe/TF_Config.h
[1.223s] -- Up-to-date symlink: /home/apex/cognipilot/cranium/install/synapse_tinyframe/include/synapse_tinyframe/TinyFrame.h
[1.223s] -- Up-to-date symlink: /home/apex/cognipilot/cranium/install/synapse_tinyframe/include/synapse_tinyframe/utils.h
[1.224s] -- Up-to-date symlink: /home/apex/cognipilot/cranium/install/synapse_tinyframe/share/ament_index/resource_index/package_run_dependencies/synapse_tinyframe
[1.224s] -- Up-to-date symlink: /home/apex/cognipilot/cranium/install/synapse_tinyframe/share/ament_index/resource_index/parent_prefix_path/synapse_tinyframe
[1.226s] -- Up-to-date symlink: /home/apex/cognipilot/cranium/install/synapse_tinyframe/share/synapse_tinyframe/environment/ament_prefix_path.sh
[1.227s] -- Up-to-date symlink: /home/apex/cognipilot/cranium/install/synapse_tinyframe/share/synapse_tinyframe/environment/ament_prefix_path.dsv
[1.228s] -- Up-to-date symlink: /home/apex/cognipilot/cranium/install/synapse_tinyframe/share/synapse_tinyframe/environment/path.sh
[1.228s] -- Up-to-date symlink: /home/apex/cognipilot/cranium/install/synapse_tinyframe/share/synapse_tinyframe/environment/path.dsv
[1.234s] -- Up-to-date symlink: /home/apex/cognipilot/cranium/install/synapse_tinyframe/share/synapse_tinyframe/local_setup.bash
[1.237s] -- Up-to-date symlink: /home/apex/cognipilot/cranium/install/synapse_tinyframe/share/synapse_tinyframe/local_setup.sh
[1.238s] -- Up-to-date symlink: /home/apex/cognipilot/cranium/install/synapse_tinyframe/share/synapse_tinyframe/local_setup.zsh
[1.238s] -- Up-to-date symlink: /home/apex/cognipilot/cranium/install/synapse_tinyframe/share/synapse_tinyframe/local_setup.dsv
[1.238s] -- Symlinking: /home/apex/cognipilot/cranium/install/synapse_tinyframe/share/synapse_tinyframe/package.dsv
[1.281s] -- Up-to-date symlink: /home/apex/cognipilot/cranium/install/synapse_tinyframe/share/ament_index/resource_index/packages/synapse_tinyframe
[1.282s] -- Up-to-date symlink: /home/apex/cognipilot/cranium/install/synapse_tinyframe/share/synapse_tinyframe/cmake/ament_cmake_export_targets-extras.cmake
[1.284s] -- Up-to-date symlink: /home/apex/cognipilot/cranium/install/synapse_tinyframe/share/synapse_tinyframe/cmake/synapse_tinyframeConfig.cmake
[1.284s] -- Up-to-date symlink: /home/apex/cognipilot/cranium/install/synapse_tinyframe/share/synapse_tinyframe/cmake/synapse_tinyframeConfig-version.cmake
[1.287s] -- Up-to-date symlink: /home/apex/cognipilot/cranium/install/synapse_tinyframe/share/synapse_tinyframe/package.xml
[1.288s] -- Up-to-date: /home/apex/cognipilot/cranium/install/synapse_tinyframe/lib/libsynapse_tinyframe.a
[1.313s] -- Up-to-date: /home/apex/cognipilot/cranium/install/synapse_tinyframe/share/synapse_tinyframe/cmake/synapse_tinyframeExport.cmake
[1.313s] -- Up-to-date: /home/apex/cognipilot/cranium/install/synapse_tinyframe/share/synapse_tinyframe/cmake/synapse_tinyframeExport-noconfig.cmake
[1.325s] Invoked command in '/home/apex/cognipilot/cranium/build/synapse_tinyframe' returned '0': CMAKE_PREFIX_PATH=${CMAKE_PREFIX_PATH}:/opt/ros/humble /usr/bin/cmake --install /home/apex/cognipilot/cranium/build/synapse_tinyframe
