[0.101s] Invoking command in '/home/apex/cognipilot/cranium/build/synapse_gz': CMAKE_PREFIX_PATH=/home/apex/cognipilot/cranium/install/synapse_tinyframe:/home/apex/cognipilot/cranium/install/synapse_protobuf:/home/apex/cognipilot/electrode/install/electrode:/home/apex/cognipilot/cranium/install/synapse_ros:/home/apex/cognipilot/cranium/install/synapse_gz:/home/apex/cognipilot/cranium/install/corti:/home/apex/cognipilot/cranium/install/synapse_msgs:/home/apex/cognipilot/cranium/install/dream_world:/home/apex/cognipilot/cranium/install/cerebri_bringup:/home/apex/cognipilot/cranium/install/b3rb_simulator:/home/apex/cognipilot/cranium/install/b3rb_desktop:/home/apex/cognipilot/cranium/install/b3rb_rviz:/home/apex/cognipilot/cranium/install/b3rb_nav2:/home/apex/cognipilot/cranium/install/b3rb_gz_resource:/home/apex/cognipilot/cranium/install/b3rb_gz_bringup:/home/apex/cognipilot/cranium/install/b3rb_description:/opt/ros/humble /usr/bin/cmake --build /home/apex/cognipilot/cranium/build/synapse_gz -- -j4 -l4
[0.757s] [ 25%] [32mBuilding CXX object CMakeFiles/synapse_gz.dir/src/clients/gz_client.cpp.o[0m
[0.763s] [ 50%] [32mBuilding CXX object CMakeFiles/synapse_gz.dir/src/clients/tcp_client.cpp.o[0m
[33.690s] [ 75%] [32m[1mLinking CXX executable synapse_gz[0m
[35.848s] [100%] Built target synapse_gz
[35.884s] Invoked command in '/home/apex/cognipilot/cranium/build/synapse_gz' returned '0': CMAKE_PREFIX_PATH=/home/apex/cognipilot/cranium/install/synapse_tinyframe:/home/apex/cognipilot/cranium/install/synapse_protobuf:/home/apex/cognipilot/electrode/install/electrode:/home/apex/cognipilot/cranium/install/synapse_ros:/home/apex/cognipilot/cranium/install/synapse_gz:/home/apex/cognipilot/cranium/install/corti:/home/apex/cognipilot/cranium/install/synapse_msgs:/home/apex/cognipilot/cranium/install/dream_world:/home/apex/cognipilot/cranium/install/cerebri_bringup:/home/apex/cognipilot/cranium/install/b3rb_simulator:/home/apex/cognipilot/cranium/install/b3rb_desktop:/home/apex/cognipilot/cranium/install/b3rb_rviz:/home/apex/cognipilot/cranium/install/b3rb_nav2:/home/apex/cognipilot/cranium/install/b3rb_gz_resource:/home/apex/cognipilot/cranium/install/b3rb_gz_bringup:/home/apex/cognipilot/cranium/install/b3rb_description:/opt/ros/humble /usr/bin/cmake --build /home/apex/cognipilot/cranium/build/synapse_gz -- -j4 -l4
[36.010s] Invoking command in '/home/apex/cognipilot/cranium/build/synapse_gz': CMAKE_PREFIX_PATH=/home/apex/cognipilot/cranium/install/synapse_tinyframe:/home/apex/cognipilot/cranium/install/synapse_protobuf:/home/apex/cognipilot/electrode/install/electrode:/home/apex/cognipilot/cranium/install/synapse_ros:/home/apex/cognipilot/cranium/install/synapse_gz:/home/apex/cognipilot/cranium/install/corti:/home/apex/cognipilot/cranium/install/synapse_msgs:/home/apex/cognipilot/cranium/install/dream_world:/home/apex/cognipilot/cranium/install/cerebri_bringup:/home/apex/cognipilot/cranium/install/b3rb_simulator:/home/apex/cognipilot/cranium/install/b3rb_desktop:/home/apex/cognipilot/cranium/install/b3rb_rviz:/home/apex/cognipilot/cranium/install/b3rb_nav2:/home/apex/cognipilot/cranium/install/b3rb_gz_resource:/home/apex/cognipilot/cranium/install/b3rb_gz_bringup:/home/apex/cognipilot/cranium/install/b3rb_description:/opt/ros/humble /usr/bin/cmake --install /home/apex/cognipilot/cranium/build/synapse_gz
[36.049s] -- Install configuration: ""
[36.066s] -- Execute custom install script
[36.069s] -- Up-to-date symlink: /home/apex/cognipilot/cranium/install/synapse_gz/lib/synapse_gz/synapse_gz
[36.071s] -- Up-to-date symlink: /home/apex/cognipilot/cranium/install/synapse_gz/share/synapse_gz/launch/synapse_gz.launch.py
[36.081s] -- Up-to-date symlink: /home/apex/cognipilot/cranium/install/synapse_gz/share/ament_index/resource_index/package_run_dependencies/synapse_gz
[36.083s] -- Up-to-date symlink: /home/apex/cognipilot/cranium/install/synapse_gz/share/ament_index/resource_index/parent_prefix_path/synapse_gz
[36.100s] -- Up-to-date symlink: /home/apex/cognipilot/cranium/install/synapse_gz/share/synapse_gz/environment/ament_prefix_path.sh
[36.101s] -- Up-to-date symlink: /home/apex/cognipilot/cranium/install/synapse_gz/share/synapse_gz/environment/ament_prefix_path.dsv
[36.104s] -- Up-to-date symlink: /home/apex/cognipilot/cranium/install/synapse_gz/share/synapse_gz/environment/path.sh
[36.105s] -- Up-to-date symlink: /home/apex/cognipilot/cranium/install/synapse_gz/share/synapse_gz/environment/path.dsv
[36.107s] -- Up-to-date symlink: /home/apex/cognipilot/cranium/install/synapse_gz/share/synapse_gz/local_setup.bash
[36.109s] -- Up-to-date symlink: /home/apex/cognipilot/cranium/install/synapse_gz/share/synapse_gz/local_setup.sh
[36.111s] -- Up-to-date symlink: /home/apex/cognipilot/cranium/install/synapse_gz/share/synapse_gz/local_setup.zsh
[36.112s] -- Up-to-date symlink: /home/apex/cognipilot/cranium/install/synapse_gz/share/synapse_gz/local_setup.dsv
[36.117s] -- Symlinking: /home/apex/cognipilot/cranium/install/synapse_gz/share/synapse_gz/package.dsv
[36.147s] -- Up-to-date symlink: /home/apex/cognipilot/cranium/install/synapse_gz/share/ament_index/resource_index/packages/synapse_gz
[36.149s] -- Up-to-date symlink: /home/apex/cognipilot/cranium/install/synapse_gz/share/synapse_gz/cmake/synapse_gzConfig.cmake
[36.150s] -- Up-to-date symlink: /home/apex/cognipilot/cranium/install/synapse_gz/share/synapse_gz/cmake/synapse_gzConfig-version.cmake
[36.152s] -- Up-to-date symlink: /home/apex/cognipilot/cranium/install/synapse_gz/share/synapse_gz/package.xml
[36.162s] Invoked command in '/home/apex/cognipilot/cranium/build/synapse_gz' returned '0': CMAKE_PREFIX_PATH=/home/apex/cognipilot/cranium/install/synapse_tinyframe:/home/apex/cognipilot/cranium/install/synapse_protobuf:/home/apex/cognipilot/electrode/install/electrode:/home/apex/cognipilot/cranium/install/synapse_ros:/home/apex/cognipilot/cranium/install/synapse_gz:/home/apex/cognipilot/cranium/install/corti:/home/apex/cognipilot/cranium/install/synapse_msgs:/home/apex/cognipilot/cranium/install/dream_world:/home/apex/cognipilot/cranium/install/cerebri_bringup:/home/apex/cognipilot/cranium/install/b3rb_simulator:/home/apex/cognipilot/cranium/install/b3rb_desktop:/home/apex/cognipilot/cranium/install/b3rb_rviz:/home/apex/cognipilot/cranium/install/b3rb_nav2:/home/apex/cognipilot/cranium/install/b3rb_gz_resource:/home/apex/cognipilot/cranium/install/b3rb_gz_bringup:/home/apex/cognipilot/cranium/install/b3rb_description:/opt/ros/humble /usr/bin/cmake --install /home/apex/cognipilot/cranium/build/synapse_gz
