[0.100s] Invoking command in '/home/apex/cognipilot/cranium/build/b3rb_simulator': AMENT_PREFIX_PATH=/home/apex/cognipilot/cranium/install/b3rb_gz_resource:/home/apex/cognipilot/cranium/install/b3rb_gz_bringup:${AMENT_PREFIX_PATH} CMAKE_PREFIX_PATH=/home/apex/cognipilot/cranium/install/b3rb_gz_resource:/home/apex/cognipilot/cranium/install/b3rb_gz_bringup:/opt/ros/humble /usr/bin/cmake /home/apex/cognipilot/cranium/src/b3rb_simulator/b3rb_simulator -DAMENT_CMAKE_SYMLINK_INSTALL=1 -DCMAKE_INSTALL_PREFIX=/home/apex/cognipilot/cranium/install/b3rb_simulator
[0.511s] -- The C compiler identification is GNU 11.4.0
[0.877s] -- The CXX compiler identification is GNU 11.4.0
[0.932s] -- Detecting C compiler ABI info
[1.321s] -- Detecting C compiler ABI info - done
[1.353s] -- Check for working C compiler: /usr/bin/cc - skipped
[1.354s] -- Detecting C compile features
[1.356s] -- Detecting C compile features - done
[1.366s] -- Detecting CXX compiler ABI info
[1.765s] -- Detecting CXX compiler ABI info - done
[1.804s] -- Check for working CXX compiler: /usr/bin/c++ - skipped
[1.806s] -- Detecting CXX compile features
[1.809s] -- Detecting CXX compile features - done
[1.817s] -- Found ament_cmake: 1.3.8 (/opt/ros/humble/share/ament_cmake/cmake)
[2.427s] -- Found Python3: /usr/bin/python3 (found version "3.10.12") found components: Interpreter 
[2.656s] -- Override CMake install command with custom implementation using symlinks instead of copying resources
[2.737s] -- Found ament_lint_auto: 0.12.10 (/opt/ros/humble/share/ament_lint_auto/cmake)
[2.992s] -- Configuring done
[3.000s] -- Generating done
[3.010s] -- Build files have been written to: /home/apex/cognipilot/cranium/build/b3rb_simulator
[3.017s] Invoked command in '/home/apex/cognipilot/cranium/build/b3rb_simulator' returned '0': AMENT_PREFIX_PATH=/home/apex/cognipilot/cranium/install/b3rb_gz_resource:/home/apex/cognipilot/cranium/install/b3rb_gz_bringup:${AMENT_PREFIX_PATH} CMAKE_PREFIX_PATH=/home/apex/cognipilot/cranium/install/b3rb_gz_resource:/home/apex/cognipilot/cranium/install/b3rb_gz_bringup:/opt/ros/humble /usr/bin/cmake /home/apex/cognipilot/cranium/src/b3rb_simulator/b3rb_simulator -DAMENT_CMAKE_SYMLINK_INSTALL=1 -DCMAKE_INSTALL_PREFIX=/home/apex/cognipilot/cranium/install/b3rb_simulator
[3.022s] Invoking command in '/home/apex/cognipilot/cranium/build/b3rb_simulator': AMENT_PREFIX_PATH=/home/apex/cognipilot/cranium/install/b3rb_gz_resource:/home/apex/cognipilot/cranium/install/b3rb_gz_bringup:${AMENT_PREFIX_PATH} CMAKE_PREFIX_PATH=/home/apex/cognipilot/cranium/install/b3rb_gz_resource:/home/apex/cognipilot/cranium/install/b3rb_gz_bringup:/opt/ros/humble /usr/bin/cmake --build /home/apex/cognipilot/cranium/build/b3rb_simulator -- -j4 -l4
[3.130s] Invoked command in '/home/apex/cognipilot/cranium/build/b3rb_simulator' returned '0': AMENT_PREFIX_PATH=/home/apex/cognipilot/cranium/install/b3rb_gz_resource:/home/apex/cognipilot/cranium/install/b3rb_gz_bringup:${AMENT_PREFIX_PATH} CMAKE_PREFIX_PATH=/home/apex/cognipilot/cranium/install/b3rb_gz_resource:/home/apex/cognipilot/cranium/install/b3rb_gz_bringup:/opt/ros/humble /usr/bin/cmake --build /home/apex/cognipilot/cranium/build/b3rb_simulator -- -j4 -l4
[3.197s] Invoking command in '/home/apex/cognipilot/cranium/build/b3rb_simulator': AMENT_PREFIX_PATH=/home/apex/cognipilot/cranium/install/b3rb_gz_resource:/home/apex/cognipilot/cranium/install/b3rb_gz_bringup:${AMENT_PREFIX_PATH} CMAKE_PREFIX_PATH=/home/apex/cognipilot/cranium/install/b3rb_gz_resource:/home/apex/cognipilot/cranium/install/b3rb_gz_bringup:/opt/ros/humble /usr/bin/cmake --install /home/apex/cognipilot/cranium/build/b3rb_simulator
[3.220s] -- Install configuration: ""
[3.222s] -- Execute custom install script
[3.223s] -- Symlinking: /home/apex/cognipilot/cranium/install/b3rb_simulator/share/ament_index/resource_index/package_run_dependencies/b3rb_simulator
[3.244s] -- Symlinking: /home/apex/cognipilot/cranium/install/b3rb_simulator/share/ament_index/resource_index/parent_prefix_path/b3rb_simulator
[3.264s] -- Symlinking: /home/apex/cognipilot/cranium/install/b3rb_simulator/share/b3rb_simulator/environment/ament_prefix_path.sh
[3.285s] -- Symlinking: /home/apex/cognipilot/cranium/install/b3rb_simulator/share/b3rb_simulator/environment/ament_prefix_path.dsv
[3.309s] -- Symlinking: /home/apex/cognipilot/cranium/install/b3rb_simulator/share/b3rb_simulator/environment/path.sh
[3.331s] -- Symlinking: /home/apex/cognipilot/cranium/install/b3rb_simulator/share/b3rb_simulator/environment/path.dsv
[3.351s] -- Symlinking: /home/apex/cognipilot/cranium/install/b3rb_simulator/share/b3rb_simulator/local_setup.bash
[3.371s] -- Symlinking: /home/apex/cognipilot/cranium/install/b3rb_simulator/share/b3rb_simulator/local_setup.sh
[3.392s] -- Symlinking: /home/apex/cognipilot/cranium/install/b3rb_simulator/share/b3rb_simulator/local_setup.zsh
[3.416s] -- Symlinking: /home/apex/cognipilot/cranium/install/b3rb_simulator/share/b3rb_simulator/local_setup.dsv
[3.438s] -- Symlinking: /home/apex/cognipilot/cranium/install/b3rb_simulator/share/b3rb_simulator/package.dsv
[3.458s] -- Symlinking: /home/apex/cognipilot/cranium/install/b3rb_simulator/share/ament_index/resource_index/packages/b3rb_simulator
[3.479s] -- Symlinking: /home/apex/cognipilot/cranium/install/b3rb_simulator/share/b3rb_simulator/cmake/b3rb_simulatorConfig.cmake
[3.500s] -- Symlinking: /home/apex/cognipilot/cranium/install/b3rb_simulator/share/b3rb_simulator/cmake/b3rb_simulatorConfig-version.cmake
[3.525s] -- Symlinking: /home/apex/cognipilot/cranium/install/b3rb_simulator/share/b3rb_simulator/package.xml
[3.552s] Invoked command in '/home/apex/cognipilot/cranium/build/b3rb_simulator' returned '0': AMENT_PREFIX_PATH=/home/apex/cognipilot/cranium/install/b3rb_gz_resource:/home/apex/cognipilot/cranium/install/b3rb_gz_bringup:${AMENT_PREFIX_PATH} CMAKE_PREFIX_PATH=/home/apex/cognipilot/cranium/install/b3rb_gz_resource:/home/apex/cognipilot/cranium/install/b3rb_gz_bringup:/opt/ros/humble /usr/bin/cmake --install /home/apex/cognipilot/cranium/build/b3rb_simulator
