[0.085s] Invoking command in '/home/apex/cognipilot/cranium/build/cerebri_bringup': CMAKE_PREFIX_PATH=${CMAKE_PREFIX_PATH}:/opt/ros/humble /usr/bin/cmake --build /home/apex/cognipilot/cranium/build/cerebri_bringup -- -j4 -l4
[0.275s] Invoked command in '/home/apex/cognipilot/cranium/build/cerebri_bringup' returned '0': CMAKE_PREFIX_PATH=${CMAKE_PREFIX_PATH}:/opt/ros/humble /usr/bin/cmake --build /home/apex/cognipilot/cranium/build/cerebri_bringup -- -j4 -l4
[0.385s] Invoking command in '/home/apex/cognipilot/cranium/build/cerebri_bringup': CMAKE_PREFIX_PATH=${CMAKE_PREFIX_PATH}:/opt/ros/humble /usr/bin/cmake --install /home/apex/cognipilot/cranium/build/cerebri_bringup
[0.454s] -- Install configuration: ""
[0.515s] -- Execute custom install script
[0.517s] -- Up-to-date symlink: /home/apex/cognipilot/cranium/install/cerebri_bringup/share/cerebri_bringup/launch/cerebri.launch.py
[0.541s] -- Up-to-date symlink: /home/apex/cognipilot/cranium/install/cerebri_bringup/share/ament_index/resource_index/package_run_dependencies/cerebri_bringup
[0.563s] -- Up-to-date symlink: /home/apex/cognipilot/cranium/install/cerebri_bringup/share/ament_index/resource_index/parent_prefix_path/cerebri_bringup
[0.598s] -- Up-to-date symlink: /home/apex/cognipilot/cranium/install/cerebri_bringup/share/cerebri_bringup/environment/ament_prefix_path.sh
[0.598s] -- Up-to-date symlink: /home/apex/cognipilot/cranium/install/cerebri_bringup/share/cerebri_bringup/environment/ament_prefix_path.dsv
[0.604s] -- Up-to-date symlink: /home/apex/cognipilot/cranium/install/cerebri_bringup/share/cerebri_bringup/environment/path.sh
[0.605s] -- Up-to-date symlink: /home/apex/cognipilot/cranium/install/cerebri_bringup/share/cerebri_bringup/environment/path.dsv
[0.639s] -- Up-to-date symlink: /home/apex/cognipilot/cranium/install/cerebri_bringup/share/cerebri_bringup/local_setup.bash
[0.641s] -- Up-to-date symlink: /home/apex/cognipilot/cranium/install/cerebri_bringup/share/cerebri_bringup/local_setup.sh
[0.653s] -- Up-to-date symlink: /home/apex/cognipilot/cranium/install/cerebri_bringup/share/cerebri_bringup/local_setup.zsh
[0.654s] -- Up-to-date symlink: /home/apex/cognipilot/cranium/install/cerebri_bringup/share/cerebri_bringup/local_setup.dsv
[0.655s] -- Symlinking: /home/apex/cognipilot/cranium/install/cerebri_bringup/share/cerebri_bringup/package.dsv
[0.702s] -- Up-to-date symlink: /home/apex/cognipilot/cranium/install/cerebri_bringup/share/ament_index/resource_index/packages/cerebri_bringup
[0.744s] -- Up-to-date symlink: /home/apex/cognipilot/cranium/install/cerebri_bringup/share/cerebri_bringup/cmake/cerebri_bringupConfig.cmake
[0.788s] -- Up-to-date symlink: /home/apex/cognipilot/cranium/install/cerebri_bringup/share/cerebri_bringup/cmake/cerebri_bringupConfig-version.cmake
[0.823s] -- Up-to-date symlink: /home/apex/cognipilot/cranium/install/cerebri_bringup/share/cerebri_bringup/package.xml
[0.832s] Invoked command in '/home/apex/cognipilot/cranium/build/cerebri_bringup' returned '0': CMAKE_PREFIX_PATH=${CMAKE_PREFIX_PATH}:/opt/ros/humble /usr/bin/cmake --install /home/apex/cognipilot/cranium/build/cerebri_bringup
