[0.078s] Invoking command in '/home/apex/cognipilot/cranium/build/synapse_msgs': CMAKE_PREFIX_PATH=${CMAKE_PREFIX_PATH}:/opt/ros/humble /usr/bin/cmake --build /home/apex/cognipilot/cranium/build/synapse_msgs -- -j4 -l4
[0.267s] [ 10%] Built target synapse_msgs__rosidl_generator_c
[0.270s] [ 12%] Built target synapse_msgs__cpp
[0.315s] [ 12%] Built target ament_cmake_python_symlink_synapse_msgs
[0.373s] [ 23%] Built target synapse_msgs__rosidl_typesupport_fastrtps_c
[0.393s] [ 34%] Built target synapse_msgs__rosidl_typesupport_c
[0.409s] [ 44%] Built target synapse_msgs__rosidl_typesupport_introspection_c
[0.423s] [ 55%] Built target synapse_msgs__rosidl_typesupport_fastrtps_cpp
[0.471s] [ 65%] Built target synapse_msgs__rosidl_typesupport_introspection_cpp
[0.498s] [ 76%] Built target synapse_msgs__rosidl_typesupport_cpp
[0.613s] [ 76%] Built target synapse_msgs
[0.647s] [ 78%] Built target synapse_msgs__py
[0.747s] [ 87%] Built target synapse_msgs__rosidl_generator_py
[0.825s] [ 91%] Built target synapse_msgs__rosidl_typesupport_fastrtps_c__pyext
[0.838s] [ 95%] Built target synapse_msgs__rosidl_typesupport_c__pyext
[0.874s] [100%] Built target synapse_msgs__rosidl_typesupport_introspection_c__pyext
[1.448s] running egg_info
[1.451s] writing synapse_msgs.egg-info/PKG-INFO
[1.452s] writing dependency_links to synapse_msgs.egg-info/dependency_links.txt
[1.453s] writing top-level names to synapse_msgs.egg-info/top_level.txt
[1.462s] reading manifest file 'synapse_msgs.egg-info/SOURCES.txt'
[1.464s] writing manifest file 'synapse_msgs.egg-info/SOURCES.txt'
[1.591s] [100%] Built target ament_cmake_python_build_synapse_msgs_egg
[1.625s] Invoked command in '/home/apex/cognipilot/cranium/build/synapse_msgs' returned '0': CMAKE_PREFIX_PATH=${CMAKE_PREFIX_PATH}:/opt/ros/humble /usr/bin/cmake --build /home/apex/cognipilot/cranium/build/synapse_msgs -- -j4 -l4
[2.002s] Invoking command in '/home/apex/cognipilot/cranium/build/synapse_msgs': CMAKE_PREFIX_PATH=${CMAKE_PREFIX_PATH}:/opt/ros/humble /usr/bin/cmake --install /home/apex/cognipilot/cranium/build/synapse_msgs
[2.029s] -- Install configuration: ""
[2.031s] -- Execute custom install script
[2.031s] -- Up-to-date symlink: /home/apex/cognipilot/cranium/install/synapse_msgs/share/ament_index/resource_index/rosidl_interfaces/synapse_msgs
[2.032s] -- Up-to-date symlink: /home/apex/cognipilot/cranium/install/synapse_msgs/include/synapse_msgs/synapse_msgs/msg/bezier_curve.h
[2.033s] -- Up-to-date symlink: /home/apex/cognipilot/cranium/install/synapse_msgs/include/synapse_msgs/synapse_msgs/msg/bezier_trajectory.h
[2.033s] -- Up-to-date symlink: /home/apex/cognipilot/cranium/install/synapse_msgs/include/synapse_msgs/synapse_msgs/msg/detail/bezier_curve__functions.h
[2.034s] -- Up-to-date symlink: /home/apex/cognipilot/cranium/install/synapse_msgs/include/synapse_msgs/synapse_msgs/msg/detail/bezier_curve__struct.h
[2.035s] -- Up-to-date symlink: /home/apex/cognipilot/cranium/install/synapse_msgs/include/synapse_msgs/synapse_msgs/msg/detail/bezier_curve__type_support.h
[2.035s] -- Up-to-date symlink: /home/apex/cognipilot/cranium/install/synapse_msgs/include/synapse_msgs/synapse_msgs/msg/detail/bezier_trajectory__functions.h
[2.035s] -- Up-to-date symlink: /home/apex/cognipilot/cranium/install/synapse_msgs/include/synapse_msgs/synapse_msgs/msg/detail/bezier_trajectory__struct.h
[2.036s] -- Up-to-date symlink: /home/apex/cognipilot/cranium/install/synapse_msgs/include/synapse_msgs/synapse_msgs/msg/detail/bezier_trajectory__type_support.h
[2.037s] -- Up-to-date symlink: /home/apex/cognipilot/cranium/install/synapse_msgs/include/synapse_msgs/synapse_msgs/msg/detail/status__functions.h
[2.037s] -- Up-to-date symlink: /home/apex/cognipilot/cranium/install/synapse_msgs/include/synapse_msgs/synapse_msgs/msg/detail/status__struct.h
[2.038s] -- Up-to-date symlink: /home/apex/cognipilot/cranium/install/synapse_msgs/include/synapse_msgs/synapse_msgs/msg/detail/status__type_support.h
[2.040s] -- Up-to-date symlink: /home/apex/cognipilot/cranium/install/synapse_msgs/include/synapse_msgs/synapse_msgs/msg/rosidl_generator_c__visibility_control.h
[2.040s] -- Up-to-date symlink: /home/apex/cognipilot/cranium/install/synapse_msgs/include/synapse_msgs/synapse_msgs/msg/status.h
[2.040s] -- Up-to-date symlink: /home/apex/cognipilot/cranium/install/synapse_msgs/share/synapse_msgs/environment/library_path.sh
[2.041s] -- Up-to-date symlink: /home/apex/cognipilot/cranium/install/synapse_msgs/share/synapse_msgs/environment/library_path.dsv
[2.041s] -- Up-to-date symlink: /home/apex/cognipilot/cranium/install/synapse_msgs/include/synapse_msgs/synapse_msgs/msg/detail/bezier_curve__rosidl_typesupport_fastrtps_c.h
[2.042s] -- Up-to-date symlink: /home/apex/cognipilot/cranium/install/synapse_msgs/include/synapse_msgs/synapse_msgs/msg/detail/bezier_trajectory__rosidl_typesupport_fastrtps_c.h
[2.043s] -- Up-to-date symlink: /home/apex/cognipilot/cranium/install/synapse_msgs/include/synapse_msgs/synapse_msgs/msg/detail/status__rosidl_typesupport_fastrtps_c.h
[2.043s] -- Up-to-date symlink: /home/apex/cognipilot/cranium/install/synapse_msgs/include/synapse_msgs/synapse_msgs/msg/rosidl_typesupport_fastrtps_c__visibility_control.h
[2.046s] -- Up-to-date symlink: /home/apex/cognipilot/cranium/install/synapse_msgs/include/synapse_msgs/synapse_msgs/msg/detail/bezier_curve__rosidl_typesupport_introspection_c.h
[2.046s] -- Up-to-date symlink: /home/apex/cognipilot/cranium/install/synapse_msgs/include/synapse_msgs/synapse_msgs/msg/detail/bezier_trajectory__rosidl_typesupport_introspection_c.h
[2.046s] -- Up-to-date symlink: /home/apex/cognipilot/cranium/install/synapse_msgs/include/synapse_msgs/synapse_msgs/msg/detail/status__rosidl_typesupport_introspection_c.h
[2.046s] -- Up-to-date symlink: /home/apex/cognipilot/cranium/install/synapse_msgs/include/synapse_msgs/synapse_msgs/msg/rosidl_typesupport_introspection_c__visibility_control.h
[2.047s] -- Up-to-date symlink: /home/apex/cognipilot/cranium/install/synapse_msgs/include/synapse_msgs/synapse_msgs/msg/bezier_curve.hpp
[2.048s] -- Up-to-date symlink: /home/apex/cognipilot/cranium/install/synapse_msgs/include/synapse_msgs/synapse_msgs/msg/bezier_trajectory.hpp
[2.049s] -- Up-to-date symlink: /home/apex/cognipilot/cranium/install/synapse_msgs/include/synapse_msgs/synapse_msgs/msg/detail/bezier_curve__builder.hpp
[2.050s] -- Up-to-date symlink: /home/apex/cognipilot/cranium/install/synapse_msgs/include/synapse_msgs/synapse_msgs/msg/detail/bezier_curve__struct.hpp
[2.052s] -- Up-to-date symlink: /home/apex/cognipilot/cranium/install/synapse_msgs/include/synapse_msgs/synapse_msgs/msg/detail/bezier_curve__traits.hpp
[2.053s] -- Up-to-date symlink: /home/apex/cognipilot/cranium/install/synapse_msgs/include/synapse_msgs/synapse_msgs/msg/detail/bezier_trajectory__builder.hpp
[2.053s] -- Up-to-date symlink: /home/apex/cognipilot/cranium/install/synapse_msgs/include/synapse_msgs/synapse_msgs/msg/detail/bezier_trajectory__struct.hpp
[2.053s] -- Up-to-date symlink: /home/apex/cognipilot/cranium/install/synapse_msgs/include/synapse_msgs/synapse_msgs/msg/detail/bezier_trajectory__traits.hpp
[2.053s] -- Up-to-date symlink: /home/apex/cognipilot/cranium/install/synapse_msgs/include/synapse_msgs/synapse_msgs/msg/detail/status__builder.hpp
[2.054s] -- Up-to-date symlink: /home/apex/cognipilot/cranium/install/synapse_msgs/include/synapse_msgs/synapse_msgs/msg/detail/status__struct.hpp
[2.054s] -- Up-to-date symlink: /home/apex/cognipilot/cranium/install/synapse_msgs/include/synapse_msgs/synapse_msgs/msg/detail/status__traits.hpp
[2.056s] -- Up-to-date symlink: /home/apex/cognipilot/cranium/install/synapse_msgs/include/synapse_msgs/synapse_msgs/msg/status.hpp
[2.057s] -- Up-to-date symlink: /home/apex/cognipilot/cranium/install/synapse_msgs/include/synapse_msgs/synapse_msgs/msg/detail/bezier_curve__rosidl_typesupport_fastrtps_cpp.hpp
[2.058s] -- Up-to-date symlink: /home/apex/cognipilot/cranium/install/synapse_msgs/include/synapse_msgs/synapse_msgs/msg/detail/bezier_trajectory__rosidl_typesupport_fastrtps_cpp.hpp
[2.059s] -- Up-to-date symlink: /home/apex/cognipilot/cranium/install/synapse_msgs/include/synapse_msgs/synapse_msgs/msg/detail/status__rosidl_typesupport_fastrtps_cpp.hpp
[2.061s] -- Up-to-date symlink: /home/apex/cognipilot/cranium/install/synapse_msgs/include/synapse_msgs/synapse_msgs/msg/rosidl_typesupport_fastrtps_cpp__visibility_control.h
[2.061s] -- Up-to-date symlink: /home/apex/cognipilot/cranium/install/synapse_msgs/include/synapse_msgs/synapse_msgs/msg/detail/bezier_curve__rosidl_typesupport_introspection_cpp.hpp
[2.061s] -- Up-to-date symlink: /home/apex/cognipilot/cranium/install/synapse_msgs/include/synapse_msgs/synapse_msgs/msg/detail/bezier_trajectory__rosidl_typesupport_introspection_cpp.hpp
[2.061s] -- Up-to-date symlink: /home/apex/cognipilot/cranium/install/synapse_msgs/include/synapse_msgs/synapse_msgs/msg/detail/status__rosidl_typesupport_introspection_cpp.hpp
[2.062s] -- Up-to-date symlink: /home/apex/cognipilot/cranium/install/synapse_msgs/share/synapse_msgs/environment/pythonpath.sh
[2.062s] -- Up-to-date symlink: /home/apex/cognipilot/cranium/install/synapse_msgs/share/synapse_msgs/environment/pythonpath.dsv
[2.069s] -- Up-to-date symlink: /home/apex/cognipilot/cranium/install/synapse_msgs/local/lib/python3.10/dist-packages/synapse_msgs-0.0.1-py3.10.egg-info/PKG-INFO
[2.070s] -- Up-to-date symlink: /home/apex/cognipilot/cranium/install/synapse_msgs/local/lib/python3.10/dist-packages/synapse_msgs-0.0.1-py3.10.egg-info/SOURCES.txt
[2.070s] -- Up-to-date symlink: /home/apex/cognipilot/cranium/install/synapse_msgs/local/lib/python3.10/dist-packages/synapse_msgs-0.0.1-py3.10.egg-info/dependency_links.txt
[2.080s] -- Up-to-date symlink: /home/apex/cognipilot/cranium/install/synapse_msgs/local/lib/python3.10/dist-packages/synapse_msgs-0.0.1-py3.10.egg-info/top_level.txt
[2.081s] -- Up-to-date symlink: /home/apex/cognipilot/cranium/install/synapse_msgs/local/lib/python3.10/dist-packages/synapse_msgs/__init__.py
[2.082s] -- Up-to-date symlink: /home/apex/cognipilot/cranium/install/synapse_msgs/local/lib/python3.10/dist-packages/synapse_msgs/_synapse_msgs_s.ep.rosidl_typesupport_c.c
[2.082s] -- Up-to-date symlink: /home/apex/cognipilot/cranium/install/synapse_msgs/local/lib/python3.10/dist-packages/synapse_msgs/_synapse_msgs_s.ep.rosidl_typesupport_fastrtps_c.c
[2.083s] -- Up-to-date symlink: /home/apex/cognipilot/cranium/install/synapse_msgs/local/lib/python3.10/dist-packages/synapse_msgs/_synapse_msgs_s.ep.rosidl_typesupport_introspection_c.c
[2.083s] -- Up-to-date symlink: /home/apex/cognipilot/cranium/install/synapse_msgs/local/lib/python3.10/dist-packages/synapse_msgs/libsynapse_msgs__rosidl_generator_py.so
[2.083s] -- Up-to-date symlink: /home/apex/cognipilot/cranium/install/synapse_msgs/local/lib/python3.10/dist-packages/synapse_msgs/msg/__init__.py
[2.084s] -- Up-to-date symlink: /home/apex/cognipilot/cranium/install/synapse_msgs/local/lib/python3.10/dist-packages/synapse_msgs/msg/_bezier_curve.py
[2.084s] -- Up-to-date symlink: /home/apex/cognipilot/cranium/install/synapse_msgs/local/lib/python3.10/dist-packages/synapse_msgs/msg/_bezier_curve_s.c
[2.084s] -- Up-to-date symlink: /home/apex/cognipilot/cranium/install/synapse_msgs/local/lib/python3.10/dist-packages/synapse_msgs/msg/_bezier_trajectory.py
[2.085s] -- Up-to-date symlink: /home/apex/cognipilot/cranium/install/synapse_msgs/local/lib/python3.10/dist-packages/synapse_msgs/msg/_bezier_trajectory_s.c
[2.085s] -- Up-to-date symlink: /home/apex/cognipilot/cranium/install/synapse_msgs/local/lib/python3.10/dist-packages/synapse_msgs/msg/_status.py
[2.086s] -- Up-to-date symlink: /home/apex/cognipilot/cranium/install/synapse_msgs/local/lib/python3.10/dist-packages/synapse_msgs/msg/_status_s.c
[2.086s] -- Up-to-date symlink: /home/apex/cognipilot/cranium/install/synapse_msgs/local/lib/python3.10/dist-packages/synapse_msgs/synapse_msgs_s__rosidl_typesupport_c.cpython-310-x86_64-linux-gnu.so
[2.086s] -- Up-to-date symlink: /home/apex/cognipilot/cranium/install/synapse_msgs/local/lib/python3.10/dist-packages/synapse_msgs/synapse_msgs_s__rosidl_typesupport_fastrtps_c.cpython-310-x86_64-linux-gnu.so
[2.086s] -- Up-to-date symlink: /home/apex/cognipilot/cranium/install/synapse_msgs/local/lib/python3.10/dist-packages/synapse_msgs/synapse_msgs_s__rosidl_typesupport_introspection_c.cpython-310-x86_64-linux-gnu.so
[2.087s] -- Up-to-date symlink: /home/apex/cognipilot/cranium/install/synapse_msgs/local/lib/python3.10/dist-packages/synapse_msgs/synapse_msgs_s__rosidl_typesupport_fastrtps_c.cpython-310-x86_64-linux-gnu.so
[2.087s] -- Up-to-date symlink: /home/apex/cognipilot/cranium/install/synapse_msgs/local/lib/python3.10/dist-packages/synapse_msgs/synapse_msgs_s__rosidl_typesupport_introspection_c.cpython-310-x86_64-linux-gnu.so
[2.087s] -- Up-to-date symlink: /home/apex/cognipilot/cranium/install/synapse_msgs/local/lib/python3.10/dist-packages/synapse_msgs/synapse_msgs_s__rosidl_typesupport_c.cpython-310-x86_64-linux-gnu.so
[2.087s] -- Up-to-date symlink: /home/apex/cognipilot/cranium/install/synapse_msgs/share/synapse_msgs/msg/BezierCurve.idl
[2.088s] -- Up-to-date symlink: /home/apex/cognipilot/cranium/install/synapse_msgs/share/synapse_msgs/msg/BezierTrajectory.idl
[2.088s] -- Up-to-date symlink: /home/apex/cognipilot/cranium/install/synapse_msgs/share/synapse_msgs/msg/Status.idl
[2.088s] -- Up-to-date symlink: /home/apex/cognipilot/cranium/install/synapse_msgs/share/synapse_msgs/msg/BezierCurve.msg
[2.089s] -- Up-to-date symlink: /home/apex/cognipilot/cranium/install/synapse_msgs/share/synapse_msgs/msg/BezierTrajectory.msg
[2.089s] -- Up-to-date symlink: /home/apex/cognipilot/cranium/install/synapse_msgs/share/synapse_msgs/msg/Status.msg
[2.090s] -- Up-to-date symlink: /home/apex/cognipilot/cranium/install/synapse_msgs/share/ament_index/resource_index/package_run_dependencies/synapse_msgs
[2.090s] -- Up-to-date symlink: /home/apex/cognipilot/cranium/install/synapse_msgs/share/ament_index/resource_index/parent_prefix_path/synapse_msgs
[2.091s] -- Up-to-date symlink: /home/apex/cognipilot/cranium/install/synapse_msgs/share/synapse_msgs/environment/ament_prefix_path.sh
[2.091s] -- Up-to-date symlink: /home/apex/cognipilot/cranium/install/synapse_msgs/share/synapse_msgs/environment/ament_prefix_path.dsv
[2.091s] -- Up-to-date symlink: /home/apex/cognipilot/cranium/install/synapse_msgs/share/synapse_msgs/environment/path.sh
[2.091s] -- Up-to-date symlink: /home/apex/cognipilot/cranium/install/synapse_msgs/share/synapse_msgs/environment/path.dsv
[2.091s] -- Up-to-date symlink: /home/apex/cognipilot/cranium/install/synapse_msgs/share/synapse_msgs/local_setup.bash
[2.092s] -- Up-to-date symlink: /home/apex/cognipilot/cranium/install/synapse_msgs/share/synapse_msgs/local_setup.sh
[2.092s] -- Up-to-date symlink: /home/apex/cognipilot/cranium/install/synapse_msgs/share/synapse_msgs/local_setup.zsh
[2.092s] -- Up-to-date symlink: /home/apex/cognipilot/cranium/install/synapse_msgs/share/synapse_msgs/local_setup.dsv
[2.092s] -- Symlinking: /home/apex/cognipilot/cranium/install/synapse_msgs/share/synapse_msgs/package.dsv
[2.113s] -- Up-to-date symlink: /home/apex/cognipilot/cranium/install/synapse_msgs/share/ament_index/resource_index/packages/synapse_msgs
[2.113s] -- Up-to-date symlink: /home/apex/cognipilot/cranium/install/synapse_msgs/share/synapse_msgs/cmake/rosidl_cmake-extras.cmake
[2.114s] -- Up-to-date symlink: /home/apex/cognipilot/cranium/install/synapse_msgs/share/synapse_msgs/cmake/ament_cmake_export_dependencies-extras.cmake
[2.114s] -- Up-to-date symlink: /home/apex/cognipilot/cranium/install/synapse_msgs/share/synapse_msgs/cmake/ament_cmake_export_include_directories-extras.cmake
[2.115s] -- Up-to-date symlink: /home/apex/cognipilot/cranium/install/synapse_msgs/share/synapse_msgs/cmake/ament_cmake_export_libraries-extras.cmake
[2.115s] -- Up-to-date symlink: /home/apex/cognipilot/cranium/install/synapse_msgs/share/synapse_msgs/cmake/ament_cmake_export_targets-extras.cmake
[2.115s] -- Up-to-date symlink: /home/apex/cognipilot/cranium/install/synapse_msgs/share/synapse_msgs/cmake/rosidl_cmake_export_typesupport_targets-extras.cmake
[2.116s] -- Up-to-date symlink: /home/apex/cognipilot/cranium/install/synapse_msgs/share/synapse_msgs/cmake/rosidl_cmake_export_typesupport_libraries-extras.cmake
[2.122s] -- Up-to-date symlink: /home/apex/cognipilot/cranium/install/synapse_msgs/share/synapse_msgs/cmake/synapse_msgsConfig.cmake
[2.123s] -- Up-to-date symlink: /home/apex/cognipilot/cranium/install/synapse_msgs/share/synapse_msgs/cmake/synapse_msgsConfig-version.cmake
[2.123s] -- Up-to-date symlink: /home/apex/cognipilot/cranium/install/synapse_msgs/share/synapse_msgs/package.xml
[2.123s] -- Up-to-date: /home/apex/cognipilot/cranium/install/synapse_msgs/lib/libsynapse_msgs__rosidl_generator_c.so
[2.123s] -- Up-to-date: /home/apex/cognipilot/cranium/install/synapse_msgs/lib/libsynapse_msgs__rosidl_typesupport_fastrtps_c.so
[2.123s] -- Up-to-date: /home/apex/cognipilot/cranium/install/synapse_msgs/lib/libsynapse_msgs__rosidl_typesupport_introspection_c.so
[2.125s] -- Up-to-date: /home/apex/cognipilot/cranium/install/synapse_msgs/lib/libsynapse_msgs__rosidl_typesupport_c.so
[2.126s] -- Up-to-date: /home/apex/cognipilot/cranium/install/synapse_msgs/lib/libsynapse_msgs__rosidl_typesupport_fastrtps_cpp.so
[2.126s] -- Up-to-date: /home/apex/cognipilot/cranium/install/synapse_msgs/lib/libsynapse_msgs__rosidl_typesupport_introspection_cpp.so
[2.126s] -- Up-to-date: /home/apex/cognipilot/cranium/install/synapse_msgs/lib/libsynapse_msgs__rosidl_typesupport_cpp.so
[2.255s] Listing '/home/apex/cognipilot/cranium/install/synapse_msgs/local/lib/python3.10/dist-packages/synapse_msgs'...
[2.255s] Listing '/home/apex/cognipilot/cranium/install/synapse_msgs/local/lib/python3.10/dist-packages/synapse_msgs/msg'...
[2.284s] -- Up-to-date: /home/apex/cognipilot/cranium/install/synapse_msgs/lib/libsynapse_msgs__rosidl_generator_py.so
[2.285s] -- Up-to-date: /home/apex/cognipilot/cranium/install/synapse_msgs/share/synapse_msgs/cmake/export_synapse_msgs__rosidl_generator_cExport.cmake
[2.286s] -- Up-to-date: /home/apex/cognipilot/cranium/install/synapse_msgs/share/synapse_msgs/cmake/export_synapse_msgs__rosidl_generator_cExport-noconfig.cmake
[2.288s] -- Up-to-date: /home/apex/cognipilot/cranium/install/synapse_msgs/share/synapse_msgs/cmake/export_synapse_msgs__rosidl_typesupport_fastrtps_cExport.cmake
[2.290s] -- Up-to-date: /home/apex/cognipilot/cranium/install/synapse_msgs/share/synapse_msgs/cmake/export_synapse_msgs__rosidl_typesupport_fastrtps_cExport-noconfig.cmake
[2.295s] -- Up-to-date: /home/apex/cognipilot/cranium/install/synapse_msgs/share/synapse_msgs/cmake/synapse_msgs__rosidl_typesupport_introspection_cExport.cmake
[2.296s] -- Up-to-date: /home/apex/cognipilot/cranium/install/synapse_msgs/share/synapse_msgs/cmake/synapse_msgs__rosidl_typesupport_introspection_cExport-noconfig.cmake
[2.296s] -- Up-to-date: /home/apex/cognipilot/cranium/install/synapse_msgs/share/synapse_msgs/cmake/synapse_msgs__rosidl_typesupport_cExport.cmake
[2.298s] -- Up-to-date: /home/apex/cognipilot/cranium/install/synapse_msgs/share/synapse_msgs/cmake/synapse_msgs__rosidl_typesupport_cExport-noconfig.cmake
[2.307s] -- Up-to-date: /home/apex/cognipilot/cranium/install/synapse_msgs/share/synapse_msgs/cmake/export_synapse_msgs__rosidl_generator_cppExport.cmake
[2.308s] -- Up-to-date: /home/apex/cognipilot/cranium/install/synapse_msgs/share/synapse_msgs/cmake/export_synapse_msgs__rosidl_typesupport_fastrtps_cppExport.cmake
[2.309s] -- Up-to-date: /home/apex/cognipilot/cranium/install/synapse_msgs/share/synapse_msgs/cmake/export_synapse_msgs__rosidl_typesupport_fastrtps_cppExport-noconfig.cmake
[2.310s] -- Up-to-date: /home/apex/cognipilot/cranium/install/synapse_msgs/share/synapse_msgs/cmake/synapse_msgs__rosidl_typesupport_introspection_cppExport.cmake
[2.311s] -- Up-to-date: /home/apex/cognipilot/cranium/install/synapse_msgs/share/synapse_msgs/cmake/synapse_msgs__rosidl_typesupport_introspection_cppExport-noconfig.cmake
[2.312s] -- Up-to-date: /home/apex/cognipilot/cranium/install/synapse_msgs/share/synapse_msgs/cmake/synapse_msgs__rosidl_typesupport_cppExport.cmake
[2.312s] -- Up-to-date: /home/apex/cognipilot/cranium/install/synapse_msgs/share/synapse_msgs/cmake/synapse_msgs__rosidl_typesupport_cppExport-noconfig.cmake
[2.312s] -- Up-to-date: /home/apex/cognipilot/cranium/install/synapse_msgs/share/synapse_msgs/cmake/export_synapse_msgs__rosidl_generator_pyExport.cmake
[2.313s] -- Up-to-date: /home/apex/cognipilot/cranium/install/synapse_msgs/share/synapse_msgs/cmake/export_synapse_msgs__rosidl_generator_pyExport-noconfig.cmake
[2.336s] Invoked command in '/home/apex/cognipilot/cranium/build/synapse_msgs' returned '0': CMAKE_PREFIX_PATH=${CMAKE_PREFIX_PATH}:/opt/ros/humble /usr/bin/cmake --install /home/apex/cognipilot/cranium/build/synapse_msgs
