[0.058s] Invoking command in '/home/apex/cognipilot/cranium/build/b3rb_rviz': CMAKE_PREFIX_PATH=${CMAKE_PREFIX_PATH}:/opt/ros/humble /usr/bin/cmake --build /home/apex/cognipilot/cranium/build/b3rb_rviz -- -j4 -l4
[0.296s] Invoked command in '/home/apex/cognipilot/cranium/build/b3rb_rviz' returned '0': CMAKE_PREFIX_PATH=${CMAKE_PREFIX_PATH}:/opt/ros/humble /usr/bin/cmake --build /home/apex/cognipilot/cranium/build/b3rb_rviz -- -j4 -l4
[0.362s] Invoking command in '/home/apex/cognipilot/cranium/build/b3rb_rviz': CMAKE_PREFIX_PATH=${CMAKE_PREFIX_PATH}:/opt/ros/humble /usr/bin/cmake --install /home/apex/cognipilot/cranium/build/b3rb_rviz
[0.406s] -- Install configuration: ""
[0.440s] -- Execute custom install script
[0.481s] -- Up-to-date symlink: /home/apex/cognipilot/cranium/install/b3rb_rviz/share/b3rb_rviz/rviz/nav2/robot.rviz
[0.506s] -- Up-to-date symlink: /home/apex/cognipilot/cranium/install/b3rb_rviz/share/b3rb_rviz/launch/view_robot.launch.py
[0.525s] -- Up-to-date symlink: /home/apex/cognipilot/cranium/install/b3rb_rviz/share/ament_index/resource_index/package_run_dependencies/b3rb_rviz
[0.566s] -- Up-to-date symlink: /home/apex/cognipilot/cranium/install/b3rb_rviz/share/ament_index/resource_index/parent_prefix_path/b3rb_rviz
[0.592s] -- Up-to-date symlink: /home/apex/cognipilot/cranium/install/b3rb_rviz/share/b3rb_rviz/environment/ament_prefix_path.sh
[0.592s] -- Up-to-date symlink: /home/apex/cognipilot/cranium/install/b3rb_rviz/share/b3rb_rviz/environment/ament_prefix_path.dsv
[0.619s] -- Up-to-date symlink: /home/apex/cognipilot/cranium/install/b3rb_rviz/share/b3rb_rviz/environment/path.sh
[0.620s] -- Up-to-date symlink: /home/apex/cognipilot/cranium/install/b3rb_rviz/share/b3rb_rviz/environment/path.dsv
[0.641s] -- Up-to-date symlink: /home/apex/cognipilot/cranium/install/b3rb_rviz/share/b3rb_rviz/local_setup.bash
[0.666s] -- Up-to-date symlink: /home/apex/cognipilot/cranium/install/b3rb_rviz/share/b3rb_rviz/local_setup.sh
[0.686s] -- Up-to-date symlink: /home/apex/cognipilot/cranium/install/b3rb_rviz/share/b3rb_rviz/local_setup.zsh
[0.687s] -- Up-to-date symlink: /home/apex/cognipilot/cranium/install/b3rb_rviz/share/b3rb_rviz/local_setup.dsv
[0.687s] -- Symlinking: /home/apex/cognipilot/cranium/install/b3rb_rviz/share/b3rb_rviz/package.dsv
[0.713s] -- Up-to-date symlink: /home/apex/cognipilot/cranium/install/b3rb_rviz/share/ament_index/resource_index/packages/b3rb_rviz
[0.715s] -- Up-to-date symlink: /home/apex/cognipilot/cranium/install/b3rb_rviz/share/b3rb_rviz/cmake/b3rb_rvizConfig.cmake
[0.715s] -- Up-to-date symlink: /home/apex/cognipilot/cranium/install/b3rb_rviz/share/b3rb_rviz/cmake/b3rb_rvizConfig-version.cmake
[0.716s] -- Up-to-date symlink: /home/apex/cognipilot/cranium/install/b3rb_rviz/share/b3rb_rviz/package.xml
[0.727s] Invoked command in '/home/apex/cognipilot/cranium/build/b3rb_rviz' returned '0': CMAKE_PREFIX_PATH=${CMAKE_PREFIX_PATH}:/opt/ros/humble /usr/bin/cmake --install /home/apex/cognipilot/cranium/build/b3rb_rviz
