[0.062s] Invoking command in '/home/apex/cognipilot/cranium/build/synapse_tinyframe': CMAKE_PREFIX_PATH=${CMAKE_PREFIX_PATH}:/opt/ros/humble /usr/bin/cmake --build /home/apex/cognipilot/cranium/build/synapse_tinyframe -- -j4 -l4
[0.241s] [100%] Built target synapse_tinyframe
[0.286s] Invoked command in '/home/apex/cognipilot/cranium/build/synapse_tinyframe' returned '0': CMAKE_PREFIX_PATH=${CMAKE_PREFIX_PATH}:/opt/ros/humble /usr/bin/cmake --build /home/apex/cognipilot/cranium/build/synapse_tinyframe -- -j4 -l4
[0.566s] Invoking command in '/home/apex/cognipilot/cranium/build/synapse_tinyframe': CMAKE_PREFIX_PATH=${CMAKE_PREFIX_PATH}:/opt/ros/humble /usr/bin/cmake --install /home/apex/cognipilot/cranium/build/synapse_tinyframe
[0.598s] -- Install configuration: ""
[0.602s] -- Execute custom install script
[0.603s] -- Up-to-date symlink: /home/apex/cognipilot/cranium/install/synapse_tinyframe/share/synapse_tinyframe/environment/library_path.sh
[0.604s] -- Up-to-date symlink: /home/apex/cognipilot/cranium/install/synapse_tinyframe/share/synapse_tinyframe/environment/library_path.dsv
[0.605s] -- Up-to-date symlink: /home/apex/cognipilot/cranium/install/synapse_tinyframe/include/synapse_tinyframe/SynapseTopics.h
[0.605s] -- Up-to-date symlink: /home/apex/cognipilot/cranium/install/synapse_tinyframe/include/synapse_tinyframe/TF_Config.h
[0.606s] -- Up-to-date symlink: /home/apex/cognipilot/cranium/install/synapse_tinyframe/include/synapse_tinyframe/TinyFrame.h
[0.606s] -- Up-to-date symlink: /home/apex/cognipilot/cranium/install/synapse_tinyframe/include/synapse_tinyframe/utils.h
[0.607s] -- Up-to-date symlink: /home/apex/cognipilot/cranium/install/synapse_tinyframe/share/ament_index/resource_index/package_run_dependencies/synapse_tinyframe
[0.607s] -- Up-to-date symlink: /home/apex/cognipilot/cranium/install/synapse_tinyframe/share/ament_index/resource_index/parent_prefix_path/synapse_tinyframe
[0.608s] -- Up-to-date symlink: /home/apex/cognipilot/cranium/install/synapse_tinyframe/share/synapse_tinyframe/environment/ament_prefix_path.sh
[0.609s] -- Up-to-date symlink: /home/apex/cognipilot/cranium/install/synapse_tinyframe/share/synapse_tinyframe/environment/ament_prefix_path.dsv
[0.610s] -- Up-to-date symlink: /home/apex/cognipilot/cranium/install/synapse_tinyframe/share/synapse_tinyframe/environment/path.sh
[0.611s] -- Up-to-date symlink: /home/apex/cognipilot/cranium/install/synapse_tinyframe/share/synapse_tinyframe/environment/path.dsv
[0.611s] -- Up-to-date symlink: /home/apex/cognipilot/cranium/install/synapse_tinyframe/share/synapse_tinyframe/local_setup.bash
[0.612s] -- Up-to-date symlink: /home/apex/cognipilot/cranium/install/synapse_tinyframe/share/synapse_tinyframe/local_setup.sh
[0.613s] -- Up-to-date symlink: /home/apex/cognipilot/cranium/install/synapse_tinyframe/share/synapse_tinyframe/local_setup.zsh
[0.614s] -- Up-to-date symlink: /home/apex/cognipilot/cranium/install/synapse_tinyframe/share/synapse_tinyframe/local_setup.dsv
[0.614s] -- Symlinking: /home/apex/cognipilot/cranium/install/synapse_tinyframe/share/synapse_tinyframe/package.dsv
[0.648s] -- Up-to-date symlink: /home/apex/cognipilot/cranium/install/synapse_tinyframe/share/ament_index/resource_index/packages/synapse_tinyframe
[0.650s] -- Up-to-date symlink: /home/apex/cognipilot/cranium/install/synapse_tinyframe/share/synapse_tinyframe/cmake/ament_cmake_export_targets-extras.cmake
[0.651s] -- Up-to-date symlink: /home/apex/cognipilot/cranium/install/synapse_tinyframe/share/synapse_tinyframe/cmake/synapse_tinyframeConfig.cmake
[0.653s] -- Up-to-date symlink: /home/apex/cognipilot/cranium/install/synapse_tinyframe/share/synapse_tinyframe/cmake/synapse_tinyframeConfig-version.cmake
[0.655s] -- Up-to-date symlink: /home/apex/cognipilot/cranium/install/synapse_tinyframe/share/synapse_tinyframe/package.xml
[0.656s] -- Up-to-date: /home/apex/cognipilot/cranium/install/synapse_tinyframe/lib/libsynapse_tinyframe.a
[0.657s] -- Up-to-date: /home/apex/cognipilot/cranium/install/synapse_tinyframe/share/synapse_tinyframe/cmake/synapse_tinyframeExport.cmake
[0.659s] -- Up-to-date: /home/apex/cognipilot/cranium/install/synapse_tinyframe/share/synapse_tinyframe/cmake/synapse_tinyframeExport-noconfig.cmake
[0.673s] Invoked command in '/home/apex/cognipilot/cranium/build/synapse_tinyframe' returned '0': CMAKE_PREFIX_PATH=${CMAKE_PREFIX_PATH}:/opt/ros/humble /usr/bin/cmake --install /home/apex/cognipilot/cranium/build/synapse_tinyframe
