[0.114s] Invoking command in '/home/apex/cognipilot/cranium/build/b3rb_gz_resource': CMAKE_PREFIX_PATH=${CMAKE_PREFIX_PATH}:/opt/ros/humble /usr/bin/cmake --build /home/apex/cognipilot/cranium/build/b3rb_gz_resource -- -j4 -l4
[0.262s] Invoked command in '/home/apex/cognipilot/cranium/build/b3rb_gz_resource' returned '0': CMAKE_PREFIX_PATH=${CMAKE_PREFIX_PATH}:/opt/ros/humble /usr/bin/cmake --build /home/apex/cognipilot/cranium/build/b3rb_gz_resource -- -j4 -l4
[0.332s] Invoking command in '/home/apex/cognipilot/cranium/build/b3rb_gz_resource': CMAKE_PREFIX_PATH=${CMAKE_PREFIX_PATH}:/opt/ros/humble /usr/bin/cmake --install /home/apex/cognipilot/cranium/build/b3rb_gz_resource
[0.364s] -- Install configuration: ""
[0.365s] -- Execute custom install script
[0.367s] -- Up-to-date symlink: /home/apex/cognipilot/cranium/install/b3rb_gz_resource/share/b3rb_gz_resource/models/b3rb/materials/textures/CogniPilot.png
[0.368s] -- Up-to-date symlink: /home/apex/cognipilot/cranium/install/b3rb_gz_resource/share/b3rb_gz_resource/models/b3rb/materials/textures/NXP.png
[0.368s] -- Up-to-date symlink: /home/apex/cognipilot/cranium/install/b3rb_gz_resource/share/b3rb_gz_resource/models/b3rb/meshes/STL27L.dae
[0.369s] -- Up-to-date symlink: /home/apex/cognipilot/cranium/install/b3rb_gz_resource/share/b3rb_gz_resource/models/b3rb/meshes/b3rb.dae
[0.370s] -- Up-to-date symlink: /home/apex/cognipilot/cranium/install/b3rb_gz_resource/share/b3rb_gz_resource/models/b3rb/meshes/wheel.dae
[0.370s] -- Up-to-date symlink: /home/apex/cognipilot/cranium/install/b3rb_gz_resource/share/b3rb_gz_resource/models/b3rb/model.config
[0.371s] -- Up-to-date symlink: /home/apex/cognipilot/cranium/install/b3rb_gz_resource/share/b3rb_gz_resource/models/b3rb/model.sdf
[0.372s] -- Up-to-date symlink: /home/apex/cognipilot/cranium/install/b3rb_gz_resource/share/b3rb_gz_resource/environment/b3rb_gz_resource.dsv
[0.373s] -- Up-to-date symlink: /home/apex/cognipilot/cranium/install/b3rb_gz_resource/share/ament_index/resource_index/package_run_dependencies/b3rb_gz_resource
[0.373s] -- Up-to-date symlink: /home/apex/cognipilot/cranium/install/b3rb_gz_resource/share/ament_index/resource_index/parent_prefix_path/b3rb_gz_resource
[0.374s] -- Up-to-date symlink: /home/apex/cognipilot/cranium/install/b3rb_gz_resource/share/b3rb_gz_resource/environment/ament_prefix_path.sh
[0.374s] -- Up-to-date symlink: /home/apex/cognipilot/cranium/install/b3rb_gz_resource/share/b3rb_gz_resource/environment/ament_prefix_path.dsv
[0.375s] -- Up-to-date symlink: /home/apex/cognipilot/cranium/install/b3rb_gz_resource/share/b3rb_gz_resource/environment/path.sh
[0.376s] -- Up-to-date symlink: /home/apex/cognipilot/cranium/install/b3rb_gz_resource/share/b3rb_gz_resource/environment/path.dsv
[0.376s] -- Up-to-date symlink: /home/apex/cognipilot/cranium/install/b3rb_gz_resource/share/b3rb_gz_resource/local_setup.bash
[0.377s] -- Up-to-date symlink: /home/apex/cognipilot/cranium/install/b3rb_gz_resource/share/b3rb_gz_resource/local_setup.sh
[0.383s] -- Up-to-date symlink: /home/apex/cognipilot/cranium/install/b3rb_gz_resource/share/b3rb_gz_resource/local_setup.zsh
[0.384s] -- Up-to-date symlink: /home/apex/cognipilot/cranium/install/b3rb_gz_resource/share/b3rb_gz_resource/local_setup.dsv
[0.384s] -- Symlinking: /home/apex/cognipilot/cranium/install/b3rb_gz_resource/share/b3rb_gz_resource/package.dsv
[0.411s] -- Up-to-date symlink: /home/apex/cognipilot/cranium/install/b3rb_gz_resource/share/ament_index/resource_index/packages/b3rb_gz_resource
[0.412s] -- Up-to-date symlink: /home/apex/cognipilot/cranium/install/b3rb_gz_resource/share/b3rb_gz_resource/cmake/b3rb_gz_resourceConfig.cmake
[0.413s] -- Up-to-date symlink: /home/apex/cognipilot/cranium/install/b3rb_gz_resource/share/b3rb_gz_resource/cmake/b3rb_gz_resourceConfig-version.cmake
[0.413s] -- Up-to-date symlink: /home/apex/cognipilot/cranium/install/b3rb_gz_resource/share/b3rb_gz_resource/package.xml
[0.421s] Invoked command in '/home/apex/cognipilot/cranium/build/b3rb_gz_resource' returned '0': CMAKE_PREFIX_PATH=${CMAKE_PREFIX_PATH}:/opt/ros/humble /usr/bin/cmake --install /home/apex/cognipilot/cranium/build/b3rb_gz_resource
