[0.052s] Invoking command in '/home/apex/cognipilot/cranium/build/synapse_tinyframe': CMAKE_PREFIX_PATH=/opt/ros/humble /usr/bin/cmake /home/apex/cognipilot/cranium/src/synapse_tinyframe -DAMENT_CMAKE_SYMLINK_INSTALL=1 -DCMAKE_INSTALL_PREFIX=/home/apex/cognipilot/cranium/install/synapse_tinyframe
[1.016s] -- The C compiler identification is GNU 11.4.0
[1.605s] -- The CXX compiler identification is GNU 11.4.0
[1.739s] -- Detecting C compiler ABI info
[2.197s] -- Detecting C compiler ABI info - done
[2.223s] -- Check for working C compiler: /usr/bin/cc - skipped
[2.224s] -- Detecting C compile features
[2.250s] -- Detecting C compile features - done
[2.275s] -- Detecting CXX compiler ABI info
[2.707s] -- Detecting CXX compiler ABI info - done
[2.732s] -- Check for working CXX compiler: /usr/bin/c++ - skipped
[2.732s] -- Detecting CXX compile features
[2.734s] -- Detecting CXX compile features - done
[2.756s] -- Found ament_cmake: 1.3.8 (/opt/ros/humble/share/ament_cmake/cmake)
[3.550s] -- Found Python3: /usr/bin/python3 (found version "3.10.12") found components: Interpreter 
[3.886s] -- Override CMake install command with custom implementation using symlinks instead of copying resources
[4.110s] -- Found ament_lint_auto: 0.12.10 (/opt/ros/humble/share/ament_lint_auto/cmake)
[4.860s] -- Added test 'copyright' to check source files copyright and LICENSE
[4.869s] -- Added test 'cppcheck' to perform static code analysis on C / C++ code
[4.870s] -- Configured cppcheck include dirs: $<BUILD_INTERFACE:/home/apex/cognipilot/cranium/src/synapse_tinyframe/include>;$<BUILD_INTERFACE:/home/apex/cognipilot/cranium/src/synapse_tinyframe/include/synapse_tinyframe>
[4.870s] -- Configured cppcheck exclude dirs and/or files: 
[4.884s] -- Added test 'cpplint' to check C / C++ code against the Google style
[4.891s] -- Configured cpplint exclude dirs and/or files: 
[4.891s] -- Added test 'flake8' to check Python code syntax and style conventions
[4.892s] -- Added test 'lint_cmake' to check CMake code style
[4.892s] -- Added test 'pep257' to check Python code against some of the docstring style conventions in PEP 257
[4.899s] -- Added test 'uncrustify' to check C / C++ code style
[4.899s] -- Configured uncrustify additional arguments: 
[4.901s] -- Added test 'xmllint' to check XML markup files
[4.922s] -- Configuring done
[4.934s] -- Generating done
[4.939s] -- Build files have been written to: /home/apex/cognipilot/cranium/build/synapse_tinyframe
[4.958s] Invoked command in '/home/apex/cognipilot/cranium/build/synapse_tinyframe' returned '0': CMAKE_PREFIX_PATH=/opt/ros/humble /usr/bin/cmake /home/apex/cognipilot/cranium/src/synapse_tinyframe -DAMENT_CMAKE_SYMLINK_INSTALL=1 -DCMAKE_INSTALL_PREFIX=/home/apex/cognipilot/cranium/install/synapse_tinyframe
[4.961s] Invoking command in '/home/apex/cognipilot/cranium/build/synapse_tinyframe': CMAKE_PREFIX_PATH=/opt/ros/humble /usr/bin/cmake --build /home/apex/cognipilot/cranium/build/synapse_tinyframe -- -j4 -l4
[5.082s] [ 66%] [32mBuilding C object CMakeFiles/synapse_tinyframe.dir/src/utils.c.o[0m
[5.084s] [ 66%] [32mBuilding C object CMakeFiles/synapse_tinyframe.dir/src/TinyFrame.c.o[0m
[5.714s] [100%] [32m[1mLinking C static library libsynapse_tinyframe.a[0m
[15.720s] [100%] Built target synapse_tinyframe
[15.792s] Invoked command in '/home/apex/cognipilot/cranium/build/synapse_tinyframe' returned '0': CMAKE_PREFIX_PATH=/opt/ros/humble /usr/bin/cmake --build /home/apex/cognipilot/cranium/build/synapse_tinyframe -- -j4 -l4
[16.273s] Invoking command in '/home/apex/cognipilot/cranium/build/synapse_tinyframe': CMAKE_PREFIX_PATH=/opt/ros/humble /usr/bin/cmake --install /home/apex/cognipilot/cranium/build/synapse_tinyframe
[16.334s] -- Install configuration: ""
[16.337s] -- Execute custom install script
[16.339s] -- Symlinking: /home/apex/cognipilot/cranium/install/synapse_tinyframe/share/synapse_tinyframe/environment/library_path.sh
[16.447s] -- Symlinking: /home/apex/cognipilot/cranium/install/synapse_tinyframe/share/synapse_tinyframe/environment/library_path.dsv
[16.561s] -- Symlinking: /home/apex/cognipilot/cranium/install/synapse_tinyframe/include/synapse_tinyframe/SynapseTopics.h
[16.604s] -- Symlinking: /home/apex/cognipilot/cranium/install/synapse_tinyframe/include/synapse_tinyframe/TF_Config.h
[16.725s] -- Symlinking: /home/apex/cognipilot/cranium/install/synapse_tinyframe/include/synapse_tinyframe/TinyFrame.h
[16.781s] -- Symlinking: /home/apex/cognipilot/cranium/install/synapse_tinyframe/include/synapse_tinyframe/utils.h
[16.845s] -- Symlinking: /home/apex/cognipilot/cranium/install/synapse_tinyframe/share/ament_index/resource_index/package_run_dependencies/synapse_tinyframe
[16.921s] -- Symlinking: /home/apex/cognipilot/cranium/install/synapse_tinyframe/share/ament_index/resource_index/parent_prefix_path/synapse_tinyframe
[17.003s] -- Symlinking: /home/apex/cognipilot/cranium/install/synapse_tinyframe/share/synapse_tinyframe/environment/ament_prefix_path.sh
[17.080s] -- Symlinking: /home/apex/cognipilot/cranium/install/synapse_tinyframe/share/synapse_tinyframe/environment/ament_prefix_path.dsv
[17.183s] -- Symlinking: /home/apex/cognipilot/cranium/install/synapse_tinyframe/share/synapse_tinyframe/environment/path.sh
[17.233s] -- Symlinking: /home/apex/cognipilot/cranium/install/synapse_tinyframe/share/synapse_tinyframe/environment/path.dsv
[17.267s] -- Symlinking: /home/apex/cognipilot/cranium/install/synapse_tinyframe/share/synapse_tinyframe/local_setup.bash
[17.329s] -- Symlinking: /home/apex/cognipilot/cranium/install/synapse_tinyframe/share/synapse_tinyframe/local_setup.sh
[17.392s] -- Symlinking: /home/apex/cognipilot/cranium/install/synapse_tinyframe/share/synapse_tinyframe/local_setup.zsh
[17.485s] -- Symlinking: /home/apex/cognipilot/cranium/install/synapse_tinyframe/share/synapse_tinyframe/local_setup.dsv
[17.549s] -- Symlinking: /home/apex/cognipilot/cranium/install/synapse_tinyframe/share/synapse_tinyframe/package.dsv
[17.595s] -- Symlinking: /home/apex/cognipilot/cranium/install/synapse_tinyframe/share/ament_index/resource_index/packages/synapse_tinyframe
[17.670s] -- Symlinking: /home/apex/cognipilot/cranium/install/synapse_tinyframe/share/synapse_tinyframe/cmake/ament_cmake_export_targets-extras.cmake
[17.710s] -- Symlinking: /home/apex/cognipilot/cranium/install/synapse_tinyframe/share/synapse_tinyframe/cmake/synapse_tinyframeConfig.cmake
[17.765s] -- Symlinking: /home/apex/cognipilot/cranium/install/synapse_tinyframe/share/synapse_tinyframe/cmake/synapse_tinyframeConfig-version.cmake
[17.793s] -- Symlinking: /home/apex/cognipilot/cranium/install/synapse_tinyframe/share/synapse_tinyframe/package.xml
[17.857s] -- Installing: /home/apex/cognipilot/cranium/install/synapse_tinyframe/lib/libsynapse_tinyframe.a
[17.858s] -- Installing: /home/apex/cognipilot/cranium/install/synapse_tinyframe/share/synapse_tinyframe/cmake/synapse_tinyframeExport.cmake
[17.858s] -- Installing: /home/apex/cognipilot/cranium/install/synapse_tinyframe/share/synapse_tinyframe/cmake/synapse_tinyframeExport-noconfig.cmake
[17.866s] Invoked command in '/home/apex/cognipilot/cranium/build/synapse_tinyframe' returned '0': CMAKE_PREFIX_PATH=/opt/ros/humble /usr/bin/cmake --install /home/apex/cognipilot/cranium/build/synapse_tinyframe
