[0.105s] Invoking command in '/home/apex/cognipilot/cranium/build/cerebri_bringup': CMAKE_PREFIX_PATH=${CMAKE_PREFIX_PATH}:/home/apex/cognipilot/cranium/install/nxp_cup_vision:/opt/ros/humble /usr/bin/cmake --build /home/apex/cognipilot/cranium/build/cerebri_bringup -- -j4 -l4
[0.298s] Invoked command in '/home/apex/cognipilot/cranium/build/cerebri_bringup' returned '0': CMAKE_PREFIX_PATH=${CMAKE_PREFIX_PATH}:/home/apex/cognipilot/cranium/install/nxp_cup_vision:/opt/ros/humble /usr/bin/cmake --build /home/apex/cognipilot/cranium/build/cerebri_bringup -- -j4 -l4
[0.363s] Invoking command in '/home/apex/cognipilot/cranium/build/cerebri_bringup': CMAKE_PREFIX_PATH=${CMAKE_PREFIX_PATH}:/home/apex/cognipilot/cranium/install/nxp_cup_vision:/opt/ros/humble /usr/bin/cmake --install /home/apex/cognipilot/cranium/build/cerebri_bringup
[0.388s] -- Install configuration: ""
[0.394s] -- Execute custom install script
[0.412s] -- Up-to-date symlink: /home/apex/cognipilot/cranium/install/cerebri_bringup/share/cerebri_bringup/launch/cerebri.launch.py
[0.413s] -- Up-to-date symlink: /home/apex/cognipilot/cranium/install/cerebri_bringup/share/ament_index/resource_index/package_run_dependencies/cerebri_bringup
[0.415s] -- Up-to-date symlink: /home/apex/cognipilot/cranium/install/cerebri_bringup/share/ament_index/resource_index/parent_prefix_path/cerebri_bringup
[0.415s] -- Up-to-date symlink: /home/apex/cognipilot/cranium/install/cerebri_bringup/share/cerebri_bringup/environment/ament_prefix_path.sh
[0.416s] -- Up-to-date symlink: /home/apex/cognipilot/cranium/install/cerebri_bringup/share/cerebri_bringup/environment/ament_prefix_path.dsv
[0.417s] -- Up-to-date symlink: /home/apex/cognipilot/cranium/install/cerebri_bringup/share/cerebri_bringup/environment/path.sh
[0.417s] -- Up-to-date symlink: /home/apex/cognipilot/cranium/install/cerebri_bringup/share/cerebri_bringup/environment/path.dsv
[0.418s] -- Up-to-date symlink: /home/apex/cognipilot/cranium/install/cerebri_bringup/share/cerebri_bringup/local_setup.bash
[0.419s] -- Up-to-date symlink: /home/apex/cognipilot/cranium/install/cerebri_bringup/share/cerebri_bringup/local_setup.sh
[0.423s] -- Up-to-date symlink: /home/apex/cognipilot/cranium/install/cerebri_bringup/share/cerebri_bringup/local_setup.zsh
[0.423s] -- Up-to-date symlink: /home/apex/cognipilot/cranium/install/cerebri_bringup/share/cerebri_bringup/local_setup.dsv
[0.423s] -- Symlinking: /home/apex/cognipilot/cranium/install/cerebri_bringup/share/cerebri_bringup/package.dsv
[0.448s] -- Up-to-date symlink: /home/apex/cognipilot/cranium/install/cerebri_bringup/share/ament_index/resource_index/packages/cerebri_bringup
[0.448s] -- Up-to-date symlink: /home/apex/cognipilot/cranium/install/cerebri_bringup/share/cerebri_bringup/cmake/cerebri_bringupConfig.cmake
[0.448s] -- Up-to-date symlink: /home/apex/cognipilot/cranium/install/cerebri_bringup/share/cerebri_bringup/cmake/cerebri_bringupConfig-version.cmake
[0.451s] -- Up-to-date symlink: /home/apex/cognipilot/cranium/install/cerebri_bringup/share/cerebri_bringup/package.xml
[0.460s] Invoked command in '/home/apex/cognipilot/cranium/build/cerebri_bringup' returned '0': CMAKE_PREFIX_PATH=${CMAKE_PREFIX_PATH}:/home/apex/cognipilot/cranium/install/nxp_cup_vision:/opt/ros/humble /usr/bin/cmake --install /home/apex/cognipilot/cranium/build/cerebri_bringup
