[0.141s] Invoking command in '/home/apex/cognipilot/cranium/build/synapse_protobuf': CMAKE_PREFIX_PATH=${CMAKE_PREFIX_PATH}:/home/apex/cognipilot/cranium/install/nxp_cup_vision:/opt/ros/humble /usr/bin/cmake --build /home/apex/cognipilot/cranium/build/synapse_protobuf -- -j4 -l4
[0.756s] [35m[1mConsolidate compiler generated dependencies of target synapse_protobuf[0m
[1.020s] [100%] Built target synapse_protobuf
[1.598s] Invoked command in '/home/apex/cognipilot/cranium/build/synapse_protobuf' returned '0': CMAKE_PREFIX_PATH=${CMAKE_PREFIX_PATH}:/home/apex/cognipilot/cranium/install/nxp_cup_vision:/opt/ros/humble /usr/bin/cmake --build /home/apex/cognipilot/cranium/build/synapse_protobuf -- -j4 -l4
[1.736s] Invoking command in '/home/apex/cognipilot/cranium/build/synapse_protobuf': CMAKE_PREFIX_PATH=${CMAKE_PREFIX_PATH}:/home/apex/cognipilot/cranium/install/nxp_cup_vision:/opt/ros/humble /usr/bin/cmake --install /home/apex/cognipilot/cranium/build/synapse_protobuf
[1.928s] -- Install configuration: ""
[2.064s] -- Execute custom install script
[2.143s] -- Up-to-date symlink: /home/apex/cognipilot/cranium/install/synapse_protobuf/include/synapse_protobuf/actuators.pb.h
[2.159s] -- Up-to-date symlink: /home/apex/cognipilot/cranium/install/synapse_protobuf/include/synapse_protobuf/altimeter.pb.h
[2.176s] -- Up-to-date symlink: /home/apex/cognipilot/cranium/install/synapse_protobuf/include/synapse_protobuf/battery_state.pb.h
[2.204s] -- Up-to-date symlink: /home/apex/cognipilot/cranium/install/synapse_protobuf/include/synapse_protobuf/bezier_curve.pb.h
[2.234s] -- Up-to-date symlink: /home/apex/cognipilot/cranium/install/synapse_protobuf/include/synapse_protobuf/bezier_trajectory.pb.h
[2.237s] -- Up-to-date symlink: /home/apex/cognipilot/cranium/install/synapse_protobuf/include/synapse_protobuf/can.pb.h
[2.237s] -- Up-to-date symlink: /home/apex/cognipilot/cranium/install/synapse_protobuf/include/synapse_protobuf/header.pb.h
[2.253s] -- Up-to-date symlink: /home/apex/cognipilot/cranium/install/synapse_protobuf/include/synapse_protobuf/imu.pb.h
[2.257s] -- Up-to-date symlink: /home/apex/cognipilot/cranium/install/synapse_protobuf/include/synapse_protobuf/joy.pb.h
[2.264s] -- Up-to-date symlink: /home/apex/cognipilot/cranium/install/synapse_protobuf/include/synapse_protobuf/led.pb.h
[2.272s] -- Up-to-date symlink: /home/apex/cognipilot/cranium/install/synapse_protobuf/include/synapse_protobuf/led_array.pb.h
[2.272s] -- Up-to-date symlink: /home/apex/cognipilot/cranium/install/synapse_protobuf/include/synapse_protobuf/magnetic_field.pb.h
[2.273s] -- Up-to-date symlink: /home/apex/cognipilot/cranium/install/synapse_protobuf/include/synapse_protobuf/nav_sat_fix.pb.h
[2.273s] -- Up-to-date symlink: /home/apex/cognipilot/cranium/install/synapse_protobuf/include/synapse_protobuf/nav_sat_status.pb.h
[2.273s] -- Up-to-date symlink: /home/apex/cognipilot/cranium/install/synapse_protobuf/include/synapse_protobuf/odometry.pb.h
[2.293s] -- Up-to-date symlink: /home/apex/cognipilot/cranium/install/synapse_protobuf/include/synapse_protobuf/pixy_vector.pb.h
[2.295s] -- Up-to-date symlink: /home/apex/cognipilot/cranium/install/synapse_protobuf/include/synapse_protobuf/point.pb.h
[2.296s] -- Up-to-date symlink: /home/apex/cognipilot/cranium/install/synapse_protobuf/include/synapse_protobuf/pose.pb.h
[2.296s] -- Up-to-date symlink: /home/apex/cognipilot/cranium/install/synapse_protobuf/include/synapse_protobuf/pose_with_covariance.pb.h
[2.296s] -- Up-to-date symlink: /home/apex/cognipilot/cranium/install/synapse_protobuf/include/synapse_protobuf/quaternion.pb.h
[2.296s] -- Up-to-date symlink: /home/apex/cognipilot/cranium/install/synapse_protobuf/include/synapse_protobuf/safety.pb.h
[2.297s] -- Up-to-date symlink: /home/apex/cognipilot/cranium/install/synapse_protobuf/include/synapse_protobuf/sim_clock.pb.h
[2.297s] -- Up-to-date symlink: /home/apex/cognipilot/cranium/install/synapse_protobuf/include/synapse_protobuf/status.pb.h
[2.297s] -- Up-to-date symlink: /home/apex/cognipilot/cranium/install/synapse_protobuf/include/synapse_protobuf/time.pb.h
[2.297s] -- Up-to-date symlink: /home/apex/cognipilot/cranium/install/synapse_protobuf/include/synapse_protobuf/twist.pb.h
[2.304s] -- Up-to-date symlink: /home/apex/cognipilot/cranium/install/synapse_protobuf/include/synapse_protobuf/twist_with_covariance.pb.h
[2.306s] -- Up-to-date symlink: /home/apex/cognipilot/cranium/install/synapse_protobuf/include/synapse_protobuf/vector3.pb.h
[2.315s] -- Up-to-date symlink: /home/apex/cognipilot/cranium/install/synapse_protobuf/include/synapse_protobuf/wheel_odometry.pb.h
[2.322s] -- Up-to-date symlink: /home/apex/cognipilot/cranium/install/synapse_protobuf/share/synapse_protobuf/environment/library_path.sh
[2.325s] -- Up-to-date symlink: /home/apex/cognipilot/cranium/install/synapse_protobuf/share/synapse_protobuf/environment/library_path.dsv
[2.333s] -- Up-to-date symlink: /home/apex/cognipilot/cranium/install/synapse_protobuf/share/ament_index/resource_index/package_run_dependencies/synapse_protobuf
[2.337s] -- Up-to-date symlink: /home/apex/cognipilot/cranium/install/synapse_protobuf/share/ament_index/resource_index/parent_prefix_path/synapse_protobuf
[2.350s] -- Up-to-date symlink: /home/apex/cognipilot/cranium/install/synapse_protobuf/share/synapse_protobuf/environment/ament_prefix_path.sh
[2.351s] -- Up-to-date symlink: /home/apex/cognipilot/cranium/install/synapse_protobuf/share/synapse_protobuf/environment/ament_prefix_path.dsv
[2.366s] -- Up-to-date symlink: /home/apex/cognipilot/cranium/install/synapse_protobuf/share/synapse_protobuf/environment/path.sh
[2.366s] -- Up-to-date symlink: /home/apex/cognipilot/cranium/install/synapse_protobuf/share/synapse_protobuf/environment/path.dsv
[2.382s] -- Up-to-date symlink: /home/apex/cognipilot/cranium/install/synapse_protobuf/share/synapse_protobuf/local_setup.bash
[2.391s] -- Up-to-date symlink: /home/apex/cognipilot/cranium/install/synapse_protobuf/share/synapse_protobuf/local_setup.sh
[2.391s] -- Up-to-date symlink: /home/apex/cognipilot/cranium/install/synapse_protobuf/share/synapse_protobuf/local_setup.zsh
[2.393s] -- Up-to-date symlink: /home/apex/cognipilot/cranium/install/synapse_protobuf/share/synapse_protobuf/local_setup.dsv
[2.394s] -- Symlinking: /home/apex/cognipilot/cranium/install/synapse_protobuf/share/synapse_protobuf/package.dsv
[2.420s] -- Up-to-date symlink: /home/apex/cognipilot/cranium/install/synapse_protobuf/share/ament_index/resource_index/packages/synapse_protobuf
[2.420s] -- Up-to-date symlink: /home/apex/cognipilot/cranium/install/synapse_protobuf/share/synapse_protobuf/cmake/ament_cmake_export_targets-extras.cmake
[2.421s] -- Up-to-date symlink: /home/apex/cognipilot/cranium/install/synapse_protobuf/share/synapse_protobuf/cmake/ament_cmake_export_dependencies-extras.cmake
[2.421s] -- Up-to-date symlink: /home/apex/cognipilot/cranium/install/synapse_protobuf/share/synapse_protobuf/cmake/synapse_protobufConfig.cmake
[2.421s] -- Up-to-date symlink: /home/apex/cognipilot/cranium/install/synapse_protobuf/share/synapse_protobuf/cmake/synapse_protobufConfig-version.cmake
[2.422s] -- Up-to-date symlink: /home/apex/cognipilot/cranium/install/synapse_protobuf/share/synapse_protobuf/package.xml
[2.437s] -- Up-to-date: /home/apex/cognipilot/cranium/install/synapse_protobuf/share/synapse_protobuf/cmake/synapse_protobufExport.cmake
[2.437s] -- Up-to-date: /home/apex/cognipilot/cranium/install/synapse_protobuf/share/synapse_protobuf/cmake/synapse_protobufExport-noconfig.cmake
[2.439s] -- Up-to-date: /home/apex/cognipilot/cranium/install/synapse_protobuf/lib/libsynapse_protobuf.a
[2.445s] Invoked command in '/home/apex/cognipilot/cranium/build/synapse_protobuf' returned '0': CMAKE_PREFIX_PATH=${CMAKE_PREFIX_PATH}:/home/apex/cognipilot/cranium/install/nxp_cup_vision:/opt/ros/humble /usr/bin/cmake --install /home/apex/cognipilot/cranium/build/synapse_protobuf
