[0.064s] Invoking command in '/home/apex/cognipilot/cranium/build/synapse_protobuf': CMAKE_PREFIX_PATH=${CMAKE_PREFIX_PATH}:/opt/ros/humble /usr/bin/cmake --build /home/apex/cognipilot/cranium/build/synapse_protobuf -- -j4 -l4
[0.297s] [100%] Built target synapse_protobuf
[0.343s] Invoked command in '/home/apex/cognipilot/cranium/build/synapse_protobuf' returned '0': CMAKE_PREFIX_PATH=${CMAKE_PREFIX_PATH}:/opt/ros/humble /usr/bin/cmake --build /home/apex/cognipilot/cranium/build/synapse_protobuf -- -j4 -l4
[0.474s] Invoking command in '/home/apex/cognipilot/cranium/build/synapse_protobuf': CMAKE_PREFIX_PATH=${CMAKE_PREFIX_PATH}:/opt/ros/humble /usr/bin/cmake --install /home/apex/cognipilot/cranium/build/synapse_protobuf
[0.506s] -- Install configuration: ""
[0.507s] -- Execute custom install script
[0.508s] -- Up-to-date symlink: /home/apex/cognipilot/cranium/install/synapse_protobuf/include/synapse_protobuf/actuators.pb.h
[0.509s] -- Up-to-date symlink: /home/apex/cognipilot/cranium/install/synapse_protobuf/include/synapse_protobuf/altimeter.pb.h
[0.509s] -- Up-to-date symlink: /home/apex/cognipilot/cranium/install/synapse_protobuf/include/synapse_protobuf/battery_state.pb.h
[0.510s] -- Up-to-date symlink: /home/apex/cognipilot/cranium/install/synapse_protobuf/include/synapse_protobuf/bezier_curve.pb.h
[0.510s] -- Up-to-date symlink: /home/apex/cognipilot/cranium/install/synapse_protobuf/include/synapse_protobuf/bezier_trajectory.pb.h
[0.510s] -- Up-to-date symlink: /home/apex/cognipilot/cranium/install/synapse_protobuf/include/synapse_protobuf/can.pb.h
[0.511s] -- Up-to-date symlink: /home/apex/cognipilot/cranium/install/synapse_protobuf/include/synapse_protobuf/header.pb.h
[0.513s] -- Up-to-date symlink: /home/apex/cognipilot/cranium/install/synapse_protobuf/include/synapse_protobuf/imu.pb.h
[0.515s] -- Up-to-date symlink: /home/apex/cognipilot/cranium/install/synapse_protobuf/include/synapse_protobuf/joy.pb.h
[0.515s] -- Up-to-date symlink: /home/apex/cognipilot/cranium/install/synapse_protobuf/include/synapse_protobuf/led.pb.h
[0.518s] -- Up-to-date symlink: /home/apex/cognipilot/cranium/install/synapse_protobuf/include/synapse_protobuf/led_array.pb.h
[0.518s] -- Up-to-date symlink: /home/apex/cognipilot/cranium/install/synapse_protobuf/include/synapse_protobuf/magnetic_field.pb.h
[0.519s] -- Up-to-date symlink: /home/apex/cognipilot/cranium/install/synapse_protobuf/include/synapse_protobuf/nav_sat_fix.pb.h
[0.521s] -- Up-to-date symlink: /home/apex/cognipilot/cranium/install/synapse_protobuf/include/synapse_protobuf/nav_sat_status.pb.h
[0.521s] -- Up-to-date symlink: /home/apex/cognipilot/cranium/install/synapse_protobuf/include/synapse_protobuf/odometry.pb.h
[0.522s] -- Up-to-date symlink: /home/apex/cognipilot/cranium/install/synapse_protobuf/include/synapse_protobuf/point.pb.h
[0.523s] -- Up-to-date symlink: /home/apex/cognipilot/cranium/install/synapse_protobuf/include/synapse_protobuf/pose.pb.h
[0.524s] -- Up-to-date symlink: /home/apex/cognipilot/cranium/install/synapse_protobuf/include/synapse_protobuf/pose_with_covariance.pb.h
[0.525s] -- Up-to-date symlink: /home/apex/cognipilot/cranium/install/synapse_protobuf/include/synapse_protobuf/quaternion.pb.h
[0.528s] -- Up-to-date symlink: /home/apex/cognipilot/cranium/install/synapse_protobuf/include/synapse_protobuf/safety.pb.h
[0.528s] -- Up-to-date symlink: /home/apex/cognipilot/cranium/install/synapse_protobuf/include/synapse_protobuf/sim_clock.pb.h
[0.529s] -- Up-to-date symlink: /home/apex/cognipilot/cranium/install/synapse_protobuf/include/synapse_protobuf/status.pb.h
[0.529s] -- Up-to-date symlink: /home/apex/cognipilot/cranium/install/synapse_protobuf/include/synapse_protobuf/time.pb.h
[0.529s] -- Up-to-date symlink: /home/apex/cognipilot/cranium/install/synapse_protobuf/include/synapse_protobuf/twist.pb.h
[0.529s] -- Up-to-date symlink: /home/apex/cognipilot/cranium/install/synapse_protobuf/include/synapse_protobuf/twist_with_covariance.pb.h
[0.530s] -- Up-to-date symlink: /home/apex/cognipilot/cranium/install/synapse_protobuf/include/synapse_protobuf/vector3.pb.h
[0.530s] -- Up-to-date symlink: /home/apex/cognipilot/cranium/install/synapse_protobuf/include/synapse_protobuf/wheel_odometry.pb.h
[0.530s] -- Up-to-date symlink: /home/apex/cognipilot/cranium/install/synapse_protobuf/share/synapse_protobuf/environment/library_path.sh
[0.530s] -- Up-to-date symlink: /home/apex/cognipilot/cranium/install/synapse_protobuf/share/synapse_protobuf/environment/library_path.dsv
[0.531s] -- Up-to-date symlink: /home/apex/cognipilot/cranium/install/synapse_protobuf/share/ament_index/resource_index/package_run_dependencies/synapse_protobuf
[0.531s] -- Up-to-date symlink: /home/apex/cognipilot/cranium/install/synapse_protobuf/share/ament_index/resource_index/parent_prefix_path/synapse_protobuf
[0.531s] -- Up-to-date symlink: /home/apex/cognipilot/cranium/install/synapse_protobuf/share/synapse_protobuf/environment/ament_prefix_path.sh
[0.531s] -- Up-to-date symlink: /home/apex/cognipilot/cranium/install/synapse_protobuf/share/synapse_protobuf/environment/ament_prefix_path.dsv
[0.532s] -- Up-to-date symlink: /home/apex/cognipilot/cranium/install/synapse_protobuf/share/synapse_protobuf/environment/path.sh
[0.532s] -- Up-to-date symlink: /home/apex/cognipilot/cranium/install/synapse_protobuf/share/synapse_protobuf/environment/path.dsv
[0.532s] -- Up-to-date symlink: /home/apex/cognipilot/cranium/install/synapse_protobuf/share/synapse_protobuf/local_setup.bash
[0.542s] -- Up-to-date symlink: /home/apex/cognipilot/cranium/install/synapse_protobuf/share/synapse_protobuf/local_setup.sh
[0.543s] -- Up-to-date symlink: /home/apex/cognipilot/cranium/install/synapse_protobuf/share/synapse_protobuf/local_setup.zsh
[0.543s] -- Up-to-date symlink: /home/apex/cognipilot/cranium/install/synapse_protobuf/share/synapse_protobuf/local_setup.dsv
[0.544s] -- Symlinking: /home/apex/cognipilot/cranium/install/synapse_protobuf/share/synapse_protobuf/package.dsv
[0.557s] -- Up-to-date symlink: /home/apex/cognipilot/cranium/install/synapse_protobuf/share/ament_index/resource_index/packages/synapse_protobuf
[0.558s] -- Up-to-date symlink: /home/apex/cognipilot/cranium/install/synapse_protobuf/share/synapse_protobuf/cmake/ament_cmake_export_targets-extras.cmake
[0.560s] -- Up-to-date symlink: /home/apex/cognipilot/cranium/install/synapse_protobuf/share/synapse_protobuf/cmake/ament_cmake_export_dependencies-extras.cmake
[0.561s] -- Up-to-date symlink: /home/apex/cognipilot/cranium/install/synapse_protobuf/share/synapse_protobuf/cmake/synapse_protobufConfig.cmake
[0.561s] -- Up-to-date symlink: /home/apex/cognipilot/cranium/install/synapse_protobuf/share/synapse_protobuf/cmake/synapse_protobufConfig-version.cmake
[0.561s] -- Up-to-date symlink: /home/apex/cognipilot/cranium/install/synapse_protobuf/share/synapse_protobuf/package.xml
[0.562s] -- Up-to-date: /home/apex/cognipilot/cranium/install/synapse_protobuf/share/synapse_protobuf/cmake/synapse_protobufExport.cmake
[0.562s] -- Up-to-date: /home/apex/cognipilot/cranium/install/synapse_protobuf/share/synapse_protobuf/cmake/synapse_protobufExport-noconfig.cmake
[0.562s] -- Up-to-date: /home/apex/cognipilot/cranium/install/synapse_protobuf/lib/libsynapse_protobuf.a
[0.598s] Invoked command in '/home/apex/cognipilot/cranium/build/synapse_protobuf' returned '0': CMAKE_PREFIX_PATH=${CMAKE_PREFIX_PATH}:/opt/ros/humble /usr/bin/cmake --install /home/apex/cognipilot/cranium/build/synapse_protobuf
