[0.030s] Invoking command in '/home/apex/cognipilot/cranium/build/synapse_gz': AMENT_PREFIX_PATH=/home/apex/cognipilot/cranium/install/synapse_tinyframe:/home/apex/cognipilot/cranium/install/synapse_protobuf:${AMENT_PREFIX_PATH} CMAKE_PREFIX_PATH=/home/apex/cognipilot/cranium/install/synapse_tinyframe:/home/apex/cognipilot/cranium/install/synapse_protobuf:/opt/ros/humble LD_LIBRARY_PATH=/home/apex/cognipilot/cranium/install/synapse_tinyframe/lib:/home/apex/cognipilot/cranium/install/synapse_protobuf/lib:${LD_LIBRARY_PATH} /usr/bin/cmake /home/apex/cognipilot/cranium/src/synapse_gz -DAMENT_CMAKE_SYMLINK_INSTALL=1 -DCMAKE_INSTALL_PREFIX=/home/apex/cognipilot/cranium/install/synapse_gz
[0.226s] -- The C compiler identification is GNU 11.4.0
[0.405s] -- The CXX compiler identification is GNU 11.4.0
[0.426s] -- Detecting C compiler ABI info
[0.631s] -- Detecting C compiler ABI info - done
[0.659s] -- Check for working C compiler: /usr/bin/cc - skipped
[0.661s] -- Detecting C compile features
[0.663s] -- Detecting C compile features - done
[0.675s] -- Detecting CXX compiler ABI info
[0.936s] -- Detecting CXX compiler ABI info - done
[0.963s] -- Check for working CXX compiler: /usr/bin/c++ - skipped
[0.964s] -- Detecting CXX compile features
[0.965s] -- Detecting CXX compile features - done
[0.988s] -- Found rclcpp: 16.0.8 (/opt/ros/humble/share/rclcpp/cmake)
[1.536s] -- Found Python3: /usr/bin/python3 (found version "3.10.12") found components: Interpreter 
[1.789s] -- Override CMake install command with custom implementation using symlinks instead of copying resources
[2.042s] -- Found rosidl_generator_c: 3.1.5 (/opt/ros/humble/share/rosidl_generator_c/cmake)
[2.058s] -- Found rosidl_adapter: 3.1.5 (/opt/ros/humble/share/rosidl_adapter/cmake)
[2.088s] -- Found rosidl_generator_cpp: 3.1.5 (/opt/ros/humble/share/rosidl_generator_cpp/cmake)
[2.137s] -- Using all available rosidl_typesupport_c: rosidl_typesupport_fastrtps_c;rosidl_typesupport_introspection_c
[2.208s] -- Using all available rosidl_typesupport_cpp: rosidl_typesupport_fastrtps_cpp;rosidl_typesupport_introspection_cpp
[2.432s] -- Found rmw_implementation_cmake: 6.1.1 (/opt/ros/humble/share/rmw_implementation_cmake/cmake)
[2.439s] -- Found rmw_cyclonedds_cpp: 1.3.4 (/opt/ros/humble/share/rmw_cyclonedds_cpp/cmake)
[2.546s] -- Using RMW implementation 'rmw_cyclonedds_cpp' as default
[2.575s] -- Looking for pthread.h
[2.790s] -- Looking for pthread.h - found
[2.790s] -- Performing Test CMAKE_HAVE_LIBC_PTHREAD
[3.033s] -- Performing Test CMAKE_HAVE_LIBC_PTHREAD - Success
[3.036s] -- Found Threads: TRUE  
[3.636s] -- Found synapse_protobuf: 0.0.0 (/home/apex/cognipilot/cranium/install/synapse_protobuf/share/synapse_protobuf/cmake)
[3.766s] -- Found synapse_tinyframe: 0.0.0 (/home/apex/cognipilot/cranium/install/synapse_tinyframe/share/synapse_tinyframe/cmake)
[3.772s] -- Looking for gz-transport13 -- found version 13.2.0
[3.896s] -- Searching for dependencies of gz-transport13
[3.941s] -- Found Protobuf: /usr/lib/x86_64-linux-gnu/libprotobuf.so (found version "3.12.4") 
[3.967s] -- Config-file not installed for ZeroMQ -- checking for pkg-config
[3.993s] -- Checking for module 'libzmq >= 4'
[4.151s] --   Found libzmq , version 4.3.4
[4.264s] -- Found ZeroMQ: TRUE (Required is at least version "4") 
[4.322s] -- Checking for module 'uuid'
[4.370s] --   Found uuid, version 2.37.2
[4.464s] -- Found UUID: TRUE  
[4.481s] -- Looking for gz-utils2 -- found version 2.2.0
[4.482s] -- Searching for dependencies of gz-utils2
[4.484s] -- Searching for <gz-utils2> component [cli]
[4.500s] -- Looking for gz-utils2-cli -- found version 2.2.0
[4.501s] -- Searching for dependencies of gz-utils2-cli
[4.507s] -- Looking for gz-msgs10 -- found version 10.1.2
[4.508s] -- Searching for dependencies of gz-msgs10
[4.553s] -- Looking for gz-utils2 -- found version 2.2.0
[4.563s] -- Looking for gz-math7 -- found version 7.4.0
[4.565s] -- Searching for dependencies of gz-math7
[4.566s] -- Looking for gz-utils2 -- found version 2.2.0
[4.580s] -- Checking for module 'tinyxml2'
[4.636s] --   Found tinyxml2, version 9.0.0
[5.030s] -- Found Boost: /usr/lib/x86_64-linux-gnu/cmake/Boost-1.74.0/BoostConfig.cmake (found version "1.74.0") found components: system 
[5.051s] -- Found ament_lint_auto: 0.12.10 (/opt/ros/humble/share/ament_lint_auto/cmake)
[5.372s] -- Added test 'copyright' to check source files copyright and LICENSE
[5.380s] -- Added test 'cppcheck' to perform static code analysis on C / C++ code
[5.381s] -- Configured cppcheck include dirs: /home/apex/cognipilot/cranium/src/synapse_gz/src/clients
[5.381s] -- Configured cppcheck exclude dirs and/or files: 
[5.389s] -- Added test 'cpplint' to check C / C++ code against the Google style
[5.390s] -- Configured cpplint exclude dirs and/or files: 
[5.392s] -- Added test 'flake8' to check Python code syntax and style conventions
[5.395s] -- Added test 'lint_cmake' to check CMake code style
[5.399s] -- Added test 'pep257' to check Python code against some of the docstring style conventions in PEP 257
[5.406s] -- Added test 'uncrustify' to check C / C++ code style
[5.406s] -- Configured uncrustify additional arguments: 
[5.408s] -- Added test 'xmllint' to check XML markup files
[5.412s] -- Configuring done
[5.444s] -- Generating done
[5.449s] -- Build files have been written to: /home/apex/cognipilot/cranium/build/synapse_gz
[5.481s] Invoked command in '/home/apex/cognipilot/cranium/build/synapse_gz' returned '0': AMENT_PREFIX_PATH=/home/apex/cognipilot/cranium/install/synapse_tinyframe:/home/apex/cognipilot/cranium/install/synapse_protobuf:${AMENT_PREFIX_PATH} CMAKE_PREFIX_PATH=/home/apex/cognipilot/cranium/install/synapse_tinyframe:/home/apex/cognipilot/cranium/install/synapse_protobuf:/opt/ros/humble LD_LIBRARY_PATH=/home/apex/cognipilot/cranium/install/synapse_tinyframe/lib:/home/apex/cognipilot/cranium/install/synapse_protobuf/lib:${LD_LIBRARY_PATH} /usr/bin/cmake /home/apex/cognipilot/cranium/src/synapse_gz -DAMENT_CMAKE_SYMLINK_INSTALL=1 -DCMAKE_INSTALL_PREFIX=/home/apex/cognipilot/cranium/install/synapse_gz
[5.486s] Invoking command in '/home/apex/cognipilot/cranium/build/synapse_gz': AMENT_PREFIX_PATH=/home/apex/cognipilot/cranium/install/synapse_tinyframe:/home/apex/cognipilot/cranium/install/synapse_protobuf:${AMENT_PREFIX_PATH} CMAKE_PREFIX_PATH=/home/apex/cognipilot/cranium/install/synapse_tinyframe:/home/apex/cognipilot/cranium/install/synapse_protobuf:/opt/ros/humble LD_LIBRARY_PATH=/home/apex/cognipilot/cranium/install/synapse_tinyframe/lib:/home/apex/cognipilot/cranium/install/synapse_protobuf/lib:${LD_LIBRARY_PATH} /usr/bin/cmake --build /home/apex/cognipilot/cranium/build/synapse_gz -- -j4 -l4
[5.624s] [ 25%] [32mBuilding CXX object CMakeFiles/synapse_gz.dir/src/synapse_gz.cpp.o[0m
[33.313s] [ 50%] [32mBuilding CXX object CMakeFiles/synapse_gz.dir/src/clients/tcp_client.cpp.o[0m
[55.276s] [ 75%] [32mBuilding CXX object CMakeFiles/synapse_gz.dir/src/clients/gz_client.cpp.o[0m
[72.911s] [100%] [32m[1mLinking CXX executable synapse_gz[0m
[74.255s] [100%] Built target synapse_gz
[74.282s] Invoked command in '/home/apex/cognipilot/cranium/build/synapse_gz' returned '0': AMENT_PREFIX_PATH=/home/apex/cognipilot/cranium/install/synapse_tinyframe:/home/apex/cognipilot/cranium/install/synapse_protobuf:${AMENT_PREFIX_PATH} CMAKE_PREFIX_PATH=/home/apex/cognipilot/cranium/install/synapse_tinyframe:/home/apex/cognipilot/cranium/install/synapse_protobuf:/opt/ros/humble LD_LIBRARY_PATH=/home/apex/cognipilot/cranium/install/synapse_tinyframe/lib:/home/apex/cognipilot/cranium/install/synapse_protobuf/lib:${LD_LIBRARY_PATH} /usr/bin/cmake --build /home/apex/cognipilot/cranium/build/synapse_gz -- -j4 -l4
[74.355s] Invoking command in '/home/apex/cognipilot/cranium/build/synapse_gz': AMENT_PREFIX_PATH=/home/apex/cognipilot/cranium/install/synapse_tinyframe:/home/apex/cognipilot/cranium/install/synapse_protobuf:${AMENT_PREFIX_PATH} CMAKE_PREFIX_PATH=/home/apex/cognipilot/cranium/install/synapse_tinyframe:/home/apex/cognipilot/cranium/install/synapse_protobuf:/opt/ros/humble LD_LIBRARY_PATH=/home/apex/cognipilot/cranium/install/synapse_tinyframe/lib:/home/apex/cognipilot/cranium/install/synapse_protobuf/lib:${LD_LIBRARY_PATH} /usr/bin/cmake --install /home/apex/cognipilot/cranium/build/synapse_gz
[74.370s] -- Install configuration: ""
[74.371s] -- Execute custom install script
[74.372s] -- Symlinking: /home/apex/cognipilot/cranium/install/synapse_gz/lib/synapse_gz/synapse_gz
[74.393s] -- Symlinking: /home/apex/cognipilot/cranium/install/synapse_gz/share/synapse_gz/launch/synapse_gz.launch.py
[74.418s] -- Symlinking: /home/apex/cognipilot/cranium/install/synapse_gz/share/ament_index/resource_index/package_run_dependencies/synapse_gz
[74.440s] -- Symlinking: /home/apex/cognipilot/cranium/install/synapse_gz/share/ament_index/resource_index/parent_prefix_path/synapse_gz
[74.461s] -- Symlinking: /home/apex/cognipilot/cranium/install/synapse_gz/share/synapse_gz/environment/ament_prefix_path.sh
[74.482s] -- Symlinking: /home/apex/cognipilot/cranium/install/synapse_gz/share/synapse_gz/environment/ament_prefix_path.dsv
[74.502s] -- Symlinking: /home/apex/cognipilot/cranium/install/synapse_gz/share/synapse_gz/environment/path.sh
[74.527s] -- Symlinking: /home/apex/cognipilot/cranium/install/synapse_gz/share/synapse_gz/environment/path.dsv
[74.548s] -- Symlinking: /home/apex/cognipilot/cranium/install/synapse_gz/share/synapse_gz/local_setup.bash
[74.569s] -- Symlinking: /home/apex/cognipilot/cranium/install/synapse_gz/share/synapse_gz/local_setup.sh
[74.591s] -- Symlinking: /home/apex/cognipilot/cranium/install/synapse_gz/share/synapse_gz/local_setup.zsh
[74.617s] -- Symlinking: /home/apex/cognipilot/cranium/install/synapse_gz/share/synapse_gz/local_setup.dsv
[74.639s] -- Symlinking: /home/apex/cognipilot/cranium/install/synapse_gz/share/synapse_gz/package.dsv
[74.660s] -- Symlinking: /home/apex/cognipilot/cranium/install/synapse_gz/share/ament_index/resource_index/packages/synapse_gz
[74.680s] -- Symlinking: /home/apex/cognipilot/cranium/install/synapse_gz/share/synapse_gz/cmake/synapse_gzConfig.cmake
[74.702s] -- Symlinking: /home/apex/cognipilot/cranium/install/synapse_gz/share/synapse_gz/cmake/synapse_gzConfig-version.cmake
[74.726s] -- Symlinking: /home/apex/cognipilot/cranium/install/synapse_gz/share/synapse_gz/package.xml
[74.756s] Invoked command in '/home/apex/cognipilot/cranium/build/synapse_gz' returned '0': AMENT_PREFIX_PATH=/home/apex/cognipilot/cranium/install/synapse_tinyframe:/home/apex/cognipilot/cranium/install/synapse_protobuf:${AMENT_PREFIX_PATH} CMAKE_PREFIX_PATH=/home/apex/cognipilot/cranium/install/synapse_tinyframe:/home/apex/cognipilot/cranium/install/synapse_protobuf:/opt/ros/humble LD_LIBRARY_PATH=/home/apex/cognipilot/cranium/install/synapse_tinyframe/lib:/home/apex/cognipilot/cranium/install/synapse_protobuf/lib:${LD_LIBRARY_PATH} /usr/bin/cmake --install /home/apex/cognipilot/cranium/build/synapse_gz
