[0.042s] Invoking command in '/home/apex/cognipilot/cranium/build/b3rb_description': CMAKE_PREFIX_PATH=${CMAKE_PREFIX_PATH}:/opt/ros/humble /usr/bin/cmake --build /home/apex/cognipilot/cranium/build/b3rb_description -- -j4 -l4
[0.161s] Invoked command in '/home/apex/cognipilot/cranium/build/b3rb_description' returned '0': CMAKE_PREFIX_PATH=${CMAKE_PREFIX_PATH}:/opt/ros/humble /usr/bin/cmake --build /home/apex/cognipilot/cranium/build/b3rb_description -- -j4 -l4
[0.245s] Invoking command in '/home/apex/cognipilot/cranium/build/b3rb_description': CMAKE_PREFIX_PATH=${CMAKE_PREFIX_PATH}:/opt/ros/humble /usr/bin/cmake --install /home/apex/cognipilot/cranium/build/b3rb_description
[0.275s] -- Install configuration: ""
[0.276s] -- Execute custom install script
[0.278s] -- Up-to-date symlink: /home/apex/cognipilot/cranium/install/b3rb_description/share/b3rb_description/launch/robot_description.launch.py
[0.279s] -- Up-to-date symlink: /home/apex/cognipilot/cranium/install/b3rb_description/share/b3rb_description/meshes/STL27L.dae
[0.279s] -- Up-to-date symlink: /home/apex/cognipilot/cranium/install/b3rb_description/share/b3rb_description/meshes/b3rb.dae
[0.279s] -- Up-to-date symlink: /home/apex/cognipilot/cranium/install/b3rb_description/share/b3rb_description/meshes/wheel.dae
[0.281s] -- Up-to-date symlink: /home/apex/cognipilot/cranium/install/b3rb_description/share/b3rb_description/urdf/b3rb.urdf
[0.281s] -- Up-to-date symlink: /home/apex/cognipilot/cranium/install/b3rb_description/share/ament_index/resource_index/package_run_dependencies/b3rb_description
[0.282s] -- Up-to-date symlink: /home/apex/cognipilot/cranium/install/b3rb_description/share/ament_index/resource_index/parent_prefix_path/b3rb_description
[0.283s] -- Up-to-date symlink: /home/apex/cognipilot/cranium/install/b3rb_description/share/b3rb_description/environment/ament_prefix_path.sh
[0.283s] -- Up-to-date symlink: /home/apex/cognipilot/cranium/install/b3rb_description/share/b3rb_description/environment/ament_prefix_path.dsv
[0.284s] -- Up-to-date symlink: /home/apex/cognipilot/cranium/install/b3rb_description/share/b3rb_description/environment/path.sh
[0.285s] -- Up-to-date symlink: /home/apex/cognipilot/cranium/install/b3rb_description/share/b3rb_description/environment/path.dsv
[0.286s] -- Up-to-date symlink: /home/apex/cognipilot/cranium/install/b3rb_description/share/b3rb_description/local_setup.bash
[0.287s] -- Up-to-date symlink: /home/apex/cognipilot/cranium/install/b3rb_description/share/b3rb_description/local_setup.sh
[0.287s] -- Up-to-date symlink: /home/apex/cognipilot/cranium/install/b3rb_description/share/b3rb_description/local_setup.zsh
[0.287s] -- Up-to-date symlink: /home/apex/cognipilot/cranium/install/b3rb_description/share/b3rb_description/local_setup.dsv
[0.288s] -- Symlinking: /home/apex/cognipilot/cranium/install/b3rb_description/share/b3rb_description/package.dsv
[0.320s] -- Up-to-date symlink: /home/apex/cognipilot/cranium/install/b3rb_description/share/ament_index/resource_index/packages/b3rb_description
[0.320s] -- Up-to-date symlink: /home/apex/cognipilot/cranium/install/b3rb_description/share/b3rb_description/cmake/b3rb_descriptionConfig.cmake
[0.322s] -- Up-to-date symlink: /home/apex/cognipilot/cranium/install/b3rb_description/share/b3rb_description/cmake/b3rb_descriptionConfig-version.cmake
[0.322s] -- Up-to-date symlink: /home/apex/cognipilot/cranium/install/b3rb_description/share/b3rb_description/package.xml
[0.352s] Invoked command in '/home/apex/cognipilot/cranium/build/b3rb_description' returned '0': CMAKE_PREFIX_PATH=${CMAKE_PREFIX_PATH}:/opt/ros/humble /usr/bin/cmake --install /home/apex/cognipilot/cranium/build/b3rb_description
