-- The C compiler identification is GNU 11.4.0
-- The CXX compiler identification is GNU 11.4.0
-- Detecting C compiler ABI info
-- Detecting C compiler ABI info - done
-- Check for working C compiler: /usr/bin/cc - skipped
-- Detecting C compile features
-- Detecting C compile features - done
-- Detecting CXX compiler ABI info
-- Detecting CXX compiler ABI info - done
-- Check for working CXX compiler: /usr/bin/c++ - skipped
-- Detecting CXX compile features
-- Detecting CXX compile features - done
-- Found ament_cmake: 1.3.8 (/opt/ros/humble/share/ament_cmake/cmake)
-- Found Python3: /usr/bin/python3 (found version "3.10.12") found components: Interpreter 
-- Override CMake install command with custom implementation using symlinks instead of copying resources
-- Found geometry_msgs: 4.2.3 (/opt/ros/humble/share/geometry_msgs/cmake)
-- Found rosidl_generator_c: 3.1.5 (/opt/ros/humble/share/rosidl_generator_c/cmake)
-- Found rosidl_adapter: 3.1.5 (/opt/ros/humble/share/rosidl_adapter/cmake)
-- Found rosidl_generator_cpp: 3.1.5 (/opt/ros/humble/share/rosidl_generator_cpp/cmake)
-- Using all available rosidl_typesupport_c: rosidl_typesupport_fastrtps_c;rosidl_typesupport_introspection_c
-- Using all available rosidl_typesupport_cpp: rosidl_typesupport_fastrtps_cpp;rosidl_typesupport_introspection_cpp
-- Found nav_msgs: 4.2.3 (/opt/ros/humble/share/nav_msgs/cmake)
-- Found rclcpp: 16.0.8 (/opt/ros/humble/share/rclcpp/cmake)
-- Found rmw_implementation_cmake: 6.1.1 (/opt/ros/humble/share/rmw_implementation_cmake/cmake)
-- Found rmw_cyclonedds_cpp: 1.3.4 (/opt/ros/humble/share/rmw_cyclonedds_cpp/cmake)
-- Using RMW implementation 'rmw_cyclonedds_cpp' as default
-- Looking for pthread.h
-- Looking for pthread.h - found
-- Performing Test CMAKE_HAVE_LIBC_PTHREAD
-- Performing Test CMAKE_HAVE_LIBC_PTHREAD - Success
-- Found Threads: TRUE  
-- Found rclpy: 3.3.12 (/opt/ros/humble/share/rclpy/cmake)
-- Found synapse_msgs: 0.0.1 (/home/apex/cognipilot/cranium/install/synapse_msgs/share/synapse_msgs/cmake)
-- Found tf2: 0.25.6 (/opt/ros/humble/share/tf2/cmake)
-- Found tf2_ros: 0.25.6 (/opt/ros/humble/share/tf2_ros/cmake)
-- Found ament_lint_auto: 0.12.10 (/opt/ros/humble/share/ament_lint_auto/cmake)
-- Added test 'cppcheck' to perform static code analysis on C / C++ code
-- Configured cppcheck include dirs: 
-- Configured cppcheck exclude dirs and/or files: 
-- Added test 'flake8' to check Python code syntax and style conventions
-- Added test 'lint_cmake' to check CMake code style
-- Added test 'pep257' to check Python code against some of the docstring style conventions in PEP 257
-- Added test 'uncrustify' to check C / C++ code style
-- Configured uncrustify additional arguments: 
-- Added test 'xmllint' to check XML markup files
-- Configuring done
-- Generating done
-- Build files have been written to: /home/apex/cognipilot/cranium/build/corti
[ 12%] [32mBuilding C object CMakeFiles/bezier6.dir/src/casadi/bezier6.c.o[0m
[ 25%] [32m[1mLinking C static library libbezier6.a[0m
[ 25%] Built target bezier6
[ 25%] Built target ament_cmake_python_symlink_corti
[ 37%] [32mBuilding CXX object CMakeFiles/rover_planner.dir/src/rover_planner.cpp.o[0m
[ 50%] [32m[1mLinking CXX executable rover_planner[0m
[ 50%] Built target rover_planner
running egg_info
creating corti.egg-info
writing corti.egg-info/PKG-INFO
writing dependency_links to corti.egg-info/dependency_links.txt
writing top-level names to corti.egg-info/top_level.txt
writing manifest file 'corti.egg-info/SOURCES.txt'
reading manifest file 'corti.egg-info/SOURCES.txt'
writing manifest file 'corti.egg-info/SOURCES.txt'
[ 50%] Built target ament_cmake_python_build_corti_egg
[ 62%] [32mBuilding CXX object CMakeFiles/tf_to_odom.dir/src/tf_to_odom.cpp.o[0m
[ 75%] [32m[1mLinking CXX executable tf_to_odom[0m
[ 75%] Built target tf_to_odom
[ 87%] [32mBuilding CXX object CMakeFiles/odom_to_tf.dir/src/odom_to_tf.cpp.o[0m
[100%] [32m[1mLinking CXX executable odom_to_tf[0m
[100%] Built target odom_to_tf
-- Install configuration: ""
-- Execute custom install script
-- Symlinking: /home/apex/cognipilot/cranium/install/corti/share/corti/environment/pythonpath.sh
-- Symlinking: /home/apex/cognipilot/cranium/install/corti/share/corti/environment/pythonpath.dsv
-- Symlinking: /home/apex/cognipilot/cranium/install/corti/local/lib/python3.10/dist-packages/corti-0.0.0-py3.10.egg-info/PKG-INFO
-- Symlinking: /home/apex/cognipilot/cranium/install/corti/local/lib/python3.10/dist-packages/corti-0.0.0-py3.10.egg-info/SOURCES.txt
-- Symlinking: /home/apex/cognipilot/cranium/install/corti/local/lib/python3.10/dist-packages/corti-0.0.0-py3.10.egg-info/dependency_links.txt
-- Symlinking: /home/apex/cognipilot/cranium/install/corti/local/lib/python3.10/dist-packages/corti-0.0.0-py3.10.egg-info/top_level.txt
-- Symlinking: /home/apex/cognipilot/cranium/install/corti/local/lib/python3.10/dist-packages/corti/SE2Lie.py
-- Symlinking: /home/apex/cognipilot/cranium/install/corti/local/lib/python3.10/dist-packages/corti/TimeOptBez.py
-- Symlinking: /home/apex/cognipilot/cranium/install/corti/local/lib/python3.10/dist-packages/corti/__init__.py
-- Symlinking: /home/apex/cognipilot/cranium/install/corti/local/lib/python3.10/dist-packages/corti/bezier_rover_planning.py
-- Symlinking: /home/apex/cognipilot/cranium/install/corti/local/lib/python3.10/dist-packages/corti/rover_control.py
-- Symlinking: /home/apex/cognipilot/cranium/install/corti/local/lib/python3.10/dist-packages/corti/rover_planning.py
-- Symlinking: /home/apex/cognipilot/cranium/install/corti/lib/corti/rover_planner
-- Symlinking: /home/apex/cognipilot/cranium/install/corti/lib/corti/odom_to_tf
-- Symlinking: /home/apex/cognipilot/cranium/install/corti/lib/corti/tf_to_odom
-- Symlinking: /home/apex/cognipilot/cranium/install/corti/share/corti/launch/corti.launch.py
-- Symlinking: /home/apex/cognipilot/cranium/install/corti/share/corti/launch/virtual_joy.launch.py
-- Symlinking: /home/apex/cognipilot/cranium/install/corti/lib/corti/virtual_joy.py
-- Symlinking: /home/apex/cognipilot/cranium/install/corti/lib/corti/rover_fixed_trajectory.py
-- Symlinking: /home/apex/cognipilot/cranium/install/corti/share/ament_index/resource_index/package_run_dependencies/corti
-- Symlinking: /home/apex/cognipilot/cranium/install/corti/share/ament_index/resource_index/parent_prefix_path/corti
-- Symlinking: /home/apex/cognipilot/cranium/install/corti/share/corti/environment/ament_prefix_path.sh
-- Symlinking: /home/apex/cognipilot/cranium/install/corti/share/corti/environment/ament_prefix_path.dsv
-- Symlinking: /home/apex/cognipilot/cranium/install/corti/share/corti/environment/path.sh
-- Symlinking: /home/apex/cognipilot/cranium/install/corti/share/corti/environment/path.dsv
-- Symlinking: /home/apex/cognipilot/cranium/install/corti/share/corti/local_setup.bash
-- Symlinking: /home/apex/cognipilot/cranium/install/corti/share/corti/local_setup.sh
-- Symlinking: /home/apex/cognipilot/cranium/install/corti/share/corti/local_setup.zsh
-- Symlinking: /home/apex/cognipilot/cranium/install/corti/share/corti/local_setup.dsv
-- Symlinking: /home/apex/cognipilot/cranium/install/corti/share/corti/package.dsv
-- Symlinking: /home/apex/cognipilot/cranium/install/corti/share/ament_index/resource_index/packages/corti
-- Symlinking: /home/apex/cognipilot/cranium/install/corti/share/corti/cmake/cortiConfig.cmake
-- Symlinking: /home/apex/cognipilot/cranium/install/corti/share/corti/cmake/cortiConfig-version.cmake
-- Symlinking: /home/apex/cognipilot/cranium/install/corti/share/corti/package.xml
Listing '/home/apex/cognipilot/cranium/install/corti/local/lib/python3.10/dist-packages/corti'...
Compiling '/home/apex/cognipilot/cranium/install/corti/local/lib/python3.10/dist-packages/corti/SE2Lie.py'...
Compiling '/home/apex/cognipilot/cranium/install/corti/local/lib/python3.10/dist-packages/corti/TimeOptBez.py'...
Compiling '/home/apex/cognipilot/cranium/install/corti/local/lib/python3.10/dist-packages/corti/__init__.py'...
Compiling '/home/apex/cognipilot/cranium/install/corti/local/lib/python3.10/dist-packages/corti/bezier_rover_planning.py'...
Compiling '/home/apex/cognipilot/cranium/install/corti/local/lib/python3.10/dist-packages/corti/rover_control.py'...
Compiling '/home/apex/cognipilot/cranium/install/corti/local/lib/python3.10/dist-packages/corti/rover_planning.py'...
