[0.020s] Invoking command in '/home/apex/cognipilot/cranium/build/corti': AMENT_PREFIX_PATH=/home/apex/cognipilot/cranium/install/synapse_msgs:${AMENT_PREFIX_PATH} CMAKE_PREFIX_PATH=/home/apex/cognipilot/cranium/install/synapse_msgs:/opt/ros/humble LD_LIBRARY_PATH=/home/apex/cognipilot/cranium/install/synapse_msgs/lib:${LD_LIBRARY_PATH} PYTHONPATH=/home/apex/cognipilot/cranium/install/synapse_msgs/local/lib/python3.10/dist-packages:${PYTHONPATH} /usr/bin/cmake /home/apex/cognipilot/cranium/src/corti -DAMENT_CMAKE_SYMLINK_INSTALL=1 -DCMAKE_INSTALL_PREFIX=/home/apex/cognipilot/cranium/install/corti
[0.176s] -- The C compiler identification is GNU 11.4.0
[0.319s] -- The CXX compiler identification is GNU 11.4.0
[0.339s] -- Detecting C compiler ABI info
[0.508s] -- Detecting C compiler ABI info - done
[0.531s] -- Check for working C compiler: /usr/bin/cc - skipped
[0.531s] -- Detecting C compile features
[0.533s] -- Detecting C compile features - done
[0.542s] -- Detecting CXX compiler ABI info
[0.743s] -- Detecting CXX compiler ABI info - done
[0.766s] -- Check for working CXX compiler: /usr/bin/c++ - skipped
[0.766s] -- Detecting CXX compile features
[0.767s] -- Detecting CXX compile features - done
[0.773s] -- Found ament_cmake: 1.3.8 (/opt/ros/humble/share/ament_cmake/cmake)
[1.219s] -- Found Python3: /usr/bin/python3 (found version "3.10.12") found components: Interpreter 
[1.399s] -- Override CMake install command with custom implementation using symlinks instead of copying resources
[1.484s] -- Found geometry_msgs: 4.2.3 (/opt/ros/humble/share/geometry_msgs/cmake)
[1.592s] -- Found rosidl_generator_c: 3.1.5 (/opt/ros/humble/share/rosidl_generator_c/cmake)
[1.604s] -- Found rosidl_adapter: 3.1.5 (/opt/ros/humble/share/rosidl_adapter/cmake)
[1.625s] -- Found rosidl_generator_cpp: 3.1.5 (/opt/ros/humble/share/rosidl_generator_cpp/cmake)
[1.664s] -- Using all available rosidl_typesupport_c: rosidl_typesupport_fastrtps_c;rosidl_typesupport_introspection_c
[1.719s] -- Using all available rosidl_typesupport_cpp: rosidl_typesupport_fastrtps_cpp;rosidl_typesupport_introspection_cpp
[2.092s] -- Found nav_msgs: 4.2.3 (/opt/ros/humble/share/nav_msgs/cmake)
[2.379s] -- Found rclcpp: 16.0.8 (/opt/ros/humble/share/rclcpp/cmake)
[2.642s] -- Found rmw_implementation_cmake: 6.1.1 (/opt/ros/humble/share/rmw_implementation_cmake/cmake)
[2.653s] -- Found rmw_cyclonedds_cpp: 1.3.4 (/opt/ros/humble/share/rmw_cyclonedds_cpp/cmake)
[2.864s] -- Using RMW implementation 'rmw_cyclonedds_cpp' as default
[2.929s] -- Looking for pthread.h
[3.112s] -- Looking for pthread.h - found
[3.113s] -- Performing Test CMAKE_HAVE_LIBC_PTHREAD
[3.297s] -- Performing Test CMAKE_HAVE_LIBC_PTHREAD - Success
[3.299s] -- Found Threads: TRUE  
[3.766s] -- Found rclpy: 3.3.12 (/opt/ros/humble/share/rclpy/cmake)
[3.767s] -- Found synapse_msgs: 0.0.1 (/home/apex/cognipilot/cranium/install/synapse_msgs/share/synapse_msgs/cmake)
[3.906s] -- Found tf2: 0.25.6 (/opt/ros/humble/share/tf2/cmake)
[3.959s] -- Found tf2_ros: 0.25.6 (/opt/ros/humble/share/tf2_ros/cmake)
[5.252s] -- Found ament_lint_auto: 0.12.10 (/opt/ros/humble/share/ament_lint_auto/cmake)
[5.596s] -- Added test 'cppcheck' to perform static code analysis on C / C++ code
[5.597s] -- Configured cppcheck include dirs: 
[5.597s] -- Configured cppcheck exclude dirs and/or files: 
[5.599s] -- Added test 'flake8' to check Python code syntax and style conventions
[5.601s] -- Added test 'lint_cmake' to check CMake code style
[5.603s] -- Added test 'pep257' to check Python code against some of the docstring style conventions in PEP 257
[5.611s] -- Added test 'uncrustify' to check C / C++ code style
[5.611s] -- Configured uncrustify additional arguments: 
[5.613s] -- Added test 'xmllint' to check XML markup files
[5.616s] -- Configuring done
[5.671s] -- Generating done
[5.677s] -- Build files have been written to: /home/apex/cognipilot/cranium/build/corti
[5.703s] Invoked command in '/home/apex/cognipilot/cranium/build/corti' returned '0': AMENT_PREFIX_PATH=/home/apex/cognipilot/cranium/install/synapse_msgs:${AMENT_PREFIX_PATH} CMAKE_PREFIX_PATH=/home/apex/cognipilot/cranium/install/synapse_msgs:/opt/ros/humble LD_LIBRARY_PATH=/home/apex/cognipilot/cranium/install/synapse_msgs/lib:${LD_LIBRARY_PATH} PYTHONPATH=/home/apex/cognipilot/cranium/install/synapse_msgs/local/lib/python3.10/dist-packages:${PYTHONPATH} /usr/bin/cmake /home/apex/cognipilot/cranium/src/corti -DAMENT_CMAKE_SYMLINK_INSTALL=1 -DCMAKE_INSTALL_PREFIX=/home/apex/cognipilot/cranium/install/corti
[5.709s] Invoking command in '/home/apex/cognipilot/cranium/build/corti': AMENT_PREFIX_PATH=/home/apex/cognipilot/cranium/install/synapse_msgs:${AMENT_PREFIX_PATH} CMAKE_PREFIX_PATH=/home/apex/cognipilot/cranium/install/synapse_msgs:/opt/ros/humble LD_LIBRARY_PATH=/home/apex/cognipilot/cranium/install/synapse_msgs/lib:${LD_LIBRARY_PATH} PYTHONPATH=/home/apex/cognipilot/cranium/install/synapse_msgs/local/lib/python3.10/dist-packages:${PYTHONPATH} /usr/bin/cmake --build /home/apex/cognipilot/cranium/build/corti -- -j4 -l4
[5.822s] [ 12%] [32mBuilding C object CMakeFiles/bezier6.dir/src/casadi/bezier6.c.o[0m
[5.966s] [ 25%] [32m[1mLinking C static library libbezier6.a[0m
[6.124s] [ 25%] Built target bezier6
[6.190s] [ 25%] Built target ament_cmake_python_symlink_corti
[6.235s] [ 37%] [32mBuilding CXX object CMakeFiles/rover_planner.dir/src/rover_planner.cpp.o[0m
[37.316s] [ 50%] [32m[1mLinking CXX executable rover_planner[0m
[40.514s] [ 50%] Built target rover_planner
[41.254s] running egg_info
[41.256s] creating corti.egg-info
[41.257s] writing corti.egg-info/PKG-INFO
[41.257s] writing dependency_links to corti.egg-info/dependency_links.txt
[41.258s] writing top-level names to corti.egg-info/top_level.txt
[41.259s] writing manifest file 'corti.egg-info/SOURCES.txt'
[41.265s] reading manifest file 'corti.egg-info/SOURCES.txt'
[41.267s] writing manifest file 'corti.egg-info/SOURCES.txt'
[41.358s] [ 50%] Built target ament_cmake_python_build_corti_egg
[41.410s] [ 62%] [32mBuilding CXX object CMakeFiles/tf_to_odom.dir/src/tf_to_odom.cpp.o[0m
[58.141s] [ 75%] [32m[1mLinking CXX executable tf_to_odom[0m
[59.150s] [ 75%] Built target tf_to_odom
[59.217s] [ 87%] [32mBuilding CXX object CMakeFiles/odom_to_tf.dir/src/odom_to_tf.cpp.o[0m
[88.858s] [100%] [32m[1mLinking CXX executable odom_to_tf[0m
[90.443s] [100%] Built target odom_to_tf
[90.478s] Invoked command in '/home/apex/cognipilot/cranium/build/corti' returned '0': AMENT_PREFIX_PATH=/home/apex/cognipilot/cranium/install/synapse_msgs:${AMENT_PREFIX_PATH} CMAKE_PREFIX_PATH=/home/apex/cognipilot/cranium/install/synapse_msgs:/opt/ros/humble LD_LIBRARY_PATH=/home/apex/cognipilot/cranium/install/synapse_msgs/lib:${LD_LIBRARY_PATH} PYTHONPATH=/home/apex/cognipilot/cranium/install/synapse_msgs/local/lib/python3.10/dist-packages:${PYTHONPATH} /usr/bin/cmake --build /home/apex/cognipilot/cranium/build/corti -- -j4 -l4
[90.583s] Invoking command in '/home/apex/cognipilot/cranium/build/corti': AMENT_PREFIX_PATH=/home/apex/cognipilot/cranium/install/synapse_msgs:${AMENT_PREFIX_PATH} CMAKE_PREFIX_PATH=/home/apex/cognipilot/cranium/install/synapse_msgs:/opt/ros/humble LD_LIBRARY_PATH=/home/apex/cognipilot/cranium/install/synapse_msgs/lib:${LD_LIBRARY_PATH} PYTHONPATH=/home/apex/cognipilot/cranium/install/synapse_msgs/local/lib/python3.10/dist-packages:${PYTHONPATH} /usr/bin/cmake --install /home/apex/cognipilot/cranium/build/corti
[90.605s] -- Install configuration: ""
[90.607s] -- Execute custom install script
[90.608s] -- Symlinking: /home/apex/cognipilot/cranium/install/corti/share/corti/environment/pythonpath.sh
[90.640s] -- Symlinking: /home/apex/cognipilot/cranium/install/corti/share/corti/environment/pythonpath.dsv
[90.666s] -- Symlinking: /home/apex/cognipilot/cranium/install/corti/local/lib/python3.10/dist-packages/corti-0.0.0-py3.10.egg-info/PKG-INFO
[90.693s] -- Symlinking: /home/apex/cognipilot/cranium/install/corti/local/lib/python3.10/dist-packages/corti-0.0.0-py3.10.egg-info/SOURCES.txt
[90.719s] -- Symlinking: /home/apex/cognipilot/cranium/install/corti/local/lib/python3.10/dist-packages/corti-0.0.0-py3.10.egg-info/dependency_links.txt
[90.747s] -- Symlinking: /home/apex/cognipilot/cranium/install/corti/local/lib/python3.10/dist-packages/corti-0.0.0-py3.10.egg-info/top_level.txt
[90.774s] -- Symlinking: /home/apex/cognipilot/cranium/install/corti/local/lib/python3.10/dist-packages/corti/SE2Lie.py
[90.798s] -- Symlinking: /home/apex/cognipilot/cranium/install/corti/local/lib/python3.10/dist-packages/corti/TimeOptBez.py
[90.826s] -- Symlinking: /home/apex/cognipilot/cranium/install/corti/local/lib/python3.10/dist-packages/corti/__init__.py
[90.848s] -- Symlinking: /home/apex/cognipilot/cranium/install/corti/local/lib/python3.10/dist-packages/corti/bezier_rover_planning.py
[90.878s] -- Symlinking: /home/apex/cognipilot/cranium/install/corti/local/lib/python3.10/dist-packages/corti/rover_control.py
[90.902s] -- Symlinking: /home/apex/cognipilot/cranium/install/corti/local/lib/python3.10/dist-packages/corti/rover_planning.py
[90.933s] -- Symlinking: /home/apex/cognipilot/cranium/install/corti/lib/corti/rover_planner
[90.956s] -- Symlinking: /home/apex/cognipilot/cranium/install/corti/lib/corti/odom_to_tf
[90.981s] -- Symlinking: /home/apex/cognipilot/cranium/install/corti/lib/corti/tf_to_odom
[91.013s] -- Symlinking: /home/apex/cognipilot/cranium/install/corti/share/corti/launch/corti.launch.py
[91.039s] -- Symlinking: /home/apex/cognipilot/cranium/install/corti/share/corti/launch/virtual_joy.launch.py
[91.064s] -- Symlinking: /home/apex/cognipilot/cranium/install/corti/lib/corti/virtual_joy.py
[91.088s] -- Symlinking: /home/apex/cognipilot/cranium/install/corti/lib/corti/rover_fixed_trajectory.py
[91.115s] -- Symlinking: /home/apex/cognipilot/cranium/install/corti/share/ament_index/resource_index/package_run_dependencies/corti
[91.144s] -- Symlinking: /home/apex/cognipilot/cranium/install/corti/share/ament_index/resource_index/parent_prefix_path/corti
[91.171s] -- Symlinking: /home/apex/cognipilot/cranium/install/corti/share/corti/environment/ament_prefix_path.sh
[91.197s] -- Symlinking: /home/apex/cognipilot/cranium/install/corti/share/corti/environment/ament_prefix_path.dsv
[91.224s] -- Symlinking: /home/apex/cognipilot/cranium/install/corti/share/corti/environment/path.sh
[91.252s] -- Symlinking: /home/apex/cognipilot/cranium/install/corti/share/corti/environment/path.dsv
[91.280s] -- Symlinking: /home/apex/cognipilot/cranium/install/corti/share/corti/local_setup.bash
[91.306s] -- Symlinking: /home/apex/cognipilot/cranium/install/corti/share/corti/local_setup.sh
[91.336s] -- Symlinking: /home/apex/cognipilot/cranium/install/corti/share/corti/local_setup.zsh
[91.365s] -- Symlinking: /home/apex/cognipilot/cranium/install/corti/share/corti/local_setup.dsv
[91.392s] -- Symlinking: /home/apex/cognipilot/cranium/install/corti/share/corti/package.dsv
[91.423s] -- Symlinking: /home/apex/cognipilot/cranium/install/corti/share/ament_index/resource_index/packages/corti
[91.454s] -- Symlinking: /home/apex/cognipilot/cranium/install/corti/share/corti/cmake/cortiConfig.cmake
[91.481s] -- Symlinking: /home/apex/cognipilot/cranium/install/corti/share/corti/cmake/cortiConfig-version.cmake
[91.509s] -- Symlinking: /home/apex/cognipilot/cranium/install/corti/share/corti/package.xml
[91.716s] Listing '/home/apex/cognipilot/cranium/install/corti/local/lib/python3.10/dist-packages/corti'...
[91.716s] Compiling '/home/apex/cognipilot/cranium/install/corti/local/lib/python3.10/dist-packages/corti/SE2Lie.py'...
[91.716s] Compiling '/home/apex/cognipilot/cranium/install/corti/local/lib/python3.10/dist-packages/corti/TimeOptBez.py'...
[91.717s] Compiling '/home/apex/cognipilot/cranium/install/corti/local/lib/python3.10/dist-packages/corti/__init__.py'...
[91.717s] Compiling '/home/apex/cognipilot/cranium/install/corti/local/lib/python3.10/dist-packages/corti/bezier_rover_planning.py'...
[91.717s] Compiling '/home/apex/cognipilot/cranium/install/corti/local/lib/python3.10/dist-packages/corti/rover_control.py'...
[91.717s] Compiling '/home/apex/cognipilot/cranium/install/corti/local/lib/python3.10/dist-packages/corti/rover_planning.py'...
[91.750s] Invoked command in '/home/apex/cognipilot/cranium/build/corti' returned '0': AMENT_PREFIX_PATH=/home/apex/cognipilot/cranium/install/synapse_msgs:${AMENT_PREFIX_PATH} CMAKE_PREFIX_PATH=/home/apex/cognipilot/cranium/install/synapse_msgs:/opt/ros/humble LD_LIBRARY_PATH=/home/apex/cognipilot/cranium/install/synapse_msgs/lib:${LD_LIBRARY_PATH} PYTHONPATH=/home/apex/cognipilot/cranium/install/synapse_msgs/local/lib/python3.10/dist-packages:${PYTHONPATH} /usr/bin/cmake --install /home/apex/cognipilot/cranium/build/corti
