[0.067s] Invoking command in '/home/apex/cognipilot/electrode/build/electrode': CMAKE_PREFIX_PATH=${CMAKE_PREFIX_PATH}:/home/apex/cognipilot/cranium/install/nxp_cup_vision:/opt/ros/humble /usr/bin/cmake --build /home/apex/cognipilot/electrode/build/electrode -- -j4 -l4
[0.190s] Invoked command in '/home/apex/cognipilot/electrode/build/electrode' returned '0': CMAKE_PREFIX_PATH=${CMAKE_PREFIX_PATH}:/home/apex/cognipilot/cranium/install/nxp_cup_vision:/opt/ros/humble /usr/bin/cmake --build /home/apex/cognipilot/electrode/build/electrode -- -j4 -l4
[0.266s] Invoking command in '/home/apex/cognipilot/electrode/build/electrode': CMAKE_PREFIX_PATH=${CMAKE_PREFIX_PATH}:/home/apex/cognipilot/cranium/install/nxp_cup_vision:/opt/ros/humble /usr/bin/cmake --install /home/apex/cognipilot/electrode/build/electrode
[0.283s] -- Install configuration: ""
[0.284s] -- Execute custom install script
[0.286s] -- Up-to-date symlink: /home/apex/cognipilot/electrode/install/electrode/share/electrode/launch/electrode.launch.py
[0.286s] -- Up-to-date symlink: /home/apex/cognipilot/electrode/install/electrode/share/electrode/config/b3rb.rviz
[0.287s] -- Up-to-date symlink: /home/apex/cognipilot/electrode/install/electrode/share/electrode/config/elm4s.rviz
[0.287s] -- Up-to-date symlink: /home/apex/cognipilot/electrode/install/electrode/share/electrode/config/melms.rviz
[0.287s] -- Up-to-date symlink: /home/apex/cognipilot/electrode/install/electrode/share/ament_index/resource_index/package_run_dependencies/electrode
[0.288s] -- Up-to-date symlink: /home/apex/cognipilot/electrode/install/electrode/share/ament_index/resource_index/parent_prefix_path/electrode
[0.289s] -- Up-to-date symlink: /home/apex/cognipilot/electrode/install/electrode/share/electrode/environment/ament_prefix_path.sh
[0.289s] -- Up-to-date symlink: /home/apex/cognipilot/electrode/install/electrode/share/electrode/environment/ament_prefix_path.dsv
[0.289s] -- Up-to-date symlink: /home/apex/cognipilot/electrode/install/electrode/share/electrode/environment/path.sh
[0.290s] -- Up-to-date symlink: /home/apex/cognipilot/electrode/install/electrode/share/electrode/environment/path.dsv
[0.290s] -- Up-to-date symlink: /home/apex/cognipilot/electrode/install/electrode/share/electrode/local_setup.bash
[0.290s] -- Up-to-date symlink: /home/apex/cognipilot/electrode/install/electrode/share/electrode/local_setup.sh
[0.291s] -- Up-to-date symlink: /home/apex/cognipilot/electrode/install/electrode/share/electrode/local_setup.zsh
[0.291s] -- Up-to-date symlink: /home/apex/cognipilot/electrode/install/electrode/share/electrode/local_setup.dsv
[0.291s] -- Symlinking: /home/apex/cognipilot/electrode/install/electrode/share/electrode/package.dsv
[0.313s] -- Up-to-date symlink: /home/apex/cognipilot/electrode/install/electrode/share/ament_index/resource_index/packages/electrode
[0.313s] -- Up-to-date symlink: /home/apex/cognipilot/electrode/install/electrode/share/electrode/cmake/electrodeConfig.cmake
[0.314s] -- Up-to-date symlink: /home/apex/cognipilot/electrode/install/electrode/share/electrode/cmake/electrodeConfig-version.cmake
[0.314s] -- Up-to-date symlink: /home/apex/cognipilot/electrode/install/electrode/share/electrode/package.xml
[0.319s] Invoked command in '/home/apex/cognipilot/electrode/build/electrode' returned '0': CMAKE_PREFIX_PATH=${CMAKE_PREFIX_PATH}:/home/apex/cognipilot/cranium/install/nxp_cup_vision:/opt/ros/humble /usr/bin/cmake --install /home/apex/cognipilot/electrode/build/electrode
