[0.044s] Invoking command in '/home/apex/cognipilot/cranium/build/b3rb_simulator': CMAKE_PREFIX_PATH=/home/apex/cognipilot/cranium/install/b3rb_gz_resource:/home/apex/cognipilot/cranium/install/b3rb_gz_bringup:/home/apex/cognipilot/cranium/install/synapse_ros:/home/apex/cognipilot/cranium/install/synapse_gz:/home/apex/cognipilot/cranium/install/synapse_tinyframe:/home/apex/cognipilot/cranium/install/synapse_protobuf:/home/apex/cognipilot/cranium/install/corti:/home/apex/cognipilot/cranium/install/synapse_msgs:/home/apex/cognipilot/cranium/install/dream_world:/home/apex/cognipilot/cranium/install/cerebri_bringup:/home/apex/cognipilot/cranium/install/b3rb_simulator:/home/apex/cognipilot/cranium/install/b3rb_desktop:/home/apex/cognipilot/cranium/install/b3rb_rviz:/home/apex/cognipilot/cranium/install/b3rb_nav2:/home/apex/cognipilot/cranium/install/b3rb_description:/opt/ros/humble /usr/bin/cmake --build /home/apex/cognipilot/cranium/build/b3rb_simulator -- -j4 -l4
[0.192s] Invoked command in '/home/apex/cognipilot/cranium/build/b3rb_simulator' returned '0': CMAKE_PREFIX_PATH=/home/apex/cognipilot/cranium/install/b3rb_gz_resource:/home/apex/cognipilot/cranium/install/b3rb_gz_bringup:/home/apex/cognipilot/cranium/install/synapse_ros:/home/apex/cognipilot/cranium/install/synapse_gz:/home/apex/cognipilot/cranium/install/synapse_tinyframe:/home/apex/cognipilot/cranium/install/synapse_protobuf:/home/apex/cognipilot/cranium/install/corti:/home/apex/cognipilot/cranium/install/synapse_msgs:/home/apex/cognipilot/cranium/install/dream_world:/home/apex/cognipilot/cranium/install/cerebri_bringup:/home/apex/cognipilot/cranium/install/b3rb_simulator:/home/apex/cognipilot/cranium/install/b3rb_desktop:/home/apex/cognipilot/cranium/install/b3rb_rviz:/home/apex/cognipilot/cranium/install/b3rb_nav2:/home/apex/cognipilot/cranium/install/b3rb_description:/opt/ros/humble /usr/bin/cmake --build /home/apex/cognipilot/cranium/build/b3rb_simulator -- -j4 -l4
[0.277s] Invoking command in '/home/apex/cognipilot/cranium/build/b3rb_simulator': CMAKE_PREFIX_PATH=/home/apex/cognipilot/cranium/install/b3rb_gz_resource:/home/apex/cognipilot/cranium/install/b3rb_gz_bringup:/home/apex/cognipilot/cranium/install/synapse_ros:/home/apex/cognipilot/cranium/install/synapse_gz:/home/apex/cognipilot/cranium/install/synapse_tinyframe:/home/apex/cognipilot/cranium/install/synapse_protobuf:/home/apex/cognipilot/cranium/install/corti:/home/apex/cognipilot/cranium/install/synapse_msgs:/home/apex/cognipilot/cranium/install/dream_world:/home/apex/cognipilot/cranium/install/cerebri_bringup:/home/apex/cognipilot/cranium/install/b3rb_simulator:/home/apex/cognipilot/cranium/install/b3rb_desktop:/home/apex/cognipilot/cranium/install/b3rb_rviz:/home/apex/cognipilot/cranium/install/b3rb_nav2:/home/apex/cognipilot/cranium/install/b3rb_description:/opt/ros/humble /usr/bin/cmake --install /home/apex/cognipilot/cranium/build/b3rb_simulator
[0.316s] -- Install configuration: ""
[0.334s] -- Execute custom install script
[0.334s] -- Up-to-date symlink: /home/apex/cognipilot/cranium/install/b3rb_simulator/share/ament_index/resource_index/package_run_dependencies/b3rb_simulator
[0.338s] -- Up-to-date symlink: /home/apex/cognipilot/cranium/install/b3rb_simulator/share/ament_index/resource_index/parent_prefix_path/b3rb_simulator
[0.339s] -- Up-to-date symlink: /home/apex/cognipilot/cranium/install/b3rb_simulator/share/b3rb_simulator/environment/ament_prefix_path.sh
[0.339s] -- Up-to-date symlink: /home/apex/cognipilot/cranium/install/b3rb_simulator/share/b3rb_simulator/environment/ament_prefix_path.dsv
[0.340s] -- Up-to-date symlink: /home/apex/cognipilot/cranium/install/b3rb_simulator/share/b3rb_simulator/environment/path.sh
[0.341s] -- Up-to-date symlink: /home/apex/cognipilot/cranium/install/b3rb_simulator/share/b3rb_simulator/environment/path.dsv
[0.342s] -- Up-to-date symlink: /home/apex/cognipilot/cranium/install/b3rb_simulator/share/b3rb_simulator/local_setup.bash
[0.343s] -- Up-to-date symlink: /home/apex/cognipilot/cranium/install/b3rb_simulator/share/b3rb_simulator/local_setup.sh
[0.344s] -- Up-to-date symlink: /home/apex/cognipilot/cranium/install/b3rb_simulator/share/b3rb_simulator/local_setup.zsh
[0.345s] -- Up-to-date symlink: /home/apex/cognipilot/cranium/install/b3rb_simulator/share/b3rb_simulator/local_setup.dsv
[0.347s] -- Symlinking: /home/apex/cognipilot/cranium/install/b3rb_simulator/share/b3rb_simulator/package.dsv
[0.356s] -- Up-to-date symlink: /home/apex/cognipilot/cranium/install/b3rb_simulator/share/ament_index/resource_index/packages/b3rb_simulator
[0.357s] -- Up-to-date symlink: /home/apex/cognipilot/cranium/install/b3rb_simulator/share/b3rb_simulator/cmake/b3rb_simulatorConfig.cmake
[0.358s] -- Up-to-date symlink: /home/apex/cognipilot/cranium/install/b3rb_simulator/share/b3rb_simulator/cmake/b3rb_simulatorConfig-version.cmake
[0.359s] -- Up-to-date symlink: /home/apex/cognipilot/cranium/install/b3rb_simulator/share/b3rb_simulator/package.xml
[0.409s] Invoked command in '/home/apex/cognipilot/cranium/build/b3rb_simulator' returned '0': CMAKE_PREFIX_PATH=/home/apex/cognipilot/cranium/install/b3rb_gz_resource:/home/apex/cognipilot/cranium/install/b3rb_gz_bringup:/home/apex/cognipilot/cranium/install/synapse_ros:/home/apex/cognipilot/cranium/install/synapse_gz:/home/apex/cognipilot/cranium/install/synapse_tinyframe:/home/apex/cognipilot/cranium/install/synapse_protobuf:/home/apex/cognipilot/cranium/install/corti:/home/apex/cognipilot/cranium/install/synapse_msgs:/home/apex/cognipilot/cranium/install/dream_world:/home/apex/cognipilot/cranium/install/cerebri_bringup:/home/apex/cognipilot/cranium/install/b3rb_simulator:/home/apex/cognipilot/cranium/install/b3rb_desktop:/home/apex/cognipilot/cranium/install/b3rb_rviz:/home/apex/cognipilot/cranium/install/b3rb_nav2:/home/apex/cognipilot/cranium/install/b3rb_description:/opt/ros/humble /usr/bin/cmake --install /home/apex/cognipilot/cranium/build/b3rb_simulator
