[0.063s] Invoking command in '/home/apex/cognipilot/cranium/build/corti': CMAKE_PREFIX_PATH=/home/apex/cognipilot/cranium/install/synapse_msgs:/home/apex/cognipilot/cranium/install/synapse_ros:/home/apex/cognipilot/cranium/install/synapse_gz:/home/apex/cognipilot/cranium/install/synapse_tinyframe:/home/apex/cognipilot/cranium/install/synapse_protobuf:/home/apex/cognipilot/cranium/install/corti:/home/apex/cognipilot/cranium/install/dream_world:/home/apex/cognipilot/cranium/install/cerebri_bringup:/home/apex/cognipilot/cranium/install/b3rb_simulator:/home/apex/cognipilot/cranium/install/b3rb_desktop:/home/apex/cognipilot/cranium/install/b3rb_rviz:/home/apex/cognipilot/cranium/install/b3rb_nav2:/home/apex/cognipilot/cranium/install/b3rb_gz_resource:/home/apex/cognipilot/cranium/install/b3rb_gz_bringup:/home/apex/cognipilot/cranium/install/b3rb_description:/opt/ros/humble LD_LIBRARY_PATH=/home/apex/cognipilot/cranium/install/synapse_msgs/lib:/home/apex/cognipilot/cranium/install/synapse_tinyframe/lib:/home/apex/cognipilot/cranium/install/synapse_protobuf/lib:/opt/ros/humble/opt/rviz_ogre_vendor/lib:/opt/ros/humble/lib/x86_64-linux-gnu:/opt/ros/humble/lib /usr/bin/cmake --build /home/apex/cognipilot/cranium/build/corti -- -j4 -l4
[0.209s] [ 25%] Built target bezier6
[0.225s] [ 50%] Built target tf_to_odom
[0.228s] [ 75%] Built target odom_to_tf
[0.235s] [ 75%] Built target ament_cmake_python_symlink_corti
[0.297s] [100%] Built target rover_planner
[0.847s] running egg_info
[0.848s] writing corti.egg-info/PKG-INFO
[0.849s] writing dependency_links to corti.egg-info/dependency_links.txt
[0.850s] writing top-level names to corti.egg-info/top_level.txt
[0.855s] reading manifest file 'corti.egg-info/SOURCES.txt'
[0.857s] writing manifest file 'corti.egg-info/SOURCES.txt'
[0.953s] [100%] Built target ament_cmake_python_build_corti_egg
[0.977s] Invoked command in '/home/apex/cognipilot/cranium/build/corti' returned '0': CMAKE_PREFIX_PATH=/home/apex/cognipilot/cranium/install/synapse_msgs:/home/apex/cognipilot/cranium/install/synapse_ros:/home/apex/cognipilot/cranium/install/synapse_gz:/home/apex/cognipilot/cranium/install/synapse_tinyframe:/home/apex/cognipilot/cranium/install/synapse_protobuf:/home/apex/cognipilot/cranium/install/corti:/home/apex/cognipilot/cranium/install/dream_world:/home/apex/cognipilot/cranium/install/cerebri_bringup:/home/apex/cognipilot/cranium/install/b3rb_simulator:/home/apex/cognipilot/cranium/install/b3rb_desktop:/home/apex/cognipilot/cranium/install/b3rb_rviz:/home/apex/cognipilot/cranium/install/b3rb_nav2:/home/apex/cognipilot/cranium/install/b3rb_gz_resource:/home/apex/cognipilot/cranium/install/b3rb_gz_bringup:/home/apex/cognipilot/cranium/install/b3rb_description:/opt/ros/humble LD_LIBRARY_PATH=/home/apex/cognipilot/cranium/install/synapse_msgs/lib:/home/apex/cognipilot/cranium/install/synapse_tinyframe/lib:/home/apex/cognipilot/cranium/install/synapse_protobuf/lib:/opt/ros/humble/opt/rviz_ogre_vendor/lib:/opt/ros/humble/lib/x86_64-linux-gnu:/opt/ros/humble/lib /usr/bin/cmake --build /home/apex/cognipilot/cranium/build/corti -- -j4 -l4
[1.062s] Invoking command in '/home/apex/cognipilot/cranium/build/corti': CMAKE_PREFIX_PATH=/home/apex/cognipilot/cranium/install/synapse_msgs:/home/apex/cognipilot/cranium/install/synapse_ros:/home/apex/cognipilot/cranium/install/synapse_gz:/home/apex/cognipilot/cranium/install/synapse_tinyframe:/home/apex/cognipilot/cranium/install/synapse_protobuf:/home/apex/cognipilot/cranium/install/corti:/home/apex/cognipilot/cranium/install/dream_world:/home/apex/cognipilot/cranium/install/cerebri_bringup:/home/apex/cognipilot/cranium/install/b3rb_simulator:/home/apex/cognipilot/cranium/install/b3rb_desktop:/home/apex/cognipilot/cranium/install/b3rb_rviz:/home/apex/cognipilot/cranium/install/b3rb_nav2:/home/apex/cognipilot/cranium/install/b3rb_gz_resource:/home/apex/cognipilot/cranium/install/b3rb_gz_bringup:/home/apex/cognipilot/cranium/install/b3rb_description:/opt/ros/humble LD_LIBRARY_PATH=/home/apex/cognipilot/cranium/install/synapse_msgs/lib:/home/apex/cognipilot/cranium/install/synapse_tinyframe/lib:/home/apex/cognipilot/cranium/install/synapse_protobuf/lib:/opt/ros/humble/opt/rviz_ogre_vendor/lib:/opt/ros/humble/lib/x86_64-linux-gnu:/opt/ros/humble/lib /usr/bin/cmake --install /home/apex/cognipilot/cranium/build/corti
[1.077s] -- Install configuration: ""
[1.078s] -- Execute custom install script
[1.079s] -- Up-to-date symlink: /home/apex/cognipilot/cranium/install/corti/share/corti/environment/pythonpath.sh
[1.079s] -- Up-to-date symlink: /home/apex/cognipilot/cranium/install/corti/share/corti/environment/pythonpath.dsv
[1.080s] -- Up-to-date symlink: /home/apex/cognipilot/cranium/install/corti/local/lib/python3.10/dist-packages/corti-0.0.0-py3.10.egg-info/PKG-INFO
[1.081s] -- Up-to-date symlink: /home/apex/cognipilot/cranium/install/corti/local/lib/python3.10/dist-packages/corti-0.0.0-py3.10.egg-info/SOURCES.txt
[1.081s] -- Up-to-date symlink: /home/apex/cognipilot/cranium/install/corti/local/lib/python3.10/dist-packages/corti-0.0.0-py3.10.egg-info/dependency_links.txt
[1.082s] -- Up-to-date symlink: /home/apex/cognipilot/cranium/install/corti/local/lib/python3.10/dist-packages/corti-0.0.0-py3.10.egg-info/top_level.txt
[1.083s] -- Up-to-date symlink: /home/apex/cognipilot/cranium/install/corti/local/lib/python3.10/dist-packages/corti/SE2Lie.py
[1.083s] -- Up-to-date symlink: /home/apex/cognipilot/cranium/install/corti/local/lib/python3.10/dist-packages/corti/TimeOptBez.py
[1.083s] -- Up-to-date symlink: /home/apex/cognipilot/cranium/install/corti/local/lib/python3.10/dist-packages/corti/__init__.py
[1.084s] -- Up-to-date symlink: /home/apex/cognipilot/cranium/install/corti/local/lib/python3.10/dist-packages/corti/bezier_rover_planning.py
[1.084s] -- Up-to-date symlink: /home/apex/cognipilot/cranium/install/corti/local/lib/python3.10/dist-packages/corti/rover_control.py
[1.084s] -- Up-to-date symlink: /home/apex/cognipilot/cranium/install/corti/local/lib/python3.10/dist-packages/corti/rover_planning.py
[1.085s] -- Up-to-date symlink: /home/apex/cognipilot/cranium/install/corti/lib/corti/rover_planner
[1.085s] -- Up-to-date symlink: /home/apex/cognipilot/cranium/install/corti/lib/corti/odom_to_tf
[1.086s] -- Up-to-date symlink: /home/apex/cognipilot/cranium/install/corti/lib/corti/tf_to_odom
[1.087s] -- Up-to-date symlink: /home/apex/cognipilot/cranium/install/corti/share/corti/launch/corti.launch.py
[1.087s] -- Up-to-date symlink: /home/apex/cognipilot/cranium/install/corti/share/corti/launch/virtual_joy.launch.py
[1.088s] -- Up-to-date symlink: /home/apex/cognipilot/cranium/install/corti/lib/corti/virtual_joy.py
[1.088s] -- Up-to-date symlink: /home/apex/cognipilot/cranium/install/corti/lib/corti/rover_fixed_trajectory.py
[1.089s] -- Up-to-date symlink: /home/apex/cognipilot/cranium/install/corti/share/ament_index/resource_index/package_run_dependencies/corti
[1.089s] -- Up-to-date symlink: /home/apex/cognipilot/cranium/install/corti/share/ament_index/resource_index/parent_prefix_path/corti
[1.090s] -- Up-to-date symlink: /home/apex/cognipilot/cranium/install/corti/share/corti/environment/ament_prefix_path.sh
[1.090s] -- Up-to-date symlink: /home/apex/cognipilot/cranium/install/corti/share/corti/environment/ament_prefix_path.dsv
[1.091s] -- Up-to-date symlink: /home/apex/cognipilot/cranium/install/corti/share/corti/environment/path.sh
[1.092s] -- Up-to-date symlink: /home/apex/cognipilot/cranium/install/corti/share/corti/environment/path.dsv
[1.093s] -- Up-to-date symlink: /home/apex/cognipilot/cranium/install/corti/share/corti/local_setup.bash
[1.094s] -- Up-to-date symlink: /home/apex/cognipilot/cranium/install/corti/share/corti/local_setup.sh
[1.095s] -- Up-to-date symlink: /home/apex/cognipilot/cranium/install/corti/share/corti/local_setup.zsh
[1.095s] -- Up-to-date symlink: /home/apex/cognipilot/cranium/install/corti/share/corti/local_setup.dsv
[1.095s] -- Symlinking: /home/apex/cognipilot/cranium/install/corti/share/corti/package.dsv
[1.114s] -- Up-to-date symlink: /home/apex/cognipilot/cranium/install/corti/share/ament_index/resource_index/packages/corti
[1.114s] -- Up-to-date symlink: /home/apex/cognipilot/cranium/install/corti/share/corti/cmake/cortiConfig.cmake
[1.115s] -- Up-to-date symlink: /home/apex/cognipilot/cranium/install/corti/share/corti/cmake/cortiConfig-version.cmake
[1.115s] -- Up-to-date symlink: /home/apex/cognipilot/cranium/install/corti/share/corti/package.xml
[1.192s] Listing '/home/apex/cognipilot/cranium/install/corti/local/lib/python3.10/dist-packages/corti'...
[1.216s] Invoked command in '/home/apex/cognipilot/cranium/build/corti' returned '0': CMAKE_PREFIX_PATH=/home/apex/cognipilot/cranium/install/synapse_msgs:/home/apex/cognipilot/cranium/install/synapse_ros:/home/apex/cognipilot/cranium/install/synapse_gz:/home/apex/cognipilot/cranium/install/synapse_tinyframe:/home/apex/cognipilot/cranium/install/synapse_protobuf:/home/apex/cognipilot/cranium/install/corti:/home/apex/cognipilot/cranium/install/dream_world:/home/apex/cognipilot/cranium/install/cerebri_bringup:/home/apex/cognipilot/cranium/install/b3rb_simulator:/home/apex/cognipilot/cranium/install/b3rb_desktop:/home/apex/cognipilot/cranium/install/b3rb_rviz:/home/apex/cognipilot/cranium/install/b3rb_nav2:/home/apex/cognipilot/cranium/install/b3rb_gz_resource:/home/apex/cognipilot/cranium/install/b3rb_gz_bringup:/home/apex/cognipilot/cranium/install/b3rb_description:/opt/ros/humble LD_LIBRARY_PATH=/home/apex/cognipilot/cranium/install/synapse_msgs/lib:/home/apex/cognipilot/cranium/install/synapse_tinyframe/lib:/home/apex/cognipilot/cranium/install/synapse_protobuf/lib:/opt/ros/humble/opt/rviz_ogre_vendor/lib:/opt/ros/humble/lib/x86_64-linux-gnu:/opt/ros/humble/lib /usr/bin/cmake --install /home/apex/cognipilot/cranium/build/corti
