[0.043s] Invoking command in '/home/apex/cognipilot/cranium/build/b3rb_description': CMAKE_PREFIX_PATH=${CMAKE_PREFIX_PATH}:/opt/ros/humble /usr/bin/cmake --build /home/apex/cognipilot/cranium/build/b3rb_description -- -j4 -l4
[0.179s] Invoked command in '/home/apex/cognipilot/cranium/build/b3rb_description' returned '0': CMAKE_PREFIX_PATH=${CMAKE_PREFIX_PATH}:/opt/ros/humble /usr/bin/cmake --build /home/apex/cognipilot/cranium/build/b3rb_description -- -j4 -l4
[0.273s] Invoking command in '/home/apex/cognipilot/cranium/build/b3rb_description': CMAKE_PREFIX_PATH=${CMAKE_PREFIX_PATH}:/opt/ros/humble /usr/bin/cmake --install /home/apex/cognipilot/cranium/build/b3rb_description
[0.297s] -- Install configuration: ""
[0.299s] -- Execute custom install script
[0.300s] -- Up-to-date symlink: /home/apex/cognipilot/cranium/install/b3rb_description/share/b3rb_description/launch/robot_description.launch.py
[0.302s] -- Up-to-date symlink: /home/apex/cognipilot/cranium/install/b3rb_description/share/b3rb_description/meshes/STL27L.dae
[0.303s] -- Up-to-date symlink: /home/apex/cognipilot/cranium/install/b3rb_description/share/b3rb_description/meshes/b3rb.dae
[0.303s] -- Up-to-date symlink: /home/apex/cognipilot/cranium/install/b3rb_description/share/b3rb_description/meshes/wheel.dae
[0.304s] -- Up-to-date symlink: /home/apex/cognipilot/cranium/install/b3rb_description/share/b3rb_description/urdf/b3rb.urdf
[0.304s] -- Up-to-date symlink: /home/apex/cognipilot/cranium/install/b3rb_description/share/ament_index/resource_index/package_run_dependencies/b3rb_description
[0.305s] -- Up-to-date symlink: /home/apex/cognipilot/cranium/install/b3rb_description/share/ament_index/resource_index/parent_prefix_path/b3rb_description
[0.305s] -- Up-to-date symlink: /home/apex/cognipilot/cranium/install/b3rb_description/share/b3rb_description/environment/ament_prefix_path.sh
[0.306s] -- Up-to-date symlink: /home/apex/cognipilot/cranium/install/b3rb_description/share/b3rb_description/environment/ament_prefix_path.dsv
[0.306s] -- Up-to-date symlink: /home/apex/cognipilot/cranium/install/b3rb_description/share/b3rb_description/environment/path.sh
[0.307s] -- Up-to-date symlink: /home/apex/cognipilot/cranium/install/b3rb_description/share/b3rb_description/environment/path.dsv
[0.308s] -- Up-to-date symlink: /home/apex/cognipilot/cranium/install/b3rb_description/share/b3rb_description/local_setup.bash
[0.308s] -- Up-to-date symlink: /home/apex/cognipilot/cranium/install/b3rb_description/share/b3rb_description/local_setup.sh
[0.309s] -- Up-to-date symlink: /home/apex/cognipilot/cranium/install/b3rb_description/share/b3rb_description/local_setup.zsh
[0.309s] -- Up-to-date symlink: /home/apex/cognipilot/cranium/install/b3rb_description/share/b3rb_description/local_setup.dsv
[0.309s] -- Symlinking: /home/apex/cognipilot/cranium/install/b3rb_description/share/b3rb_description/package.dsv
[0.337s] -- Up-to-date symlink: /home/apex/cognipilot/cranium/install/b3rb_description/share/ament_index/resource_index/packages/b3rb_description
[0.338s] -- Up-to-date symlink: /home/apex/cognipilot/cranium/install/b3rb_description/share/b3rb_description/cmake/b3rb_descriptionConfig.cmake
[0.338s] -- Up-to-date symlink: /home/apex/cognipilot/cranium/install/b3rb_description/share/b3rb_description/cmake/b3rb_descriptionConfig-version.cmake
[0.339s] -- Up-to-date symlink: /home/apex/cognipilot/cranium/install/b3rb_description/share/b3rb_description/package.xml
[0.430s] Invoked command in '/home/apex/cognipilot/cranium/build/b3rb_description' returned '0': CMAKE_PREFIX_PATH=${CMAKE_PREFIX_PATH}:/opt/ros/humble /usr/bin/cmake --install /home/apex/cognipilot/cranium/build/b3rb_description
