[0.045s] Invoking command in '/home/apex/cognipilot/cranium/build/b3rb_gz_resource': CMAKE_PREFIX_PATH=/opt/ros/humble /usr/bin/cmake /home/apex/cognipilot/cranium/src/b3rb_simulator/b3rb_gz_resource -DAMENT_CMAKE_SYMLINK_INSTALL=1 -DCMAKE_INSTALL_PREFIX=/home/apex/cognipilot/cranium/install/b3rb_gz_resource
[0.258s] -- The C compiler identification is GNU 11.4.0
[0.406s] -- The CXX compiler identification is GNU 11.4.0
[0.422s] -- Detecting C compiler ABI info
[0.587s] -- Detecting C compiler ABI info - done
[0.616s] -- Check for working C compiler: /usr/bin/cc - skipped
[0.617s] -- Detecting C compile features
[0.618s] -- Detecting C compile features - done
[0.624s] -- Detecting CXX compiler ABI info
[0.822s] -- Detecting CXX compiler ABI info - done
[0.859s] -- Check for working CXX compiler: /usr/bin/c++ - skipped
[0.860s] -- Detecting CXX compile features
[0.862s] -- Detecting CXX compile features - done
[0.870s] -- Found ament_cmake: 1.3.8 (/opt/ros/humble/share/ament_cmake/cmake)
[1.276s] -- Found Python3: /usr/bin/python3 (found version "3.10.12") found components: Interpreter 
[1.437s] -- Override CMake install command with custom implementation using symlinks instead of copying resources
[1.504s] -- Found ament_lint_auto: 0.12.10 (/opt/ros/humble/share/ament_lint_auto/cmake)
[1.725s] -- Added test 'copyright' to check source files copyright and LICENSE
[1.731s] -- Added test 'lint_cmake' to check CMake code style
[1.735s] -- Added test 'xmllint' to check XML markup files
[1.738s] -- Configuring done
[1.745s] -- Generating done
[1.747s] -- Build files have been written to: /home/apex/cognipilot/cranium/build/b3rb_gz_resource
[1.759s] Invoked command in '/home/apex/cognipilot/cranium/build/b3rb_gz_resource' returned '0': CMAKE_PREFIX_PATH=/opt/ros/humble /usr/bin/cmake /home/apex/cognipilot/cranium/src/b3rb_simulator/b3rb_gz_resource -DAMENT_CMAKE_SYMLINK_INSTALL=1 -DCMAKE_INSTALL_PREFIX=/home/apex/cognipilot/cranium/install/b3rb_gz_resource
[1.764s] Invoking command in '/home/apex/cognipilot/cranium/build/b3rb_gz_resource': CMAKE_PREFIX_PATH=/opt/ros/humble /usr/bin/cmake --build /home/apex/cognipilot/cranium/build/b3rb_gz_resource -- -j4 -l4
[1.856s] Invoked command in '/home/apex/cognipilot/cranium/build/b3rb_gz_resource' returned '0': CMAKE_PREFIX_PATH=/opt/ros/humble /usr/bin/cmake --build /home/apex/cognipilot/cranium/build/b3rb_gz_resource -- -j4 -l4
[1.908s] Invoking command in '/home/apex/cognipilot/cranium/build/b3rb_gz_resource': CMAKE_PREFIX_PATH=/opt/ros/humble /usr/bin/cmake --install /home/apex/cognipilot/cranium/build/b3rb_gz_resource
[1.926s] -- Install configuration: ""
[1.927s] -- Execute custom install script
[1.929s] -- Symlinking: /home/apex/cognipilot/cranium/install/b3rb_gz_resource/share/b3rb_gz_resource/models/b3rb/materials/textures/CogniPilot.png
[1.947s] -- Symlinking: /home/apex/cognipilot/cranium/install/b3rb_gz_resource/share/b3rb_gz_resource/models/b3rb/materials/textures/NXP.png
[1.968s] -- Symlinking: /home/apex/cognipilot/cranium/install/b3rb_gz_resource/share/b3rb_gz_resource/models/b3rb/meshes/STL27L.dae
[1.990s] -- Symlinking: /home/apex/cognipilot/cranium/install/b3rb_gz_resource/share/b3rb_gz_resource/models/b3rb/meshes/b3rb.dae
[2.013s] -- Symlinking: /home/apex/cognipilot/cranium/install/b3rb_gz_resource/share/b3rb_gz_resource/models/b3rb/meshes/wheel.dae
[2.035s] -- Symlinking: /home/apex/cognipilot/cranium/install/b3rb_gz_resource/share/b3rb_gz_resource/models/b3rb/model.config
[2.052s] -- Symlinking: /home/apex/cognipilot/cranium/install/b3rb_gz_resource/share/b3rb_gz_resource/models/b3rb/model.sdf
[2.072s] -- Symlinking: /home/apex/cognipilot/cranium/install/b3rb_gz_resource/share/b3rb_gz_resource/environment/b3rb_gz_resource.dsv
[2.092s] -- Symlinking: /home/apex/cognipilot/cranium/install/b3rb_gz_resource/share/ament_index/resource_index/package_run_dependencies/b3rb_gz_resource
[2.114s] -- Symlinking: /home/apex/cognipilot/cranium/install/b3rb_gz_resource/share/ament_index/resource_index/parent_prefix_path/b3rb_gz_resource
[2.134s] -- Symlinking: /home/apex/cognipilot/cranium/install/b3rb_gz_resource/share/b3rb_gz_resource/environment/ament_prefix_path.sh
[2.155s] -- Symlinking: /home/apex/cognipilot/cranium/install/b3rb_gz_resource/share/b3rb_gz_resource/environment/ament_prefix_path.dsv
[2.176s] -- Symlinking: /home/apex/cognipilot/cranium/install/b3rb_gz_resource/share/b3rb_gz_resource/environment/path.sh
[2.197s] -- Symlinking: /home/apex/cognipilot/cranium/install/b3rb_gz_resource/share/b3rb_gz_resource/environment/path.dsv
[2.227s] -- Symlinking: /home/apex/cognipilot/cranium/install/b3rb_gz_resource/share/b3rb_gz_resource/local_setup.bash
[2.251s] -- Symlinking: /home/apex/cognipilot/cranium/install/b3rb_gz_resource/share/b3rb_gz_resource/local_setup.sh
[2.272s] -- Symlinking: /home/apex/cognipilot/cranium/install/b3rb_gz_resource/share/b3rb_gz_resource/local_setup.zsh
[2.295s] -- Symlinking: /home/apex/cognipilot/cranium/install/b3rb_gz_resource/share/b3rb_gz_resource/local_setup.dsv
[2.320s] -- Symlinking: /home/apex/cognipilot/cranium/install/b3rb_gz_resource/share/b3rb_gz_resource/package.dsv
[2.342s] -- Symlinking: /home/apex/cognipilot/cranium/install/b3rb_gz_resource/share/ament_index/resource_index/packages/b3rb_gz_resource
[2.362s] -- Symlinking: /home/apex/cognipilot/cranium/install/b3rb_gz_resource/share/b3rb_gz_resource/cmake/b3rb_gz_resourceConfig.cmake
[2.383s] -- Symlinking: /home/apex/cognipilot/cranium/install/b3rb_gz_resource/share/b3rb_gz_resource/cmake/b3rb_gz_resourceConfig-version.cmake
[2.411s] -- Symlinking: /home/apex/cognipilot/cranium/install/b3rb_gz_resource/share/b3rb_gz_resource/package.xml
[2.439s] Invoked command in '/home/apex/cognipilot/cranium/build/b3rb_gz_resource' returned '0': CMAKE_PREFIX_PATH=/opt/ros/humble /usr/bin/cmake --install /home/apex/cognipilot/cranium/build/b3rb_gz_resource
