[0.062s] Invoking command in '/home/apex/cognipilot/electrode/build/electrode': CMAKE_PREFIX_PATH=${CMAKE_PREFIX_PATH}:/opt/ros/humble /usr/bin/cmake /home/apex/cognipilot/electrode/src/electrode -DAMENT_CMAKE_SYMLINK_INSTALL=1 -DCMAKE_INSTALL_PREFIX=/home/apex/cognipilot/electrode/install/electrode
[0.241s] -- The C compiler identification is GNU 11.4.0
[0.401s] -- The CXX compiler identification is GNU 11.4.0
[0.426s] -- Detecting C compiler ABI info
[0.597s] -- Detecting C compiler ABI info - done
[0.613s] -- Check for working C compiler: /usr/bin/cc - skipped
[0.613s] -- Detecting C compile features
[0.614s] -- Detecting C compile features - done
[0.620s] -- Detecting CXX compiler ABI info
[0.804s] -- Detecting CXX compiler ABI info - done
[0.843s] -- Check for working CXX compiler: /usr/bin/c++ - skipped
[0.844s] -- Detecting CXX compile features
[0.846s] -- Detecting CXX compile features - done
[0.879s] -- Found ament_cmake: 1.3.8 (/opt/ros/humble/share/ament_cmake/cmake)
[1.349s] -- Found Python3: /usr/bin/python3 (found version "3.10.12") found components: Interpreter 
[1.515s] -- Override CMake install command with custom implementation using symlinks instead of copying resources
[1.599s] -- Found ament_lint_auto: 0.12.10 (/opt/ros/humble/share/ament_lint_auto/cmake)
[1.860s] -- Added test 'flake8' to check Python code syntax and style conventions
[1.863s] -- Added test 'lint_cmake' to check CMake code style
[1.866s] -- Added test 'pep257' to check Python code against some of the docstring style conventions in PEP 257
[1.873s] -- Added test 'xmllint' to check XML markup files
[1.877s] -- Configuring done
[1.883s] -- Generating done
[1.886s] -- Build files have been written to: /home/apex/cognipilot/electrode/build/electrode
[1.899s] Invoked command in '/home/apex/cognipilot/electrode/build/electrode' returned '0': CMAKE_PREFIX_PATH=${CMAKE_PREFIX_PATH}:/opt/ros/humble /usr/bin/cmake /home/apex/cognipilot/electrode/src/electrode -DAMENT_CMAKE_SYMLINK_INSTALL=1 -DCMAKE_INSTALL_PREFIX=/home/apex/cognipilot/electrode/install/electrode
[1.904s] Invoking command in '/home/apex/cognipilot/electrode/build/electrode': CMAKE_PREFIX_PATH=${CMAKE_PREFIX_PATH}:/opt/ros/humble /usr/bin/cmake --build /home/apex/cognipilot/electrode/build/electrode -- -j4 -l4
[2.010s] Invoked command in '/home/apex/cognipilot/electrode/build/electrode' returned '0': CMAKE_PREFIX_PATH=${CMAKE_PREFIX_PATH}:/opt/ros/humble /usr/bin/cmake --build /home/apex/cognipilot/electrode/build/electrode -- -j4 -l4
[2.099s] Invoking command in '/home/apex/cognipilot/electrode/build/electrode': CMAKE_PREFIX_PATH=${CMAKE_PREFIX_PATH}:/opt/ros/humble /usr/bin/cmake --install /home/apex/cognipilot/electrode/build/electrode
[2.114s] -- Install configuration: ""
[2.115s] -- Execute custom install script
[2.117s] -- Symlinking: /home/apex/cognipilot/electrode/install/electrode/share/electrode/launch/electrode.launch.py
[2.136s] -- Symlinking: /home/apex/cognipilot/electrode/install/electrode/share/electrode/config/b3rb.rviz
[2.157s] -- Symlinking: /home/apex/cognipilot/electrode/install/electrode/share/electrode/config/elm4s.rviz
[2.175s] -- Symlinking: /home/apex/cognipilot/electrode/install/electrode/share/electrode/config/melms.rviz
[2.194s] -- Symlinking: /home/apex/cognipilot/electrode/install/electrode/share/ament_index/resource_index/package_run_dependencies/electrode
[2.214s] -- Symlinking: /home/apex/cognipilot/electrode/install/electrode/share/ament_index/resource_index/parent_prefix_path/electrode
[2.233s] -- Symlinking: /home/apex/cognipilot/electrode/install/electrode/share/electrode/environment/ament_prefix_path.sh
[2.254s] -- Symlinking: /home/apex/cognipilot/electrode/install/electrode/share/electrode/environment/ament_prefix_path.dsv
[2.273s] -- Symlinking: /home/apex/cognipilot/electrode/install/electrode/share/electrode/environment/path.sh
[2.291s] -- Symlinking: /home/apex/cognipilot/electrode/install/electrode/share/electrode/environment/path.dsv
[2.310s] -- Symlinking: /home/apex/cognipilot/electrode/install/electrode/share/electrode/local_setup.bash
[2.328s] -- Symlinking: /home/apex/cognipilot/electrode/install/electrode/share/electrode/local_setup.sh
[2.350s] -- Symlinking: /home/apex/cognipilot/electrode/install/electrode/share/electrode/local_setup.zsh
[2.367s] -- Symlinking: /home/apex/cognipilot/electrode/install/electrode/share/electrode/local_setup.dsv
[2.386s] -- Symlinking: /home/apex/cognipilot/electrode/install/electrode/share/electrode/package.dsv
[2.405s] -- Symlinking: /home/apex/cognipilot/electrode/install/electrode/share/ament_index/resource_index/packages/electrode
[2.423s] -- Symlinking: /home/apex/cognipilot/electrode/install/electrode/share/electrode/cmake/electrodeConfig.cmake
[2.446s] -- Symlinking: /home/apex/cognipilot/electrode/install/electrode/share/electrode/cmake/electrodeConfig-version.cmake
[2.467s] -- Symlinking: /home/apex/cognipilot/electrode/install/electrode/share/electrode/package.xml
[2.490s] Invoked command in '/home/apex/cognipilot/electrode/build/electrode' returned '0': CMAKE_PREFIX_PATH=${CMAKE_PREFIX_PATH}:/opt/ros/humble /usr/bin/cmake --install /home/apex/cognipilot/electrode/build/electrode
