[0.220s] Invoking command in '/home/apex/cognipilot/cranium/build/synapse_msgs': CMAKE_PREFIX_PATH=${CMAKE_PREFIX_PATH}:/home/apex/cognipilot/cranium/install/nxp_cup_vision:/opt/ros/humble /usr/bin/cmake --build /home/apex/cognipilot/cranium/build/synapse_msgs -- -j4 -l4
[0.953s] [  0%] Built target ament_cmake_python_symlink_synapse_msgs
[0.993s] [  1%] Built target synapse_msgs__cpp
[1.161s] [35m[1mConsolidate compiler generated dependencies of target synapse_msgs__rosidl_generator_c[0m
[1.440s] [ 12%] Built target synapse_msgs__rosidl_generator_c
[1.443s] [35m[1mConsolidate compiler generated dependencies of target synapse_msgs__rosidl_typesupport_cpp[0m
[1.469s] [35m[1mConsolidate compiler generated dependencies of target synapse_msgs__rosidl_typesupport_fastrtps_cpp[0m
[1.548s] [ 23%] Built target synapse_msgs__rosidl_typesupport_fastrtps_cpp
[1.550s] [ 34%] Built target synapse_msgs__rosidl_typesupport_cpp
[1.690s] [35m[1mConsolidate compiler generated dependencies of target synapse_msgs__rosidl_typesupport_introspection_cpp[0m
[1.785s] [ 45%] Built target synapse_msgs__rosidl_typesupport_introspection_cpp
[1.825s] [35m[1mConsolidate compiler generated dependencies of target synapse_msgs__rosidl_typesupport_introspection_c[0m
[1.832s] [35m[1mConsolidate compiler generated dependencies of target synapse_msgs__rosidl_typesupport_fastrtps_c[0m
[1.870s] [ 56%] Built target synapse_msgs__rosidl_typesupport_introspection_c
[1.884s] [ 67%] Built target synapse_msgs__rosidl_typesupport_fastrtps_c
[2.094s] running egg_info
[2.097s] writing synapse_msgs.egg-info/PKG-INFO
[2.098s] writing dependency_links to synapse_msgs.egg-info/dependency_links.txt
[2.099s] writing top-level names to synapse_msgs.egg-info/top_level.txt
[2.323s] reading manifest file 'synapse_msgs.egg-info/SOURCES.txt'
[2.345s] writing manifest file 'synapse_msgs.egg-info/SOURCES.txt'
[2.424s] [35m[1mConsolidate compiler generated dependencies of target synapse_msgs__rosidl_typesupport_c[0m
[2.467s] [ 78%] Built target synapse_msgs__rosidl_typesupport_c
[2.482s] [ 78%] Built target ament_cmake_python_build_synapse_msgs_egg
[2.568s] [ 78%] Built target synapse_msgs
[2.680s] [ 80%] Built target synapse_msgs__py
[2.811s] [35m[1mConsolidate compiler generated dependencies of target synapse_msgs__rosidl_generator_py[0m
[2.915s] [ 89%] Built target synapse_msgs__rosidl_generator_py
[2.992s] [35m[1mConsolidate compiler generated dependencies of target synapse_msgs__rosidl_typesupport_fastrtps_c__pyext[0m
[2.992s] [35m[1mConsolidate compiler generated dependencies of target synapse_msgs__rosidl_typesupport_c__pyext[0m
[2.998s] [35m[1mConsolidate compiler generated dependencies of target synapse_msgs__rosidl_typesupport_introspection_c__pyext[0m
[3.044s] [ 92%] Built target synapse_msgs__rosidl_typesupport_c__pyext
[3.049s] [ 98%] Built target synapse_msgs__rosidl_typesupport_introspection_c__pyext
[3.049s] [100%] Built target synapse_msgs__rosidl_typesupport_fastrtps_c__pyext
[3.080s] Invoked command in '/home/apex/cognipilot/cranium/build/synapse_msgs' returned '0': CMAKE_PREFIX_PATH=${CMAKE_PREFIX_PATH}:/home/apex/cognipilot/cranium/install/nxp_cup_vision:/opt/ros/humble /usr/bin/cmake --build /home/apex/cognipilot/cranium/build/synapse_msgs -- -j4 -l4
[3.463s] Invoking command in '/home/apex/cognipilot/cranium/build/synapse_msgs': CMAKE_PREFIX_PATH=${CMAKE_PREFIX_PATH}:/home/apex/cognipilot/cranium/install/nxp_cup_vision:/opt/ros/humble /usr/bin/cmake --install /home/apex/cognipilot/cranium/build/synapse_msgs
[3.486s] -- Install configuration: ""
[3.514s] -- Execute custom install script
[3.526s] -- Up-to-date symlink: /home/apex/cognipilot/cranium/install/synapse_msgs/share/ament_index/resource_index/rosidl_interfaces/synapse_msgs
[3.532s] -- Up-to-date symlink: /home/apex/cognipilot/cranium/install/synapse_msgs/include/synapse_msgs/synapse_msgs/msg/bezier_curve.h
[3.533s] -- Up-to-date symlink: /home/apex/cognipilot/cranium/install/synapse_msgs/include/synapse_msgs/synapse_msgs/msg/bezier_trajectory.h
[3.534s] -- Up-to-date symlink: /home/apex/cognipilot/cranium/install/synapse_msgs/include/synapse_msgs/synapse_msgs/msg/detail/bezier_curve__functions.h
[3.535s] -- Up-to-date symlink: /home/apex/cognipilot/cranium/install/synapse_msgs/include/synapse_msgs/synapse_msgs/msg/detail/bezier_curve__struct.h
[3.538s] -- Up-to-date symlink: /home/apex/cognipilot/cranium/install/synapse_msgs/include/synapse_msgs/synapse_msgs/msg/detail/bezier_curve__type_support.h
[3.539s] -- Up-to-date symlink: /home/apex/cognipilot/cranium/install/synapse_msgs/include/synapse_msgs/synapse_msgs/msg/detail/bezier_trajectory__functions.h
[3.542s] -- Up-to-date symlink: /home/apex/cognipilot/cranium/install/synapse_msgs/include/synapse_msgs/synapse_msgs/msg/detail/bezier_trajectory__struct.h
[3.542s] -- Up-to-date symlink: /home/apex/cognipilot/cranium/install/synapse_msgs/include/synapse_msgs/synapse_msgs/msg/detail/bezier_trajectory__type_support.h
[3.544s] -- Up-to-date symlink: /home/apex/cognipilot/cranium/install/synapse_msgs/include/synapse_msgs/synapse_msgs/msg/detail/pixy_vector__functions.h
[3.544s] -- Up-to-date symlink: /home/apex/cognipilot/cranium/install/synapse_msgs/include/synapse_msgs/synapse_msgs/msg/detail/pixy_vector__struct.h
[3.545s] -- Up-to-date symlink: /home/apex/cognipilot/cranium/install/synapse_msgs/include/synapse_msgs/synapse_msgs/msg/detail/pixy_vector__type_support.h
[3.545s] -- Up-to-date symlink: /home/apex/cognipilot/cranium/install/synapse_msgs/include/synapse_msgs/synapse_msgs/msg/detail/status__functions.h
[3.552s] -- Up-to-date symlink: /home/apex/cognipilot/cranium/install/synapse_msgs/include/synapse_msgs/synapse_msgs/msg/detail/status__struct.h
[3.553s] -- Up-to-date symlink: /home/apex/cognipilot/cranium/install/synapse_msgs/include/synapse_msgs/synapse_msgs/msg/detail/status__type_support.h
[3.553s] -- Up-to-date symlink: /home/apex/cognipilot/cranium/install/synapse_msgs/include/synapse_msgs/synapse_msgs/msg/pixy_vector.h
[3.564s] -- Up-to-date symlink: /home/apex/cognipilot/cranium/install/synapse_msgs/include/synapse_msgs/synapse_msgs/msg/rosidl_generator_c__visibility_control.h
[3.564s] -- Up-to-date symlink: /home/apex/cognipilot/cranium/install/synapse_msgs/include/synapse_msgs/synapse_msgs/msg/status.h
[3.565s] -- Up-to-date symlink: /home/apex/cognipilot/cranium/install/synapse_msgs/share/synapse_msgs/environment/library_path.sh
[3.565s] -- Up-to-date symlink: /home/apex/cognipilot/cranium/install/synapse_msgs/share/synapse_msgs/environment/library_path.dsv
[3.576s] -- Up-to-date symlink: /home/apex/cognipilot/cranium/install/synapse_msgs/include/synapse_msgs/synapse_msgs/msg/detail/bezier_curve__rosidl_typesupport_fastrtps_c.h
[3.576s] -- Up-to-date symlink: /home/apex/cognipilot/cranium/install/synapse_msgs/include/synapse_msgs/synapse_msgs/msg/detail/bezier_trajectory__rosidl_typesupport_fastrtps_c.h
[3.577s] -- Up-to-date symlink: /home/apex/cognipilot/cranium/install/synapse_msgs/include/synapse_msgs/synapse_msgs/msg/detail/pixy_vector__rosidl_typesupport_fastrtps_c.h
[3.577s] -- Up-to-date symlink: /home/apex/cognipilot/cranium/install/synapse_msgs/include/synapse_msgs/synapse_msgs/msg/detail/status__rosidl_typesupport_fastrtps_c.h
[3.577s] -- Up-to-date symlink: /home/apex/cognipilot/cranium/install/synapse_msgs/include/synapse_msgs/synapse_msgs/msg/rosidl_typesupport_fastrtps_c__visibility_control.h
[3.577s] -- Up-to-date symlink: /home/apex/cognipilot/cranium/install/synapse_msgs/include/synapse_msgs/synapse_msgs/msg/detail/bezier_curve__rosidl_typesupport_introspection_c.h
[3.578s] -- Up-to-date symlink: /home/apex/cognipilot/cranium/install/synapse_msgs/include/synapse_msgs/synapse_msgs/msg/detail/bezier_trajectory__rosidl_typesupport_introspection_c.h
[3.578s] -- Up-to-date symlink: /home/apex/cognipilot/cranium/install/synapse_msgs/include/synapse_msgs/synapse_msgs/msg/detail/pixy_vector__rosidl_typesupport_introspection_c.h
[3.578s] -- Up-to-date symlink: /home/apex/cognipilot/cranium/install/synapse_msgs/include/synapse_msgs/synapse_msgs/msg/detail/status__rosidl_typesupport_introspection_c.h
[3.578s] -- Up-to-date symlink: /home/apex/cognipilot/cranium/install/synapse_msgs/include/synapse_msgs/synapse_msgs/msg/rosidl_typesupport_introspection_c__visibility_control.h
[3.579s] -- Up-to-date symlink: /home/apex/cognipilot/cranium/install/synapse_msgs/include/synapse_msgs/synapse_msgs/msg/bezier_curve.hpp
[3.579s] -- Up-to-date symlink: /home/apex/cognipilot/cranium/install/synapse_msgs/include/synapse_msgs/synapse_msgs/msg/bezier_trajectory.hpp
[3.582s] -- Up-to-date symlink: /home/apex/cognipilot/cranium/install/synapse_msgs/include/synapse_msgs/synapse_msgs/msg/detail/bezier_curve__builder.hpp
[3.582s] -- Up-to-date symlink: /home/apex/cognipilot/cranium/install/synapse_msgs/include/synapse_msgs/synapse_msgs/msg/detail/bezier_curve__struct.hpp
[3.583s] -- Up-to-date symlink: /home/apex/cognipilot/cranium/install/synapse_msgs/include/synapse_msgs/synapse_msgs/msg/detail/bezier_curve__traits.hpp
[3.584s] -- Up-to-date symlink: /home/apex/cognipilot/cranium/install/synapse_msgs/include/synapse_msgs/synapse_msgs/msg/detail/bezier_trajectory__builder.hpp
[3.585s] -- Up-to-date symlink: /home/apex/cognipilot/cranium/install/synapse_msgs/include/synapse_msgs/synapse_msgs/msg/detail/bezier_trajectory__struct.hpp
[3.585s] -- Up-to-date symlink: /home/apex/cognipilot/cranium/install/synapse_msgs/include/synapse_msgs/synapse_msgs/msg/detail/bezier_trajectory__traits.hpp
[3.586s] -- Up-to-date symlink: /home/apex/cognipilot/cranium/install/synapse_msgs/include/synapse_msgs/synapse_msgs/msg/detail/pixy_vector__builder.hpp
[3.587s] -- Up-to-date symlink: /home/apex/cognipilot/cranium/install/synapse_msgs/include/synapse_msgs/synapse_msgs/msg/detail/pixy_vector__struct.hpp
[3.587s] -- Up-to-date symlink: /home/apex/cognipilot/cranium/install/synapse_msgs/include/synapse_msgs/synapse_msgs/msg/detail/pixy_vector__traits.hpp
[3.588s] -- Up-to-date symlink: /home/apex/cognipilot/cranium/install/synapse_msgs/include/synapse_msgs/synapse_msgs/msg/detail/status__builder.hpp
[3.589s] -- Up-to-date symlink: /home/apex/cognipilot/cranium/install/synapse_msgs/include/synapse_msgs/synapse_msgs/msg/detail/status__struct.hpp
[3.594s] -- Up-to-date symlink: /home/apex/cognipilot/cranium/install/synapse_msgs/include/synapse_msgs/synapse_msgs/msg/detail/status__traits.hpp
[3.595s] -- Up-to-date symlink: /home/apex/cognipilot/cranium/install/synapse_msgs/include/synapse_msgs/synapse_msgs/msg/pixy_vector.hpp
[3.595s] -- Up-to-date symlink: /home/apex/cognipilot/cranium/install/synapse_msgs/include/synapse_msgs/synapse_msgs/msg/status.hpp
[3.596s] -- Up-to-date symlink: /home/apex/cognipilot/cranium/install/synapse_msgs/include/synapse_msgs/synapse_msgs/msg/detail/bezier_curve__rosidl_typesupport_fastrtps_cpp.hpp
[3.596s] -- Up-to-date symlink: /home/apex/cognipilot/cranium/install/synapse_msgs/include/synapse_msgs/synapse_msgs/msg/detail/bezier_trajectory__rosidl_typesupport_fastrtps_cpp.hpp
[3.596s] -- Up-to-date symlink: /home/apex/cognipilot/cranium/install/synapse_msgs/include/synapse_msgs/synapse_msgs/msg/detail/pixy_vector__rosidl_typesupport_fastrtps_cpp.hpp
[3.597s] -- Up-to-date symlink: /home/apex/cognipilot/cranium/install/synapse_msgs/include/synapse_msgs/synapse_msgs/msg/detail/status__rosidl_typesupport_fastrtps_cpp.hpp
[3.598s] -- Up-to-date symlink: /home/apex/cognipilot/cranium/install/synapse_msgs/include/synapse_msgs/synapse_msgs/msg/rosidl_typesupport_fastrtps_cpp__visibility_control.h
[3.600s] -- Up-to-date symlink: /home/apex/cognipilot/cranium/install/synapse_msgs/include/synapse_msgs/synapse_msgs/msg/detail/bezier_curve__rosidl_typesupport_introspection_cpp.hpp
[3.601s] -- Up-to-date symlink: /home/apex/cognipilot/cranium/install/synapse_msgs/include/synapse_msgs/synapse_msgs/msg/detail/bezier_trajectory__rosidl_typesupport_introspection_cpp.hpp
[3.603s] -- Up-to-date symlink: /home/apex/cognipilot/cranium/install/synapse_msgs/include/synapse_msgs/synapse_msgs/msg/detail/pixy_vector__rosidl_typesupport_introspection_cpp.hpp
[3.604s] -- Up-to-date symlink: /home/apex/cognipilot/cranium/install/synapse_msgs/include/synapse_msgs/synapse_msgs/msg/detail/status__rosidl_typesupport_introspection_cpp.hpp
[3.605s] -- Up-to-date symlink: /home/apex/cognipilot/cranium/install/synapse_msgs/share/synapse_msgs/environment/pythonpath.sh
[3.606s] -- Up-to-date symlink: /home/apex/cognipilot/cranium/install/synapse_msgs/share/synapse_msgs/environment/pythonpath.dsv
[3.607s] -- Up-to-date symlink: /home/apex/cognipilot/cranium/install/synapse_msgs/local/lib/python3.10/dist-packages/synapse_msgs-0.0.1-py3.10.egg-info/PKG-INFO
[3.607s] -- Up-to-date symlink: /home/apex/cognipilot/cranium/install/synapse_msgs/local/lib/python3.10/dist-packages/synapse_msgs-0.0.1-py3.10.egg-info/SOURCES.txt
[3.607s] -- Up-to-date symlink: /home/apex/cognipilot/cranium/install/synapse_msgs/local/lib/python3.10/dist-packages/synapse_msgs-0.0.1-py3.10.egg-info/dependency_links.txt
[3.608s] -- Up-to-date symlink: /home/apex/cognipilot/cranium/install/synapse_msgs/local/lib/python3.10/dist-packages/synapse_msgs-0.0.1-py3.10.egg-info/top_level.txt
[3.614s] -- Up-to-date symlink: /home/apex/cognipilot/cranium/install/synapse_msgs/local/lib/python3.10/dist-packages/synapse_msgs/__init__.py
[3.615s] -- Up-to-date symlink: /home/apex/cognipilot/cranium/install/synapse_msgs/local/lib/python3.10/dist-packages/synapse_msgs/_synapse_msgs_s.ep.rosidl_typesupport_c.c
[3.616s] -- Up-to-date symlink: /home/apex/cognipilot/cranium/install/synapse_msgs/local/lib/python3.10/dist-packages/synapse_msgs/_synapse_msgs_s.ep.rosidl_typesupport_fastrtps_c.c
[3.618s] -- Up-to-date symlink: /home/apex/cognipilot/cranium/install/synapse_msgs/local/lib/python3.10/dist-packages/synapse_msgs/_synapse_msgs_s.ep.rosidl_typesupport_introspection_c.c
[3.620s] -- Up-to-date symlink: /home/apex/cognipilot/cranium/install/synapse_msgs/local/lib/python3.10/dist-packages/synapse_msgs/libsynapse_msgs__rosidl_generator_py.so
[3.622s] -- Up-to-date symlink: /home/apex/cognipilot/cranium/install/synapse_msgs/local/lib/python3.10/dist-packages/synapse_msgs/msg/__init__.py
[3.622s] -- Up-to-date symlink: /home/apex/cognipilot/cranium/install/synapse_msgs/local/lib/python3.10/dist-packages/synapse_msgs/msg/_bezier_curve.py
[3.623s] -- Up-to-date symlink: /home/apex/cognipilot/cranium/install/synapse_msgs/local/lib/python3.10/dist-packages/synapse_msgs/msg/_bezier_curve_s.c
[3.623s] -- Up-to-date symlink: /home/apex/cognipilot/cranium/install/synapse_msgs/local/lib/python3.10/dist-packages/synapse_msgs/msg/_bezier_trajectory.py
[3.623s] -- Up-to-date symlink: /home/apex/cognipilot/cranium/install/synapse_msgs/local/lib/python3.10/dist-packages/synapse_msgs/msg/_bezier_trajectory_s.c
[3.623s] -- Up-to-date symlink: /home/apex/cognipilot/cranium/install/synapse_msgs/local/lib/python3.10/dist-packages/synapse_msgs/msg/_pixy_vector.py
[3.624s] -- Up-to-date symlink: /home/apex/cognipilot/cranium/install/synapse_msgs/local/lib/python3.10/dist-packages/synapse_msgs/msg/_pixy_vector_s.c
[3.624s] -- Up-to-date symlink: /home/apex/cognipilot/cranium/install/synapse_msgs/local/lib/python3.10/dist-packages/synapse_msgs/msg/_status.py
[3.624s] -- Up-to-date symlink: /home/apex/cognipilot/cranium/install/synapse_msgs/local/lib/python3.10/dist-packages/synapse_msgs/msg/_status_s.c
[3.624s] -- Up-to-date symlink: /home/apex/cognipilot/cranium/install/synapse_msgs/local/lib/python3.10/dist-packages/synapse_msgs/synapse_msgs_s__rosidl_typesupport_c.cpython-310-x86_64-linux-gnu.so
[3.624s] -- Up-to-date symlink: /home/apex/cognipilot/cranium/install/synapse_msgs/local/lib/python3.10/dist-packages/synapse_msgs/synapse_msgs_s__rosidl_typesupport_fastrtps_c.cpython-310-x86_64-linux-gnu.so
[3.624s] -- Up-to-date symlink: /home/apex/cognipilot/cranium/install/synapse_msgs/local/lib/python3.10/dist-packages/synapse_msgs/synapse_msgs_s__rosidl_typesupport_introspection_c.cpython-310-x86_64-linux-gnu.so
[3.633s] -- Up-to-date symlink: /home/apex/cognipilot/cranium/install/synapse_msgs/local/lib/python3.10/dist-packages/synapse_msgs/synapse_msgs_s__rosidl_typesupport_fastrtps_c.cpython-310-x86_64-linux-gnu.so
[3.634s] -- Up-to-date symlink: /home/apex/cognipilot/cranium/install/synapse_msgs/local/lib/python3.10/dist-packages/synapse_msgs/synapse_msgs_s__rosidl_typesupport_introspection_c.cpython-310-x86_64-linux-gnu.so
[3.644s] -- Up-to-date symlink: /home/apex/cognipilot/cranium/install/synapse_msgs/local/lib/python3.10/dist-packages/synapse_msgs/synapse_msgs_s__rosidl_typesupport_c.cpython-310-x86_64-linux-gnu.so
[3.645s] -- Up-to-date symlink: /home/apex/cognipilot/cranium/install/synapse_msgs/share/synapse_msgs/msg/BezierCurve.idl
[3.647s] -- Up-to-date symlink: /home/apex/cognipilot/cranium/install/synapse_msgs/share/synapse_msgs/msg/BezierTrajectory.idl
[3.652s] -- Up-to-date symlink: /home/apex/cognipilot/cranium/install/synapse_msgs/share/synapse_msgs/msg/Status.idl
[3.653s] -- Up-to-date symlink: /home/apex/cognipilot/cranium/install/synapse_msgs/share/synapse_msgs/msg/PixyVector.idl
[3.654s] -- Up-to-date symlink: /home/apex/cognipilot/cranium/install/synapse_msgs/share/synapse_msgs/msg/BezierCurve.msg
[3.655s] -- Up-to-date symlink: /home/apex/cognipilot/cranium/install/synapse_msgs/share/synapse_msgs/msg/BezierTrajectory.msg
[3.656s] -- Up-to-date symlink: /home/apex/cognipilot/cranium/install/synapse_msgs/share/synapse_msgs/msg/Status.msg
[3.657s] -- Up-to-date symlink: /home/apex/cognipilot/cranium/install/synapse_msgs/share/synapse_msgs/msg/PixyVector.msg
[3.657s] -- Up-to-date symlink: /home/apex/cognipilot/cranium/install/synapse_msgs/share/ament_index/resource_index/package_run_dependencies/synapse_msgs
[3.658s] -- Up-to-date symlink: /home/apex/cognipilot/cranium/install/synapse_msgs/share/ament_index/resource_index/parent_prefix_path/synapse_msgs
[3.659s] -- Up-to-date symlink: /home/apex/cognipilot/cranium/install/synapse_msgs/share/synapse_msgs/environment/ament_prefix_path.sh
[3.662s] -- Up-to-date symlink: /home/apex/cognipilot/cranium/install/synapse_msgs/share/synapse_msgs/environment/ament_prefix_path.dsv
[3.663s] -- Up-to-date symlink: /home/apex/cognipilot/cranium/install/synapse_msgs/share/synapse_msgs/environment/path.sh
[3.664s] -- Up-to-date symlink: /home/apex/cognipilot/cranium/install/synapse_msgs/share/synapse_msgs/environment/path.dsv
[3.665s] -- Up-to-date symlink: /home/apex/cognipilot/cranium/install/synapse_msgs/share/synapse_msgs/local_setup.bash
[3.666s] -- Up-to-date symlink: /home/apex/cognipilot/cranium/install/synapse_msgs/share/synapse_msgs/local_setup.sh
[3.667s] -- Up-to-date symlink: /home/apex/cognipilot/cranium/install/synapse_msgs/share/synapse_msgs/local_setup.zsh
[3.669s] -- Up-to-date symlink: /home/apex/cognipilot/cranium/install/synapse_msgs/share/synapse_msgs/local_setup.dsv
[3.670s] -- Symlinking: /home/apex/cognipilot/cranium/install/synapse_msgs/share/synapse_msgs/package.dsv
[3.700s] -- Up-to-date symlink: /home/apex/cognipilot/cranium/install/synapse_msgs/share/ament_index/resource_index/packages/synapse_msgs
[3.776s] -- Up-to-date symlink: /home/apex/cognipilot/cranium/install/synapse_msgs/share/synapse_msgs/cmake/rosidl_cmake-extras.cmake
[3.778s] -- Up-to-date symlink: /home/apex/cognipilot/cranium/install/synapse_msgs/share/synapse_msgs/cmake/ament_cmake_export_dependencies-extras.cmake
[3.779s] -- Up-to-date symlink: /home/apex/cognipilot/cranium/install/synapse_msgs/share/synapse_msgs/cmake/ament_cmake_export_include_directories-extras.cmake
[3.783s] -- Up-to-date symlink: /home/apex/cognipilot/cranium/install/synapse_msgs/share/synapse_msgs/cmake/ament_cmake_export_libraries-extras.cmake
[3.783s] -- Up-to-date symlink: /home/apex/cognipilot/cranium/install/synapse_msgs/share/synapse_msgs/cmake/ament_cmake_export_targets-extras.cmake
[3.784s] -- Up-to-date symlink: /home/apex/cognipilot/cranium/install/synapse_msgs/share/synapse_msgs/cmake/rosidl_cmake_export_typesupport_targets-extras.cmake
[3.804s] -- Up-to-date symlink: /home/apex/cognipilot/cranium/install/synapse_msgs/share/synapse_msgs/cmake/rosidl_cmake_export_typesupport_libraries-extras.cmake
[3.807s] -- Up-to-date symlink: /home/apex/cognipilot/cranium/install/synapse_msgs/share/synapse_msgs/cmake/synapse_msgsConfig.cmake
[3.808s] -- Up-to-date symlink: /home/apex/cognipilot/cranium/install/synapse_msgs/share/synapse_msgs/cmake/synapse_msgsConfig-version.cmake
[3.808s] -- Up-to-date symlink: /home/apex/cognipilot/cranium/install/synapse_msgs/share/synapse_msgs/package.xml
[3.839s] -- Up-to-date: /home/apex/cognipilot/cranium/install/synapse_msgs/lib/libsynapse_msgs__rosidl_generator_c.so
[3.840s] -- Up-to-date: /home/apex/cognipilot/cranium/install/synapse_msgs/lib/libsynapse_msgs__rosidl_typesupport_fastrtps_c.so
[3.842s] -- Up-to-date: /home/apex/cognipilot/cranium/install/synapse_msgs/lib/libsynapse_msgs__rosidl_typesupport_introspection_c.so
[3.844s] -- Up-to-date: /home/apex/cognipilot/cranium/install/synapse_msgs/lib/libsynapse_msgs__rosidl_typesupport_c.so
[3.856s] -- Up-to-date: /home/apex/cognipilot/cranium/install/synapse_msgs/lib/libsynapse_msgs__rosidl_typesupport_fastrtps_cpp.so
[3.879s] -- Up-to-date: /home/apex/cognipilot/cranium/install/synapse_msgs/lib/libsynapse_msgs__rosidl_typesupport_introspection_cpp.so
[3.882s] -- Up-to-date: /home/apex/cognipilot/cranium/install/synapse_msgs/lib/libsynapse_msgs__rosidl_typesupport_cpp.so
[4.065s] Listing '/home/apex/cognipilot/cranium/install/synapse_msgs/local/lib/python3.10/dist-packages/synapse_msgs'...
[4.066s] Listing '/home/apex/cognipilot/cranium/install/synapse_msgs/local/lib/python3.10/dist-packages/synapse_msgs/msg'...
[4.083s] -- Up-to-date: /home/apex/cognipilot/cranium/install/synapse_msgs/lib/libsynapse_msgs__rosidl_generator_py.so
[4.104s] -- Up-to-date: /home/apex/cognipilot/cranium/install/synapse_msgs/share/synapse_msgs/cmake/export_synapse_msgs__rosidl_generator_cExport.cmake
[4.105s] -- Up-to-date: /home/apex/cognipilot/cranium/install/synapse_msgs/share/synapse_msgs/cmake/export_synapse_msgs__rosidl_generator_cExport-noconfig.cmake
[4.140s] -- Up-to-date: /home/apex/cognipilot/cranium/install/synapse_msgs/share/synapse_msgs/cmake/export_synapse_msgs__rosidl_typesupport_fastrtps_cExport.cmake
[4.140s] -- Up-to-date: /home/apex/cognipilot/cranium/install/synapse_msgs/share/synapse_msgs/cmake/export_synapse_msgs__rosidl_typesupport_fastrtps_cExport-noconfig.cmake
[4.158s] -- Up-to-date: /home/apex/cognipilot/cranium/install/synapse_msgs/share/synapse_msgs/cmake/synapse_msgs__rosidl_typesupport_introspection_cExport.cmake
[4.162s] -- Up-to-date: /home/apex/cognipilot/cranium/install/synapse_msgs/share/synapse_msgs/cmake/synapse_msgs__rosidl_typesupport_introspection_cExport-noconfig.cmake
[4.164s] -- Up-to-date: /home/apex/cognipilot/cranium/install/synapse_msgs/share/synapse_msgs/cmake/synapse_msgs__rosidl_typesupport_cExport.cmake
[4.165s] -- Up-to-date: /home/apex/cognipilot/cranium/install/synapse_msgs/share/synapse_msgs/cmake/synapse_msgs__rosidl_typesupport_cExport-noconfig.cmake
[4.179s] -- Up-to-date: /home/apex/cognipilot/cranium/install/synapse_msgs/share/synapse_msgs/cmake/export_synapse_msgs__rosidl_generator_cppExport.cmake
[4.188s] -- Up-to-date: /home/apex/cognipilot/cranium/install/synapse_msgs/share/synapse_msgs/cmake/export_synapse_msgs__rosidl_typesupport_fastrtps_cppExport.cmake
[4.188s] -- Up-to-date: /home/apex/cognipilot/cranium/install/synapse_msgs/share/synapse_msgs/cmake/export_synapse_msgs__rosidl_typesupport_fastrtps_cppExport-noconfig.cmake
[4.188s] -- Up-to-date: /home/apex/cognipilot/cranium/install/synapse_msgs/share/synapse_msgs/cmake/synapse_msgs__rosidl_typesupport_introspection_cppExport.cmake
[4.188s] -- Up-to-date: /home/apex/cognipilot/cranium/install/synapse_msgs/share/synapse_msgs/cmake/synapse_msgs__rosidl_typesupport_introspection_cppExport-noconfig.cmake
[4.190s] -- Up-to-date: /home/apex/cognipilot/cranium/install/synapse_msgs/share/synapse_msgs/cmake/synapse_msgs__rosidl_typesupport_cppExport.cmake
[4.190s] -- Up-to-date: /home/apex/cognipilot/cranium/install/synapse_msgs/share/synapse_msgs/cmake/synapse_msgs__rosidl_typesupport_cppExport-noconfig.cmake
[4.192s] -- Up-to-date: /home/apex/cognipilot/cranium/install/synapse_msgs/share/synapse_msgs/cmake/export_synapse_msgs__rosidl_generator_pyExport.cmake
[4.192s] -- Up-to-date: /home/apex/cognipilot/cranium/install/synapse_msgs/share/synapse_msgs/cmake/export_synapse_msgs__rosidl_generator_pyExport-noconfig.cmake
[4.218s] Invoked command in '/home/apex/cognipilot/cranium/build/synapse_msgs' returned '0': CMAKE_PREFIX_PATH=${CMAKE_PREFIX_PATH}:/home/apex/cognipilot/cranium/install/nxp_cup_vision:/opt/ros/humble /usr/bin/cmake --install /home/apex/cognipilot/cranium/build/synapse_msgs
