[0.058s] Invoking command in '/home/apex/cognipilot/cranium/build/synapse_tinyframe': CMAKE_PREFIX_PATH=/opt/ros/humble /usr/bin/cmake --build /home/apex/cognipilot/cranium/build/synapse_tinyframe -- -j4 -l4
[0.178s] [35m[1mConsolidate compiler generated dependencies of target synapse_tinyframe[0m
[0.229s] [100%] Built target synapse_tinyframe
[0.281s] Invoked command in '/home/apex/cognipilot/cranium/build/synapse_tinyframe' returned '0': CMAKE_PREFIX_PATH=/opt/ros/humble /usr/bin/cmake --build /home/apex/cognipilot/cranium/build/synapse_tinyframe -- -j4 -l4
[0.467s] Invoking command in '/home/apex/cognipilot/cranium/build/synapse_tinyframe': CMAKE_PREFIX_PATH=/opt/ros/humble /usr/bin/cmake --install /home/apex/cognipilot/cranium/build/synapse_tinyframe
[0.495s] -- Install configuration: ""
[0.497s] -- Execute custom install script
[0.507s] -- Up-to-date symlink: /home/apex/cognipilot/cranium/install/synapse_tinyframe/share/synapse_tinyframe/environment/library_path.sh
[0.508s] -- Up-to-date symlink: /home/apex/cognipilot/cranium/install/synapse_tinyframe/share/synapse_tinyframe/environment/library_path.dsv
[0.508s] -- Up-to-date symlink: /home/apex/cognipilot/cranium/install/synapse_tinyframe/include/synapse_tinyframe/SynapseTopics.h
[0.509s] -- Up-to-date symlink: /home/apex/cognipilot/cranium/install/synapse_tinyframe/include/synapse_tinyframe/TF_Config.h
[0.509s] -- Up-to-date symlink: /home/apex/cognipilot/cranium/install/synapse_tinyframe/include/synapse_tinyframe/TinyFrame.h
[0.512s] -- Up-to-date symlink: /home/apex/cognipilot/cranium/install/synapse_tinyframe/include/synapse_tinyframe/utils.h
[0.513s] -- Up-to-date symlink: /home/apex/cognipilot/cranium/install/synapse_tinyframe/share/ament_index/resource_index/package_run_dependencies/synapse_tinyframe
[0.513s] -- Up-to-date symlink: /home/apex/cognipilot/cranium/install/synapse_tinyframe/share/ament_index/resource_index/parent_prefix_path/synapse_tinyframe
[0.513s] -- Up-to-date symlink: /home/apex/cognipilot/cranium/install/synapse_tinyframe/share/synapse_tinyframe/environment/ament_prefix_path.sh
[0.514s] -- Up-to-date symlink: /home/apex/cognipilot/cranium/install/synapse_tinyframe/share/synapse_tinyframe/environment/ament_prefix_path.dsv
[0.514s] -- Up-to-date symlink: /home/apex/cognipilot/cranium/install/synapse_tinyframe/share/synapse_tinyframe/environment/path.sh
[0.514s] -- Up-to-date symlink: /home/apex/cognipilot/cranium/install/synapse_tinyframe/share/synapse_tinyframe/environment/path.dsv
[0.514s] -- Up-to-date symlink: /home/apex/cognipilot/cranium/install/synapse_tinyframe/share/synapse_tinyframe/local_setup.bash
[0.514s] -- Up-to-date symlink: /home/apex/cognipilot/cranium/install/synapse_tinyframe/share/synapse_tinyframe/local_setup.sh
[0.515s] -- Up-to-date symlink: /home/apex/cognipilot/cranium/install/synapse_tinyframe/share/synapse_tinyframe/local_setup.zsh
[0.515s] -- Up-to-date symlink: /home/apex/cognipilot/cranium/install/synapse_tinyframe/share/synapse_tinyframe/local_setup.dsv
[0.520s] -- Symlinking: /home/apex/cognipilot/cranium/install/synapse_tinyframe/share/synapse_tinyframe/package.dsv
[0.548s] -- Up-to-date symlink: /home/apex/cognipilot/cranium/install/synapse_tinyframe/share/ament_index/resource_index/packages/synapse_tinyframe
[0.548s] -- Up-to-date symlink: /home/apex/cognipilot/cranium/install/synapse_tinyframe/share/synapse_tinyframe/cmake/ament_cmake_export_targets-extras.cmake
[0.548s] -- Up-to-date symlink: /home/apex/cognipilot/cranium/install/synapse_tinyframe/share/synapse_tinyframe/cmake/synapse_tinyframeConfig.cmake
[0.550s] -- Up-to-date symlink: /home/apex/cognipilot/cranium/install/synapse_tinyframe/share/synapse_tinyframe/cmake/synapse_tinyframeConfig-version.cmake
[0.555s] -- Up-to-date symlink: /home/apex/cognipilot/cranium/install/synapse_tinyframe/share/synapse_tinyframe/package.xml
[0.555s] -- Up-to-date: /home/apex/cognipilot/cranium/install/synapse_tinyframe/lib/libsynapse_tinyframe.a
[0.558s] -- Up-to-date: /home/apex/cognipilot/cranium/install/synapse_tinyframe/share/synapse_tinyframe/cmake/synapse_tinyframeExport.cmake
[0.558s] -- Up-to-date: /home/apex/cognipilot/cranium/install/synapse_tinyframe/share/synapse_tinyframe/cmake/synapse_tinyframeExport-noconfig.cmake
[0.591s] Invoked command in '/home/apex/cognipilot/cranium/build/synapse_tinyframe' returned '0': CMAKE_PREFIX_PATH=/opt/ros/humble /usr/bin/cmake --install /home/apex/cognipilot/cranium/build/synapse_tinyframe
