[0.016s] Invoking command in '/home/apex/cognipilot/cranium/build/b3rb_description': CMAKE_PREFIX_PATH=/opt/ros/humble /usr/bin/cmake /home/apex/cognipilot/cranium/src/b3rb/b3rb_description -DAMENT_CMAKE_SYMLINK_INSTALL=1 -DCMAKE_INSTALL_PREFIX=/home/apex/cognipilot/cranium/install/b3rb_description
[0.154s] -- The C compiler identification is GNU 11.4.0
[0.295s] -- The CXX compiler identification is GNU 11.4.0
[0.313s] -- Detecting C compiler ABI info
[0.492s] -- Detecting C compiler ABI info - done
[0.528s] -- Check for working C compiler: /usr/bin/cc - skipped
[0.532s] -- Detecting C compile features
[0.532s] -- Detecting C compile features - done
[0.544s] -- Detecting CXX compiler ABI info
[0.749s] -- Detecting CXX compiler ABI info - done
[0.772s] -- Check for working CXX compiler: /usr/bin/c++ - skipped
[0.773s] -- Detecting CXX compile features
[0.774s] -- Detecting CXX compile features - done
[0.780s] -- Found ament_cmake: 1.3.8 (/opt/ros/humble/share/ament_cmake/cmake)
[1.228s] -- Found Python3: /usr/bin/python3 (found version "3.10.12") found components: Interpreter 
[1.399s] -- Override CMake install command with custom implementation using symlinks instead of copying resources
[1.569s] -- Found urdf: 2.6.0 (/opt/ros/humble/share/urdf/cmake)
[3.241s] -- Found ament_lint_auto: 0.12.10 (/opt/ros/humble/share/ament_lint_auto/cmake)
[3.584s] -- Added test 'flake8' to check Python code syntax and style conventions
[3.620s] -- Added test 'lint_cmake' to check CMake code style
[3.624s] -- Added test 'pep257' to check Python code against some of the docstring style conventions in PEP 257
[3.628s] -- Added test 'xmllint' to check XML markup files
[3.646s] -- Configuring done
[3.674s] -- Generating done
[3.686s] -- Build files have been written to: /home/apex/cognipilot/cranium/build/b3rb_description
[3.727s] Invoked command in '/home/apex/cognipilot/cranium/build/b3rb_description' returned '0': CMAKE_PREFIX_PATH=/opt/ros/humble /usr/bin/cmake /home/apex/cognipilot/cranium/src/b3rb/b3rb_description -DAMENT_CMAKE_SYMLINK_INSTALL=1 -DCMAKE_INSTALL_PREFIX=/home/apex/cognipilot/cranium/install/b3rb_description
[3.735s] Invoking command in '/home/apex/cognipilot/cranium/build/b3rb_description': CMAKE_PREFIX_PATH=/opt/ros/humble /usr/bin/cmake --build /home/apex/cognipilot/cranium/build/b3rb_description -- -j4 -l4
[3.827s] Invoked command in '/home/apex/cognipilot/cranium/build/b3rb_description' returned '0': CMAKE_PREFIX_PATH=/opt/ros/humble /usr/bin/cmake --build /home/apex/cognipilot/cranium/build/b3rb_description -- -j4 -l4
[3.881s] Invoking command in '/home/apex/cognipilot/cranium/build/b3rb_description': CMAKE_PREFIX_PATH=/opt/ros/humble /usr/bin/cmake --install /home/apex/cognipilot/cranium/build/b3rb_description
[3.896s] -- Install configuration: ""
[3.897s] -- Execute custom install script
[3.898s] -- Symlinking: /home/apex/cognipilot/cranium/install/b3rb_description/share/b3rb_description/launch/robot_description.launch.py
[3.916s] -- Symlinking: /home/apex/cognipilot/cranium/install/b3rb_description/share/b3rb_description/meshes/STL27L.dae
[3.937s] -- Symlinking: /home/apex/cognipilot/cranium/install/b3rb_description/share/b3rb_description/meshes/b3rb.dae
[3.960s] -- Symlinking: /home/apex/cognipilot/cranium/install/b3rb_description/share/b3rb_description/meshes/wheel.dae
[3.981s] -- Symlinking: /home/apex/cognipilot/cranium/install/b3rb_description/share/b3rb_description/urdf/b3rb.urdf
[4.002s] -- Symlinking: /home/apex/cognipilot/cranium/install/b3rb_description/share/ament_index/resource_index/package_run_dependencies/b3rb_description
[4.023s] -- Symlinking: /home/apex/cognipilot/cranium/install/b3rb_description/share/ament_index/resource_index/parent_prefix_path/b3rb_description
[4.057s] -- Symlinking: /home/apex/cognipilot/cranium/install/b3rb_description/share/b3rb_description/environment/ament_prefix_path.sh
[4.158s] -- Symlinking: /home/apex/cognipilot/cranium/install/b3rb_description/share/b3rb_description/environment/ament_prefix_path.dsv
[4.232s] -- Symlinking: /home/apex/cognipilot/cranium/install/b3rb_description/share/b3rb_description/environment/path.sh
[4.300s] -- Symlinking: /home/apex/cognipilot/cranium/install/b3rb_description/share/b3rb_description/environment/path.dsv
[4.359s] -- Symlinking: /home/apex/cognipilot/cranium/install/b3rb_description/share/b3rb_description/local_setup.bash
[4.425s] -- Symlinking: /home/apex/cognipilot/cranium/install/b3rb_description/share/b3rb_description/local_setup.sh
[4.498s] -- Symlinking: /home/apex/cognipilot/cranium/install/b3rb_description/share/b3rb_description/local_setup.zsh
[4.560s] -- Symlinking: /home/apex/cognipilot/cranium/install/b3rb_description/share/b3rb_description/local_setup.dsv
[4.625s] -- Symlinking: /home/apex/cognipilot/cranium/install/b3rb_description/share/b3rb_description/package.dsv
[4.685s] -- Symlinking: /home/apex/cognipilot/cranium/install/b3rb_description/share/ament_index/resource_index/packages/b3rb_description
[4.756s] -- Symlinking: /home/apex/cognipilot/cranium/install/b3rb_description/share/b3rb_description/cmake/b3rb_descriptionConfig.cmake
[4.832s] -- Symlinking: /home/apex/cognipilot/cranium/install/b3rb_description/share/b3rb_description/cmake/b3rb_descriptionConfig-version.cmake
[4.902s] -- Symlinking: /home/apex/cognipilot/cranium/install/b3rb_description/share/b3rb_description/package.xml
[4.971s] Invoked command in '/home/apex/cognipilot/cranium/build/b3rb_description' returned '0': CMAKE_PREFIX_PATH=/opt/ros/humble /usr/bin/cmake --install /home/apex/cognipilot/cranium/build/b3rb_description
