[0.232s] DEBUG:colcon:Command line arguments: ['/usr/bin/colcon', 'build', '--symlink-install']
[0.232s] DEBUG:colcon:Parsed command line arguments: Namespace(log_base=None, log_level=None, verb_name='build', build_base='build', install_base='install', merge_install=False, symlink_install=True, test_result_base=None, continue_on_error=False, executor='parallel', parallel_workers=4, event_handlers=None, ignore_user_meta=False, metas=['./colcon.meta'], base_paths=['.'], packages_ignore=None, packages_ignore_regex=None, paths=None, packages_up_to=None, packages_up_to_regex=None, packages_above=None, packages_above_and_dependencies=None, packages_above_depth=None, packages_select_by_dep=None, packages_skip_by_dep=None, packages_skip_up_to=None, packages_select_build_failed=False, packages_skip_build_finished=False, packages_select_test_failures=False, packages_skip_test_passed=False, packages_select=None, packages_skip=None, packages_select_regex=None, packages_skip_regex=None, packages_start=None, packages_end=None, cmake_args=None, cmake_target=None, cmake_target_skip_unavailable=False, cmake_clean_cache=False, cmake_clean_first=False, cmake_force_configure=False, ament_cmake_args=None, catkin_cmake_args=None, catkin_skip_building_tests=False, verb_parser=<colcon_defaults.argument_parser.defaults.DefaultArgumentsDecorator object at 0x7b037b830520>, verb_extension=<colcon_core.verb.build.BuildVerb object at 0x7b037b9a9b70>, main=<bound method BuildVerb.main of <colcon_core.verb.build.BuildVerb object at 0x7b037b9a9b70>>)
[0.584s] Level 1:colcon.colcon_core.package_discovery:discover_packages(colcon_meta) check parameters
[0.584s] Level 1:colcon.colcon_core.package_discovery:discover_packages(recursive) check parameters
[0.584s] Level 1:colcon.colcon_core.package_discovery:discover_packages(ignore) check parameters
[0.584s] Level 1:colcon.colcon_core.package_discovery:discover_packages(path) check parameters
[0.585s] Level 1:colcon.colcon_core.package_discovery:discover_packages(colcon_meta) discover
[0.585s] Level 1:colcon.colcon_core.package_discovery:discover_packages(recursive) discover
[0.585s] INFO:colcon.colcon_core.package_discovery:Crawling recursively for packages in '/home/apex/cognipilot/electrode'
[0.585s] Level 1:colcon.colcon_core.package_identification:_identify(.) by extensions ['ignore', 'ignore_ament_install']
[0.585s] Level 1:colcon.colcon_core.package_identification:_identify(.) by extension 'ignore'
[0.585s] Level 1:colcon.colcon_core.package_identification:_identify(.) by extension 'ignore_ament_install'
[0.585s] Level 1:colcon.colcon_core.package_identification:_identify(.) by extensions ['colcon_pkg']
[0.585s] Level 1:colcon.colcon_core.package_identification:_identify(.) by extension 'colcon_pkg'
[0.586s] Level 1:colcon.colcon_core.package_identification:_identify(.) by extensions ['colcon_meta']
[0.586s] Level 1:colcon.colcon_core.package_identification:_identify(.) by extension 'colcon_meta'
[0.586s] Level 1:colcon.colcon_core.package_identification:_identify(.) by extensions ['ros']
[0.586s] Level 1:colcon.colcon_core.package_identification:_identify(.) by extension 'ros'
[0.612s] Level 1:colcon.colcon_core.package_identification:_identify(.) by extensions ['cmake', 'python']
[0.612s] Level 1:colcon.colcon_core.package_identification:_identify(.) by extension 'cmake'
[0.612s] Level 1:colcon.colcon_core.package_identification:_identify(.) by extension 'python'
[0.612s] Level 1:colcon.colcon_core.package_identification:_identify(.) by extensions ['python_setup_py']
[0.612s] Level 1:colcon.colcon_core.package_identification:_identify(.) by extension 'python_setup_py'
[0.612s] Level 1:colcon.colcon_core.package_identification:_identify(build) by extensions ['ignore', 'ignore_ament_install']
[0.613s] Level 1:colcon.colcon_core.package_identification:_identify(build) by extension 'ignore'
[0.613s] Level 1:colcon.colcon_core.package_identification:_identify(build) ignored
[0.613s] Level 1:colcon.colcon_core.package_identification:_identify(foxglove-cognipilot-joy) by extensions ['ignore', 'ignore_ament_install']
[0.613s] Level 1:colcon.colcon_core.package_identification:_identify(foxglove-cognipilot-joy) by extension 'ignore'
[0.613s] Level 1:colcon.colcon_core.package_identification:_identify(foxglove-cognipilot-joy) by extension 'ignore_ament_install'
[0.613s] Level 1:colcon.colcon_core.package_identification:_identify(foxglove-cognipilot-joy) by extensions ['colcon_pkg']
[0.613s] Level 1:colcon.colcon_core.package_identification:_identify(foxglove-cognipilot-joy) by extension 'colcon_pkg'
[0.613s] Level 1:colcon.colcon_core.package_identification:_identify(foxglove-cognipilot-joy) by extensions ['colcon_meta']
[0.613s] Level 1:colcon.colcon_core.package_identification:_identify(foxglove-cognipilot-joy) by extension 'colcon_meta'
[0.614s] Level 1:colcon.colcon_core.package_identification:_identify(foxglove-cognipilot-joy) by extensions ['ros']
[0.614s] Level 1:colcon.colcon_core.package_identification:_identify(foxglove-cognipilot-joy) by extension 'ros'
[0.614s] Level 1:colcon.colcon_core.package_identification:_identify(foxglove-cognipilot-joy) by extensions ['cmake', 'python']
[0.614s] Level 1:colcon.colcon_core.package_identification:_identify(foxglove-cognipilot-joy) by extension 'cmake'
[0.614s] Level 1:colcon.colcon_core.package_identification:_identify(foxglove-cognipilot-joy) by extension 'python'
[0.614s] Level 1:colcon.colcon_core.package_identification:_identify(foxglove-cognipilot-joy) by extensions ['python_setup_py']
[0.614s] Level 1:colcon.colcon_core.package_identification:_identify(foxglove-cognipilot-joy) by extension 'python_setup_py'
[0.615s] Level 1:colcon.colcon_core.package_identification:_identify(foxglove-cognipilot-joy/img) by extensions ['ignore', 'ignore_ament_install']
[0.615s] Level 1:colcon.colcon_core.package_identification:_identify(foxglove-cognipilot-joy/img) by extension 'ignore'
[0.615s] Level 1:colcon.colcon_core.package_identification:_identify(foxglove-cognipilot-joy/img) by extension 'ignore_ament_install'
[0.616s] Level 1:colcon.colcon_core.package_identification:_identify(foxglove-cognipilot-joy/img) by extensions ['colcon_pkg']
[0.616s] Level 1:colcon.colcon_core.package_identification:_identify(foxglove-cognipilot-joy/img) by extension 'colcon_pkg'
[0.616s] Level 1:colcon.colcon_core.package_identification:_identify(foxglove-cognipilot-joy/img) by extensions ['colcon_meta']
[0.616s] Level 1:colcon.colcon_core.package_identification:_identify(foxglove-cognipilot-joy/img) by extension 'colcon_meta'
[0.616s] Level 1:colcon.colcon_core.package_identification:_identify(foxglove-cognipilot-joy/img) by extensions ['ros']
[0.616s] Level 1:colcon.colcon_core.package_identification:_identify(foxglove-cognipilot-joy/img) by extension 'ros'
[0.616s] Level 1:colcon.colcon_core.package_identification:_identify(foxglove-cognipilot-joy/img) by extensions ['cmake', 'python']
[0.616s] Level 1:colcon.colcon_core.package_identification:_identify(foxglove-cognipilot-joy/img) by extension 'cmake'
[0.616s] Level 1:colcon.colcon_core.package_identification:_identify(foxglove-cognipilot-joy/img) by extension 'python'
[0.616s] Level 1:colcon.colcon_core.package_identification:_identify(foxglove-cognipilot-joy/img) by extensions ['python_setup_py']
[0.616s] Level 1:colcon.colcon_core.package_identification:_identify(foxglove-cognipilot-joy/img) by extension 'python_setup_py'
[0.616s] Level 1:colcon.colcon_core.package_identification:_identify(foxglove-cognipilot-joy/src) by extensions ['ignore', 'ignore_ament_install']
[0.617s] Level 1:colcon.colcon_core.package_identification:_identify(foxglove-cognipilot-joy/src) by extension 'ignore'
[0.617s] Level 1:colcon.colcon_core.package_identification:_identify(foxglove-cognipilot-joy/src) by extension 'ignore_ament_install'
[0.617s] Level 1:colcon.colcon_core.package_identification:_identify(foxglove-cognipilot-joy/src) by extensions ['colcon_pkg']
[0.617s] Level 1:colcon.colcon_core.package_identification:_identify(foxglove-cognipilot-joy/src) by extension 'colcon_pkg'
[0.617s] Level 1:colcon.colcon_core.package_identification:_identify(foxglove-cognipilot-joy/src) by extensions ['colcon_meta']
[0.617s] Level 1:colcon.colcon_core.package_identification:_identify(foxglove-cognipilot-joy/src) by extension 'colcon_meta'
[0.617s] Level 1:colcon.colcon_core.package_identification:_identify(foxglove-cognipilot-joy/src) by extensions ['ros']
[0.617s] Level 1:colcon.colcon_core.package_identification:_identify(foxglove-cognipilot-joy/src) by extension 'ros'
[0.617s] Level 1:colcon.colcon_core.package_identification:_identify(foxglove-cognipilot-joy/src) by extensions ['cmake', 'python']
[0.617s] Level 1:colcon.colcon_core.package_identification:_identify(foxglove-cognipilot-joy/src) by extension 'cmake'
[0.617s] Level 1:colcon.colcon_core.package_identification:_identify(foxglove-cognipilot-joy/src) by extension 'python'
[0.617s] Level 1:colcon.colcon_core.package_identification:_identify(foxglove-cognipilot-joy/src) by extensions ['python_setup_py']
[0.617s] Level 1:colcon.colcon_core.package_identification:_identify(foxglove-cognipilot-joy/src) by extension 'python_setup_py'
[0.618s] Level 1:colcon.colcon_core.package_identification:_identify(install) by extensions ['ignore', 'ignore_ament_install']
[0.618s] Level 1:colcon.colcon_core.package_identification:_identify(install) by extension 'ignore'
[0.618s] Level 1:colcon.colcon_core.package_identification:_identify(install) ignored
[0.618s] Level 1:colcon.colcon_core.package_identification:_identify(log) by extensions ['ignore', 'ignore_ament_install']
[0.618s] Level 1:colcon.colcon_core.package_identification:_identify(log) by extension 'ignore'
[0.618s] Level 1:colcon.colcon_core.package_identification:_identify(log) ignored
[0.618s] Level 1:colcon.colcon_core.package_identification:_identify(src) by extensions ['ignore', 'ignore_ament_install']
[0.619s] Level 1:colcon.colcon_core.package_identification:_identify(src) by extension 'ignore'
[0.619s] Level 1:colcon.colcon_core.package_identification:_identify(src) by extension 'ignore_ament_install'
[0.619s] Level 1:colcon.colcon_core.package_identification:_identify(src) by extensions ['colcon_pkg']
[0.619s] Level 1:colcon.colcon_core.package_identification:_identify(src) by extension 'colcon_pkg'
[0.619s] Level 1:colcon.colcon_core.package_identification:_identify(src) by extensions ['colcon_meta']
[0.619s] Level 1:colcon.colcon_core.package_identification:_identify(src) by extension 'colcon_meta'
[0.619s] Level 1:colcon.colcon_core.package_identification:_identify(src) by extensions ['ros']
[0.619s] Level 1:colcon.colcon_core.package_identification:_identify(src) by extension 'ros'
[0.619s] Level 1:colcon.colcon_core.package_identification:_identify(src) by extensions ['cmake', 'python']
[0.619s] Level 1:colcon.colcon_core.package_identification:_identify(src) by extension 'cmake'
[0.619s] Level 1:colcon.colcon_core.package_identification:_identify(src) by extension 'python'
[0.620s] Level 1:colcon.colcon_core.package_identification:_identify(src) by extensions ['python_setup_py']
[0.620s] Level 1:colcon.colcon_core.package_identification:_identify(src) by extension 'python_setup_py'
[0.620s] Level 1:colcon.colcon_core.package_identification:_identify(src/electrode) by extensions ['ignore', 'ignore_ament_install']
[0.620s] Level 1:colcon.colcon_core.package_identification:_identify(src/electrode) by extension 'ignore'
[0.620s] Level 1:colcon.colcon_core.package_identification:_identify(src/electrode) by extension 'ignore_ament_install'
[0.620s] Level 1:colcon.colcon_core.package_identification:_identify(src/electrode) by extensions ['colcon_pkg']
[0.620s] Level 1:colcon.colcon_core.package_identification:_identify(src/electrode) by extension 'colcon_pkg'
[0.620s] Level 1:colcon.colcon_core.package_identification:_identify(src/electrode) by extensions ['colcon_meta']
[0.620s] Level 1:colcon.colcon_core.package_identification:_identify(src/electrode) by extension 'colcon_meta'
[0.620s] Level 1:colcon.colcon_core.package_identification:_identify(src/electrode) by extensions ['ros']
[0.620s] Level 1:colcon.colcon_core.package_identification:_identify(src/electrode) by extension 'ros'
[0.625s] DEBUG:colcon.colcon_core.package_identification:Package 'src/electrode' with type 'ros.ament_cmake' and name 'electrode'
[0.625s] Level 1:colcon.colcon_core.package_discovery:discover_packages(recursive) using defaults
[0.625s] Level 1:colcon.colcon_core.package_discovery:discover_packages(ignore) discover
[0.626s] Level 1:colcon.colcon_core.package_discovery:discover_packages(ignore) using defaults
[0.626s] Level 1:colcon.colcon_core.package_discovery:discover_packages(path) discover
[0.626s] Level 1:colcon.colcon_core.package_discovery:discover_packages(path) using defaults
[0.672s] Level 5:colcon.colcon_core.verb:set package 'electrode' build argument 'cmake_args' from command line to 'None'
[0.672s] Level 5:colcon.colcon_core.verb:set package 'electrode' build argument 'cmake_target' from command line to 'None'
[0.672s] Level 5:colcon.colcon_core.verb:set package 'electrode' build argument 'cmake_target_skip_unavailable' from command line to 'False'
[0.672s] Level 5:colcon.colcon_core.verb:set package 'electrode' build argument 'cmake_clean_cache' from command line to 'False'
[0.672s] Level 5:colcon.colcon_core.verb:set package 'electrode' build argument 'cmake_clean_first' from command line to 'False'
[0.672s] Level 5:colcon.colcon_core.verb:set package 'electrode' build argument 'cmake_force_configure' from command line to 'False'
[0.672s] Level 5:colcon.colcon_core.verb:set package 'electrode' build argument 'ament_cmake_args' from command line to 'None'
[0.672s] Level 5:colcon.colcon_core.verb:set package 'electrode' build argument 'catkin_cmake_args' from command line to 'None'
[0.672s] Level 5:colcon.colcon_core.verb:set package 'electrode' build argument 'catkin_skip_building_tests' from command line to 'False'
[0.673s] DEBUG:colcon.colcon_core.verb:Building package 'electrode' with the following arguments: {'ament_cmake_args': None, 'build_base': '/home/apex/cognipilot/electrode/build/electrode', 'catkin_cmake_args': None, 'catkin_skip_building_tests': False, 'cmake_args': None, 'cmake_clean_cache': False, 'cmake_clean_first': False, 'cmake_force_configure': False, 'cmake_target': None, 'cmake_target_skip_unavailable': False, 'install_base': '/home/apex/cognipilot/electrode/install/electrode', 'merge_install': False, 'path': '/home/apex/cognipilot/electrode/src/electrode', 'symlink_install': True, 'test_result_base': None}
[0.673s] INFO:colcon.colcon_core.executor:Executing jobs using 'parallel' executor
[0.677s] DEBUG:colcon.colcon_parallel_executor.executor.parallel:run_until_complete
[0.677s] INFO:colcon.colcon_ros.task.ament_cmake.build:Building ROS package in '/home/apex/cognipilot/electrode/src/electrode' with build type 'ament_cmake'
[0.678s] INFO:colcon.colcon_cmake.task.cmake.build:Building CMake package in '/home/apex/cognipilot/electrode/src/electrode'
[0.682s] INFO:colcon.colcon_core.plugin_system:Skipping extension 'colcon_core.shell.bat': Not used on non-Windows systems
[0.715s] INFO:colcon.colcon_core.shell:Skip shell extension 'powershell' for command environment: Not usable outside of PowerShell
[0.716s] DEBUG:colcon.colcon_core.shell:Skip shell extension 'dsv' for command environment
[0.741s] DEBUG:colcon.colcon_core.event_handler.log_command:Invoking command in '/home/apex/cognipilot/electrode/build/electrode': CMAKE_PREFIX_PATH=${CMAKE_PREFIX_PATH}:/opt/ros/humble /usr/bin/cmake /home/apex/cognipilot/electrode/src/electrode -DAMENT_CMAKE_SYMLINK_INSTALL=1 -DCMAKE_INSTALL_PREFIX=/home/apex/cognipilot/electrode/install/electrode
[2.577s] DEBUG:colcon.colcon_core.event_handler.log_command:Invoked command in '/home/apex/cognipilot/electrode/build/electrode' returned '0': CMAKE_PREFIX_PATH=${CMAKE_PREFIX_PATH}:/opt/ros/humble /usr/bin/cmake /home/apex/cognipilot/electrode/src/electrode -DAMENT_CMAKE_SYMLINK_INSTALL=1 -DCMAKE_INSTALL_PREFIX=/home/apex/cognipilot/electrode/install/electrode
[2.582s] DEBUG:colcon.colcon_core.event_handler.log_command:Invoking command in '/home/apex/cognipilot/electrode/build/electrode': CMAKE_PREFIX_PATH=${CMAKE_PREFIX_PATH}:/opt/ros/humble /usr/bin/cmake --build /home/apex/cognipilot/electrode/build/electrode -- -j4 -l4
[2.689s] DEBUG:colcon.colcon_core.event_handler.log_command:Invoked command in '/home/apex/cognipilot/electrode/build/electrode' returned '0': CMAKE_PREFIX_PATH=${CMAKE_PREFIX_PATH}:/opt/ros/humble /usr/bin/cmake --build /home/apex/cognipilot/electrode/build/electrode -- -j4 -l4
[2.777s] DEBUG:colcon.colcon_core.event_handler.log_command:Invoking command in '/home/apex/cognipilot/electrode/build/electrode': CMAKE_PREFIX_PATH=${CMAKE_PREFIX_PATH}:/opt/ros/humble /usr/bin/cmake --install /home/apex/cognipilot/electrode/build/electrode
[3.167s] Level 1:colcon.colcon_core.environment:create_environment_scripts_only(electrode)
[3.168s] DEBUG:colcon.colcon_core.event_handler.log_command:Invoked command in '/home/apex/cognipilot/electrode/build/electrode' returned '0': CMAKE_PREFIX_PATH=${CMAKE_PREFIX_PATH}:/opt/ros/humble /usr/bin/cmake --install /home/apex/cognipilot/electrode/build/electrode
[3.174s] Level 1:colcon.colcon_core.environment:checking '/home/apex/cognipilot/electrode/install/electrode' for CMake module files
[3.175s] Level 1:colcon.colcon_core.environment:checking '/home/apex/cognipilot/electrode/install/electrode' for CMake config files
[3.176s] Level 1:colcon.colcon_core.shell:create_environment_hook('electrode', 'cmake_prefix_path')
[3.176s] INFO:colcon.colcon_core.shell:Creating environment hook '/home/apex/cognipilot/electrode/install/electrode/share/electrode/hook/cmake_prefix_path.ps1'
[3.177s] INFO:colcon.colcon_core.shell:Creating environment descriptor '/home/apex/cognipilot/electrode/install/electrode/share/electrode/hook/cmake_prefix_path.dsv'
[3.178s] INFO:colcon.colcon_core.shell:Creating environment hook '/home/apex/cognipilot/electrode/install/electrode/share/electrode/hook/cmake_prefix_path.sh'
[3.180s] Level 1:colcon.colcon_core.environment:checking '/home/apex/cognipilot/electrode/install/electrode/bin'
[3.181s] Level 1:colcon.colcon_core.environment:checking '/home/apex/cognipilot/electrode/install/electrode/lib/pkgconfig/electrode.pc'
[3.185s] Level 1:colcon.colcon_core.environment:checking '/home/apex/cognipilot/electrode/install/electrode/lib/python3.10/site-packages'
[3.185s] Level 1:colcon.colcon_core.environment:checking '/home/apex/cognipilot/electrode/install/electrode/bin'
[3.186s] INFO:colcon.colcon_core.shell:Creating package script '/home/apex/cognipilot/electrode/install/electrode/share/electrode/package.ps1'
[3.188s] INFO:colcon.colcon_core.shell:Creating package descriptor '/home/apex/cognipilot/electrode/install/electrode/share/electrode/package.dsv'
[3.190s] INFO:colcon.colcon_core.shell:Creating package script '/home/apex/cognipilot/electrode/install/electrode/share/electrode/package.sh'
[3.192s] INFO:colcon.colcon_core.shell:Creating package script '/home/apex/cognipilot/electrode/install/electrode/share/electrode/package.bash'
[3.193s] INFO:colcon.colcon_core.shell:Creating package script '/home/apex/cognipilot/electrode/install/electrode/share/electrode/package.zsh'
[3.195s] Level 1:colcon.colcon_core.environment:create_file_with_runtime_dependencies(/home/apex/cognipilot/electrode/install/electrode/share/colcon-core/packages/electrode)
[3.246s] Level 1:colcon.colcon_core.environment:create_environment_scripts_only(electrode)
[3.246s] Level 1:colcon.colcon_core.environment:checking '/home/apex/cognipilot/electrode/install/electrode' for CMake module files
[3.248s] Level 1:colcon.colcon_core.environment:checking '/home/apex/cognipilot/electrode/install/electrode' for CMake config files
[3.248s] Level 1:colcon.colcon_core.shell:create_environment_hook('electrode', 'cmake_prefix_path')
[3.249s] INFO:colcon.colcon_core.shell:Creating environment hook '/home/apex/cognipilot/electrode/install/electrode/share/electrode/hook/cmake_prefix_path.ps1'
[3.250s] INFO:colcon.colcon_core.shell:Creating environment descriptor '/home/apex/cognipilot/electrode/install/electrode/share/electrode/hook/cmake_prefix_path.dsv'
[3.251s] INFO:colcon.colcon_core.shell:Creating environment hook '/home/apex/cognipilot/electrode/install/electrode/share/electrode/hook/cmake_prefix_path.sh'
[3.253s] Level 1:colcon.colcon_core.environment:checking '/home/apex/cognipilot/electrode/install/electrode/bin'
[3.253s] Level 1:colcon.colcon_core.environment:checking '/home/apex/cognipilot/electrode/install/electrode/lib/pkgconfig/electrode.pc'
[3.253s] Level 1:colcon.colcon_core.environment:checking '/home/apex/cognipilot/electrode/install/electrode/lib/python3.10/site-packages'
[3.254s] Level 1:colcon.colcon_core.environment:checking '/home/apex/cognipilot/electrode/install/electrode/bin'
[3.254s] INFO:colcon.colcon_core.shell:Creating package script '/home/apex/cognipilot/electrode/install/electrode/share/electrode/package.ps1'
[3.256s] INFO:colcon.colcon_core.shell:Creating package descriptor '/home/apex/cognipilot/electrode/install/electrode/share/electrode/package.dsv'
[3.257s] INFO:colcon.colcon_core.shell:Creating package script '/home/apex/cognipilot/electrode/install/electrode/share/electrode/package.sh'
[3.258s] INFO:colcon.colcon_core.shell:Creating package script '/home/apex/cognipilot/electrode/install/electrode/share/electrode/package.bash'
[3.259s] INFO:colcon.colcon_core.shell:Creating package script '/home/apex/cognipilot/electrode/install/electrode/share/electrode/package.zsh'
[3.260s] Level 1:colcon.colcon_core.environment:create_file_with_runtime_dependencies(/home/apex/cognipilot/electrode/install/electrode/share/colcon-core/packages/electrode)
[3.261s] DEBUG:colcon.colcon_parallel_executor.executor.parallel:closing loop
[3.261s] DEBUG:colcon.colcon_parallel_executor.executor.parallel:loop closed
[3.261s] DEBUG:colcon.colcon_parallel_executor.executor.parallel:run_until_complete finished with '0'
[3.261s] DEBUG:colcon.colcon_core.event_reactor:joining thread
[3.273s] INFO:colcon.colcon_core.plugin_system:Skipping extension 'colcon_notification.desktop_notification.terminal_notifier': Not used on non-Darwin systems
[3.274s] INFO:colcon.colcon_core.plugin_system:Skipping extension 'colcon_notification.desktop_notification.win32': Not used on non-Windows systems
[3.274s] INFO:colcon.colcon_notification.desktop_notification:Sending desktop notification using 'notify2'
[3.297s] DEBUG:colcon.colcon_core.event_reactor:joined thread
[3.298s] INFO:colcon.colcon_core.shell:Creating prefix script '/home/apex/cognipilot/electrode/install/local_setup.ps1'
[3.304s] INFO:colcon.colcon_core.shell:Creating prefix util module '/home/apex/cognipilot/electrode/install/_local_setup_util_ps1.py'
[3.307s] INFO:colcon.colcon_core.shell:Creating prefix chain script '/home/apex/cognipilot/electrode/install/setup.ps1'
[3.312s] INFO:colcon.colcon_core.shell:Creating prefix script '/home/apex/cognipilot/electrode/install/local_setup.sh'
[3.314s] INFO:colcon.colcon_core.shell:Creating prefix util module '/home/apex/cognipilot/electrode/install/_local_setup_util_sh.py'
[3.314s] INFO:colcon.colcon_core.shell:Creating prefix chain script '/home/apex/cognipilot/electrode/install/setup.sh'
[3.318s] INFO:colcon.colcon_core.shell:Creating prefix script '/home/apex/cognipilot/electrode/install/local_setup.bash'
[3.319s] INFO:colcon.colcon_core.shell:Creating prefix chain script '/home/apex/cognipilot/electrode/install/setup.bash'
[3.322s] INFO:colcon.colcon_core.shell:Creating prefix script '/home/apex/cognipilot/electrode/install/local_setup.zsh'
[3.324s] INFO:colcon.colcon_core.shell:Creating prefix chain script '/home/apex/cognipilot/electrode/install/setup.zsh'
