[0.089s] Invoking command in '/home/apex/cognipilot/cranium/build/synapse_gz': CMAKE_PREFIX_PATH=/home/apex/cognipilot/cranium/install/synapse_tinyframe:/home/apex/cognipilot/cranium/install/synapse_protobuf:/home/apex/cognipilot/cranium/install/synapse_ros:/home/apex/cognipilot/cranium/install/synapse_gz:/home/apex/cognipilot/cranium/install/corti:/home/apex/cognipilot/cranium/install/synapse_msgs:/home/apex/cognipilot/cranium/install/dream_world:/home/apex/cognipilot/cranium/install/cerebri_bringup:/home/apex/cognipilot/cranium/install/b3rb_simulator:/home/apex/cognipilot/cranium/install/b3rb_desktop:/home/apex/cognipilot/cranium/install/b3rb_rviz:/home/apex/cognipilot/cranium/install/b3rb_nav2:/home/apex/cognipilot/cranium/install/b3rb_gz_resource:/home/apex/cognipilot/cranium/install/b3rb_gz_bringup:/home/apex/cognipilot/cranium/install/b3rb_description:/opt/ros/humble /usr/bin/cmake --build /home/apex/cognipilot/cranium/build/synapse_gz -- -j4 -l4
[0.313s] [100%] Built target synapse_gz
[0.373s] Invoked command in '/home/apex/cognipilot/cranium/build/synapse_gz' returned '0': CMAKE_PREFIX_PATH=/home/apex/cognipilot/cranium/install/synapse_tinyframe:/home/apex/cognipilot/cranium/install/synapse_protobuf:/home/apex/cognipilot/cranium/install/synapse_ros:/home/apex/cognipilot/cranium/install/synapse_gz:/home/apex/cognipilot/cranium/install/corti:/home/apex/cognipilot/cranium/install/synapse_msgs:/home/apex/cognipilot/cranium/install/dream_world:/home/apex/cognipilot/cranium/install/cerebri_bringup:/home/apex/cognipilot/cranium/install/b3rb_simulator:/home/apex/cognipilot/cranium/install/b3rb_desktop:/home/apex/cognipilot/cranium/install/b3rb_rviz:/home/apex/cognipilot/cranium/install/b3rb_nav2:/home/apex/cognipilot/cranium/install/b3rb_gz_resource:/home/apex/cognipilot/cranium/install/b3rb_gz_bringup:/home/apex/cognipilot/cranium/install/b3rb_description:/opt/ros/humble /usr/bin/cmake --build /home/apex/cognipilot/cranium/build/synapse_gz -- -j4 -l4
[0.465s] Invoking command in '/home/apex/cognipilot/cranium/build/synapse_gz': CMAKE_PREFIX_PATH=/home/apex/cognipilot/cranium/install/synapse_tinyframe:/home/apex/cognipilot/cranium/install/synapse_protobuf:/home/apex/cognipilot/cranium/install/synapse_ros:/home/apex/cognipilot/cranium/install/synapse_gz:/home/apex/cognipilot/cranium/install/corti:/home/apex/cognipilot/cranium/install/synapse_msgs:/home/apex/cognipilot/cranium/install/dream_world:/home/apex/cognipilot/cranium/install/cerebri_bringup:/home/apex/cognipilot/cranium/install/b3rb_simulator:/home/apex/cognipilot/cranium/install/b3rb_desktop:/home/apex/cognipilot/cranium/install/b3rb_rviz:/home/apex/cognipilot/cranium/install/b3rb_nav2:/home/apex/cognipilot/cranium/install/b3rb_gz_resource:/home/apex/cognipilot/cranium/install/b3rb_gz_bringup:/home/apex/cognipilot/cranium/install/b3rb_description:/opt/ros/humble /usr/bin/cmake --install /home/apex/cognipilot/cranium/build/synapse_gz
[0.484s] -- Install configuration: ""
[0.486s] -- Execute custom install script
[0.487s] -- Up-to-date symlink: /home/apex/cognipilot/cranium/install/synapse_gz/lib/synapse_gz/synapse_gz
[0.488s] -- Up-to-date symlink: /home/apex/cognipilot/cranium/install/synapse_gz/share/synapse_gz/launch/synapse_gz.launch.py
[0.488s] -- Up-to-date symlink: /home/apex/cognipilot/cranium/install/synapse_gz/share/ament_index/resource_index/package_run_dependencies/synapse_gz
[0.489s] -- Up-to-date symlink: /home/apex/cognipilot/cranium/install/synapse_gz/share/ament_index/resource_index/parent_prefix_path/synapse_gz
[0.489s] -- Up-to-date symlink: /home/apex/cognipilot/cranium/install/synapse_gz/share/synapse_gz/environment/ament_prefix_path.sh
[0.491s] -- Up-to-date symlink: /home/apex/cognipilot/cranium/install/synapse_gz/share/synapse_gz/environment/ament_prefix_path.dsv
[0.492s] -- Up-to-date symlink: /home/apex/cognipilot/cranium/install/synapse_gz/share/synapse_gz/environment/path.sh
[0.494s] -- Up-to-date symlink: /home/apex/cognipilot/cranium/install/synapse_gz/share/synapse_gz/environment/path.dsv
[0.495s] -- Up-to-date symlink: /home/apex/cognipilot/cranium/install/synapse_gz/share/synapse_gz/local_setup.bash
[0.495s] -- Up-to-date symlink: /home/apex/cognipilot/cranium/install/synapse_gz/share/synapse_gz/local_setup.sh
[0.495s] -- Up-to-date symlink: /home/apex/cognipilot/cranium/install/synapse_gz/share/synapse_gz/local_setup.zsh
[0.496s] -- Up-to-date symlink: /home/apex/cognipilot/cranium/install/synapse_gz/share/synapse_gz/local_setup.dsv
[0.497s] -- Symlinking: /home/apex/cognipilot/cranium/install/synapse_gz/share/synapse_gz/package.dsv
[0.523s] -- Up-to-date symlink: /home/apex/cognipilot/cranium/install/synapse_gz/share/ament_index/resource_index/packages/synapse_gz
[0.524s] -- Up-to-date symlink: /home/apex/cognipilot/cranium/install/synapse_gz/share/synapse_gz/cmake/synapse_gzConfig.cmake
[0.524s] -- Up-to-date symlink: /home/apex/cognipilot/cranium/install/synapse_gz/share/synapse_gz/cmake/synapse_gzConfig-version.cmake
[0.525s] -- Up-to-date symlink: /home/apex/cognipilot/cranium/install/synapse_gz/share/synapse_gz/package.xml
[0.532s] Invoked command in '/home/apex/cognipilot/cranium/build/synapse_gz' returned '0': CMAKE_PREFIX_PATH=/home/apex/cognipilot/cranium/install/synapse_tinyframe:/home/apex/cognipilot/cranium/install/synapse_protobuf:/home/apex/cognipilot/cranium/install/synapse_ros:/home/apex/cognipilot/cranium/install/synapse_gz:/home/apex/cognipilot/cranium/install/corti:/home/apex/cognipilot/cranium/install/synapse_msgs:/home/apex/cognipilot/cranium/install/dream_world:/home/apex/cognipilot/cranium/install/cerebri_bringup:/home/apex/cognipilot/cranium/install/b3rb_simulator:/home/apex/cognipilot/cranium/install/b3rb_desktop:/home/apex/cognipilot/cranium/install/b3rb_rviz:/home/apex/cognipilot/cranium/install/b3rb_nav2:/home/apex/cognipilot/cranium/install/b3rb_gz_resource:/home/apex/cognipilot/cranium/install/b3rb_gz_bringup:/home/apex/cognipilot/cranium/install/b3rb_description:/opt/ros/humble /usr/bin/cmake --install /home/apex/cognipilot/cranium/build/synapse_gz
