[0.076s] Invoking command in '/home/apex/cognipilot/cranium/build/synapse_msgs': CMAKE_PREFIX_PATH=${CMAKE_PREFIX_PATH}:/opt/ros/humble /usr/bin/cmake --build /home/apex/cognipilot/cranium/build/synapse_msgs -- -j4 -l4
[0.270s] [  2%] Built target synapse_msgs__cpp
[0.272s] [ 12%] Built target synapse_msgs__rosidl_generator_c
[0.296s] [ 12%] Built target ament_cmake_python_symlink_synapse_msgs
[0.397s] [ 23%] Built target synapse_msgs__rosidl_typesupport_fastrtps_cpp
[0.402s] [ 34%] Built target synapse_msgs__rosidl_typesupport_cpp
[0.413s] [ 44%] Built target synapse_msgs__rosidl_typesupport_introspection_cpp
[0.423s] [ 55%] Built target synapse_msgs__rosidl_typesupport_fastrtps_c
[0.502s] [ 65%] Built target synapse_msgs__rosidl_typesupport_introspection_c
[0.534s] [ 76%] Built target synapse_msgs__rosidl_typesupport_c
[0.623s] [ 76%] Built target synapse_msgs
[0.690s] [ 78%] Built target synapse_msgs__py
[0.780s] [ 87%] Built target synapse_msgs__rosidl_generator_py
[0.883s] [ 91%] Built target synapse_msgs__rosidl_typesupport_introspection_c__pyext
[0.884s] [ 95%] Built target synapse_msgs__rosidl_typesupport_fastrtps_c__pyext
[0.891s] [100%] Built target synapse_msgs__rosidl_typesupport_c__pyext
[1.430s] running egg_info
[1.430s] writing synapse_msgs.egg-info/PKG-INFO
[1.430s] writing dependency_links to synapse_msgs.egg-info/dependency_links.txt
[1.437s] writing top-level names to synapse_msgs.egg-info/top_level.txt
[1.440s] reading manifest file 'synapse_msgs.egg-info/SOURCES.txt'
[1.442s] writing manifest file 'synapse_msgs.egg-info/SOURCES.txt'
[1.570s] [100%] Built target ament_cmake_python_build_synapse_msgs_egg
[1.607s] Invoked command in '/home/apex/cognipilot/cranium/build/synapse_msgs' returned '0': CMAKE_PREFIX_PATH=${CMAKE_PREFIX_PATH}:/opt/ros/humble /usr/bin/cmake --build /home/apex/cognipilot/cranium/build/synapse_msgs -- -j4 -l4
[1.979s] Invoking command in '/home/apex/cognipilot/cranium/build/synapse_msgs': CMAKE_PREFIX_PATH=${CMAKE_PREFIX_PATH}:/opt/ros/humble /usr/bin/cmake --install /home/apex/cognipilot/cranium/build/synapse_msgs
[2.007s] -- Install configuration: ""
[2.008s] -- Execute custom install script
[2.009s] -- Up-to-date symlink: /home/apex/cognipilot/cranium/install/synapse_msgs/share/ament_index/resource_index/rosidl_interfaces/synapse_msgs
[2.013s] -- Up-to-date symlink: /home/apex/cognipilot/cranium/install/synapse_msgs/include/synapse_msgs/synapse_msgs/msg/bezier_curve.h
[2.014s] -- Up-to-date symlink: /home/apex/cognipilot/cranium/install/synapse_msgs/include/synapse_msgs/synapse_msgs/msg/bezier_trajectory.h
[2.015s] -- Up-to-date symlink: /home/apex/cognipilot/cranium/install/synapse_msgs/include/synapse_msgs/synapse_msgs/msg/detail/bezier_curve__functions.h
[2.015s] -- Up-to-date symlink: /home/apex/cognipilot/cranium/install/synapse_msgs/include/synapse_msgs/synapse_msgs/msg/detail/bezier_curve__struct.h
[2.016s] -- Up-to-date symlink: /home/apex/cognipilot/cranium/install/synapse_msgs/include/synapse_msgs/synapse_msgs/msg/detail/bezier_curve__type_support.h
[2.016s] -- Up-to-date symlink: /home/apex/cognipilot/cranium/install/synapse_msgs/include/synapse_msgs/synapse_msgs/msg/detail/bezier_trajectory__functions.h
[2.016s] -- Up-to-date symlink: /home/apex/cognipilot/cranium/install/synapse_msgs/include/synapse_msgs/synapse_msgs/msg/detail/bezier_trajectory__struct.h
[2.016s] -- Up-to-date symlink: /home/apex/cognipilot/cranium/install/synapse_msgs/include/synapse_msgs/synapse_msgs/msg/detail/bezier_trajectory__type_support.h
[2.017s] -- Up-to-date symlink: /home/apex/cognipilot/cranium/install/synapse_msgs/include/synapse_msgs/synapse_msgs/msg/detail/status__functions.h
[2.017s] -- Up-to-date symlink: /home/apex/cognipilot/cranium/install/synapse_msgs/include/synapse_msgs/synapse_msgs/msg/detail/status__struct.h
[2.018s] -- Up-to-date symlink: /home/apex/cognipilot/cranium/install/synapse_msgs/include/synapse_msgs/synapse_msgs/msg/detail/status__type_support.h
[2.020s] -- Up-to-date symlink: /home/apex/cognipilot/cranium/install/synapse_msgs/include/synapse_msgs/synapse_msgs/msg/rosidl_generator_c__visibility_control.h
[2.023s] -- Up-to-date symlink: /home/apex/cognipilot/cranium/install/synapse_msgs/include/synapse_msgs/synapse_msgs/msg/status.h
[2.024s] -- Up-to-date symlink: /home/apex/cognipilot/cranium/install/synapse_msgs/share/synapse_msgs/environment/library_path.sh
[2.024s] -- Up-to-date symlink: /home/apex/cognipilot/cranium/install/synapse_msgs/share/synapse_msgs/environment/library_path.dsv
[2.025s] -- Up-to-date symlink: /home/apex/cognipilot/cranium/install/synapse_msgs/include/synapse_msgs/synapse_msgs/msg/detail/bezier_curve__rosidl_typesupport_fastrtps_c.h
[2.025s] -- Up-to-date symlink: /home/apex/cognipilot/cranium/install/synapse_msgs/include/synapse_msgs/synapse_msgs/msg/detail/bezier_trajectory__rosidl_typesupport_fastrtps_c.h
[2.032s] -- Up-to-date symlink: /home/apex/cognipilot/cranium/install/synapse_msgs/include/synapse_msgs/synapse_msgs/msg/detail/status__rosidl_typesupport_fastrtps_c.h
[2.036s] -- Up-to-date symlink: /home/apex/cognipilot/cranium/install/synapse_msgs/include/synapse_msgs/synapse_msgs/msg/rosidl_typesupport_fastrtps_c__visibility_control.h
[2.037s] -- Up-to-date symlink: /home/apex/cognipilot/cranium/install/synapse_msgs/include/synapse_msgs/synapse_msgs/msg/detail/bezier_curve__rosidl_typesupport_introspection_c.h
[2.037s] -- Up-to-date symlink: /home/apex/cognipilot/cranium/install/synapse_msgs/include/synapse_msgs/synapse_msgs/msg/detail/bezier_trajectory__rosidl_typesupport_introspection_c.h
[2.037s] -- Up-to-date symlink: /home/apex/cognipilot/cranium/install/synapse_msgs/include/synapse_msgs/synapse_msgs/msg/detail/status__rosidl_typesupport_introspection_c.h
[2.038s] -- Up-to-date symlink: /home/apex/cognipilot/cranium/install/synapse_msgs/include/synapse_msgs/synapse_msgs/msg/rosidl_typesupport_introspection_c__visibility_control.h
[2.038s] -- Up-to-date symlink: /home/apex/cognipilot/cranium/install/synapse_msgs/include/synapse_msgs/synapse_msgs/msg/bezier_curve.hpp
[2.038s] -- Up-to-date symlink: /home/apex/cognipilot/cranium/install/synapse_msgs/include/synapse_msgs/synapse_msgs/msg/bezier_trajectory.hpp
[2.038s] -- Up-to-date symlink: /home/apex/cognipilot/cranium/install/synapse_msgs/include/synapse_msgs/synapse_msgs/msg/detail/bezier_curve__builder.hpp
[2.039s] -- Up-to-date symlink: /home/apex/cognipilot/cranium/install/synapse_msgs/include/synapse_msgs/synapse_msgs/msg/detail/bezier_curve__struct.hpp
[2.039s] -- Up-to-date symlink: /home/apex/cognipilot/cranium/install/synapse_msgs/include/synapse_msgs/synapse_msgs/msg/detail/bezier_curve__traits.hpp
[2.044s] -- Up-to-date symlink: /home/apex/cognipilot/cranium/install/synapse_msgs/include/synapse_msgs/synapse_msgs/msg/detail/bezier_trajectory__builder.hpp
[2.045s] -- Up-to-date symlink: /home/apex/cognipilot/cranium/install/synapse_msgs/include/synapse_msgs/synapse_msgs/msg/detail/bezier_trajectory__struct.hpp
[2.045s] -- Up-to-date symlink: /home/apex/cognipilot/cranium/install/synapse_msgs/include/synapse_msgs/synapse_msgs/msg/detail/bezier_trajectory__traits.hpp
[2.046s] -- Up-to-date symlink: /home/apex/cognipilot/cranium/install/synapse_msgs/include/synapse_msgs/synapse_msgs/msg/detail/status__builder.hpp
[2.050s] -- Up-to-date symlink: /home/apex/cognipilot/cranium/install/synapse_msgs/include/synapse_msgs/synapse_msgs/msg/detail/status__struct.hpp
[2.050s] -- Up-to-date symlink: /home/apex/cognipilot/cranium/install/synapse_msgs/include/synapse_msgs/synapse_msgs/msg/detail/status__traits.hpp
[2.052s] -- Up-to-date symlink: /home/apex/cognipilot/cranium/install/synapse_msgs/include/synapse_msgs/synapse_msgs/msg/status.hpp
[2.053s] -- Up-to-date symlink: /home/apex/cognipilot/cranium/install/synapse_msgs/include/synapse_msgs/synapse_msgs/msg/detail/bezier_curve__rosidl_typesupport_fastrtps_cpp.hpp
[2.053s] -- Up-to-date symlink: /home/apex/cognipilot/cranium/install/synapse_msgs/include/synapse_msgs/synapse_msgs/msg/detail/bezier_trajectory__rosidl_typesupport_fastrtps_cpp.hpp
[2.053s] -- Up-to-date symlink: /home/apex/cognipilot/cranium/install/synapse_msgs/include/synapse_msgs/synapse_msgs/msg/detail/status__rosidl_typesupport_fastrtps_cpp.hpp
[2.053s] -- Up-to-date symlink: /home/apex/cognipilot/cranium/install/synapse_msgs/include/synapse_msgs/synapse_msgs/msg/rosidl_typesupport_fastrtps_cpp__visibility_control.h
[2.054s] -- Up-to-date symlink: /home/apex/cognipilot/cranium/install/synapse_msgs/include/synapse_msgs/synapse_msgs/msg/detail/bezier_curve__rosidl_typesupport_introspection_cpp.hpp
[2.054s] -- Up-to-date symlink: /home/apex/cognipilot/cranium/install/synapse_msgs/include/synapse_msgs/synapse_msgs/msg/detail/bezier_trajectory__rosidl_typesupport_introspection_cpp.hpp
[2.054s] -- Up-to-date symlink: /home/apex/cognipilot/cranium/install/synapse_msgs/include/synapse_msgs/synapse_msgs/msg/detail/status__rosidl_typesupport_introspection_cpp.hpp
[2.054s] -- Up-to-date symlink: /home/apex/cognipilot/cranium/install/synapse_msgs/share/synapse_msgs/environment/pythonpath.sh
[2.055s] -- Up-to-date symlink: /home/apex/cognipilot/cranium/install/synapse_msgs/share/synapse_msgs/environment/pythonpath.dsv
[2.055s] -- Up-to-date symlink: /home/apex/cognipilot/cranium/install/synapse_msgs/local/lib/python3.10/dist-packages/synapse_msgs-0.0.1-py3.10.egg-info/PKG-INFO
[2.055s] -- Up-to-date symlink: /home/apex/cognipilot/cranium/install/synapse_msgs/local/lib/python3.10/dist-packages/synapse_msgs-0.0.1-py3.10.egg-info/SOURCES.txt
[2.055s] -- Up-to-date symlink: /home/apex/cognipilot/cranium/install/synapse_msgs/local/lib/python3.10/dist-packages/synapse_msgs-0.0.1-py3.10.egg-info/dependency_links.txt
[2.056s] -- Up-to-date symlink: /home/apex/cognipilot/cranium/install/synapse_msgs/local/lib/python3.10/dist-packages/synapse_msgs-0.0.1-py3.10.egg-info/top_level.txt
[2.056s] -- Up-to-date symlink: /home/apex/cognipilot/cranium/install/synapse_msgs/local/lib/python3.10/dist-packages/synapse_msgs/__init__.py
[2.056s] -- Up-to-date symlink: /home/apex/cognipilot/cranium/install/synapse_msgs/local/lib/python3.10/dist-packages/synapse_msgs/_synapse_msgs_s.ep.rosidl_typesupport_c.c
[2.056s] -- Up-to-date symlink: /home/apex/cognipilot/cranium/install/synapse_msgs/local/lib/python3.10/dist-packages/synapse_msgs/_synapse_msgs_s.ep.rosidl_typesupport_fastrtps_c.c
[2.057s] -- Up-to-date symlink: /home/apex/cognipilot/cranium/install/synapse_msgs/local/lib/python3.10/dist-packages/synapse_msgs/_synapse_msgs_s.ep.rosidl_typesupport_introspection_c.c
[2.057s] -- Up-to-date symlink: /home/apex/cognipilot/cranium/install/synapse_msgs/local/lib/python3.10/dist-packages/synapse_msgs/libsynapse_msgs__rosidl_generator_py.so
[2.057s] -- Up-to-date symlink: /home/apex/cognipilot/cranium/install/synapse_msgs/local/lib/python3.10/dist-packages/synapse_msgs/msg/__init__.py
[2.057s] -- Up-to-date symlink: /home/apex/cognipilot/cranium/install/synapse_msgs/local/lib/python3.10/dist-packages/synapse_msgs/msg/_bezier_curve.py
[2.058s] -- Up-to-date symlink: /home/apex/cognipilot/cranium/install/synapse_msgs/local/lib/python3.10/dist-packages/synapse_msgs/msg/_bezier_curve_s.c
[2.058s] -- Up-to-date symlink: /home/apex/cognipilot/cranium/install/synapse_msgs/local/lib/python3.10/dist-packages/synapse_msgs/msg/_bezier_trajectory.py
[2.058s] -- Up-to-date symlink: /home/apex/cognipilot/cranium/install/synapse_msgs/local/lib/python3.10/dist-packages/synapse_msgs/msg/_bezier_trajectory_s.c
[2.058s] -- Up-to-date symlink: /home/apex/cognipilot/cranium/install/synapse_msgs/local/lib/python3.10/dist-packages/synapse_msgs/msg/_status.py
[2.058s] -- Up-to-date symlink: /home/apex/cognipilot/cranium/install/synapse_msgs/local/lib/python3.10/dist-packages/synapse_msgs/msg/_status_s.c
[2.065s] -- Up-to-date symlink: /home/apex/cognipilot/cranium/install/synapse_msgs/local/lib/python3.10/dist-packages/synapse_msgs/synapse_msgs_s__rosidl_typesupport_c.cpython-310-x86_64-linux-gnu.so
[2.066s] -- Up-to-date symlink: /home/apex/cognipilot/cranium/install/synapse_msgs/local/lib/python3.10/dist-packages/synapse_msgs/synapse_msgs_s__rosidl_typesupport_fastrtps_c.cpython-310-x86_64-linux-gnu.so
[2.066s] -- Up-to-date symlink: /home/apex/cognipilot/cranium/install/synapse_msgs/local/lib/python3.10/dist-packages/synapse_msgs/synapse_msgs_s__rosidl_typesupport_introspection_c.cpython-310-x86_64-linux-gnu.so
[2.067s] -- Up-to-date symlink: /home/apex/cognipilot/cranium/install/synapse_msgs/local/lib/python3.10/dist-packages/synapse_msgs/synapse_msgs_s__rosidl_typesupport_fastrtps_c.cpython-310-x86_64-linux-gnu.so
[2.067s] -- Up-to-date symlink: /home/apex/cognipilot/cranium/install/synapse_msgs/local/lib/python3.10/dist-packages/synapse_msgs/synapse_msgs_s__rosidl_typesupport_introspection_c.cpython-310-x86_64-linux-gnu.so
[2.068s] -- Up-to-date symlink: /home/apex/cognipilot/cranium/install/synapse_msgs/local/lib/python3.10/dist-packages/synapse_msgs/synapse_msgs_s__rosidl_typesupport_c.cpython-310-x86_64-linux-gnu.so
[2.068s] -- Up-to-date symlink: /home/apex/cognipilot/cranium/install/synapse_msgs/share/synapse_msgs/msg/BezierCurve.idl
[2.068s] -- Up-to-date symlink: /home/apex/cognipilot/cranium/install/synapse_msgs/share/synapse_msgs/msg/BezierTrajectory.idl
[2.069s] -- Up-to-date symlink: /home/apex/cognipilot/cranium/install/synapse_msgs/share/synapse_msgs/msg/Status.idl
[2.069s] -- Up-to-date symlink: /home/apex/cognipilot/cranium/install/synapse_msgs/share/synapse_msgs/msg/BezierCurve.msg
[2.069s] -- Up-to-date symlink: /home/apex/cognipilot/cranium/install/synapse_msgs/share/synapse_msgs/msg/BezierTrajectory.msg
[2.069s] -- Up-to-date symlink: /home/apex/cognipilot/cranium/install/synapse_msgs/share/synapse_msgs/msg/Status.msg
[2.070s] -- Up-to-date symlink: /home/apex/cognipilot/cranium/install/synapse_msgs/share/ament_index/resource_index/package_run_dependencies/synapse_msgs
[2.070s] -- Up-to-date symlink: /home/apex/cognipilot/cranium/install/synapse_msgs/share/ament_index/resource_index/parent_prefix_path/synapse_msgs
[2.070s] -- Up-to-date symlink: /home/apex/cognipilot/cranium/install/synapse_msgs/share/synapse_msgs/environment/ament_prefix_path.sh
[2.070s] -- Up-to-date symlink: /home/apex/cognipilot/cranium/install/synapse_msgs/share/synapse_msgs/environment/ament_prefix_path.dsv
[2.070s] -- Up-to-date symlink: /home/apex/cognipilot/cranium/install/synapse_msgs/share/synapse_msgs/environment/path.sh
[2.071s] -- Up-to-date symlink: /home/apex/cognipilot/cranium/install/synapse_msgs/share/synapse_msgs/environment/path.dsv
[2.071s] -- Up-to-date symlink: /home/apex/cognipilot/cranium/install/synapse_msgs/share/synapse_msgs/local_setup.bash
[2.071s] -- Up-to-date symlink: /home/apex/cognipilot/cranium/install/synapse_msgs/share/synapse_msgs/local_setup.sh
[2.072s] -- Up-to-date symlink: /home/apex/cognipilot/cranium/install/synapse_msgs/share/synapse_msgs/local_setup.zsh
[2.072s] -- Up-to-date symlink: /home/apex/cognipilot/cranium/install/synapse_msgs/share/synapse_msgs/local_setup.dsv
[2.072s] -- Symlinking: /home/apex/cognipilot/cranium/install/synapse_msgs/share/synapse_msgs/package.dsv
[2.115s] -- Up-to-date symlink: /home/apex/cognipilot/cranium/install/synapse_msgs/share/ament_index/resource_index/packages/synapse_msgs
[2.116s] -- Up-to-date symlink: /home/apex/cognipilot/cranium/install/synapse_msgs/share/synapse_msgs/cmake/rosidl_cmake-extras.cmake
[2.116s] -- Up-to-date symlink: /home/apex/cognipilot/cranium/install/synapse_msgs/share/synapse_msgs/cmake/ament_cmake_export_dependencies-extras.cmake
[2.116s] -- Up-to-date symlink: /home/apex/cognipilot/cranium/install/synapse_msgs/share/synapse_msgs/cmake/ament_cmake_export_include_directories-extras.cmake
[2.116s] -- Up-to-date symlink: /home/apex/cognipilot/cranium/install/synapse_msgs/share/synapse_msgs/cmake/ament_cmake_export_libraries-extras.cmake
[2.117s] -- Up-to-date symlink: /home/apex/cognipilot/cranium/install/synapse_msgs/share/synapse_msgs/cmake/ament_cmake_export_targets-extras.cmake
[2.117s] -- Up-to-date symlink: /home/apex/cognipilot/cranium/install/synapse_msgs/share/synapse_msgs/cmake/rosidl_cmake_export_typesupport_targets-extras.cmake
[2.117s] -- Up-to-date symlink: /home/apex/cognipilot/cranium/install/synapse_msgs/share/synapse_msgs/cmake/rosidl_cmake_export_typesupport_libraries-extras.cmake
[2.117s] -- Up-to-date symlink: /home/apex/cognipilot/cranium/install/synapse_msgs/share/synapse_msgs/cmake/synapse_msgsConfig.cmake
[2.118s] -- Up-to-date symlink: /home/apex/cognipilot/cranium/install/synapse_msgs/share/synapse_msgs/cmake/synapse_msgsConfig-version.cmake
[2.118s] -- Up-to-date symlink: /home/apex/cognipilot/cranium/install/synapse_msgs/share/synapse_msgs/package.xml
[2.118s] -- Up-to-date: /home/apex/cognipilot/cranium/install/synapse_msgs/lib/libsynapse_msgs__rosidl_generator_c.so
[2.118s] -- Up-to-date: /home/apex/cognipilot/cranium/install/synapse_msgs/lib/libsynapse_msgs__rosidl_typesupport_fastrtps_c.so
[2.118s] -- Up-to-date: /home/apex/cognipilot/cranium/install/synapse_msgs/lib/libsynapse_msgs__rosidl_typesupport_introspection_c.so
[2.119s] -- Up-to-date: /home/apex/cognipilot/cranium/install/synapse_msgs/lib/libsynapse_msgs__rosidl_typesupport_c.so
[2.119s] -- Up-to-date: /home/apex/cognipilot/cranium/install/synapse_msgs/lib/libsynapse_msgs__rosidl_typesupport_fastrtps_cpp.so
[2.119s] -- Up-to-date: /home/apex/cognipilot/cranium/install/synapse_msgs/lib/libsynapse_msgs__rosidl_typesupport_introspection_cpp.so
[2.119s] -- Up-to-date: /home/apex/cognipilot/cranium/install/synapse_msgs/lib/libsynapse_msgs__rosidl_typesupport_cpp.so
[2.228s] Listing '/home/apex/cognipilot/cranium/install/synapse_msgs/local/lib/python3.10/dist-packages/synapse_msgs'...
[2.228s] Listing '/home/apex/cognipilot/cranium/install/synapse_msgs/local/lib/python3.10/dist-packages/synapse_msgs/msg'...
[2.249s] -- Up-to-date: /home/apex/cognipilot/cranium/install/synapse_msgs/lib/libsynapse_msgs__rosidl_generator_py.so
[2.250s] -- Up-to-date: /home/apex/cognipilot/cranium/install/synapse_msgs/share/synapse_msgs/cmake/export_synapse_msgs__rosidl_generator_cExport.cmake
[2.250s] -- Up-to-date: /home/apex/cognipilot/cranium/install/synapse_msgs/share/synapse_msgs/cmake/export_synapse_msgs__rosidl_generator_cExport-noconfig.cmake
[2.251s] -- Up-to-date: /home/apex/cognipilot/cranium/install/synapse_msgs/share/synapse_msgs/cmake/export_synapse_msgs__rosidl_typesupport_fastrtps_cExport.cmake
[2.251s] -- Up-to-date: /home/apex/cognipilot/cranium/install/synapse_msgs/share/synapse_msgs/cmake/export_synapse_msgs__rosidl_typesupport_fastrtps_cExport-noconfig.cmake
[2.252s] -- Up-to-date: /home/apex/cognipilot/cranium/install/synapse_msgs/share/synapse_msgs/cmake/synapse_msgs__rosidl_typesupport_introspection_cExport.cmake
[2.252s] -- Up-to-date: /home/apex/cognipilot/cranium/install/synapse_msgs/share/synapse_msgs/cmake/synapse_msgs__rosidl_typesupport_introspection_cExport-noconfig.cmake
[2.252s] -- Up-to-date: /home/apex/cognipilot/cranium/install/synapse_msgs/share/synapse_msgs/cmake/synapse_msgs__rosidl_typesupport_cExport.cmake
[2.252s] -- Up-to-date: /home/apex/cognipilot/cranium/install/synapse_msgs/share/synapse_msgs/cmake/synapse_msgs__rosidl_typesupport_cExport-noconfig.cmake
[2.253s] -- Up-to-date: /home/apex/cognipilot/cranium/install/synapse_msgs/share/synapse_msgs/cmake/export_synapse_msgs__rosidl_generator_cppExport.cmake
[2.253s] -- Up-to-date: /home/apex/cognipilot/cranium/install/synapse_msgs/share/synapse_msgs/cmake/export_synapse_msgs__rosidl_typesupport_fastrtps_cppExport.cmake
[2.254s] -- Up-to-date: /home/apex/cognipilot/cranium/install/synapse_msgs/share/synapse_msgs/cmake/export_synapse_msgs__rosidl_typesupport_fastrtps_cppExport-noconfig.cmake
[2.254s] -- Up-to-date: /home/apex/cognipilot/cranium/install/synapse_msgs/share/synapse_msgs/cmake/synapse_msgs__rosidl_typesupport_introspection_cppExport.cmake
[2.254s] -- Up-to-date: /home/apex/cognipilot/cranium/install/synapse_msgs/share/synapse_msgs/cmake/synapse_msgs__rosidl_typesupport_introspection_cppExport-noconfig.cmake
[2.255s] -- Up-to-date: /home/apex/cognipilot/cranium/install/synapse_msgs/share/synapse_msgs/cmake/synapse_msgs__rosidl_typesupport_cppExport.cmake
[2.255s] -- Up-to-date: /home/apex/cognipilot/cranium/install/synapse_msgs/share/synapse_msgs/cmake/synapse_msgs__rosidl_typesupport_cppExport-noconfig.cmake
[2.255s] -- Up-to-date: /home/apex/cognipilot/cranium/install/synapse_msgs/share/synapse_msgs/cmake/export_synapse_msgs__rosidl_generator_pyExport.cmake
[2.255s] -- Up-to-date: /home/apex/cognipilot/cranium/install/synapse_msgs/share/synapse_msgs/cmake/export_synapse_msgs__rosidl_generator_pyExport-noconfig.cmake
[2.267s] Invoked command in '/home/apex/cognipilot/cranium/build/synapse_msgs' returned '0': CMAKE_PREFIX_PATH=${CMAKE_PREFIX_PATH}:/opt/ros/humble /usr/bin/cmake --install /home/apex/cognipilot/cranium/build/synapse_msgs
