[0.064s] Invoking command in '/home/apex/cognipilot/cranium/build/corti': AMENT_PREFIX_PATH=/home/apex/cognipilot/cranium/install/synapse_msgs:${AMENT_PREFIX_PATH} CMAKE_PREFIX_PATH=/home/apex/cognipilot/cranium/install/synapse_msgs:/opt/ros/humble LD_LIBRARY_PATH=/home/apex/cognipilot/cranium/install/synapse_msgs/lib:${LD_LIBRARY_PATH} PYTHONPATH=/home/apex/cognipilot/cranium/install/synapse_msgs/local/lib/python3.10/dist-packages:${PYTHONPATH} /usr/bin/cmake --build /home/apex/cognipilot/cranium/build/corti -- -j4 -l4
[0.177s] [35m[1mConsolidate compiler generated dependencies of target odom_to_tf[0m
[0.179s] [35m[1mConsolidate compiler generated dependencies of target bezier6[0m
[0.186s] [35m[1mConsolidate compiler generated dependencies of target tf_to_odom[0m
[0.213s] [ 25%] Built target bezier6
[0.236s] [ 25%] Built target ament_cmake_python_symlink_corti
[0.236s] [ 50%] Built target odom_to_tf
[0.251s] [ 75%] Built target tf_to_odom
[0.261s] [35m[1mConsolidate compiler generated dependencies of target rover_planner[0m
[0.309s] [100%] Built target rover_planner
[0.895s] running egg_info
[0.897s] writing corti.egg-info/PKG-INFO
[0.897s] writing dependency_links to corti.egg-info/dependency_links.txt
[0.898s] writing top-level names to corti.egg-info/top_level.txt
[0.903s] reading manifest file 'corti.egg-info/SOURCES.txt'
[0.905s] writing manifest file 'corti.egg-info/SOURCES.txt'
[0.987s] [100%] Built target ament_cmake_python_build_corti_egg
[1.014s] Invoked command in '/home/apex/cognipilot/cranium/build/corti' returned '0': AMENT_PREFIX_PATH=/home/apex/cognipilot/cranium/install/synapse_msgs:${AMENT_PREFIX_PATH} CMAKE_PREFIX_PATH=/home/apex/cognipilot/cranium/install/synapse_msgs:/opt/ros/humble LD_LIBRARY_PATH=/home/apex/cognipilot/cranium/install/synapse_msgs/lib:${LD_LIBRARY_PATH} PYTHONPATH=/home/apex/cognipilot/cranium/install/synapse_msgs/local/lib/python3.10/dist-packages:${PYTHONPATH} /usr/bin/cmake --build /home/apex/cognipilot/cranium/build/corti -- -j4 -l4
[1.100s] Invoking command in '/home/apex/cognipilot/cranium/build/corti': AMENT_PREFIX_PATH=/home/apex/cognipilot/cranium/install/synapse_msgs:${AMENT_PREFIX_PATH} CMAKE_PREFIX_PATH=/home/apex/cognipilot/cranium/install/synapse_msgs:/opt/ros/humble LD_LIBRARY_PATH=/home/apex/cognipilot/cranium/install/synapse_msgs/lib:${LD_LIBRARY_PATH} PYTHONPATH=/home/apex/cognipilot/cranium/install/synapse_msgs/local/lib/python3.10/dist-packages:${PYTHONPATH} /usr/bin/cmake --install /home/apex/cognipilot/cranium/build/corti
[1.115s] -- Install configuration: ""
[1.116s] -- Execute custom install script
[1.117s] -- Up-to-date symlink: /home/apex/cognipilot/cranium/install/corti/share/corti/environment/pythonpath.sh
[1.117s] -- Up-to-date symlink: /home/apex/cognipilot/cranium/install/corti/share/corti/environment/pythonpath.dsv
[1.118s] -- Up-to-date symlink: /home/apex/cognipilot/cranium/install/corti/local/lib/python3.10/dist-packages/corti-0.0.0-py3.10.egg-info/PKG-INFO
[1.118s] -- Up-to-date symlink: /home/apex/cognipilot/cranium/install/corti/local/lib/python3.10/dist-packages/corti-0.0.0-py3.10.egg-info/SOURCES.txt
[1.119s] -- Up-to-date symlink: /home/apex/cognipilot/cranium/install/corti/local/lib/python3.10/dist-packages/corti-0.0.0-py3.10.egg-info/dependency_links.txt
[1.119s] -- Up-to-date symlink: /home/apex/cognipilot/cranium/install/corti/local/lib/python3.10/dist-packages/corti-0.0.0-py3.10.egg-info/top_level.txt
[1.120s] -- Up-to-date symlink: /home/apex/cognipilot/cranium/install/corti/local/lib/python3.10/dist-packages/corti/SE2Lie.py
[1.120s] -- Up-to-date symlink: /home/apex/cognipilot/cranium/install/corti/local/lib/python3.10/dist-packages/corti/TimeOptBez.py
[1.120s] -- Up-to-date symlink: /home/apex/cognipilot/cranium/install/corti/local/lib/python3.10/dist-packages/corti/__init__.py
[1.121s] -- Up-to-date symlink: /home/apex/cognipilot/cranium/install/corti/local/lib/python3.10/dist-packages/corti/bezier_rover_planning.py
[1.121s] -- Up-to-date symlink: /home/apex/cognipilot/cranium/install/corti/local/lib/python3.10/dist-packages/corti/rover_control.py
[1.121s] -- Up-to-date symlink: /home/apex/cognipilot/cranium/install/corti/local/lib/python3.10/dist-packages/corti/rover_planning.py
[1.121s] -- Up-to-date symlink: /home/apex/cognipilot/cranium/install/corti/lib/corti/rover_planner
[1.122s] -- Up-to-date symlink: /home/apex/cognipilot/cranium/install/corti/lib/corti/odom_to_tf
[1.122s] -- Up-to-date symlink: /home/apex/cognipilot/cranium/install/corti/lib/corti/tf_to_odom
[1.123s] -- Up-to-date symlink: /home/apex/cognipilot/cranium/install/corti/share/corti/launch/corti.launch.py
[1.123s] -- Up-to-date symlink: /home/apex/cognipilot/cranium/install/corti/share/corti/launch/virtual_joy.launch.py
[1.124s] -- Up-to-date symlink: /home/apex/cognipilot/cranium/install/corti/lib/corti/virtual_joy.py
[1.124s] -- Up-to-date symlink: /home/apex/cognipilot/cranium/install/corti/lib/corti/rover_fixed_trajectory.py
[1.124s] -- Up-to-date symlink: /home/apex/cognipilot/cranium/install/corti/share/ament_index/resource_index/package_run_dependencies/corti
[1.125s] -- Up-to-date symlink: /home/apex/cognipilot/cranium/install/corti/share/ament_index/resource_index/parent_prefix_path/corti
[1.125s] -- Up-to-date symlink: /home/apex/cognipilot/cranium/install/corti/share/corti/environment/ament_prefix_path.sh
[1.125s] -- Up-to-date symlink: /home/apex/cognipilot/cranium/install/corti/share/corti/environment/ament_prefix_path.dsv
[1.126s] -- Up-to-date symlink: /home/apex/cognipilot/cranium/install/corti/share/corti/environment/path.sh
[1.126s] -- Up-to-date symlink: /home/apex/cognipilot/cranium/install/corti/share/corti/environment/path.dsv
[1.126s] -- Up-to-date symlink: /home/apex/cognipilot/cranium/install/corti/share/corti/local_setup.bash
[1.127s] -- Up-to-date symlink: /home/apex/cognipilot/cranium/install/corti/share/corti/local_setup.sh
[1.127s] -- Up-to-date symlink: /home/apex/cognipilot/cranium/install/corti/share/corti/local_setup.zsh
[1.127s] -- Up-to-date symlink: /home/apex/cognipilot/cranium/install/corti/share/corti/local_setup.dsv
[1.128s] -- Symlinking: /home/apex/cognipilot/cranium/install/corti/share/corti/package.dsv
[1.147s] -- Up-to-date symlink: /home/apex/cognipilot/cranium/install/corti/share/ament_index/resource_index/packages/corti
[1.147s] -- Up-to-date symlink: /home/apex/cognipilot/cranium/install/corti/share/corti/cmake/cortiConfig.cmake
[1.147s] -- Up-to-date symlink: /home/apex/cognipilot/cranium/install/corti/share/corti/cmake/cortiConfig-version.cmake
[1.148s] -- Up-to-date symlink: /home/apex/cognipilot/cranium/install/corti/share/corti/package.xml
[1.219s] Listing '/home/apex/cognipilot/cranium/install/corti/local/lib/python3.10/dist-packages/corti'...
[1.240s] Invoked command in '/home/apex/cognipilot/cranium/build/corti' returned '0': AMENT_PREFIX_PATH=/home/apex/cognipilot/cranium/install/synapse_msgs:${AMENT_PREFIX_PATH} CMAKE_PREFIX_PATH=/home/apex/cognipilot/cranium/install/synapse_msgs:/opt/ros/humble LD_LIBRARY_PATH=/home/apex/cognipilot/cranium/install/synapse_msgs/lib:${LD_LIBRARY_PATH} PYTHONPATH=/home/apex/cognipilot/cranium/install/synapse_msgs/local/lib/python3.10/dist-packages:${PYTHONPATH} /usr/bin/cmake --install /home/apex/cognipilot/cranium/build/corti
