[1.380s] Invoking command in '/home/apex/cognipilot/cranium/build/synapse_ros': CMAKE_PREFIX_PATH=/home/apex/cognipilot/cranium/install/synapse_tinyframe:/home/apex/cognipilot/cranium/install/synapse_protobuf:/home/apex/cognipilot/cranium/install/synapse_msgs:/home/apex/cognipilot/electrode/install/electrode:/home/apex/cognipilot/cranium/install/synapse_ros:/home/apex/cognipilot/cranium/install/synapse_gz:/home/apex/cognipilot/cranium/install/corti:/home/apex/cognipilot/cranium/install/dream_world:/home/apex/cognipilot/cranium/install/cerebri_bringup:/home/apex/cognipilot/cranium/install/b3rb_simulator:/home/apex/cognipilot/cranium/install/b3rb_desktop:/home/apex/cognipilot/cranium/install/b3rb_rviz:/home/apex/cognipilot/cranium/install/b3rb_nav2:/home/apex/cognipilot/cranium/install/b3rb_gz_resource:/home/apex/cognipilot/cranium/install/b3rb_gz_bringup:/home/apex/cognipilot/cranium/install/b3rb_description:/opt/ros/humble LD_LIBRARY_PATH=/home/apex/cognipilot/cranium/install/synapse_msgs/lib:/home/apex/cognipilot/cranium/install/synapse_tinyframe/lib:/home/apex/cognipilot/cranium/install/synapse_protobuf/lib:/opt/ros/humble/opt/rviz_ogre_vendor/lib:/opt/ros/humble/lib/x86_64-linux-gnu:/opt/ros/humble/lib /usr/bin/cmake --build /home/apex/cognipilot/cranium/build/synapse_ros -- -j4 -l4
[1.668s] -- Found ament_cmake: 1.3.8 (/opt/ros/humble/share/ament_cmake/cmake)
[2.338s] -- Override CMake install command with custom implementation using symlinks instead of copying resources
[2.426s] -- Found rclcpp: 16.0.8 (/opt/ros/humble/share/rclcpp/cmake)
[2.600s] -- Found rosidl_generator_c: 3.1.5 (/opt/ros/humble/share/rosidl_generator_c/cmake)
[2.608s] -- Found rosidl_adapter: 3.1.5 (/opt/ros/humble/share/rosidl_adapter/cmake)
[2.634s] -- Found rosidl_generator_cpp: 3.1.5 (/opt/ros/humble/share/rosidl_generator_cpp/cmake)
[2.676s] -- Using all available rosidl_typesupport_c: rosidl_typesupport_fastrtps_c;rosidl_typesupport_introspection_c
[2.746s] -- Using all available rosidl_typesupport_cpp: rosidl_typesupport_fastrtps_cpp;rosidl_typesupport_introspection_cpp
[3.118s] -- Found rmw_implementation_cmake: 6.1.1 (/opt/ros/humble/share/rmw_implementation_cmake/cmake)
[3.178s] -- Found rmw_cyclonedds_cpp: 1.3.4 (/opt/ros/humble/share/rmw_cyclonedds_cpp/cmake)
[3.864s] -- Using RMW implementation 'rmw_cyclonedds_cpp' as default
[5.002s] -- Found actuator_msgs: 0.0.1 (/opt/ros/humble/share/actuator_msgs/cmake)
[5.320s] -- Found nav_msgs: 4.2.3 (/opt/ros/humble/share/nav_msgs/cmake)
[5.870s] -- Found sensor_msgs: 4.2.3 (/opt/ros/humble/share/sensor_msgs/cmake)
[6.262s] -- Found synapse_protobuf: 0.0.0 (/home/apex/cognipilot/cranium/install/synapse_protobuf/share/synapse_protobuf/cmake)
[6.356s] -- Found synapse_tinyframe: 0.0.0 (/home/apex/cognipilot/cranium/install/synapse_tinyframe/share/synapse_tinyframe/cmake)
[6.372s] -- Found synapse_msgs: 0.0.1 (/home/apex/cognipilot/cranium/install/synapse_msgs/share/synapse_msgs/cmake)
[6.588s] -- Found ament_lint_auto: 0.12.10 (/opt/ros/humble/share/ament_lint_auto/cmake)
[6.927s] -- Added test 'copyright' to check source files copyright and LICENSE
[6.980s] -- Added test 'cppcheck' to perform static code analysis on C / C++ code
[6.982s] -- Configured cppcheck include dirs: 
[6.983s] -- Configured cppcheck exclude dirs and/or files: 
[7.000s] -- Added test 'cpplint' to check C / C++ code against the Google style
[7.001s] -- Configured cpplint exclude dirs and/or files: 
[7.005s] -- Added test 'flake8' to check Python code syntax and style conventions
[7.009s] -- Added test 'lint_cmake' to check CMake code style
[7.013s] -- Added test 'pep257' to check Python code against some of the docstring style conventions in PEP 257
[7.024s] -- Added test 'uncrustify' to check C / C++ code style
[7.025s] -- Configured uncrustify additional arguments: 
[7.029s] -- Added test 'xmllint' to check XML markup files
[7.036s] -- Configuring done
[7.134s] -- Generating done
[7.141s] -- Build files have been written to: /home/apex/cognipilot/cranium/build/synapse_ros
[7.259s] [35m[1mConsolidate compiler generated dependencies of target synapse_ros[0m
[8.005s] [ 33%] [32mBuilding CXX object CMakeFiles/synapse_ros.dir/src/synapse_ros.cpp.o[0m
[8.008s] [ 66%] [32mBuilding CXX object CMakeFiles/synapse_ros.dir/src/proto/udp_link.cpp.o[0m
[122.071s] [100%] [32m[1mLinking CXX executable synapse_ros[0m
[128.229s] [100%] Built target synapse_ros
[128.257s] Invoked command in '/home/apex/cognipilot/cranium/build/synapse_ros' returned '0': CMAKE_PREFIX_PATH=/home/apex/cognipilot/cranium/install/synapse_tinyframe:/home/apex/cognipilot/cranium/install/synapse_protobuf:/home/apex/cognipilot/cranium/install/synapse_msgs:/home/apex/cognipilot/electrode/install/electrode:/home/apex/cognipilot/cranium/install/synapse_ros:/home/apex/cognipilot/cranium/install/synapse_gz:/home/apex/cognipilot/cranium/install/corti:/home/apex/cognipilot/cranium/install/dream_world:/home/apex/cognipilot/cranium/install/cerebri_bringup:/home/apex/cognipilot/cranium/install/b3rb_simulator:/home/apex/cognipilot/cranium/install/b3rb_desktop:/home/apex/cognipilot/cranium/install/b3rb_rviz:/home/apex/cognipilot/cranium/install/b3rb_nav2:/home/apex/cognipilot/cranium/install/b3rb_gz_resource:/home/apex/cognipilot/cranium/install/b3rb_gz_bringup:/home/apex/cognipilot/cranium/install/b3rb_description:/opt/ros/humble LD_LIBRARY_PATH=/home/apex/cognipilot/cranium/install/synapse_msgs/lib:/home/apex/cognipilot/cranium/install/synapse_tinyframe/lib:/home/apex/cognipilot/cranium/install/synapse_protobuf/lib:/opt/ros/humble/opt/rviz_ogre_vendor/lib:/opt/ros/humble/lib/x86_64-linux-gnu:/opt/ros/humble/lib /usr/bin/cmake --build /home/apex/cognipilot/cranium/build/synapse_ros -- -j4 -l4
[128.331s] Invoking command in '/home/apex/cognipilot/cranium/build/synapse_ros': CMAKE_PREFIX_PATH=/home/apex/cognipilot/cranium/install/synapse_tinyframe:/home/apex/cognipilot/cranium/install/synapse_protobuf:/home/apex/cognipilot/cranium/install/synapse_msgs:/home/apex/cognipilot/electrode/install/electrode:/home/apex/cognipilot/cranium/install/synapse_ros:/home/apex/cognipilot/cranium/install/synapse_gz:/home/apex/cognipilot/cranium/install/corti:/home/apex/cognipilot/cranium/install/dream_world:/home/apex/cognipilot/cranium/install/cerebri_bringup:/home/apex/cognipilot/cranium/install/b3rb_simulator:/home/apex/cognipilot/cranium/install/b3rb_desktop:/home/apex/cognipilot/cranium/install/b3rb_rviz:/home/apex/cognipilot/cranium/install/b3rb_nav2:/home/apex/cognipilot/cranium/install/b3rb_gz_resource:/home/apex/cognipilot/cranium/install/b3rb_gz_bringup:/home/apex/cognipilot/cranium/install/b3rb_description:/opt/ros/humble LD_LIBRARY_PATH=/home/apex/cognipilot/cranium/install/synapse_msgs/lib:/home/apex/cognipilot/cranium/install/synapse_tinyframe/lib:/home/apex/cognipilot/cranium/install/synapse_protobuf/lib:/opt/ros/humble/opt/rviz_ogre_vendor/lib:/opt/ros/humble/lib/x86_64-linux-gnu:/opt/ros/humble/lib /usr/bin/cmake --install /home/apex/cognipilot/cranium/build/synapse_ros
[128.345s] -- Install configuration: ""
[128.346s] -- Execute custom install script
[128.346s] -- Up-to-date symlink: /home/apex/cognipilot/cranium/install/synapse_ros/lib/synapse_ros/synapse_ros
[128.348s] -- Up-to-date symlink: /home/apex/cognipilot/cranium/install/synapse_ros/share/synapse_ros/launch/synapse_ros.launch.py
[128.365s] -- Up-to-date symlink: /home/apex/cognipilot/cranium/install/synapse_ros/share/ament_index/resource_index/package_run_dependencies/synapse_ros
[128.365s] -- Up-to-date symlink: /home/apex/cognipilot/cranium/install/synapse_ros/share/ament_index/resource_index/parent_prefix_path/synapse_ros
[128.366s] -- Up-to-date symlink: /home/apex/cognipilot/cranium/install/synapse_ros/share/synapse_ros/environment/ament_prefix_path.sh
[128.367s] -- Up-to-date symlink: /home/apex/cognipilot/cranium/install/synapse_ros/share/synapse_ros/environment/ament_prefix_path.dsv
[128.369s] -- Up-to-date symlink: /home/apex/cognipilot/cranium/install/synapse_ros/share/synapse_ros/environment/path.sh
[128.369s] -- Up-to-date symlink: /home/apex/cognipilot/cranium/install/synapse_ros/share/synapse_ros/environment/path.dsv
[128.369s] -- Up-to-date symlink: /home/apex/cognipilot/cranium/install/synapse_ros/share/synapse_ros/local_setup.bash
[128.370s] -- Up-to-date symlink: /home/apex/cognipilot/cranium/install/synapse_ros/share/synapse_ros/local_setup.sh
[128.370s] -- Up-to-date symlink: /home/apex/cognipilot/cranium/install/synapse_ros/share/synapse_ros/local_setup.zsh
[128.371s] -- Up-to-date symlink: /home/apex/cognipilot/cranium/install/synapse_ros/share/synapse_ros/local_setup.dsv
[128.371s] -- Symlinking: /home/apex/cognipilot/cranium/install/synapse_ros/share/synapse_ros/package.dsv
[128.397s] -- Up-to-date symlink: /home/apex/cognipilot/cranium/install/synapse_ros/share/ament_index/resource_index/packages/synapse_ros
[128.399s] -- Up-to-date symlink: /home/apex/cognipilot/cranium/install/synapse_ros/share/synapse_ros/cmake/synapse_rosConfig.cmake
[128.399s] -- Up-to-date symlink: /home/apex/cognipilot/cranium/install/synapse_ros/share/synapse_ros/cmake/synapse_rosConfig-version.cmake
[128.400s] -- Up-to-date symlink: /home/apex/cognipilot/cranium/install/synapse_ros/share/synapse_ros/package.xml
[128.408s] Invoked command in '/home/apex/cognipilot/cranium/build/synapse_ros' returned '0': CMAKE_PREFIX_PATH=/home/apex/cognipilot/cranium/install/synapse_tinyframe:/home/apex/cognipilot/cranium/install/synapse_protobuf:/home/apex/cognipilot/cranium/install/synapse_msgs:/home/apex/cognipilot/electrode/install/electrode:/home/apex/cognipilot/cranium/install/synapse_ros:/home/apex/cognipilot/cranium/install/synapse_gz:/home/apex/cognipilot/cranium/install/corti:/home/apex/cognipilot/cranium/install/dream_world:/home/apex/cognipilot/cranium/install/cerebri_bringup:/home/apex/cognipilot/cranium/install/b3rb_simulator:/home/apex/cognipilot/cranium/install/b3rb_desktop:/home/apex/cognipilot/cranium/install/b3rb_rviz:/home/apex/cognipilot/cranium/install/b3rb_nav2:/home/apex/cognipilot/cranium/install/b3rb_gz_resource:/home/apex/cognipilot/cranium/install/b3rb_gz_bringup:/home/apex/cognipilot/cranium/install/b3rb_description:/opt/ros/humble LD_LIBRARY_PATH=/home/apex/cognipilot/cranium/install/synapse_msgs/lib:/home/apex/cognipilot/cranium/install/synapse_tinyframe/lib:/home/apex/cognipilot/cranium/install/synapse_protobuf/lib:/opt/ros/humble/opt/rviz_ogre_vendor/lib:/opt/ros/humble/lib/x86_64-linux-gnu:/opt/ros/humble/lib /usr/bin/cmake --install /home/apex/cognipilot/cranium/build/synapse_ros
