[0.103s] Invoking command in '/home/apex/cognipilot/cranium/build/b3rb_desktop': CMAKE_PREFIX_PATH=/home/apex/cognipilot/cranium/install/b3rb_rviz:/home/apex/cognipilot/cranium/install/synapse_ros:/home/apex/cognipilot/cranium/install/synapse_gz:/home/apex/cognipilot/cranium/install/synapse_tinyframe:/home/apex/cognipilot/cranium/install/synapse_protobuf:/home/apex/cognipilot/cranium/install/corti:/home/apex/cognipilot/cranium/install/synapse_msgs:/home/apex/cognipilot/cranium/install/dream_world:/home/apex/cognipilot/cranium/install/cerebri_bringup:/home/apex/cognipilot/cranium/install/b3rb_simulator:/home/apex/cognipilot/cranium/install/b3rb_desktop:/home/apex/cognipilot/cranium/install/b3rb_nav2:/home/apex/cognipilot/cranium/install/b3rb_gz_resource:/home/apex/cognipilot/cranium/install/b3rb_gz_bringup:/home/apex/cognipilot/cranium/install/b3rb_description:/opt/ros/humble /usr/bin/cmake --build /home/apex/cognipilot/cranium/build/b3rb_desktop -- -j4 -l4
[0.236s] Invoked command in '/home/apex/cognipilot/cranium/build/b3rb_desktop' returned '0': CMAKE_PREFIX_PATH=/home/apex/cognipilot/cranium/install/b3rb_rviz:/home/apex/cognipilot/cranium/install/synapse_ros:/home/apex/cognipilot/cranium/install/synapse_gz:/home/apex/cognipilot/cranium/install/synapse_tinyframe:/home/apex/cognipilot/cranium/install/synapse_protobuf:/home/apex/cognipilot/cranium/install/corti:/home/apex/cognipilot/cranium/install/synapse_msgs:/home/apex/cognipilot/cranium/install/dream_world:/home/apex/cognipilot/cranium/install/cerebri_bringup:/home/apex/cognipilot/cranium/install/b3rb_simulator:/home/apex/cognipilot/cranium/install/b3rb_desktop:/home/apex/cognipilot/cranium/install/b3rb_nav2:/home/apex/cognipilot/cranium/install/b3rb_gz_resource:/home/apex/cognipilot/cranium/install/b3rb_gz_bringup:/home/apex/cognipilot/cranium/install/b3rb_description:/opt/ros/humble /usr/bin/cmake --build /home/apex/cognipilot/cranium/build/b3rb_desktop -- -j4 -l4
[0.307s] Invoking command in '/home/apex/cognipilot/cranium/build/b3rb_desktop': CMAKE_PREFIX_PATH=/home/apex/cognipilot/cranium/install/b3rb_rviz:/home/apex/cognipilot/cranium/install/synapse_ros:/home/apex/cognipilot/cranium/install/synapse_gz:/home/apex/cognipilot/cranium/install/synapse_tinyframe:/home/apex/cognipilot/cranium/install/synapse_protobuf:/home/apex/cognipilot/cranium/install/corti:/home/apex/cognipilot/cranium/install/synapse_msgs:/home/apex/cognipilot/cranium/install/dream_world:/home/apex/cognipilot/cranium/install/cerebri_bringup:/home/apex/cognipilot/cranium/install/b3rb_simulator:/home/apex/cognipilot/cranium/install/b3rb_desktop:/home/apex/cognipilot/cranium/install/b3rb_nav2:/home/apex/cognipilot/cranium/install/b3rb_gz_resource:/home/apex/cognipilot/cranium/install/b3rb_gz_bringup:/home/apex/cognipilot/cranium/install/b3rb_description:/opt/ros/humble /usr/bin/cmake --install /home/apex/cognipilot/cranium/build/b3rb_desktop
[0.334s] -- Install configuration: ""
[0.338s] -- Execute custom install script
[0.341s] -- Up-to-date symlink: /home/apex/cognipilot/cranium/install/b3rb_desktop/share/ament_index/resource_index/package_run_dependencies/b3rb_desktop
[0.341s] -- Up-to-date symlink: /home/apex/cognipilot/cranium/install/b3rb_desktop/share/ament_index/resource_index/parent_prefix_path/b3rb_desktop
[0.341s] -- Up-to-date symlink: /home/apex/cognipilot/cranium/install/b3rb_desktop/share/b3rb_desktop/environment/ament_prefix_path.sh
[0.346s] -- Up-to-date symlink: /home/apex/cognipilot/cranium/install/b3rb_desktop/share/b3rb_desktop/environment/ament_prefix_path.dsv
[0.346s] -- Up-to-date symlink: /home/apex/cognipilot/cranium/install/b3rb_desktop/share/b3rb_desktop/environment/path.sh
[0.346s] -- Up-to-date symlink: /home/apex/cognipilot/cranium/install/b3rb_desktop/share/b3rb_desktop/environment/path.dsv
[0.347s] -- Up-to-date symlink: /home/apex/cognipilot/cranium/install/b3rb_desktop/share/b3rb_desktop/local_setup.bash
[0.347s] -- Up-to-date symlink: /home/apex/cognipilot/cranium/install/b3rb_desktop/share/b3rb_desktop/local_setup.sh
[0.347s] -- Up-to-date symlink: /home/apex/cognipilot/cranium/install/b3rb_desktop/share/b3rb_desktop/local_setup.zsh
[0.347s] -- Up-to-date symlink: /home/apex/cognipilot/cranium/install/b3rb_desktop/share/b3rb_desktop/local_setup.dsv
[0.348s] -- Symlinking: /home/apex/cognipilot/cranium/install/b3rb_desktop/share/b3rb_desktop/package.dsv
[0.384s] -- Up-to-date symlink: /home/apex/cognipilot/cranium/install/b3rb_desktop/share/ament_index/resource_index/packages/b3rb_desktop
[0.385s] -- Up-to-date symlink: /home/apex/cognipilot/cranium/install/b3rb_desktop/share/b3rb_desktop/cmake/b3rb_desktopConfig.cmake
[0.385s] -- Up-to-date symlink: /home/apex/cognipilot/cranium/install/b3rb_desktop/share/b3rb_desktop/cmake/b3rb_desktopConfig-version.cmake
[0.386s] -- Up-to-date symlink: /home/apex/cognipilot/cranium/install/b3rb_desktop/share/b3rb_desktop/package.xml
[0.401s] Invoked command in '/home/apex/cognipilot/cranium/build/b3rb_desktop' returned '0': CMAKE_PREFIX_PATH=/home/apex/cognipilot/cranium/install/b3rb_rviz:/home/apex/cognipilot/cranium/install/synapse_ros:/home/apex/cognipilot/cranium/install/synapse_gz:/home/apex/cognipilot/cranium/install/synapse_tinyframe:/home/apex/cognipilot/cranium/install/synapse_protobuf:/home/apex/cognipilot/cranium/install/corti:/home/apex/cognipilot/cranium/install/synapse_msgs:/home/apex/cognipilot/cranium/install/dream_world:/home/apex/cognipilot/cranium/install/cerebri_bringup:/home/apex/cognipilot/cranium/install/b3rb_simulator:/home/apex/cognipilot/cranium/install/b3rb_desktop:/home/apex/cognipilot/cranium/install/b3rb_nav2:/home/apex/cognipilot/cranium/install/b3rb_gz_resource:/home/apex/cognipilot/cranium/install/b3rb_gz_bringup:/home/apex/cognipilot/cranium/install/b3rb_description:/opt/ros/humble /usr/bin/cmake --install /home/apex/cognipilot/cranium/build/b3rb_desktop
