[0.040s] Invoking command in '/home/apex/cognipilot/cranium/build/synapse_ros': AMENT_PREFIX_PATH=/home/apex/cognipilot/cranium/install/synapse_tinyframe:/home/apex/cognipilot/cranium/install/synapse_protobuf:/home/apex/cognipilot/cranium/install/synapse_msgs:${AMENT_PREFIX_PATH} CMAKE_PREFIX_PATH=/home/apex/cognipilot/cranium/install/synapse_tinyframe:/home/apex/cognipilot/cranium/install/synapse_protobuf:/home/apex/cognipilot/cranium/install/synapse_msgs:/opt/ros/humble LD_LIBRARY_PATH=/home/apex/cognipilot/cranium/install/synapse_tinyframe/lib:/home/apex/cognipilot/cranium/install/synapse_protobuf/lib:/home/apex/cognipilot/cranium/install/synapse_msgs/lib:${LD_LIBRARY_PATH} PYTHONPATH=/home/apex/cognipilot/cranium/install/synapse_msgs/local/lib/python3.10/dist-packages:${PYTHONPATH} /usr/bin/cmake /home/apex/cognipilot/cranium/src/synapse_ros -DAMENT_CMAKE_SYMLINK_INSTALL=1 -DCMAKE_INSTALL_PREFIX=/home/apex/cognipilot/cranium/install/synapse_ros
[0.238s] -- The C compiler identification is GNU 11.4.0
[0.415s] -- The CXX compiler identification is GNU 11.4.0
[0.435s] -- Detecting C compiler ABI info
[0.659s] -- Detecting C compiler ABI info - done
[0.680s] -- Check for working C compiler: /usr/bin/cc - skipped
[0.681s] -- Detecting C compile features
[0.682s] -- Detecting C compile features - done
[0.692s] -- Detecting CXX compiler ABI info
[0.915s] -- Detecting CXX compiler ABI info - done
[0.938s] -- Check for working CXX compiler: /usr/bin/c++ - skipped
[0.939s] -- Detecting CXX compile features
[0.940s] -- Detecting CXX compile features - done
[0.947s] -- Found ament_cmake: 1.3.8 (/opt/ros/humble/share/ament_cmake/cmake)
[1.531s] -- Found Python3: /usr/bin/python3 (found version "3.10.12") found components: Interpreter 
[1.734s] -- Override CMake install command with custom implementation using symlinks instead of copying resources
[1.807s] -- Found rclcpp: 16.0.8 (/opt/ros/humble/share/rclcpp/cmake)
[1.925s] -- Found rosidl_generator_c: 3.1.5 (/opt/ros/humble/share/rosidl_generator_c/cmake)
[1.938s] -- Found rosidl_adapter: 3.1.5 (/opt/ros/humble/share/rosidl_adapter/cmake)
[1.960s] -- Found rosidl_generator_cpp: 3.1.5 (/opt/ros/humble/share/rosidl_generator_cpp/cmake)
[2.003s] -- Using all available rosidl_typesupport_c: rosidl_typesupport_fastrtps_c;rosidl_typesupport_introspection_c
[2.060s] -- Using all available rosidl_typesupport_cpp: rosidl_typesupport_fastrtps_cpp;rosidl_typesupport_introspection_cpp
[2.336s] -- Found rmw_implementation_cmake: 6.1.1 (/opt/ros/humble/share/rmw_implementation_cmake/cmake)
[2.358s] -- Found rmw_cyclonedds_cpp: 1.3.4 (/opt/ros/humble/share/rmw_cyclonedds_cpp/cmake)
[2.503s] -- Using RMW implementation 'rmw_cyclonedds_cpp' as default
[2.535s] -- Looking for pthread.h
[2.760s] -- Looking for pthread.h - found
[2.761s] -- Performing Test CMAKE_HAVE_LIBC_PTHREAD
[2.969s] -- Performing Test CMAKE_HAVE_LIBC_PTHREAD - Success
[2.973s] -- Found Threads: TRUE  
[3.542s] -- Found actuator_msgs: 0.0.1 (/opt/ros/humble/share/actuator_msgs/cmake)
[3.847s] -- Found nav_msgs: 4.2.3 (/opt/ros/humble/share/nav_msgs/cmake)
[4.342s] -- Found sensor_msgs: 4.2.3 (/opt/ros/humble/share/sensor_msgs/cmake)
[4.678s] -- Found synapse_protobuf: 0.0.0 (/home/apex/cognipilot/cranium/install/synapse_protobuf/share/synapse_protobuf/cmake)
[4.730s] -- Found synapse_tinyframe: 0.0.0 (/home/apex/cognipilot/cranium/install/synapse_tinyframe/share/synapse_tinyframe/cmake)
[4.734s] -- Found synapse_msgs: 0.0.1 (/home/apex/cognipilot/cranium/install/synapse_msgs/share/synapse_msgs/cmake)
[4.914s] -- Found ament_lint_auto: 0.12.10 (/opt/ros/humble/share/ament_lint_auto/cmake)
[5.200s] -- Added test 'copyright' to check source files copyright and LICENSE
[5.212s] -- Added test 'cppcheck' to perform static code analysis on C / C++ code
[5.214s] -- Configured cppcheck include dirs: 
[5.214s] -- Configured cppcheck exclude dirs and/or files: 
[5.220s] -- Added test 'cpplint' to check C / C++ code against the Google style
[5.220s] -- Configured cpplint exclude dirs and/or files: 
[5.222s] -- Added test 'flake8' to check Python code syntax and style conventions
[5.225s] -- Added test 'lint_cmake' to check CMake code style
[5.227s] -- Added test 'pep257' to check Python code against some of the docstring style conventions in PEP 257
[5.234s] -- Added test 'uncrustify' to check C / C++ code style
[5.234s] -- Configured uncrustify additional arguments: 
[5.236s] -- Added test 'xmllint' to check XML markup files
[5.240s] -- Configuring done
[5.269s] -- Generating done
[5.274s] -- Build files have been written to: /home/apex/cognipilot/cranium/build/synapse_ros
[5.306s] Invoked command in '/home/apex/cognipilot/cranium/build/synapse_ros' returned '0': AMENT_PREFIX_PATH=/home/apex/cognipilot/cranium/install/synapse_tinyframe:/home/apex/cognipilot/cranium/install/synapse_protobuf:/home/apex/cognipilot/cranium/install/synapse_msgs:${AMENT_PREFIX_PATH} CMAKE_PREFIX_PATH=/home/apex/cognipilot/cranium/install/synapse_tinyframe:/home/apex/cognipilot/cranium/install/synapse_protobuf:/home/apex/cognipilot/cranium/install/synapse_msgs:/opt/ros/humble LD_LIBRARY_PATH=/home/apex/cognipilot/cranium/install/synapse_tinyframe/lib:/home/apex/cognipilot/cranium/install/synapse_protobuf/lib:/home/apex/cognipilot/cranium/install/synapse_msgs/lib:${LD_LIBRARY_PATH} PYTHONPATH=/home/apex/cognipilot/cranium/install/synapse_msgs/local/lib/python3.10/dist-packages:${PYTHONPATH} /usr/bin/cmake /home/apex/cognipilot/cranium/src/synapse_ros -DAMENT_CMAKE_SYMLINK_INSTALL=1 -DCMAKE_INSTALL_PREFIX=/home/apex/cognipilot/cranium/install/synapse_ros
[5.307s] Invoking command in '/home/apex/cognipilot/cranium/build/synapse_ros': AMENT_PREFIX_PATH=/home/apex/cognipilot/cranium/install/synapse_tinyframe:/home/apex/cognipilot/cranium/install/synapse_protobuf:/home/apex/cognipilot/cranium/install/synapse_msgs:${AMENT_PREFIX_PATH} CMAKE_PREFIX_PATH=/home/apex/cognipilot/cranium/install/synapse_tinyframe:/home/apex/cognipilot/cranium/install/synapse_protobuf:/home/apex/cognipilot/cranium/install/synapse_msgs:/opt/ros/humble LD_LIBRARY_PATH=/home/apex/cognipilot/cranium/install/synapse_tinyframe/lib:/home/apex/cognipilot/cranium/install/synapse_protobuf/lib:/home/apex/cognipilot/cranium/install/synapse_msgs/lib:${LD_LIBRARY_PATH} PYTHONPATH=/home/apex/cognipilot/cranium/install/synapse_msgs/local/lib/python3.10/dist-packages:${PYTHONPATH} /usr/bin/cmake --build /home/apex/cognipilot/cranium/build/synapse_ros -- -j4 -l4
[5.456s] [ 33%] [32mBuilding CXX object CMakeFiles/synapse_ros.dir/src/synapse_ros.cpp.o[0m
[118.456s] [ 66%] [32mBuilding CXX object CMakeFiles/synapse_ros.dir/src/proto/udp_link.cpp.o[0m
[134.232s] [100%] [32m[1mLinking CXX executable synapse_ros[0m
[139.983s] [100%] Built target synapse_ros
[140.008s] Invoked command in '/home/apex/cognipilot/cranium/build/synapse_ros' returned '0': AMENT_PREFIX_PATH=/home/apex/cognipilot/cranium/install/synapse_tinyframe:/home/apex/cognipilot/cranium/install/synapse_protobuf:/home/apex/cognipilot/cranium/install/synapse_msgs:${AMENT_PREFIX_PATH} CMAKE_PREFIX_PATH=/home/apex/cognipilot/cranium/install/synapse_tinyframe:/home/apex/cognipilot/cranium/install/synapse_protobuf:/home/apex/cognipilot/cranium/install/synapse_msgs:/opt/ros/humble LD_LIBRARY_PATH=/home/apex/cognipilot/cranium/install/synapse_tinyframe/lib:/home/apex/cognipilot/cranium/install/synapse_protobuf/lib:/home/apex/cognipilot/cranium/install/synapse_msgs/lib:${LD_LIBRARY_PATH} PYTHONPATH=/home/apex/cognipilot/cranium/install/synapse_msgs/local/lib/python3.10/dist-packages:${PYTHONPATH} /usr/bin/cmake --build /home/apex/cognipilot/cranium/build/synapse_ros -- -j4 -l4
[140.072s] Invoking command in '/home/apex/cognipilot/cranium/build/synapse_ros': AMENT_PREFIX_PATH=/home/apex/cognipilot/cranium/install/synapse_tinyframe:/home/apex/cognipilot/cranium/install/synapse_protobuf:/home/apex/cognipilot/cranium/install/synapse_msgs:${AMENT_PREFIX_PATH} CMAKE_PREFIX_PATH=/home/apex/cognipilot/cranium/install/synapse_tinyframe:/home/apex/cognipilot/cranium/install/synapse_protobuf:/home/apex/cognipilot/cranium/install/synapse_msgs:/opt/ros/humble LD_LIBRARY_PATH=/home/apex/cognipilot/cranium/install/synapse_tinyframe/lib:/home/apex/cognipilot/cranium/install/synapse_protobuf/lib:/home/apex/cognipilot/cranium/install/synapse_msgs/lib:${LD_LIBRARY_PATH} PYTHONPATH=/home/apex/cognipilot/cranium/install/synapse_msgs/local/lib/python3.10/dist-packages:${PYTHONPATH} /usr/bin/cmake --install /home/apex/cognipilot/cranium/build/synapse_ros
[140.087s] -- Install configuration: ""
[140.088s] -- Execute custom install script
[140.089s] -- Symlinking: /home/apex/cognipilot/cranium/install/synapse_ros/lib/synapse_ros/synapse_ros
[140.108s] -- Symlinking: /home/apex/cognipilot/cranium/install/synapse_ros/share/synapse_ros/launch/synapse_ros.launch.py
[140.128s] -- Symlinking: /home/apex/cognipilot/cranium/install/synapse_ros/share/ament_index/resource_index/package_run_dependencies/synapse_ros
[140.147s] -- Symlinking: /home/apex/cognipilot/cranium/install/synapse_ros/share/ament_index/resource_index/parent_prefix_path/synapse_ros
[140.168s] -- Symlinking: /home/apex/cognipilot/cranium/install/synapse_ros/share/synapse_ros/environment/ament_prefix_path.sh
[140.191s] -- Symlinking: /home/apex/cognipilot/cranium/install/synapse_ros/share/synapse_ros/environment/ament_prefix_path.dsv
[140.209s] -- Symlinking: /home/apex/cognipilot/cranium/install/synapse_ros/share/synapse_ros/environment/path.sh
[140.228s] -- Symlinking: /home/apex/cognipilot/cranium/install/synapse_ros/share/synapse_ros/environment/path.dsv
[140.247s] -- Symlinking: /home/apex/cognipilot/cranium/install/synapse_ros/share/synapse_ros/local_setup.bash
[140.267s] -- Symlinking: /home/apex/cognipilot/cranium/install/synapse_ros/share/synapse_ros/local_setup.sh
[140.286s] -- Symlinking: /home/apex/cognipilot/cranium/install/synapse_ros/share/synapse_ros/local_setup.zsh
[140.304s] -- Symlinking: /home/apex/cognipilot/cranium/install/synapse_ros/share/synapse_ros/local_setup.dsv
[140.323s] -- Symlinking: /home/apex/cognipilot/cranium/install/synapse_ros/share/synapse_ros/package.dsv
[140.341s] -- Symlinking: /home/apex/cognipilot/cranium/install/synapse_ros/share/ament_index/resource_index/packages/synapse_ros
[140.362s] -- Symlinking: /home/apex/cognipilot/cranium/install/synapse_ros/share/synapse_ros/cmake/synapse_rosConfig.cmake
[140.381s] -- Symlinking: /home/apex/cognipilot/cranium/install/synapse_ros/share/synapse_ros/cmake/synapse_rosConfig-version.cmake
[140.400s] -- Symlinking: /home/apex/cognipilot/cranium/install/synapse_ros/share/synapse_ros/package.xml
[140.423s] Invoked command in '/home/apex/cognipilot/cranium/build/synapse_ros' returned '0': AMENT_PREFIX_PATH=/home/apex/cognipilot/cranium/install/synapse_tinyframe:/home/apex/cognipilot/cranium/install/synapse_protobuf:/home/apex/cognipilot/cranium/install/synapse_msgs:${AMENT_PREFIX_PATH} CMAKE_PREFIX_PATH=/home/apex/cognipilot/cranium/install/synapse_tinyframe:/home/apex/cognipilot/cranium/install/synapse_protobuf:/home/apex/cognipilot/cranium/install/synapse_msgs:/opt/ros/humble LD_LIBRARY_PATH=/home/apex/cognipilot/cranium/install/synapse_tinyframe/lib:/home/apex/cognipilot/cranium/install/synapse_protobuf/lib:/home/apex/cognipilot/cranium/install/synapse_msgs/lib:${LD_LIBRARY_PATH} PYTHONPATH=/home/apex/cognipilot/cranium/install/synapse_msgs/local/lib/python3.10/dist-packages:${PYTHONPATH} /usr/bin/cmake --install /home/apex/cognipilot/cranium/build/synapse_ros
