[0.129s] Invoking command in '/home/apex/cognipilot/cranium/build/b3rb_desktop': CMAKE_PREFIX_PATH=/home/apex/cognipilot/cranium/install/b3rb_rviz:/home/apex/cognipilot/electrode/install/electrode:/home/apex/cognipilot/cranium/install/synapse_ros:/home/apex/cognipilot/cranium/install/synapse_gz:/home/apex/cognipilot/cranium/install/synapse_tinyframe:/home/apex/cognipilot/cranium/install/synapse_protobuf:/home/apex/cognipilot/cranium/install/corti:/home/apex/cognipilot/cranium/install/synapse_msgs:/home/apex/cognipilot/cranium/install/dream_world:/home/apex/cognipilot/cranium/install/cerebri_bringup:/home/apex/cognipilot/cranium/install/b3rb_simulator:/home/apex/cognipilot/cranium/install/b3rb_desktop:/home/apex/cognipilot/cranium/install/b3rb_nav2:/home/apex/cognipilot/cranium/install/b3rb_gz_resource:/home/apex/cognipilot/cranium/install/b3rb_gz_bringup:/home/apex/cognipilot/cranium/install/b3rb_description:/opt/ros/humble /usr/bin/cmake --build /home/apex/cognipilot/cranium/build/b3rb_desktop -- -j4 -l4
[1.209s] Invoked command in '/home/apex/cognipilot/cranium/build/b3rb_desktop' returned '0': CMAKE_PREFIX_PATH=/home/apex/cognipilot/cranium/install/b3rb_rviz:/home/apex/cognipilot/electrode/install/electrode:/home/apex/cognipilot/cranium/install/synapse_ros:/home/apex/cognipilot/cranium/install/synapse_gz:/home/apex/cognipilot/cranium/install/synapse_tinyframe:/home/apex/cognipilot/cranium/install/synapse_protobuf:/home/apex/cognipilot/cranium/install/corti:/home/apex/cognipilot/cranium/install/synapse_msgs:/home/apex/cognipilot/cranium/install/dream_world:/home/apex/cognipilot/cranium/install/cerebri_bringup:/home/apex/cognipilot/cranium/install/b3rb_simulator:/home/apex/cognipilot/cranium/install/b3rb_desktop:/home/apex/cognipilot/cranium/install/b3rb_nav2:/home/apex/cognipilot/cranium/install/b3rb_gz_resource:/home/apex/cognipilot/cranium/install/b3rb_gz_bringup:/home/apex/cognipilot/cranium/install/b3rb_description:/opt/ros/humble /usr/bin/cmake --build /home/apex/cognipilot/cranium/build/b3rb_desktop -- -j4 -l4
[1.349s] Invoking command in '/home/apex/cognipilot/cranium/build/b3rb_desktop': CMAKE_PREFIX_PATH=/home/apex/cognipilot/cranium/install/b3rb_rviz:/home/apex/cognipilot/electrode/install/electrode:/home/apex/cognipilot/cranium/install/synapse_ros:/home/apex/cognipilot/cranium/install/synapse_gz:/home/apex/cognipilot/cranium/install/synapse_tinyframe:/home/apex/cognipilot/cranium/install/synapse_protobuf:/home/apex/cognipilot/cranium/install/corti:/home/apex/cognipilot/cranium/install/synapse_msgs:/home/apex/cognipilot/cranium/install/dream_world:/home/apex/cognipilot/cranium/install/cerebri_bringup:/home/apex/cognipilot/cranium/install/b3rb_simulator:/home/apex/cognipilot/cranium/install/b3rb_desktop:/home/apex/cognipilot/cranium/install/b3rb_nav2:/home/apex/cognipilot/cranium/install/b3rb_gz_resource:/home/apex/cognipilot/cranium/install/b3rb_gz_bringup:/home/apex/cognipilot/cranium/install/b3rb_description:/opt/ros/humble /usr/bin/cmake --install /home/apex/cognipilot/cranium/build/b3rb_desktop
[1.370s] -- Install configuration: ""
[1.445s] -- Execute custom install script
[1.487s] -- Up-to-date symlink: /home/apex/cognipilot/cranium/install/b3rb_desktop/share/ament_index/resource_index/package_run_dependencies/b3rb_desktop
[1.531s] -- Up-to-date symlink: /home/apex/cognipilot/cranium/install/b3rb_desktop/share/ament_index/resource_index/parent_prefix_path/b3rb_desktop
[1.575s] -- Up-to-date symlink: /home/apex/cognipilot/cranium/install/b3rb_desktop/share/b3rb_desktop/environment/ament_prefix_path.sh
[1.576s] -- Up-to-date symlink: /home/apex/cognipilot/cranium/install/b3rb_desktop/share/b3rb_desktop/environment/ament_prefix_path.dsv
[1.621s] -- Up-to-date symlink: /home/apex/cognipilot/cranium/install/b3rb_desktop/share/b3rb_desktop/environment/path.sh
[1.622s] -- Up-to-date symlink: /home/apex/cognipilot/cranium/install/b3rb_desktop/share/b3rb_desktop/environment/path.dsv
[1.665s] -- Up-to-date symlink: /home/apex/cognipilot/cranium/install/b3rb_desktop/share/b3rb_desktop/local_setup.bash
[1.689s] -- Up-to-date symlink: /home/apex/cognipilot/cranium/install/b3rb_desktop/share/b3rb_desktop/local_setup.sh
[1.703s] -- Up-to-date symlink: /home/apex/cognipilot/cranium/install/b3rb_desktop/share/b3rb_desktop/local_setup.zsh
[1.704s] -- Up-to-date symlink: /home/apex/cognipilot/cranium/install/b3rb_desktop/share/b3rb_desktop/local_setup.dsv
[1.704s] -- Symlinking: /home/apex/cognipilot/cranium/install/b3rb_desktop/share/b3rb_desktop/package.dsv
[1.744s] -- Up-to-date symlink: /home/apex/cognipilot/cranium/install/b3rb_desktop/share/ament_index/resource_index/packages/b3rb_desktop
[1.748s] -- Up-to-date symlink: /home/apex/cognipilot/cranium/install/b3rb_desktop/share/b3rb_desktop/cmake/b3rb_desktopConfig.cmake
[1.748s] -- Up-to-date symlink: /home/apex/cognipilot/cranium/install/b3rb_desktop/share/b3rb_desktop/cmake/b3rb_desktopConfig-version.cmake
[1.749s] -- Up-to-date symlink: /home/apex/cognipilot/cranium/install/b3rb_desktop/share/b3rb_desktop/package.xml
[1.754s] Invoked command in '/home/apex/cognipilot/cranium/build/b3rb_desktop' returned '0': CMAKE_PREFIX_PATH=/home/apex/cognipilot/cranium/install/b3rb_rviz:/home/apex/cognipilot/electrode/install/electrode:/home/apex/cognipilot/cranium/install/synapse_ros:/home/apex/cognipilot/cranium/install/synapse_gz:/home/apex/cognipilot/cranium/install/synapse_tinyframe:/home/apex/cognipilot/cranium/install/synapse_protobuf:/home/apex/cognipilot/cranium/install/corti:/home/apex/cognipilot/cranium/install/synapse_msgs:/home/apex/cognipilot/cranium/install/dream_world:/home/apex/cognipilot/cranium/install/cerebri_bringup:/home/apex/cognipilot/cranium/install/b3rb_simulator:/home/apex/cognipilot/cranium/install/b3rb_desktop:/home/apex/cognipilot/cranium/install/b3rb_nav2:/home/apex/cognipilot/cranium/install/b3rb_gz_resource:/home/apex/cognipilot/cranium/install/b3rb_gz_bringup:/home/apex/cognipilot/cranium/install/b3rb_description:/opt/ros/humble /usr/bin/cmake --install /home/apex/cognipilot/cranium/build/b3rb_desktop
