[0.090s] Invoking command in '/home/apex/cognipilot/cranium/build/cerebri_bringup': CMAKE_PREFIX_PATH=${CMAKE_PREFIX_PATH}:/opt/ros/humble /usr/bin/cmake --build /home/apex/cognipilot/cranium/build/cerebri_bringup -- -j4 -l4
[0.232s] Invoked command in '/home/apex/cognipilot/cranium/build/cerebri_bringup' returned '0': CMAKE_PREFIX_PATH=${CMAKE_PREFIX_PATH}:/opt/ros/humble /usr/bin/cmake --build /home/apex/cognipilot/cranium/build/cerebri_bringup -- -j4 -l4
[0.332s] Invoking command in '/home/apex/cognipilot/cranium/build/cerebri_bringup': CMAKE_PREFIX_PATH=${CMAKE_PREFIX_PATH}:/opt/ros/humble /usr/bin/cmake --install /home/apex/cognipilot/cranium/build/cerebri_bringup
[0.359s] -- Install configuration: ""
[0.361s] -- Execute custom install script
[0.361s] -- Up-to-date symlink: /home/apex/cognipilot/cranium/install/cerebri_bringup/share/cerebri_bringup/launch/cerebri.launch.py
[0.362s] -- Up-to-date symlink: /home/apex/cognipilot/cranium/install/cerebri_bringup/share/ament_index/resource_index/package_run_dependencies/cerebri_bringup
[0.363s] -- Up-to-date symlink: /home/apex/cognipilot/cranium/install/cerebri_bringup/share/ament_index/resource_index/parent_prefix_path/cerebri_bringup
[0.363s] -- Up-to-date symlink: /home/apex/cognipilot/cranium/install/cerebri_bringup/share/cerebri_bringup/environment/ament_prefix_path.sh
[0.364s] -- Up-to-date symlink: /home/apex/cognipilot/cranium/install/cerebri_bringup/share/cerebri_bringup/environment/ament_prefix_path.dsv
[0.365s] -- Up-to-date symlink: /home/apex/cognipilot/cranium/install/cerebri_bringup/share/cerebri_bringup/environment/path.sh
[0.366s] -- Up-to-date symlink: /home/apex/cognipilot/cranium/install/cerebri_bringup/share/cerebri_bringup/environment/path.dsv
[0.367s] -- Up-to-date symlink: /home/apex/cognipilot/cranium/install/cerebri_bringup/share/cerebri_bringup/local_setup.bash
[0.367s] -- Up-to-date symlink: /home/apex/cognipilot/cranium/install/cerebri_bringup/share/cerebri_bringup/local_setup.sh
[0.369s] -- Up-to-date symlink: /home/apex/cognipilot/cranium/install/cerebri_bringup/share/cerebri_bringup/local_setup.zsh
[0.371s] -- Up-to-date symlink: /home/apex/cognipilot/cranium/install/cerebri_bringup/share/cerebri_bringup/local_setup.dsv
[0.375s] -- Symlinking: /home/apex/cognipilot/cranium/install/cerebri_bringup/share/cerebri_bringup/package.dsv
[0.415s] -- Up-to-date symlink: /home/apex/cognipilot/cranium/install/cerebri_bringup/share/ament_index/resource_index/packages/cerebri_bringup
[0.417s] -- Up-to-date symlink: /home/apex/cognipilot/cranium/install/cerebri_bringup/share/cerebri_bringup/cmake/cerebri_bringupConfig.cmake
[0.418s] -- Up-to-date symlink: /home/apex/cognipilot/cranium/install/cerebri_bringup/share/cerebri_bringup/cmake/cerebri_bringupConfig-version.cmake
[0.418s] -- Up-to-date symlink: /home/apex/cognipilot/cranium/install/cerebri_bringup/share/cerebri_bringup/package.xml
[0.429s] Invoked command in '/home/apex/cognipilot/cranium/build/cerebri_bringup' returned '0': CMAKE_PREFIX_PATH=${CMAKE_PREFIX_PATH}:/opt/ros/humble /usr/bin/cmake --install /home/apex/cognipilot/cranium/build/cerebri_bringup
