[0.073s] Invoking command in '/home/apex/cognipilot/cranium/build/b3rb_simulator': AMENT_PREFIX_PATH=/home/apex/cognipilot/cranium/install/b3rb_gz_resource:/home/apex/cognipilot/cranium/install/b3rb_gz_bringup:${AMENT_PREFIX_PATH} CMAKE_PREFIX_PATH=/home/apex/cognipilot/cranium/install/b3rb_gz_resource:/home/apex/cognipilot/cranium/install/b3rb_gz_bringup:/opt/ros/humble /usr/bin/cmake --build /home/apex/cognipilot/cranium/build/b3rb_simulator -- -j4 -l4
[0.196s] Invoked command in '/home/apex/cognipilot/cranium/build/b3rb_simulator' returned '0': AMENT_PREFIX_PATH=/home/apex/cognipilot/cranium/install/b3rb_gz_resource:/home/apex/cognipilot/cranium/install/b3rb_gz_bringup:${AMENT_PREFIX_PATH} CMAKE_PREFIX_PATH=/home/apex/cognipilot/cranium/install/b3rb_gz_resource:/home/apex/cognipilot/cranium/install/b3rb_gz_bringup:/opt/ros/humble /usr/bin/cmake --build /home/apex/cognipilot/cranium/build/b3rb_simulator -- -j4 -l4
[0.289s] Invoking command in '/home/apex/cognipilot/cranium/build/b3rb_simulator': AMENT_PREFIX_PATH=/home/apex/cognipilot/cranium/install/b3rb_gz_resource:/home/apex/cognipilot/cranium/install/b3rb_gz_bringup:${AMENT_PREFIX_PATH} CMAKE_PREFIX_PATH=/home/apex/cognipilot/cranium/install/b3rb_gz_resource:/home/apex/cognipilot/cranium/install/b3rb_gz_bringup:/opt/ros/humble /usr/bin/cmake --install /home/apex/cognipilot/cranium/build/b3rb_simulator
[0.310s] -- Install configuration: ""
[0.311s] -- Execute custom install script
[0.312s] -- Up-to-date symlink: /home/apex/cognipilot/cranium/install/b3rb_simulator/share/ament_index/resource_index/package_run_dependencies/b3rb_simulator
[0.314s] -- Up-to-date symlink: /home/apex/cognipilot/cranium/install/b3rb_simulator/share/ament_index/resource_index/parent_prefix_path/b3rb_simulator
[0.314s] -- Up-to-date symlink: /home/apex/cognipilot/cranium/install/b3rb_simulator/share/b3rb_simulator/environment/ament_prefix_path.sh
[0.314s] -- Up-to-date symlink: /home/apex/cognipilot/cranium/install/b3rb_simulator/share/b3rb_simulator/environment/ament_prefix_path.dsv
[0.315s] -- Up-to-date symlink: /home/apex/cognipilot/cranium/install/b3rb_simulator/share/b3rb_simulator/environment/path.sh
[0.315s] -- Up-to-date symlink: /home/apex/cognipilot/cranium/install/b3rb_simulator/share/b3rb_simulator/environment/path.dsv
[0.315s] -- Up-to-date symlink: /home/apex/cognipilot/cranium/install/b3rb_simulator/share/b3rb_simulator/local_setup.bash
[0.315s] -- Up-to-date symlink: /home/apex/cognipilot/cranium/install/b3rb_simulator/share/b3rb_simulator/local_setup.sh
[0.316s] -- Up-to-date symlink: /home/apex/cognipilot/cranium/install/b3rb_simulator/share/b3rb_simulator/local_setup.zsh
[0.316s] -- Up-to-date symlink: /home/apex/cognipilot/cranium/install/b3rb_simulator/share/b3rb_simulator/local_setup.dsv
[0.316s] -- Symlinking: /home/apex/cognipilot/cranium/install/b3rb_simulator/share/b3rb_simulator/package.dsv
[0.348s] -- Up-to-date symlink: /home/apex/cognipilot/cranium/install/b3rb_simulator/share/ament_index/resource_index/packages/b3rb_simulator
[0.349s] -- Up-to-date symlink: /home/apex/cognipilot/cranium/install/b3rb_simulator/share/b3rb_simulator/cmake/b3rb_simulatorConfig.cmake
[0.349s] -- Up-to-date symlink: /home/apex/cognipilot/cranium/install/b3rb_simulator/share/b3rb_simulator/cmake/b3rb_simulatorConfig-version.cmake
[0.349s] -- Up-to-date symlink: /home/apex/cognipilot/cranium/install/b3rb_simulator/share/b3rb_simulator/package.xml
[0.399s] Invoked command in '/home/apex/cognipilot/cranium/build/b3rb_simulator' returned '0': AMENT_PREFIX_PATH=/home/apex/cognipilot/cranium/install/b3rb_gz_resource:/home/apex/cognipilot/cranium/install/b3rb_gz_bringup:${AMENT_PREFIX_PATH} CMAKE_PREFIX_PATH=/home/apex/cognipilot/cranium/install/b3rb_gz_resource:/home/apex/cognipilot/cranium/install/b3rb_gz_bringup:/opt/ros/humble /usr/bin/cmake --install /home/apex/cognipilot/cranium/build/b3rb_simulator
