[0.067s] Invoking command in '/home/apex/cognipilot/cranium/build/b3rb_nav2': CMAKE_PREFIX_PATH=/opt/ros/humble /usr/bin/cmake /home/apex/cognipilot/cranium/src/b3rb/b3rb_nav2 -DAMENT_CMAKE_SYMLINK_INSTALL=1 -DCMAKE_INSTALL_PREFIX=/home/apex/cognipilot/cranium/install/b3rb_nav2
[0.652s] -- The C compiler identification is GNU 11.4.0
[1.126s] -- The CXX compiler identification is GNU 11.4.0
[1.180s] -- Detecting C compiler ABI info
[1.924s] -- Detecting C compiler ABI info - done
[2.001s] -- Check for working C compiler: /usr/bin/cc - skipped
[2.018s] -- Detecting C compile features
[2.020s] -- Detecting C compile features - done
[2.062s] -- Detecting CXX compiler ABI info
[2.577s] -- Detecting CXX compiler ABI info - done
[2.625s] -- Check for working CXX compiler: /usr/bin/c++ - skipped
[2.627s] -- Detecting CXX compile features
[2.638s] -- Detecting CXX compile features - done
[2.652s] -- Found ament_cmake: 1.3.8 (/opt/ros/humble/share/ament_cmake/cmake)
[4.296s] -- Found Python3: /usr/bin/python3 (found version "3.10.12") found components: Interpreter 
[4.961s] -- Override CMake install command with custom implementation using symlinks instead of copying resources
[5.172s] -- Found ament_lint_auto: 0.12.10 (/opt/ros/humble/share/ament_lint_auto/cmake)
[6.017s] -- Added test 'flake8' to check Python code syntax and style conventions
[6.020s] -- Added test 'lint_cmake' to check CMake code style
[6.027s] -- Added test 'pep257' to check Python code against some of the docstring style conventions in PEP 257
[6.038s] -- Added test 'xmllint' to check XML markup files
[6.050s] -- Configuring done
[6.066s] -- Generating done
[6.069s] -- Build files have been written to: /home/apex/cognipilot/cranium/build/b3rb_nav2
[6.101s] Invoked command in '/home/apex/cognipilot/cranium/build/b3rb_nav2' returned '0': CMAKE_PREFIX_PATH=/opt/ros/humble /usr/bin/cmake /home/apex/cognipilot/cranium/src/b3rb/b3rb_nav2 -DAMENT_CMAKE_SYMLINK_INSTALL=1 -DCMAKE_INSTALL_PREFIX=/home/apex/cognipilot/cranium/install/b3rb_nav2
[6.121s] Invoking command in '/home/apex/cognipilot/cranium/build/b3rb_nav2': CMAKE_PREFIX_PATH=/opt/ros/humble /usr/bin/cmake --build /home/apex/cognipilot/cranium/build/b3rb_nav2 -- -j4 -l4
[6.453s] Invoked command in '/home/apex/cognipilot/cranium/build/b3rb_nav2' returned '0': CMAKE_PREFIX_PATH=/opt/ros/humble /usr/bin/cmake --build /home/apex/cognipilot/cranium/build/b3rb_nav2 -- -j4 -l4
[6.878s] Invoking command in '/home/apex/cognipilot/cranium/build/b3rb_nav2': CMAKE_PREFIX_PATH=/opt/ros/humble /usr/bin/cmake --install /home/apex/cognipilot/cranium/build/b3rb_nav2
[6.951s] -- Install configuration: ""
[6.953s] -- Execute custom install script
[6.970s] -- Symlinking: /home/apex/cognipilot/cranium/install/b3rb_nav2/share/b3rb_nav2/config/localization.yaml
[7.061s] -- Symlinking: /home/apex/cognipilot/cranium/install/b3rb_nav2/share/b3rb_nav2/config/nav2.yaml
[7.131s] -- Symlinking: /home/apex/cognipilot/cranium/install/b3rb_nav2/share/b3rb_nav2/config/nav_through_poses_bt.xml
[7.207s] -- Symlinking: /home/apex/cognipilot/cranium/install/b3rb_nav2/share/b3rb_nav2/config/nav_to_pose_bt.xml
[7.311s] -- Symlinking: /home/apex/cognipilot/cranium/install/b3rb_nav2/share/b3rb_nav2/config/slam.yaml
[7.407s] -- Symlinking: /home/apex/cognipilot/cranium/install/b3rb_nav2/share/b3rb_nav2/maps/basic_map.pgm
[7.511s] -- Symlinking: /home/apex/cognipilot/cranium/install/b3rb_nav2/share/b3rb_nav2/maps/basic_map.yaml
[7.605s] -- Symlinking: /home/apex/cognipilot/cranium/install/b3rb_nav2/share/b3rb_nav2/maps/depot.pgm
[7.726s] -- Symlinking: /home/apex/cognipilot/cranium/install/b3rb_nav2/share/b3rb_nav2/maps/depot.yaml
[7.787s] -- Symlinking: /home/apex/cognipilot/cranium/install/b3rb_nav2/share/b3rb_nav2/launch/localization.launch.py
[7.860s] -- Symlinking: /home/apex/cognipilot/cranium/install/b3rb_nav2/share/b3rb_nav2/launch/nav2.launch.py
[7.939s] -- Symlinking: /home/apex/cognipilot/cranium/install/b3rb_nav2/share/b3rb_nav2/launch/slam.launch.py
[8.028s] -- Symlinking: /home/apex/cognipilot/cranium/install/b3rb_nav2/share/ament_index/resource_index/package_run_dependencies/b3rb_nav2
[8.095s] -- Symlinking: /home/apex/cognipilot/cranium/install/b3rb_nav2/share/ament_index/resource_index/parent_prefix_path/b3rb_nav2
[8.173s] -- Symlinking: /home/apex/cognipilot/cranium/install/b3rb_nav2/share/b3rb_nav2/environment/ament_prefix_path.sh
[8.258s] -- Symlinking: /home/apex/cognipilot/cranium/install/b3rb_nav2/share/b3rb_nav2/environment/ament_prefix_path.dsv
[8.328s] -- Symlinking: /home/apex/cognipilot/cranium/install/b3rb_nav2/share/b3rb_nav2/environment/path.sh
[8.404s] -- Symlinking: /home/apex/cognipilot/cranium/install/b3rb_nav2/share/b3rb_nav2/environment/path.dsv
[8.494s] -- Symlinking: /home/apex/cognipilot/cranium/install/b3rb_nav2/share/b3rb_nav2/local_setup.bash
[8.553s] -- Symlinking: /home/apex/cognipilot/cranium/install/b3rb_nav2/share/b3rb_nav2/local_setup.sh
[8.587s] -- Symlinking: /home/apex/cognipilot/cranium/install/b3rb_nav2/share/b3rb_nav2/local_setup.zsh
[8.630s] -- Symlinking: /home/apex/cognipilot/cranium/install/b3rb_nav2/share/b3rb_nav2/local_setup.dsv
[8.707s] -- Symlinking: /home/apex/cognipilot/cranium/install/b3rb_nav2/share/b3rb_nav2/package.dsv
[8.779s] -- Symlinking: /home/apex/cognipilot/cranium/install/b3rb_nav2/share/ament_index/resource_index/packages/b3rb_nav2
[8.856s] -- Symlinking: /home/apex/cognipilot/cranium/install/b3rb_nav2/share/b3rb_nav2/cmake/b3rb_nav2Config.cmake
[8.945s] -- Symlinking: /home/apex/cognipilot/cranium/install/b3rb_nav2/share/b3rb_nav2/cmake/b3rb_nav2Config-version.cmake
[9.045s] -- Symlinking: /home/apex/cognipilot/cranium/install/b3rb_nav2/share/b3rb_nav2/package.xml
[9.118s] Invoked command in '/home/apex/cognipilot/cranium/build/b3rb_nav2' returned '0': CMAKE_PREFIX_PATH=/opt/ros/humble /usr/bin/cmake --install /home/apex/cognipilot/cranium/build/b3rb_nav2
