[0.188s] Invoking command in '/home/apex/cognipilot/cranium/build/b3rb_simulator': CMAKE_PREFIX_PATH=/home/apex/cognipilot/cranium/install/b3rb_gz_resource:/home/apex/cognipilot/cranium/install/b3rb_gz_bringup:/home/apex/cognipilot/electrode/install/electrode:/home/apex/cognipilot/cranium/install/synapse_ros:/home/apex/cognipilot/cranium/install/synapse_gz:/home/apex/cognipilot/cranium/install/synapse_tinyframe:/home/apex/cognipilot/cranium/install/synapse_protobuf:/home/apex/cognipilot/cranium/install/corti:/home/apex/cognipilot/cranium/install/synapse_msgs:/home/apex/cognipilot/cranium/install/dream_world:/home/apex/cognipilot/cranium/install/cerebri_bringup:/home/apex/cognipilot/cranium/install/b3rb_simulator:/home/apex/cognipilot/cranium/install/b3rb_desktop:/home/apex/cognipilot/cranium/install/b3rb_rviz:/home/apex/cognipilot/cranium/install/b3rb_nav2:/home/apex/cognipilot/cranium/install/b3rb_description:/opt/ros/humble /usr/bin/cmake --build /home/apex/cognipilot/cranium/build/b3rb_simulator -- -j4 -l4
[0.428s] Invoked command in '/home/apex/cognipilot/cranium/build/b3rb_simulator' returned '0': CMAKE_PREFIX_PATH=/home/apex/cognipilot/cranium/install/b3rb_gz_resource:/home/apex/cognipilot/cranium/install/b3rb_gz_bringup:/home/apex/cognipilot/electrode/install/electrode:/home/apex/cognipilot/cranium/install/synapse_ros:/home/apex/cognipilot/cranium/install/synapse_gz:/home/apex/cognipilot/cranium/install/synapse_tinyframe:/home/apex/cognipilot/cranium/install/synapse_protobuf:/home/apex/cognipilot/cranium/install/corti:/home/apex/cognipilot/cranium/install/synapse_msgs:/home/apex/cognipilot/cranium/install/dream_world:/home/apex/cognipilot/cranium/install/cerebri_bringup:/home/apex/cognipilot/cranium/install/b3rb_simulator:/home/apex/cognipilot/cranium/install/b3rb_desktop:/home/apex/cognipilot/cranium/install/b3rb_rviz:/home/apex/cognipilot/cranium/install/b3rb_nav2:/home/apex/cognipilot/cranium/install/b3rb_description:/opt/ros/humble /usr/bin/cmake --build /home/apex/cognipilot/cranium/build/b3rb_simulator -- -j4 -l4
[0.479s] Invoking command in '/home/apex/cognipilot/cranium/build/b3rb_simulator': CMAKE_PREFIX_PATH=/home/apex/cognipilot/cranium/install/b3rb_gz_resource:/home/apex/cognipilot/cranium/install/b3rb_gz_bringup:/home/apex/cognipilot/electrode/install/electrode:/home/apex/cognipilot/cranium/install/synapse_ros:/home/apex/cognipilot/cranium/install/synapse_gz:/home/apex/cognipilot/cranium/install/synapse_tinyframe:/home/apex/cognipilot/cranium/install/synapse_protobuf:/home/apex/cognipilot/cranium/install/corti:/home/apex/cognipilot/cranium/install/synapse_msgs:/home/apex/cognipilot/cranium/install/dream_world:/home/apex/cognipilot/cranium/install/cerebri_bringup:/home/apex/cognipilot/cranium/install/b3rb_simulator:/home/apex/cognipilot/cranium/install/b3rb_desktop:/home/apex/cognipilot/cranium/install/b3rb_rviz:/home/apex/cognipilot/cranium/install/b3rb_nav2:/home/apex/cognipilot/cranium/install/b3rb_description:/opt/ros/humble /usr/bin/cmake --install /home/apex/cognipilot/cranium/build/b3rb_simulator
[0.498s] -- Install configuration: ""
[0.500s] -- Execute custom install script
[0.517s] -- Up-to-date symlink: /home/apex/cognipilot/cranium/install/b3rb_simulator/share/ament_index/resource_index/package_run_dependencies/b3rb_simulator
[0.563s] -- Up-to-date symlink: /home/apex/cognipilot/cranium/install/b3rb_simulator/share/ament_index/resource_index/parent_prefix_path/b3rb_simulator
[0.590s] -- Up-to-date symlink: /home/apex/cognipilot/cranium/install/b3rb_simulator/share/b3rb_simulator/environment/ament_prefix_path.sh
[0.591s] -- Up-to-date symlink: /home/apex/cognipilot/cranium/install/b3rb_simulator/share/b3rb_simulator/environment/ament_prefix_path.dsv
[0.593s] -- Up-to-date symlink: /home/apex/cognipilot/cranium/install/b3rb_simulator/share/b3rb_simulator/environment/path.sh
[0.593s] -- Up-to-date symlink: /home/apex/cognipilot/cranium/install/b3rb_simulator/share/b3rb_simulator/environment/path.dsv
[0.593s] -- Up-to-date symlink: /home/apex/cognipilot/cranium/install/b3rb_simulator/share/b3rb_simulator/local_setup.bash
[0.594s] -- Up-to-date symlink: /home/apex/cognipilot/cranium/install/b3rb_simulator/share/b3rb_simulator/local_setup.sh
[0.622s] -- Up-to-date symlink: /home/apex/cognipilot/cranium/install/b3rb_simulator/share/b3rb_simulator/local_setup.zsh
[0.623s] -- Up-to-date symlink: /home/apex/cognipilot/cranium/install/b3rb_simulator/share/b3rb_simulator/local_setup.dsv
[0.624s] -- Symlinking: /home/apex/cognipilot/cranium/install/b3rb_simulator/share/b3rb_simulator/package.dsv
[0.658s] -- Up-to-date symlink: /home/apex/cognipilot/cranium/install/b3rb_simulator/share/ament_index/resource_index/packages/b3rb_simulator
[0.699s] -- Up-to-date symlink: /home/apex/cognipilot/cranium/install/b3rb_simulator/share/b3rb_simulator/cmake/b3rb_simulatorConfig.cmake
[0.720s] -- Up-to-date symlink: /home/apex/cognipilot/cranium/install/b3rb_simulator/share/b3rb_simulator/cmake/b3rb_simulatorConfig-version.cmake
[0.742s] -- Up-to-date symlink: /home/apex/cognipilot/cranium/install/b3rb_simulator/share/b3rb_simulator/package.xml
[0.749s] Invoked command in '/home/apex/cognipilot/cranium/build/b3rb_simulator' returned '0': CMAKE_PREFIX_PATH=/home/apex/cognipilot/cranium/install/b3rb_gz_resource:/home/apex/cognipilot/cranium/install/b3rb_gz_bringup:/home/apex/cognipilot/electrode/install/electrode:/home/apex/cognipilot/cranium/install/synapse_ros:/home/apex/cognipilot/cranium/install/synapse_gz:/home/apex/cognipilot/cranium/install/synapse_tinyframe:/home/apex/cognipilot/cranium/install/synapse_protobuf:/home/apex/cognipilot/cranium/install/corti:/home/apex/cognipilot/cranium/install/synapse_msgs:/home/apex/cognipilot/cranium/install/dream_world:/home/apex/cognipilot/cranium/install/cerebri_bringup:/home/apex/cognipilot/cranium/install/b3rb_simulator:/home/apex/cognipilot/cranium/install/b3rb_desktop:/home/apex/cognipilot/cranium/install/b3rb_rviz:/home/apex/cognipilot/cranium/install/b3rb_nav2:/home/apex/cognipilot/cranium/install/b3rb_description:/opt/ros/humble /usr/bin/cmake --install /home/apex/cognipilot/cranium/build/b3rb_simulator
