[0.243s] Invoking command in '/home/apex/cognipilot/cranium/build/dream_world': CMAKE_PREFIX_PATH=${CMAKE_PREFIX_PATH}:/home/apex/cognipilot/cranium/install/nxp_cup_vision:/opt/ros/humble /usr/bin/cmake --build /home/apex/cognipilot/cranium/build/dream_world -- -j4 -l4
[0.399s] Invoked command in '/home/apex/cognipilot/cranium/build/dream_world' returned '0': CMAKE_PREFIX_PATH=${CMAKE_PREFIX_PATH}:/home/apex/cognipilot/cranium/install/nxp_cup_vision:/opt/ros/humble /usr/bin/cmake --build /home/apex/cognipilot/cranium/build/dream_world -- -j4 -l4
[0.466s] Invoking command in '/home/apex/cognipilot/cranium/build/dream_world': CMAKE_PREFIX_PATH=${CMAKE_PREFIX_PATH}:/home/apex/cognipilot/cranium/install/nxp_cup_vision:/opt/ros/humble /usr/bin/cmake --install /home/apex/cognipilot/cranium/build/dream_world
[0.491s] -- Install configuration: ""
[0.515s] -- Execute custom install script
[0.522s] -- Up-to-date symlink: /home/apex/cognipilot/cranium/install/dream_world/share/dream_world/models/Depot/materials/scripts/model.material
[0.536s] -- Up-to-date symlink: /home/apex/cognipilot/cranium/install/dream_world/share/dream_world/models/Depot/materials/textures/BOXSET_Albedo.png
[0.536s] -- Up-to-date symlink: /home/apex/cognipilot/cranium/install/dream_world/share/dream_world/models/Depot/materials/textures/BOXSET_Emissive.png
[0.539s] -- Up-to-date symlink: /home/apex/cognipilot/cranium/install/dream_world/share/dream_world/models/Depot/materials/textures/BOXSET_Metalness.png
[0.545s] -- Up-to-date symlink: /home/apex/cognipilot/cranium/install/dream_world/share/dream_world/models/Depot/materials/textures/BOXSET_Normal.png
[0.546s] -- Up-to-date symlink: /home/apex/cognipilot/cranium/install/dream_world/share/dream_world/models/Depot/materials/textures/BOXSET_Roughness.png
[0.546s] -- Up-to-date symlink: /home/apex/cognipilot/cranium/install/dream_world/share/dream_world/models/Depot/materials/textures/Crates_Crates_BaseColor.png
[0.546s] -- Up-to-date symlink: /home/apex/cognipilot/cranium/install/dream_world/share/dream_world/models/Depot/materials/textures/Crates_Crates_Normal.png
[0.548s] -- Up-to-date symlink: /home/apex/cognipilot/cranium/install/dream_world/share/dream_world/models/Depot/materials/textures/Crates_Crates_Roughness.png
[0.550s] -- Up-to-date symlink: /home/apex/cognipilot/cranium/install/dream_world/share/dream_world/models/Depot/materials/textures/DepotLightmap.png
[0.550s] -- Up-to-date symlink: /home/apex/cognipilot/cranium/install/dream_world/share/dream_world/models/Depot/materials/textures/FANS_Albedo.png
[0.551s] -- Up-to-date symlink: /home/apex/cognipilot/cranium/install/dream_world/share/dream_world/models/Depot/materials/textures/FANS_Metalness.png
[0.552s] -- Up-to-date symlink: /home/apex/cognipilot/cranium/install/dream_world/share/dream_world/models/Depot/materials/textures/FANS_Normal.png
[0.553s] -- Up-to-date symlink: /home/apex/cognipilot/cranium/install/dream_world/share/dream_world/models/Depot/materials/textures/FANS_Roughness.png
[0.553s] -- Up-to-date symlink: /home/apex/cognipilot/cranium/install/dream_world/share/dream_world/models/Depot/materials/textures/FLOOR_Albedo.png
[0.556s] -- Up-to-date symlink: /home/apex/cognipilot/cranium/install/dream_world/share/dream_world/models/Depot/materials/textures/FLOOR_Metalness.png
[0.556s] -- Up-to-date symlink: /home/apex/cognipilot/cranium/install/dream_world/share/dream_world/models/Depot/materials/textures/FLOOR_Normal.png
[0.556s] -- Up-to-date symlink: /home/apex/cognipilot/cranium/install/dream_world/share/dream_world/models/Depot/materials/textures/FLOOR_Roughness.png
[0.557s] -- Up-to-date symlink: /home/apex/cognipilot/cranium/install/dream_world/share/dream_world/models/Depot/materials/textures/FanBack_FanBack_BaseColor.png
[0.561s] -- Up-to-date symlink: /home/apex/cognipilot/cranium/install/dream_world/share/dream_world/models/Depot/materials/textures/FireAlarmPole_Albedo.png
[0.562s] -- Up-to-date symlink: /home/apex/cognipilot/cranium/install/dream_world/share/dream_world/models/Depot/materials/textures/FireAlarmPole_Metalness.png
[0.562s] -- Up-to-date symlink: /home/apex/cognipilot/cranium/install/dream_world/share/dream_world/models/Depot/materials/textures/FireAlarmPole_Normal.png
[0.562s] -- Up-to-date symlink: /home/apex/cognipilot/cranium/install/dream_world/share/dream_world/models/Depot/materials/textures/FireAlarmPole_Roughness.png
[0.563s] -- Up-to-date symlink: /home/apex/cognipilot/cranium/install/dream_world/share/dream_world/models/Depot/materials/textures/FireAlarm_Albedo.png
[0.582s] -- Up-to-date symlink: /home/apex/cognipilot/cranium/install/dream_world/share/dream_world/models/Depot/materials/textures/FireAlarm_Metalness.png
[0.584s] -- Up-to-date symlink: /home/apex/cognipilot/cranium/install/dream_world/share/dream_world/models/Depot/materials/textures/FireAlarm_Normal.png
[0.594s] -- Up-to-date symlink: /home/apex/cognipilot/cranium/install/dream_world/share/dream_world/models/Depot/materials/textures/FireAlarm_Roughness.png
[0.613s] -- Up-to-date symlink: /home/apex/cognipilot/cranium/install/dream_world/share/dream_world/models/Depot/materials/textures/Forklift_Forklift_BaseColor.png
[0.619s] -- Up-to-date symlink: /home/apex/cognipilot/cranium/install/dream_world/share/dream_world/models/Depot/materials/textures/Forklift_Forklift_Metallic.png
[0.633s] -- Up-to-date symlink: /home/apex/cognipilot/cranium/install/dream_world/share/dream_world/models/Depot/materials/textures/Forklift_Forklift_Normal.png
[0.642s] -- Up-to-date symlink: /home/apex/cognipilot/cranium/install/dream_world/share/dream_world/models/Depot/materials/textures/Forklift_Forklift_Roughness.png
[0.643s] -- Up-to-date symlink: /home/apex/cognipilot/cranium/install/dream_world/share/dream_world/models/Depot/materials/textures/INTERCOM_Albedo.png
[0.643s] -- Up-to-date symlink: /home/apex/cognipilot/cranium/install/dream_world/share/dream_world/models/Depot/materials/textures/INTERCOM_Emissive.png
[0.644s] -- Up-to-date symlink: /home/apex/cognipilot/cranium/install/dream_world/share/dream_world/models/Depot/materials/textures/INTERCOM_Metalness.png
[0.649s] -- Up-to-date symlink: /home/apex/cognipilot/cranium/install/dream_world/share/dream_world/models/Depot/materials/textures/INTERCOM_Normal.png
[0.658s] -- Up-to-date symlink: /home/apex/cognipilot/cranium/install/dream_world/share/dream_world/models/Depot/materials/textures/INTERCOM_Roughness.png
[0.659s] -- Up-to-date symlink: /home/apex/cognipilot/cranium/install/dream_world/share/dream_world/models/Depot/materials/textures/PILLERS_Albedo.png
[0.669s] -- Up-to-date symlink: /home/apex/cognipilot/cranium/install/dream_world/share/dream_world/models/Depot/materials/textures/PILLERS_Metalness.png
[0.669s] -- Up-to-date symlink: /home/apex/cognipilot/cranium/install/dream_world/share/dream_world/models/Depot/materials/textures/PILLERS_Normal.png
[0.671s] -- Up-to-date symlink: /home/apex/cognipilot/cranium/install/dream_world/share/dream_world/models/Depot/materials/textures/PILLERS_Roughness.png
[0.678s] -- Up-to-date symlink: /home/apex/cognipilot/cranium/install/dream_world/share/dream_world/models/Depot/materials/textures/Pipes_Albedo.png
[0.679s] -- Up-to-date symlink: /home/apex/cognipilot/cranium/install/dream_world/share/dream_world/models/Depot/materials/textures/Pipes_Metalness.png
[0.680s] -- Up-to-date symlink: /home/apex/cognipilot/cranium/install/dream_world/share/dream_world/models/Depot/materials/textures/Pipes_Normal.png
[0.680s] -- Up-to-date symlink: /home/apex/cognipilot/cranium/install/dream_world/share/dream_world/models/Depot/materials/textures/Pipes_Roughness.png
[0.681s] -- Up-to-date symlink: /home/apex/cognipilot/cranium/install/dream_world/share/dream_world/models/Depot/materials/textures/ROOF_Albedo.png
[0.681s] -- Up-to-date symlink: /home/apex/cognipilot/cranium/install/dream_world/share/dream_world/models/Depot/materials/textures/ROOF_Emissive.png
[0.681s] -- Up-to-date symlink: /home/apex/cognipilot/cranium/install/dream_world/share/dream_world/models/Depot/materials/textures/ROOF_Metalness.png
[0.681s] -- Up-to-date symlink: /home/apex/cognipilot/cranium/install/dream_world/share/dream_world/models/Depot/materials/textures/ROOF_Normal.png
[0.682s] -- Up-to-date symlink: /home/apex/cognipilot/cranium/install/dream_world/share/dream_world/models/Depot/materials/textures/ROOF_Roughness.png
[0.689s] -- Up-to-date symlink: /home/apex/cognipilot/cranium/install/dream_world/share/dream_world/models/Depot/materials/textures/STAIRS_Albedo.png
[0.694s] -- Up-to-date symlink: /home/apex/cognipilot/cranium/install/dream_world/share/dream_world/models/Depot/materials/textures/STAIRS_Metalness.png
[0.696s] -- Up-to-date symlink: /home/apex/cognipilot/cranium/install/dream_world/share/dream_world/models/Depot/materials/textures/STAIRS_Normal.png
[0.696s] -- Up-to-date symlink: /home/apex/cognipilot/cranium/install/dream_world/share/dream_world/models/Depot/materials/textures/STAIRS_Roughness.png
[0.696s] -- Up-to-date symlink: /home/apex/cognipilot/cranium/install/dream_world/share/dream_world/models/Depot/materials/textures/WALLS_Albedo.png
[0.696s] -- Up-to-date symlink: /home/apex/cognipilot/cranium/install/dream_world/share/dream_world/models/Depot/materials/textures/WALLS_Metalness.png
[0.697s] -- Up-to-date symlink: /home/apex/cognipilot/cranium/install/dream_world/share/dream_world/models/Depot/materials/textures/WALLS_Normal.png
[0.697s] -- Up-to-date symlink: /home/apex/cognipilot/cranium/install/dream_world/share/dream_world/models/Depot/materials/textures/WALLS_Roughness.png
[0.699s] -- Up-to-date symlink: /home/apex/cognipilot/cranium/install/dream_world/share/dream_world/models/Depot/materials/textures/Window_WINDOW_BaseColor.png
[0.699s] -- Up-to-date symlink: /home/apex/cognipilot/cranium/install/dream_world/share/dream_world/models/Depot/materials/textures/Window_WINDOW_Metallic.png
[0.700s] -- Up-to-date symlink: /home/apex/cognipilot/cranium/install/dream_world/share/dream_world/models/Depot/materials/textures/Window_WINDOW_Roughness.png
[0.704s] -- Up-to-date symlink: /home/apex/cognipilot/cranium/install/dream_world/share/dream_world/models/Depot/meshes/Crates.dae
[0.709s] -- Up-to-date symlink: /home/apex/cognipilot/cranium/install/dream_world/share/dream_world/models/Depot/meshes/Depot.dae
[0.717s] -- Up-to-date symlink: /home/apex/cognipilot/cranium/install/dream_world/share/dream_world/models/Depot/model.config
[0.718s] -- Up-to-date symlink: /home/apex/cognipilot/cranium/install/dream_world/share/dream_world/models/Depot/model.sdf
[0.720s] -- Up-to-date symlink: /home/apex/cognipilot/cranium/install/dream_world/share/dream_world/models/Depot/thumbnails/0.png
[0.721s] -- Up-to-date symlink: /home/apex/cognipilot/cranium/install/dream_world/share/dream_world/models/Depot/thumbnails/1.png
[0.722s] -- Up-to-date symlink: /home/apex/cognipilot/cranium/install/dream_world/share/dream_world/models/Depot/thumbnails/2.png
[0.722s] -- Up-to-date symlink: /home/apex/cognipilot/cranium/install/dream_world/share/dream_world/models/Depot/thumbnails/3.png
[0.726s] -- Up-to-date symlink: /home/apex/cognipilot/cranium/install/dream_world/share/dream_world/models/Depot/thumbnails/4.png
[0.726s] -- Up-to-date symlink: /home/apex/cognipilot/cranium/install/dream_world/share/dream_world/models/Depot/thumbnails/5.png
[0.739s] -- Up-to-date symlink: /home/apex/cognipilot/cranium/install/dream_world/share/dream_world/models/nxp_raceway_octagon/LICENSE
[0.740s] -- Up-to-date symlink: /home/apex/cognipilot/cranium/install/dream_world/share/dream_world/models/nxp_raceway_octagon/meshes/CourseOctaSwing.stl
[0.740s] -- Up-to-date symlink: /home/apex/cognipilot/cranium/install/dream_world/share/dream_world/models/nxp_raceway_octagon/meshes/CourseOctaSwingBorder.dae
[0.741s] -- Up-to-date symlink: /home/apex/cognipilot/cranium/install/dream_world/share/dream_world/models/nxp_raceway_octagon/meshes/CourseOctaSwingBorder.stl
[0.741s] -- Up-to-date symlink: /home/apex/cognipilot/cranium/install/dream_world/share/dream_world/models/nxp_raceway_octagon/meshes/CourseOctaSwingInside.dae
[0.742s] -- Up-to-date symlink: /home/apex/cognipilot/cranium/install/dream_world/share/dream_world/models/nxp_raceway_octagon/meshes/CourseOctaSwingInside.stl
[0.747s] -- Up-to-date symlink: /home/apex/cognipilot/cranium/install/dream_world/share/dream_world/worlds/basic_map.sdf
[0.748s] -- Up-to-date symlink: /home/apex/cognipilot/cranium/install/dream_world/share/dream_world/worlds/depot.sdf
[0.770s] -- Up-to-date symlink: /home/apex/cognipilot/cranium/install/dream_world/share/dream_world/worlds/nxp_raceway_octagon.sdf
[0.771s] -- Up-to-date symlink: /home/apex/cognipilot/cranium/install/dream_world/share/dream_world/environment/dream_world.dsv
[0.771s] -- Up-to-date symlink: /home/apex/cognipilot/cranium/install/dream_world/share/ament_index/resource_index/package_run_dependencies/dream_world
[0.773s] -- Up-to-date symlink: /home/apex/cognipilot/cranium/install/dream_world/share/ament_index/resource_index/parent_prefix_path/dream_world
[0.774s] -- Up-to-date symlink: /home/apex/cognipilot/cranium/install/dream_world/share/dream_world/environment/ament_prefix_path.sh
[0.774s] -- Up-to-date symlink: /home/apex/cognipilot/cranium/install/dream_world/share/dream_world/environment/ament_prefix_path.dsv
[0.774s] -- Up-to-date symlink: /home/apex/cognipilot/cranium/install/dream_world/share/dream_world/environment/path.sh
[0.775s] -- Up-to-date symlink: /home/apex/cognipilot/cranium/install/dream_world/share/dream_world/environment/path.dsv
[0.786s] -- Up-to-date symlink: /home/apex/cognipilot/cranium/install/dream_world/share/dream_world/local_setup.bash
[0.786s] -- Up-to-date symlink: /home/apex/cognipilot/cranium/install/dream_world/share/dream_world/local_setup.sh
[0.787s] -- Up-to-date symlink: /home/apex/cognipilot/cranium/install/dream_world/share/dream_world/local_setup.zsh
[0.787s] -- Up-to-date symlink: /home/apex/cognipilot/cranium/install/dream_world/share/dream_world/local_setup.dsv
[0.787s] -- Symlinking: /home/apex/cognipilot/cranium/install/dream_world/share/dream_world/package.dsv
[0.834s] -- Up-to-date symlink: /home/apex/cognipilot/cranium/install/dream_world/share/ament_index/resource_index/packages/dream_world
[0.841s] -- Up-to-date symlink: /home/apex/cognipilot/cranium/install/dream_world/share/dream_world/cmake/dream_worldConfig.cmake
[0.841s] -- Up-to-date symlink: /home/apex/cognipilot/cranium/install/dream_world/share/dream_world/cmake/dream_worldConfig-version.cmake
[0.841s] -- Up-to-date symlink: /home/apex/cognipilot/cranium/install/dream_world/share/dream_world/package.xml
[0.849s] Invoked command in '/home/apex/cognipilot/cranium/build/dream_world' returned '0': CMAKE_PREFIX_PATH=${CMAKE_PREFIX_PATH}:/home/apex/cognipilot/cranium/install/nxp_cup_vision:/opt/ros/humble /usr/bin/cmake --install /home/apex/cognipilot/cranium/build/dream_world
